[0.042s] Invoking command in '/workspace/ros2_ws/build/turtlebot3_cartographer': CMAKE_PREFIX_PATH=${CMAKE_PREFIX_PATH}:/workspace/ros2_ws/install/turtlebot3_teleop:/workspace/ros2_ws/install/turtlebot3_example:/workspace/ros2_ws/install/maze_pkg:/opt/ros/humble /usr/bin/cmake --build /workspace/ros2_ws/build/turtlebot3_cartographer -- -j20 -l20
[0.346s] Invoked command in '/workspace/ros2_ws/build/turtlebot3_cartographer' returned '0': CMAKE_PREFIX_PATH=${CMAKE_PREFIX_PATH}:/workspace/ros2_ws/install/turtlebot3_teleop:/workspace/ros2_ws/install/turtlebot3_example:/workspace/ros2_ws/install/maze_pkg:/opt/ros/humble /usr/bin/cmake --build /workspace/ros2_ws/build/turtlebot3_cartographer -- -j20 -l20
[0.347s] Invoking command in '/workspace/ros2_ws/build/turtlebot3_cartographer': CMAKE_PREFIX_PATH=${CMAKE_PREFIX_PATH}:/workspace/ros2_ws/install/turtlebot3_teleop:/workspace/ros2_ws/install/turtlebot3_example:/workspace/ros2_ws/install/maze_pkg:/opt/ros/humble /usr/bin/cmake --install /workspace/ros2_ws/build/turtlebot3_cartographer
[0.361s] -- Install configuration: ""
[0.361s] -- Execute custom install script
[0.361s] -- Up-to-date symlink: /workspace/ros2_ws/install/turtlebot3_cartographer/share/turtlebot3_cartographer/config/turtlebot3_lds_2d.lua
[0.361s] -- Up-to-date symlink: /workspace/ros2_ws/install/turtlebot3_cartographer/share/turtlebot3_cartographer/launch/cartographer.launch.py
[0.362s] -- Up-to-date symlink: /workspace/ros2_ws/install/turtlebot3_cartographer/share/turtlebot3_cartographer/launch/occupancy_grid.launch.py
[0.362s] -- Up-to-date symlink: /workspace/ros2_ws/install/turtlebot3_cartographer/share/turtlebot3_cartographer/rviz/tb3_cartographer.rviz
[0.362s] -- Up-to-date symlink: /workspace/ros2_ws/install/turtlebot3_cartographer/share/ament_index/resource_index/package_run_dependencies/turtlebot3_cartographer
[0.362s] -- Up-to-date symlink: /workspace/ros2_ws/install/turtlebot3_cartographer/share/ament_index/resource_index/parent_prefix_path/turtlebot3_cartographer
[0.362s] -- Up-to-date symlink: /workspace/ros2_ws/install/turtlebot3_cartographer/share/turtlebot3_cartographer/environment/ament_prefix_path.sh
[0.362s] -- Up-to-date symlink: /workspace/ros2_ws/install/turtlebot3_cartographer/share/turtlebot3_cartographer/environment/ament_prefix_path.dsv
[0.362s] -- Up-to-date symlink: /workspace/ros2_ws/install/turtlebot3_cartographer/share/turtlebot3_cartographer/environment/path.sh
[0.362s] -- Up-to-date symlink: /workspace/ros2_ws/install/turtlebot3_cartographer/share/turtlebot3_cartographer/environment/path.dsv
[0.362s] -- Up-to-date symlink: /workspace/ros2_ws/install/turtlebot3_cartographer/share/turtlebot3_cartographer/local_setup.bash
[0.362s] -- Up-to-date symlink: /workspace/ros2_ws/install/turtlebot3_cartographer/share/turtlebot3_cartographer/local_setup.sh
[0.362s] -- Up-to-date symlink: /workspace/ros2_ws/install/turtlebot3_cartographer/share/turtlebot3_cartographer/local_setup.zsh
[0.362s] -- Up-to-date symlink: /workspace/ros2_ws/install/turtlebot3_cartographer/share/turtlebot3_cartographer/local_setup.dsv
[0.363s] -- Symlinking: /workspace/ros2_ws/install/turtlebot3_cartographer/share/turtlebot3_cartographer/package.dsv
[0.363s] -- Up-to-date symlink: /workspace/ros2_ws/install/turtlebot3_cartographer/share/ament_index/resource_index/packages/turtlebot3_cartographer
[0.366s] -- Up-to-date symlink: /workspace/ros2_ws/install/turtlebot3_cartographer/share/turtlebot3_cartographer/cmake/turtlebot3_cartographerConfig.cmake
[0.366s] -- Up-to-date symlink: /workspace/ros2_ws/install/turtlebot3_cartographer/share/turtlebot3_cartographer/cmake/turtlebot3_cartographerConfig-version.cmake
[0.375s] -- Up-to-date symlink: /workspace/ros2_ws/install/turtlebot3_cartographer/share/turtlebot3_cartographer/package.xml
[0.428s] Invoked command in '/workspace/ros2_ws/build/turtlebot3_cartographer' returned '0': CMAKE_PREFIX_PATH=${CMAKE_PREFIX_PATH}:/workspace/ros2_ws/install/turtlebot3_teleop:/workspace/ros2_ws/install/turtlebot3_example:/workspace/ros2_ws/install/maze_pkg:/opt/ros/humble /usr/bin/cmake --install /workspace/ros2_ws/build/turtlebot3_cartographer
