\BOOKMARK [0][-]{chapter.1}{\376\377\000P\000a\000r\000t\000e\000\040\0001\000:\000\040\000P\000r\000i\000m\000e\000r\000o\000s\000\040\000P\000a\000s\000o\000s}{}% 1
\BOOKMARK [1][-]{section.1.1}{\376\377\000C\000r\000e\000a\000c\000i\000\363\000n\000\040\000d\000e\000l\000\040\000e\000s\000p\000a\000c\000i\000o\000\040\000d\000e\000\040\000t\000r\000a\000b\000a\000j\000o}{chapter.1}% 2
\BOOKMARK [1][-]{section.1.2}{\376\377\000E\000j\000e\000m\000p\000l\000o\000\040\000d\000e\000\040\000u\000n\000\040\000e\000n\000t\000o\000r\000n\000o\000:\000\040\000N\000o\000d\000o\000s\000\040\000y\000\040\000T\000o\000p\000i\000c\000s}{chapter.1}% 3
\BOOKMARK [1][-]{section.1.3}{\376\377\000S\000e\000r\000v\000i\000c\000i\000o\000s}{chapter.1}% 4
\BOOKMARK [1][-]{section.1.4}{\376\377\000E\000j\000e\000r\000c\000i\000c\000i\000o\000s}{chapter.1}% 5
\BOOKMARK [2][-]{subsection.1.4.1}{\376\377\000E\000j\000e\000r\000c\000i\000c\000i\000o\000\040\0001\000:\000\040\000P\000u\000b\000l\000i\000c\000a\000r\000\040\000m\000e\000n\000s\000a\000j\000e\000\040\000a\000l\000\040\000t\000o\000p\000i\000c\000\040\000/\000c\000h\000a\000t\000t\000e\000r}{section.1.4}% 6
\BOOKMARK [2][-]{subsection.1.4.2}{\376\377\000E\000j\000e\000r\000c\000i\000c\000i\000o\000\040\0002\000:\000\040\000M\000o\000d\000i\000f\000i\000c\000a\000r\000\040\000e\000l\000\040\000s\000e\000r\000v\000i\000c\000i\000o\000\040\000s\000u\000m\000a}{section.1.4}% 7
\BOOKMARK [0][-]{chapter.2}{\376\377\000P\000a\000r\000t\000e\000\040\0002\000:\000\040\000N\000i\000v\000e\000l\000\040\000P\000r\000i\000n\000c\000i\000p\000i\000a\000n\000t\000e}{}% 8
\BOOKMARK [1][-]{section.2.1}{\376\377\000C\000r\000e\000a\000r\000\040\000u\000n\000\040\000P\000a\000q\000u\000e\000t\000e}{chapter.2}% 9
\BOOKMARK [1][-]{section.2.2}{\376\377\000C\000r\000e\000a\000r\000\040\000u\000n\000\040\000M\000e\000n\000s\000a\000j\000e}{chapter.2}% 10
\BOOKMARK [1][-]{section.2.3}{\376\377\000E\000j\000e\000r\000c\000i\000c\000i\000o\000s}{chapter.2}% 11
\BOOKMARK [2][-]{subsection.2.3.1}{\376\377\000E\000j\000e\000r\000c\000i\000c\000i\000o\000\040\0001\000:\000\040\000P\000a\000q\000u\000e\000t\000e\000\040\000p\0002\000p\000k\000g\000\040\000y\000\040\000m\000e\000n\000s\000a\000j\000e\000\040\000P\0002\000p\000k\000g\000\137\000m\000e\000n\000s\000a\000j\000e}{section.2.3}% 12
\BOOKMARK [2][-]{subsection.2.3.2}{\376\377\000E\000j\000e\000r\000c\000i\000c\000i\000o\000\040\0002\000:\000\040\000N\000o\000d\000o\000s\000\040\000p\000u\000b\000l\000i\000s\000h\000e\000r\000\040\000y\000\040\000s\000u\000b\000s\000c\000r\000i\000b\000e\000r\000\040\000e\000n\000\040\000p\0002\000p\000k\000g}{section.2.3}% 13
\BOOKMARK [0][-]{chapter.3}{\376\377\000P\000a\000r\000t\000e\000\040\0003\000:\000\040\000P\000a\000s\000a\000n\000d\000o\000\040\000a\000\040\000N\000i\000v\000e\000l\000\040\000I\000n\000t\000e\000r\000m\000e\000d\000i\000o}{}% 14
\BOOKMARK [1][-]{section.3.1}{\376\377\000C\000r\000e\000a\000r\000\040\000u\000n\000\040\000a\000r\000c\000h\000i\000v\000o\000\040\000l\000a\000u\000n\000c\000h}{chapter.3}% 15
\BOOKMARK [1][-]{section.3.2}{\376\377\000A\000c\000c\000i\000o\000n\000e\000s}{chapter.3}% 16
\BOOKMARK [1][-]{section.3.3}{\376\377\000E\000j\000e\000r\000c\000i\000c\000i\000o\000s}{chapter.3}% 17
\BOOKMARK [2][-]{subsection.3.3.1}{\376\377\000E\000j\000e\000r\000c\000i\000c\000i\000o\000\040\0001\000:\000\040\000l\000a\000u\000n\000c\000h\000\137\000e\000j\000e\000r\000c\000i\000c\000i\000o\0003\000.\000p\000y}{section.3.3}% 18
\BOOKMARK [2][-]{subsection.3.3.2}{\376\377\000E\000j\000e\000r\000c\000i\000c\000i\000o\000\040\0002\000:\000\040\000l\000a\000u\000n\000c\000h\000\137\000e\000j\000e\000r\000c\000i\000c\000i\000o\0004\000.\000p\000y\000\040\000c\000o\000n\000\040\000n\000a\000m\000e\000s\000p\000a\000c\000e\000\040\000y\000\040\000r\000e\000m\000a\000p\000p\000i\000n\000g}{section.3.3}% 19
\BOOKMARK [2][-]{subsection.3.3.3}{\376\377\000E\000j\000e\000r\000c\000i\000c\000i\000o\000\040\0003\000:\000\040\000A\000c\000c\000i\000\363\000n\000\040\000e\000j\000F\000i\000b\000o\000n\000a\000c\000c\000i\000.\000a\000c\000t\000i\000o\000n}{section.3.3}% 20
\BOOKMARK [2][-]{subsection.3.3.4}{\376\377\000E\000j\000e\000r\000c\000i\000c\000i\000o\000\040\0004\000:\000\040\000S\000e\000r\000v\000i\000d\000o\000r\000\040\000e\000j\000e\000r\000c\000i\000c\000i\000o\000s\000\137\000f\000i\000b\000S\000e\000r\000v\000e\000r\000.\000p\000y}{section.3.3}% 21
\BOOKMARK [2][-]{subsection.3.3.5}{\376\377\000E\000j\000e\000r\000c\000i\000c\000i\000o\000\040\0005\000:\000\040\000C\000l\000i\000e\000n\000t\000e\000\040\000e\000j\000e\000r\000c\000i\000c\000i\000o\000s\000\137\000f\000i\000b\000C\000l\000i\000e\000n\000t\000.\000p\000y}{section.3.3}% 22
\BOOKMARK [2][-]{subsection.3.3.6}{\376\377\000E\000j\000e\000r\000c\000i\000c\000i\000o\000\040\0006\000:\000\040\000S\000e\000r\000v\000i\000c\000i\000o\000\040\000s\000e\000r\000v\000i\000c\000e\000\137\000t\000e\000m\000p\000\040\000\050\000c\000o\000n\000v\000e\000r\000s\000i\000\363\000n\000\040\000d\000e\000\040\000t\000e\000m\000p\000e\000r\000a\000t\000u\000r\000a\000\051}{section.3.3}% 23
\BOOKMARK [2][-]{subsection.3.3.7}{\376\377\000E\000j\000e\000r\000c\000i\000c\000i\000o\000\040\0007\000:\000\040\000A\000c\000c\000i\000\363\000n\000\040\000b\000a\000t\000t\000e\000r\000y\000\137\000a\000c\000t\000\040\000\050\000s\000i\000m\000u\000l\000a\000c\000i\000\363\000n\000\040\000d\000e\000\040\000b\000a\000t\000e\000r\000\355\000a\000\051}{section.3.3}% 24
