This is pdfTeX, Version 3.141592653-2.6-1.40.27 (TeX Live 2026/dev/Arch Linux) (preloaded format=pdflatex 2026.3.4)  4 MAR 2026 11:04
entering extended mode
 restricted \write18 enabled.
 %&-line parsing enabled.
**memoria.tex
(./memoria.tex
LaTeX2e <2024-11-01> patch level 2
L3 programming layer <2025-01-18>
(/usr/share/texmf-dist/tex/latex/base/report.cls
Document Class: report 2024/06/29 v1.4n Standard LaTeX document class
(/usr/share/texmf-dist/tex/latex/base/size12.clo
File: size12.clo 2024/06/29 v1.4n Standard LaTeX file (size option)
)
\c@part=\count196
\c@chapter=\count197
\c@section=\count198
\c@subsection=\count199
\c@subsubsection=\count266
\c@paragraph=\count267
\c@subparagraph=\count268
\c@figure=\count269
\c@table=\count270
\abovecaptionskip=\skip49
\belowcaptionskip=\skip50
\bibindent=\dimen141
)
(/usr/share/texmf-dist/tex/latex/base/inputenc.sty
Package: inputenc 2024/02/08 v1.3d Input encoding file
\inpenc@prehook=\toks17
\inpenc@posthook=\toks18
)
(/usr/share/texmf-dist/tex/latex/base/fontenc.sty
Package: fontenc 2021/04/29 v2.0v Standard LaTeX package
)
(/usr/share/texmf-dist/tex/generic/babel/babel.sty
Package: babel 2025/02/14 v25.4 The multilingual framework for pdfLaTeX, LuaLaT
eX and XeLaTeX
\babel@savecnt=\count271
\U@D=\dimen142
\l@unhyphenated=\language90

(/usr/share/texmf-dist/tex/generic/babel/txtbabel.def)
\bbl@readstream=\read2
\bbl@dirlevel=\count272

(/usr/share/texmf-dist/tex/generic/babel-spanish/spanish.ldf
Language: spanish.ldf 2021/05/27 v5.0q Spanish support from the babel system
\es@quottoks=\toks19
\es@quotdepth=\count273
Package babel Info: Making " an active character on input line 570.
Package babel Info: Making . an active character on input line 675.
Package babel Info: Making < an active character on input line 722.
Package babel Info: Making > an active character on input line 722.
))
(/usr/share/texmf-dist/tex/generic/babel/locale/es/babel-spanish.tex
Package babel Info: Importing font and identification data for spanish
(babel)             from babel-es.ini. Reported on input line 11.
)
(/usr/share/texmf-dist/tex/latex/geometry/geometry.sty
Package: geometry 2020/01/02 v5.9 Page Geometry

(/usr/share/texmf-dist/tex/latex/graphics/keyval.sty
Package: keyval 2022/05/29 v1.15 key=value parser (DPC)
\KV@toks@=\toks20
)
(/usr/share/texmf-dist/tex/generic/iftex/ifvtex.sty
Package: ifvtex 2019/10/25 v1.7 ifvtex legacy package. Use iftex instead.

(/usr/share/texmf-dist/tex/generic/iftex/iftex.sty
Package: iftex 2024/12/12 v1.0g TeX engine tests
))
\Gm@cnth=\count274
\Gm@cntv=\count275
\c@Gm@tempcnt=\count276
\Gm@bindingoffset=\dimen143
\Gm@wd@mp=\dimen144
\Gm@odd@mp=\dimen145
\Gm@even@mp=\dimen146
\Gm@layoutwidth=\dimen147
\Gm@layoutheight=\dimen148
\Gm@layouthoffset=\dimen149
\Gm@layoutvoffset=\dimen150
\Gm@dimlist=\toks21
)
(/usr/share/texmf-dist/tex/latex/graphics/graphicx.sty
Package: graphicx 2021/09/16 v1.2d Enhanced LaTeX Graphics (DPC,SPQR)

(/usr/share/texmf-dist/tex/latex/graphics/graphics.sty
Package: graphics 2024/08/06 v1.4g Standard LaTeX Graphics (DPC,SPQR)

(/usr/share/texmf-dist/tex/latex/graphics/trig.sty
Package: trig 2023/12/02 v1.11 sin cos tan (DPC)
)
(/usr/share/texmf-dist/tex/latex/graphics-cfg/graphics.cfg
File: graphics.cfg 2016/06/04 v1.11 sample graphics configuration
)
Package graphics Info: Driver file: pdftex.def on input line 106.

(/usr/share/texmf-dist/tex/latex/graphics-def/pdftex.def
File: pdftex.def 2024/04/13 v1.2c Graphics/color driver for pdftex
))
\Gin@req@height=\dimen151
\Gin@req@width=\dimen152
)
(/usr/share/texmf-dist/tex/latex/float/float.sty
Package: float 2001/11/08 v1.3d Float enhancements (AL)
\c@float@type=\count277
\float@exts=\toks22
\float@box=\box52
\@float@everytoks=\toks23
\@floatcapt=\box53
)
(/usr/share/texmf-dist/tex/latex/hyperref/hyperref.sty
Package: hyperref 2024-11-05 v7.01l Hypertext links for LaTeX

(/usr/share/texmf-dist/tex/latex/kvsetkeys/kvsetkeys.sty
Package: kvsetkeys 2022-10-05 v1.19 Key value parser (HO)
)
(/usr/share/texmf-dist/tex/generic/kvdefinekeys/kvdefinekeys.sty
Package: kvdefinekeys 2019-12-19 v1.6 Define keys (HO)
)
(/usr/share/texmf-dist/tex/generic/pdfescape/pdfescape.sty
Package: pdfescape 2019/12/09 v1.15 Implements pdfTeX's escape features (HO)

(/usr/share/texmf-dist/tex/generic/ltxcmds/ltxcmds.sty
Package: ltxcmds 2023-12-04 v1.26 LaTeX kernel commands for general use (HO)
)
(/usr/share/texmf-dist/tex/generic/pdftexcmds/pdftexcmds.sty
Package: pdftexcmds 2020-06-27 v0.33 Utility functions of pdfTeX for LuaTeX (HO
)

(/usr/share/texmf-dist/tex/generic/infwarerr/infwarerr.sty
Package: infwarerr 2019/12/03 v1.5 Providing info/warning/error messages (HO)
)
Package pdftexcmds Info: \pdf@primitive is available.
Package pdftexcmds Info: \pdf@ifprimitive is available.
Package pdftexcmds Info: \pdfdraftmode found.
))
(/usr/share/texmf-dist/tex/latex/hycolor/hycolor.sty
Package: hycolor 2020-01-27 v1.10 Color options for hyperref/bookmark (HO)
)
(/usr/share/texmf-dist/tex/latex/hyperref/nameref.sty
Package: nameref 2023-11-26 v2.56 Cross-referencing by name of section

(/usr/share/texmf-dist/tex/latex/refcount/refcount.sty
Package: refcount 2019/12/15 v3.6 Data extraction from label references (HO)
)
(/usr/share/texmf-dist/tex/generic/gettitlestring/gettitlestring.sty
Package: gettitlestring 2019/12/15 v1.6 Cleanup title references (HO)

(/usr/share/texmf-dist/tex/latex/kvoptions/kvoptions.sty
Package: kvoptions 2022-06-15 v3.15 Key value format for package options (HO)
))
\c@section@level=\count278
)
(/usr/share/texmf-dist/tex/latex/etoolbox/etoolbox.sty
Package: etoolbox 2025/02/11 v2.5l e-TeX tools for LaTeX (JAW)
\etb@tempcnta=\count279
)
(/usr/share/texmf-dist/tex/generic/stringenc/stringenc.sty
Package: stringenc 2019/11/29 v1.12 Convert strings between diff. encodings (HO
)
)
\@linkdim=\dimen153
\Hy@linkcounter=\count280
\Hy@pagecounter=\count281

(/usr/share/texmf-dist/tex/latex/hyperref/pd1enc.def
File: pd1enc.def 2024-11-05 v7.01l Hyperref: PDFDocEncoding definition (HO)
Now handling font encoding PD1 ...
... no UTF-8 mapping file for font encoding PD1
)
(/usr/share/texmf-dist/tex/generic/intcalc/intcalc.sty
Package: intcalc 2019/12/15 v1.3 Expandable calculations with integers (HO)
)
\Hy@SavedSpaceFactor=\count282

(/usr/share/texmf-dist/tex/latex/hyperref/puenc.def
File: puenc.def 2024-11-05 v7.01l Hyperref: PDF Unicode definition (HO)
Now handling font encoding PU ...
... no UTF-8 mapping file for font encoding PU
)
Package hyperref Info: Hyper figures OFF on input line 4157.
Package hyperref Info: Link nesting OFF on input line 4162.
Package hyperref Info: Hyper index ON on input line 4165.
Package hyperref Info: Plain pages OFF on input line 4172.
Package hyperref Info: Backreferencing OFF on input line 4177.
Package hyperref Info: Implicit mode ON; LaTeX internals redefined.
Package hyperref Info: Bookmarks ON on input line 4424.
\c@Hy@tempcnt=\count283

(/usr/share/texmf-dist/tex/latex/url/url.sty
\Urlmuskip=\muskip17
Package: url 2013/09/16  ver 3.4  Verb mode for urls, etc.
)
LaTeX Info: Redefining \url on input line 4763.
\XeTeXLinkMargin=\dimen154

(/usr/share/texmf-dist/tex/generic/bitset/bitset.sty
Package: bitset 2019/12/09 v1.3 Handle bit-vector datatype (HO)

(/usr/share/texmf-dist/tex/generic/bigintcalc/bigintcalc.sty
Package: bigintcalc 2019/12/15 v1.5 Expandable calculations on big integers (HO
)
))
\Fld@menulength=\count284
\Field@Width=\dimen155
\Fld@charsize=\dimen156
Package hyperref Info: Hyper figures OFF on input line 6042.
Package hyperref Info: Link nesting OFF on input line 6047.
Package hyperref Info: Hyper index ON on input line 6050.
Package hyperref Info: backreferencing OFF on input line 6057.
Package hyperref Info: Link coloring OFF on input line 6062.
Package hyperref Info: Link coloring with OCG OFF on input line 6067.
Package hyperref Info: PDF/A mode OFF on input line 6072.

(/usr/share/texmf-dist/tex/latex/base/atbegshi-ltx.sty
Package: atbegshi-ltx 2021/01/10 v1.0c Emulation of the original atbegshi
package with kernel methods
)
\Hy@abspage=\count285
\c@Item=\count286
\c@Hfootnote=\count287
)
Package hyperref Info: Driver (autodetected): hpdftex.

(/usr/share/texmf-dist/tex/latex/hyperref/hpdftex.def
File: hpdftex.def 2024-11-05 v7.01l Hyperref driver for pdfTeX

(/usr/share/texmf-dist/tex/latex/base/atveryend-ltx.sty
Package: atveryend-ltx 2020/08/19 v1.0a Emulation of the original atveryend pac
kage
with kernel methods
)
\Fld@listcount=\count288
\c@bookmark@seq@number=\count289

(/usr/share/texmf-dist/tex/latex/rerunfilecheck/rerunfilecheck.sty
Package: rerunfilecheck 2022-07-10 v1.10 Rerun checks for auxiliary files (HO)

(/usr/share/texmf-dist/tex/generic/uniquecounter/uniquecounter.sty
Package: uniquecounter 2019/12/15 v1.4 Provide unlimited unique counter (HO)
)
Package uniquecounter Info: New unique counter `rerunfilecheck' on input line 2
85.
)
\Hy@SectionHShift=\skip51
)
(/usr/share/texmf-dist/tex/latex/listings/listings.sty
\lst@mode=\count290
\lst@gtempboxa=\box54
\lst@token=\toks24
\lst@length=\count291
\lst@currlwidth=\dimen157
\lst@column=\count292
\lst@pos=\count293
\lst@lostspace=\dimen158
\lst@width=\dimen159
\lst@newlines=\count294
\lst@lineno=\count295
\lst@maxwidth=\dimen160

(/usr/share/texmf-dist/tex/latex/listings/lstpatch.sty
File: lstpatch.sty 2024/09/23 1.10c (Carsten Heinz)
)
(/usr/share/texmf-dist/tex/latex/listings/lstmisc.sty
File: lstmisc.sty 2024/09/23 1.10c (Carsten Heinz)
\c@lstnumber=\count296
\lst@skipnumbers=\count297
\lst@framebox=\box55
)
(/usr/share/texmf-dist/tex/latex/listings/listings.cfg
File: listings.cfg 2024/09/23 1.10c listings configuration
))
Package: listings 2024/09/23 1.10c (Carsten Heinz)

(/usr/share/texmf-dist/tex/latex/xcolor/xcolor.sty
Package: xcolor 2024/09/29 v3.02 LaTeX color extensions (UK)

(/usr/share/texmf-dist/tex/latex/graphics-cfg/color.cfg
File: color.cfg 2016/01/02 v1.6 sample color configuration
)
Package xcolor Info: Driver file: pdftex.def on input line 274.

(/usr/share/texmf-dist/tex/latex/graphics/mathcolor.ltx)
Package xcolor Info: Model `cmy' substituted by `cmy0' on input line 1349.
Package xcolor Info: Model `hsb' substituted by `rgb' on input line 1353.
Package xcolor Info: Model `RGB' extended on input line 1365.
Package xcolor Info: Model `HTML' substituted by `rgb' on input line 1367.
Package xcolor Info: Model `Hsb' substituted by `hsb' on input line 1368.
Package xcolor Info: Model `tHsb' substituted by `hsb' on input line 1369.
Package xcolor Info: Model `HSB' substituted by `hsb' on input line 1370.
Package xcolor Info: Model `Gray' substituted by `gray' on input line 1371.
Package xcolor Info: Model `wave' substituted by `hsb' on input line 1372.
)
(/usr/share/texmf-dist/tex/latex/fancyhdr/fancyhdr.sty
Package: fancyhdr 2025/02/07 v5.2 Extensive control of page headers and footers

\f@nch@headwidth=\skip52
\f@nch@offset@elh=\skip53
\f@nch@offset@erh=\skip54
\f@nch@offset@olh=\skip55
\f@nch@offset@orh=\skip56
\f@nch@offset@elf=\skip57
\f@nch@offset@erf=\skip58
\f@nch@offset@olf=\skip59
\f@nch@offset@orf=\skip60
\f@nch@height=\skip61
\f@nch@footalignment=\skip62
\f@nch@widthL=\skip63
\f@nch@widthC=\skip64
\f@nch@widthR=\skip65
\@temptokenb=\toks25
)
(/usr/share/texmf-dist/tex/latex/titlesec/titlesec.sty
Package: titlesec 2025/01/04 v2.17 Sectioning titles
\ttl@box=\box56
\beforetitleunit=\skip66
\aftertitleunit=\skip67
\ttl@plus=\dimen161
\ttl@minus=\dimen162
\ttl@toksa=\toks26
\titlewidth=\dimen163
\titlewidthlast=\dimen164
\titlewidthfirst=\dimen165
)
(/usr/share/texmf-dist/tex/latex/enumitem/enumitem.sty
Package: enumitem 2025/02/06 v3.11 Customized lists
\labelindent=\skip68
\enit@outerparindent=\dimen166
\enit@toks=\toks27
\enit@inbox=\box57
\enit@count@id=\count298
\enitdp@description=\count299
)
(/usr/share/texmf-dist/tex/latex/amsmath/amsmath.sty
Package: amsmath 2024/11/05 v2.17t AMS math features
\@mathmargin=\skip69

For additional information on amsmath, use the `?' option.
(/usr/share/texmf-dist/tex/latex/amsmath/amstext.sty
Package: amstext 2021/08/26 v2.01 AMS text

(/usr/share/texmf-dist/tex/latex/amsmath/amsgen.sty
File: amsgen.sty 1999/11/30 v2.0 generic functions
\@emptytoks=\toks28
\ex@=\dimen167
))
(/usr/share/texmf-dist/tex/latex/amsmath/amsbsy.sty
Package: amsbsy 1999/11/29 v1.2d Bold Symbols
\pmbraise@=\dimen168
)
(/usr/share/texmf-dist/tex/latex/amsmath/amsopn.sty
Package: amsopn 2022/04/08 v2.04 operator names
)
\inf@bad=\count300
LaTeX Info: Redefining \frac on input line 233.
\uproot@=\count301
\leftroot@=\count302
LaTeX Info: Redefining \overline on input line 398.
LaTeX Info: Redefining \colon on input line 409.
\classnum@=\count303
\DOTSCASE@=\count304
LaTeX Info: Redefining \ldots on input line 495.
LaTeX Info: Redefining \dots on input line 498.
LaTeX Info: Redefining \cdots on input line 619.
\Mathstrutbox@=\box58
\strutbox@=\box59
LaTeX Info: Redefining \big on input line 721.
LaTeX Info: Redefining \Big on input line 722.
LaTeX Info: Redefining \bigg on input line 723.
LaTeX Info: Redefining \Bigg on input line 724.
\big@size=\dimen169
LaTeX Font Info:    Redeclaring font encoding OML on input line 742.
LaTeX Font Info:    Redeclaring font encoding OMS on input line 743.
\macc@depth=\count305
LaTeX Info: Redefining \bmod on input line 904.
LaTeX Info: Redefining \pmod on input line 909.
LaTeX Info: Redefining \smash on input line 939.
LaTeX Info: Redefining \relbar on input line 969.
LaTeX Info: Redefining \Relbar on input line 970.
\c@MaxMatrixCols=\count306
\dotsspace@=\muskip18
\c@parentequation=\count307
\dspbrk@lvl=\count308
\tag@help=\toks29
\row@=\count309
\column@=\count310
\maxfields@=\count311
\andhelp@=\toks30
\eqnshift@=\dimen170
\alignsep@=\dimen171
\tagshift@=\dimen172
\tagwidth@=\dimen173
\totwidth@=\dimen174
\lineht@=\dimen175
\@envbody=\toks31
\multlinegap=\skip70
\multlinetaggap=\skip71
\mathdisplay@stack=\toks32
LaTeX Info: Redefining \[ on input line 2953.
LaTeX Info: Redefining \] on input line 2954.
)
(/usr/share/texmf-dist/tex/latex/booktabs/booktabs.sty
Package: booktabs 2020/01/12 v1.61803398 Publication quality tables
\heavyrulewidth=\dimen176
\lightrulewidth=\dimen177
\cmidrulewidth=\dimen178
\belowrulesep=\dimen179
\belowbottomsep=\dimen180
\aboverulesep=\dimen181
\abovetopsep=\dimen182
\cmidrulesep=\dimen183
\cmidrulekern=\dimen184
\defaultaddspace=\dimen185
\@cmidla=\count312
\@cmidlb=\count313
\@aboverulesep=\dimen186
\@belowrulesep=\dimen187
\@thisruleclass=\count314
\@lastruleclass=\count315
\@thisrulewidth=\dimen188
)
(/usr/share/texmf-dist/tex/latex/caption/caption.sty
Package: caption 2023/08/05 v3.6o Customizing captions (AR)

(/usr/share/texmf-dist/tex/latex/caption/caption3.sty
Package: caption3 2023/07/31 v2.4d caption3 kernel (AR)
\caption@tempdima=\dimen189
\captionmargin=\dimen190
\caption@leftmargin=\dimen191
\caption@rightmargin=\dimen192
\caption@width=\dimen193
\caption@indent=\dimen194
\caption@parindent=\dimen195
\caption@hangindent=\dimen196
Package caption Info: Standard document class detected.
)
\c@caption@flags=\count316
\c@continuedfloat=\count317
Package caption Info: float package is loaded.
Package caption Info: hyperref package is loaded.
Package caption Info: listings package is loaded.
)
(/usr/share/texmf-dist/tex/latex/caption/subcaption.sty
Package: subcaption 2023/07/28 v1.6b Sub-captions (AR)
Package caption Info: New subtype `subfigure' on input line 238.
\c@subfigure=\count318
Package caption Info: New subtype `subtable' on input line 238.
\c@subtable=\count319
)
(/usr/share/texmf-dist/tex/latex/parskip/parskip.sty
Package: parskip 2021-03-14 v2.0h non-zero parskip adjustments
)
Package hyperref Info: Option `colorlinks' set `true' on input line 117.

(/usr/share/texmf-dist/tex/latex/l3backend/l3backend-pdftex.def
File: l3backend-pdftex.def 2024-05-08 L3 backend support: PDF output (pdfTeX)
\l__color_backend_stack_int=\count320
\l__pdf_internal_box=\box60
) (./memoria.aux
LaTeX Info: Redefining \. on input line 11.
LaTeX Info: Redefining \% on input line 11.
)
\openout1 = `memoria.aux'.

LaTeX Font Info:    Checking defaults for OML/cmm/m/it on input line 120.
LaTeX Font Info:    ... okay on input line 120.
LaTeX Font Info:    Checking defaults for OMS/cmsy/m/n on input line 120.
LaTeX Font Info:    ... okay on input line 120.
LaTeX Font Info:    Checking defaults for OT1/cmr/m/n on input line 120.
LaTeX Font Info:    ... okay on input line 120.
LaTeX Font Info:    Checking defaults for T1/cmr/m/n on input line 120.
LaTeX Font Info:    ... okay on input line 120.
LaTeX Font Info:    Checking defaults for TS1/cmr/m/n on input line 120.
LaTeX Font Info:    ... okay on input line 120.
LaTeX Font Info:    Checking defaults for OMX/cmex/m/n on input line 120.
LaTeX Font Info:    ... okay on input line 120.
LaTeX Font Info:    Checking defaults for U/cmr/m/n on input line 120.
LaTeX Font Info:    ... okay on input line 120.
LaTeX Font Info:    Checking defaults for PD1/pdf/m/n on input line 120.
LaTeX Font Info:    ... okay on input line 120.
LaTeX Font Info:    Checking defaults for PU/pdf/m/n on input line 120.
LaTeX Font Info:    ... okay on input line 120.
LaTeX Info: Redefining \. on input line 120.
LaTeX Info: Redefining \% on input line 120.

*geometry* driver: auto-detecting
*geometry* detected driver: pdftex
*geometry* verbose mode - [ preamble ] result:
* driver: pdftex
* paper: a4paper
* layout: <same size as paper>
* layoutoffset:(h,v)=(0.0pt,0.0pt)
* modes: 
* h-part:(L,W,R)=(85.35826pt, 441.01773pt, 71.13188pt)
* v-part:(T,H,B)=(71.13188pt, 702.78308pt, 71.13188pt)
* \paperwidth=597.50787pt
* \paperheight=845.04684pt
* \textwidth=441.01773pt
* \textheight=702.78308pt
* \oddsidemargin=13.08827pt
* \evensidemargin=13.08827pt
* \topmargin=-38.1381pt
* \headheight=14.0pt
* \headsep=25.0pt
* \topskip=12.0pt
* \footskip=30.0pt
* \marginparwidth=35.0pt
* \marginparsep=10.0pt
* \columnsep=10.0pt
* \skip\footins=10.8pt plus 4.0pt minus 2.0pt
* \hoffset=0.0pt
* \voffset=0.0pt
* \mag=1000
* \@twocolumnfalse
* \@twosidefalse
* \@mparswitchfalse
* \@reversemarginfalse
* (1in=72.27pt=25.4mm, 1cm=28.453pt)

(/usr/share/texmf-dist/tex/context/base/mkii/supp-pdf.mkii
[Loading MPS to PDF converter (version 2006.09.02).]
\scratchcounter=\count321
\scratchdimen=\dimen197
\scratchbox=\box61
\nofMPsegments=\count322
\nofMParguments=\count323
\everyMPshowfont=\toks33
\MPscratchCnt=\count324
\MPscratchDim=\dimen198
\MPnumerator=\count325
\makeMPintoPDFobject=\count326
\everyMPtoPDFconversion=\toks34
) (/usr/share/texmf-dist/tex/latex/epstopdf-pkg/epstopdf-base.sty
Package: epstopdf-base 2020-01-24 v2.11 Base part for package epstopdf
Package epstopdf-base Info: Redefining graphics rule for `.eps' on input line 4
85.

(/usr/share/texmf-dist/tex/latex/latexconfig/epstopdf-sys.cfg
File: epstopdf-sys.cfg 2010/07/13 v1.3 Configuration of (r)epstopdf for TeX Liv
e
))
Package hyperref Info: Link coloring ON on input line 120.
 (./memoria.out) (./memoria.out)
\@outlinefile=\write3
\openout3 = `memoria.out'.

\c@lstlisting=\count327
Package caption Info: Begin \AtBeginDocument code.
Package caption Info: End \AtBeginDocument code.

Couldn't patch \ttl@straight@ii
Couldn't patch \ttl@straight@ii
(./portada.tex

[1

{/var/lib/texmf/fonts/map/pdftex/updmap/pdftex.map}{/usr/share/texmf-dist/fonts
/enc/dvips/cm-super/cm-super-t1.enc}]) (./memoria.toc
LaTeX Info: Redefining \. on input line 1.
LaTeX Info: Redefining \% on input line 1.
)
\tf@toc=\write4
\openout4 = `memoria.toc'.




pdfTeX warning (ext4): destination with the same identifier (name{page.1}) has 
been already used, duplicate ignored
<to be read again> 
                   \relax 
l.126 \newpage
               [1

] (./parte1/parte1.tex
Cap\'{\i }tulo 1.

Overfull \hbox (24.9546pt too wide) in paragraph at lines 10--11
\T1/cmr/m/n/12 com-pi-lan-do con \T1/cmtt/m/n/12 colcon build \T1/cmr/m/n/12 y 
con-fi-gu-ran-do el en-torno con \T1/cmtt/m/n/12 source install/setup.bash\T1/c
mr/m/n/12 . 
 []


Overfull \hbox (72.28307pt too wide) in paragraph at lines 19--20
[]\T1/cmr/m/n/12 Con \T1/cmtt/m/n/12 ros2 node info /talker\T1/cmr/m/n/12 : el 
no-do pu-bli-ca en el to-pic \T1/cmtt/m/n/12 /chatter \T1/cmr/m/n/12 con ti-po 
\T1/cmtt/m/n/12 std_msgs/msg/String\T1/cmr/m/n/12 .
 []

<parte1/imagenes/terminal1.png, id=143, 609.02531pt x 386.94562pt>
File: parte1/imagenes/terminal1.png Graphic file (type png)
<use parte1/imagenes/terminal1.png>
Package pdftex.def Info: parte1/imagenes/terminal1.png  used on input line 23.
(pdftex.def)             Requested size: 374.86775pt x 238.17975pt.


[2

 <./parte1/imagenes/terminal1.png>]
<parte1/imagenes/terminal2.png, id=153, 1327.96124pt x 554.82281pt>
File: parte1/imagenes/terminal2.png Graphic file (type png)
<use parte1/imagenes/terminal2.png>
Package pdftex.def Info: parte1/imagenes/terminal2.png  used on input line 35.
(pdftex.def)             Requested size: 374.86775pt x 156.6192pt.

Overfull \hbox (42.40561pt too wide) in paragraph at lines 43--44
[]\T1/cmr/m/n/12 Con \T1/cmtt/m/n/12 ros2 node info /listener\T1/cmr/m/n/12 : s
e sus-cri-be al to-pic \T1/cmtt/m/n/12 /chatter \T1/cmr/m/n/12 de ti-po \T1/cmt
t/m/n/12 std_msgs/msg/String\T1/cmr/m/n/12 .
 []

<parte1/imagenes/3terminal.png, id=154, 1348.28719pt x 434.37282pt>
File: parte1/imagenes/3terminal.png Graphic file (type png)
<use parte1/imagenes/3terminal.png>
Package pdftex.def Info: parte1/imagenes/3terminal.png  used on input line 52.
(pdftex.def)             Requested size: 374.86775pt x 120.76854pt.

Overfull \hbox (4.96649pt too wide) in paragraph at lines 60--61
[]\T1/cmr/m/n/12 El grá-fi-co mues-tra el no-do \T1/cmtt/m/n/12 /talker \T1/cmr
/m/n/12 pu-bli-can-do en el to-pic \T1/cmtt/m/n/12 /chatter \T1/cmr/m/n/12 y el
 no-do \T1/cmtt/m/n/12 /listener
 []



[3 <./parte1/imagenes/terminal2.png> <./parte1/imagenes/3terminal.png>]
<parte1/imagenes/servicio_suma.png, id=166, 841.64438pt x 444.15938pt>
File: parte1/imagenes/servicio_suma.png Graphic file (type png)
<use parte1/imagenes/servicio_suma.png>
Package pdftex.def Info: parte1/imagenes/servicio_suma.png  used on input line 
73.
(pdftex.def)             Requested size: 374.86775pt x 197.8299pt.


[4 <./parte1/imagenes/servicio_suma.png>]
LaTeX Font Info:    Font shape `T1/cmtt/bx/n' in size <12> not available
(Font)              Font shape `T1/cmtt/m/n' tried instead on input line 100.
Package hyperref Info: bookmark level for unknown lstlisting defaults to 0 on i
nput line 104.
<parte1/imagenes/ejercicio1.png, id=178, 865.73438pt x 381.67593pt>
File: parte1/imagenes/ejercicio1.png Graphic file (type png)
<use parte1/imagenes/ejercicio1.png>
Package pdftex.def Info: parte1/imagenes/ejercicio1.png  used on input line 110
.
(pdftex.def)             Requested size: 374.86775pt x 165.26476pt.

(/usr/share/texmf-dist/tex/latex/listings/lstlang1.sty
File: lstlang1.sty 2024/09/23 1.10c listings language file
)

[5 <./parte1/imagenes/ejercicio1.png>]
LaTeX Font Info:    Font shape `T1/cmtt/bx/n' in size <10.95> not available
(Font)              Font shape `T1/cmtt/m/n' tried instead on input line 132.
<parte1/imagenes/change_add_two_ints_srv.png, id=200, 827.34094pt x 191.21437pt
>
File: parte1/imagenes/change_add_two_ints_srv.png Graphic file (type png)
<use parte1/imagenes/change_add_two_ints_srv.png>
Package pdftex.def Info: parte1/imagenes/change_add_two_ints_srv.png  used on i
nput line 141.
(pdftex.def)             Requested size: 211.68661pt x 48.92386pt.
<parte1/imagenes/change_server.png, id=201, 835.62187pt x 327.47343pt>
File: parte1/imagenes/change_server.png Graphic file (type png)
<use parte1/imagenes/change_server.png>
Package pdftex.def Info: parte1/imagenes/change_server.png  used on input line 
146.
(pdftex.def)             Requested size: 211.68661pt x 82.95746pt.
<parte1/imagenes/ej2_done.png, id=202, 885.3075pt x 370.38374pt>
File: parte1/imagenes/ej2_done.png Graphic file (type png)
<use parte1/imagenes/ej2_done.png>
Package pdftex.def Info: parte1/imagenes/ej2_done.png  used on input line 155.
(pdftex.def)             Requested size: 374.86775pt x 156.83171pt.
) (./parte2/parte2.tex

[6 <./parte1/imagenes/change_add_two_ints_srv.png> <./parte1/imagenes/change_se
rver.png> <./parte1/imagenes/ej2_done.png>]
Cap\'{\i }tulo 2.

Overfull \hbox (5.71974pt too wide) in paragraph at lines 28--29
\T1/cmr/m/n/12 Muestra los cam-pos y ti-pos del men-sa-je. Al-ter-na-ti-va-men-
te, \T1/cmtt/m/n/12 ros2 topic type /mitopic
 []

<parte2/imagenes/mi_mensaje.png, id=218, 810.02625pt x 88.83188pt>
File: parte2/imagenes/mi_mensaje.png Graphic file (type png)
<use parte2/imagenes/mi_mensaje.png>
Package pdftex.def Info: parte2/imagenes/mi_mensaje.png  used on input line 32.

(pdftex.def)             Requested size: 374.86775pt x 41.11119pt.
<parte2/imagenes/tres_terminales.png, id=219, 1098.35344pt x 741.52031pt>
File: parte2/imagenes/tres_terminales.png Graphic file (type png)
<use parte2/imagenes/tres_terminales.png>
Package pdftex.def Info: parte2/imagenes/tres_terminales.png  used on input lin
e 42.
(pdftex.def)             Requested size: 374.86775pt x 253.07532pt.

Underfull \hbox (badness 2547) in paragraph at lines 43--43
[]\T1/cmr/m/n/12 Figura 2.2: |Grá-fi-co \T1/cmtt/m/n/12 rqt_graph \T1/cmr/m/n/1
2 con \T1/cmtt/m/n/12 /nodo_envia \T1/cmr/m/n/12 pu-bli-can-do en \T1/cmtt/m/n/
12 /mitopic \T1/cmr/m/n/12 y
 []



[7

 <./parte2/imagenes/mi_mensaje.png>]

[8 <./parte2/imagenes/tres_terminales.png>]
<parte2/imagenes/ej1_change_p2pkg_mensajemsg.png, id=242, 878.53218pt x 140.775
94pt>
File: parte2/imagenes/ej1_change_p2pkg_mensajemsg.png Graphic file (type png)
<use parte2/imagenes/ej1_change_p2pkg_mensajemsg.png>
Package pdftex.def Info: parte2/imagenes/ej1_change_p2pkg_mensajemsg.png  used 
on input line 82.
(pdftex.def)             Requested size: 374.86775pt x 60.07062pt.

Overfull \hbox (51.45305pt too wide) in paragraph at lines 89--90
[]\T1/cmr/m/n/12 Se im-ple-men-tan \T1/cmtt/m/n/12 nodopub_ejercicio2 \T1/cmr/m
/n/12 y \T1/cmtt/m/n/12 nodosub_ejercicio2 \T1/cmr/m/n/12 pa-ra el to-pic \T1/c
mtt/m/n/12 /topic_ejercicio2\T1/cmr/m/n/12 : 
 []

<parte2/imagenes/ejercicio2_finish.png, id=243, 1365.60187pt x 699.36281pt>
File: parte2/imagenes/ejercicio2_finish.png Graphic file (type png)
<use parte2/imagenes/ejercicio2_finish.png>
Package pdftex.def Info: parte2/imagenes/ejercicio2_finish.png  used on input l
ine 98.
(pdftex.def)             Requested size: 374.86775pt x 191.97855pt.
) (./parte3/parte3.tex

[9 <./parte2/imagenes/ej1_change_p2pkg_mensajemsg.png> <./parte2/imagenes/ejerc
icio2_finish.png>]
Cap\'{\i }tulo 3.
<parte3/imagenes/parte1.png, id=256, 887.56593pt x 435.87843pt>
File: parte3/imagenes/parte1.png Graphic file (type png)
<use parte3/imagenes/parte1.png>
Package pdftex.def Info: parte3/imagenes/parte1.png  used on input line 22.
(pdftex.def)             Requested size: 374.86775pt x 184.09193pt.


[10

 <./parte3/imagenes/parte1.png>]
<parte3/imagenes/action_fibonacci.png, id=266, 809.27344pt x 95.6072pt>
File: parte3/imagenes/action_fibonacci.png Graphic file (type png)
<use parte3/imagenes/action_fibonacci.png>
Package pdftex.def Info: parte3/imagenes/action_fibonacci.png  used on input li
ne 38.
(pdftex.def)             Requested size: 374.86775pt x 44.28764pt.
<parte3/imagenes/fib_accion_en_accion.png, id=267, 1428.83812pt x 676.02562pt>
File: parte3/imagenes/fib_accion_en_accion.png Graphic file (type png)
<use parte3/imagenes/fib_accion_en_accion.png>
Package pdftex.def Info: parte3/imagenes/fib_accion_en_accion.png  used on inpu
t line 55.
(pdftex.def)             Requested size: 374.86775pt x 177.36137pt.


[11 <./parte3/imagenes/action_fibonacci.png> <./parte3/imagenes/fib_accion_en_a
ccion.png>]
<parte3/imagenes/ejercicio1.png, id=281, 895.09406pt x 359.09157pt>
File: parte3/imagenes/ejercicio1.png Graphic file (type png)
<use parte3/imagenes/ejercicio1.png>
Package pdftex.def Info: parte3/imagenes/ejercicio1.png  used on input line 85.

(pdftex.def)             Requested size: 374.86775pt x 150.39003pt.

Overfull \hbox (19.58519pt too wide) in paragraph at lines 92--93
[]\T1/cmr/m/n/12 Los no-dos se agru-pan ba-jo el na-mes-pa-ce \T1/cmtt/m/n/12 m
iGrupo \T1/cmr/m/n/12 y se re-ma-pea el to-pic \T1/cmtt/m/n/12 /topic_ejercicio
2
 []

<parte3/imagenes/ejercicio2.png, id=282, 1247.41031pt x 549.55313pt>
File: parte3/imagenes/ejercicio2.png Graphic file (type png)
<use parte3/imagenes/ejercicio2.png>
Package pdftex.def Info: parte3/imagenes/ejercicio2.png  used on input line 105
.
(pdftex.def)             Requested size: 374.86775pt x 165.14392pt.


[12 <./parte3/imagenes/ejercicio1.png>]
<parte3/imagenes/ejercicio4.png, id=301, 1096.095pt x 389.20406pt>
File: parte3/imagenes/ejercicio4.png Graphic file (type png)
<use parte3/imagenes/ejercicio4.png>
Package pdftex.def Info: parte3/imagenes/ejercicio4.png  used on input line 134
.
(pdftex.def)             Requested size: 374.86775pt x 133.11154pt.

Overfull \hbox (12.55267pt too wide) in paragraph at lines 141--142
\T1/cmr/m/n/12 es-tá en cur-so, pu-bli-ca pe-rió-di-ca-men-te el string \T1/cmt
t/m/n/12 'en proceso' \T1/cmr/m/n/12 en el to-pic \T1/cmtt/m/n/12 /estado_accio
n\T1/cmr/m/n/12 : 
 []



[13 <./parte3/imagenes/ejercicio2.png> <./parte3/imagenes/ejercicio4.png>]
<parte3/imagenes/ejercicio5.png, id=321, 1342.2647pt x 612.78937pt>
File: parte3/imagenes/ejercicio5.png Graphic file (type png)
<use parte3/imagenes/ejercicio5.png>
Package pdftex.def Info: parte3/imagenes/ejercicio5.png  used on input line 153
.
(pdftex.def)             Requested size: 374.86775pt x 171.14038pt.
<parte3/imagenes/ejercicio6_finish.png, id=322, 1345.27594pt x 677.53125pt>
File: parte3/imagenes/ejercicio6_finish.png Graphic file (type png)
<use parte3/imagenes/ejercicio6_finish.png>
Package pdftex.def Info: parte3/imagenes/ejercicio6_finish.png  used on input l
ine 178.
(pdftex.def)             Requested size: 374.86775pt x 188.79768pt.


[14 <./parte3/imagenes/ejercicio5.png>]
<parte3/imagenes/ejercicio7.png, id=342, 1268.48906pt x 354.57469pt>
File: parte3/imagenes/ejercicio7.png Graphic file (type png)
<use parte3/imagenes/ejercicio7.png>
Package pdftex.def Info: parte3/imagenes/ejercicio7.png  used on input line 200
.
(pdftex.def)             Requested size: 374.86775pt x 104.78258pt.
)

[15 <./parte3/imagenes/ejercicio6_finish.png> <./parte3/imagenes/ejercicio7.png
>] (./memoria.aux
LaTeX Info: Redefining \. on input line 11.
LaTeX Info: Redefining \% on input line 11.
)
 ***********
LaTeX2e <2024-11-01> patch level 2
L3 programming layer <2025-01-18>
 ***********
Package rerunfilecheck Info: File `memoria.out' has not changed.
(rerunfilecheck)             Checksum: 89642889A26FEC21629F62F2293EB86A;5526.
 ) 
Here is how much of TeX's memory you used:
 16597 strings out of 473190
 260545 string characters out of 5722594
 912775 words of memory out of 5000000
 39507 multiletter control sequences out of 15000+600000
 575783 words of font info for 69 fonts, out of 8000000 for 9000
 1141 hyphenation exceptions out of 8191
 75i,12n,79p,1136b,1384s stack positions out of 10000i,1000n,20000p,200000b,200000s
</usr/share/texmf-dist/fonts/type1/public/amsfonts/cm/cmmi12.pfb></usr/share/
texmf-dist/fonts/type1/public/amsfonts/cm/cmmi8.pfb></usr/share/texmf-dist/font
s/type1/public/amsfonts/cm/cmr12.pfb></usr/share/texmf-dist/fonts/type1/public/
amsfonts/cm/cmr8.pfb></usr/share/texmf-dist/fonts/type1/public/amsfonts/cm/cmsy
10.pfb></usr/share/texmf-dist/fonts/type1/public/cm-super/sfbx1200.pfb></usr/sh
are/texmf-dist/fonts/type1/public/cm-super/sfbx1440.pfb></usr/share/texmf-dist/
fonts/type1/public/cm-super/sfbx1728.pfb></usr/share/texmf-dist/fonts/type1/pub
lic/cm-super/sfbx2488.pfb></usr/share/texmf-dist/fonts/type1/public/cm-super/sf
cc1440.pfb></usr/share/texmf-dist/fonts/type1/public/cm-super/sfcc1728.pfb></us
r/share/texmf-dist/fonts/type1/public/cm-super/sfit1200.pfb></usr/share/texmf-d
ist/fonts/type1/public/cm-super/sfrm0600.pfb></usr/share/texmf-dist/fonts/type1
/public/cm-super/sfrm1095.pfb></usr/share/texmf-dist/fonts/type1/public/cm-supe
r/sfrm1200.pfb></usr/share/texmf-dist/fonts/type1/public/cm-super/sfrm1440.pfb>
</usr/share/texmf-dist/fonts/type1/public/cm-super/sfrm2074.pfb></usr/share/tex
mf-dist/fonts/type1/public/cm-super/sfti1095.pfb></usr/share/texmf-dist/fonts/t
ype1/public/cm-super/sfti1200.pfb></usr/share/texmf-dist/fonts/type1/public/cm-
super/sftt0800.pfb></usr/share/texmf-dist/fonts/type1/public/cm-super/sftt1095.
pfb></usr/share/texmf-dist/fonts/type1/public/cm-super/sftt1200.pfb>
Output written on memoria.pdf (16 pages, 4717895 bytes).
PDF statistics:
 481 PDF objects out of 1000 (max. 8388607)
 373 compressed objects within 4 object streams
 139 named destinations out of 1000 (max. 500000)
 298 words of extra memory for PDF output out of 10000 (max. 10000000)

