[0.106s] DEBUG:colcon:Command line arguments: ['/usr/bin/colcon', 'build', '--packages-select', 'mi_accion']
[0.106s] DEBUG:colcon:Parsed command line arguments: Namespace(log_base=None, log_level=None, verb_name='build', build_base='build', install_base='install', merge_install=False, symlink_install=False, test_result_base=None, continue_on_error=False, executor='parallel', parallel_workers=20, event_handlers=None, ignore_user_meta=False, metas=['./colcon.meta'], base_paths=['.'], packages_ignore=None, packages_ignore_regex=None, paths=None, packages_up_to=None, packages_up_to_regex=None, packages_above=None, packages_above_and_dependencies=None, packages_above_depth=None, packages_select_by_dep=None, packages_skip_by_dep=None, packages_skip_up_to=None, packages_select_build_failed=False, packages_skip_build_finished=False, packages_select_test_failures=False, packages_skip_test_passed=False, packages_select=['mi_accion'], packages_skip=None, packages_select_regex=None, packages_skip_regex=None, packages_start=None, packages_end=None, allow_overriding=[], cmake_args=None, cmake_target=None, cmake_target_skip_unavailable=False, cmake_clean_cache=False, cmake_clean_first=False, cmake_force_configure=False, ament_cmake_args=None, catkin_cmake_args=None, catkin_skip_building_tests=False, mixin_files=None, mixin=None, verb_parser=<colcon_mixin.mixin.mixin_argument.MixinArgumentDecorator object at 0x79e220436410>, verb_extension=<colcon_core.verb.build.BuildVerb object at 0x79e220435de0>, main=<bound method BuildVerb.main of <colcon_core.verb.build.BuildVerb object at 0x79e220435de0>>, mixin_verb=('build',))
[0.266s] Level 1:colcon.colcon_core.package_discovery:discover_packages(colcon_meta) check parameters
[0.266s] Level 1:colcon.colcon_core.package_discovery:discover_packages(recursive) check parameters
[0.266s] Level 1:colcon.colcon_core.package_discovery:discover_packages(ignore) check parameters
[0.266s] Level 1:colcon.colcon_core.package_discovery:discover_packages(path) check parameters
[0.266s] Level 1:colcon.colcon_core.package_discovery:discover_packages(colcon_meta) discover
[0.266s] Level 1:colcon.colcon_core.package_discovery:discover_packages(recursive) discover
[0.266s] INFO:colcon.colcon_core.package_discovery:Crawling recursively for packages in '/workspace/ros2_ws'
[0.266s] Level 1:colcon.colcon_core.package_identification:_identify(.) by extensions ['ignore', 'ignore_ament_install']
[0.266s] Level 1:colcon.colcon_core.package_identification:_identify(.) by extension 'ignore'
[0.266s] Level 1:colcon.colcon_core.package_identification:_identify(.) by extension 'ignore_ament_install'
[0.266s] Level 1:colcon.colcon_core.package_identification:_identify(.) by extensions ['colcon_pkg']
[0.266s] Level 1:colcon.colcon_core.package_identification:_identify(.) by extension 'colcon_pkg'
[0.266s] Level 1:colcon.colcon_core.package_identification:_identify(.) by extensions ['colcon_meta']
[0.266s] Level 1:colcon.colcon_core.package_identification:_identify(.) by extension 'colcon_meta'
[0.266s] Level 1:colcon.colcon_core.package_identification:_identify(.) by extensions ['ros']
[0.266s] Level 1:colcon.colcon_core.package_identification:_identify(.) by extension 'ros'
[0.277s] Level 1:colcon.colcon_core.package_identification:_identify(.) by extensions ['cmake', 'python']
[0.278s] Level 1:colcon.colcon_core.package_identification:_identify(.) by extension 'cmake'
[0.278s] Level 1:colcon.colcon_core.package_identification:_identify(.) by extension 'python'
[0.278s] Level 1:colcon.colcon_core.package_identification:_identify(.) by extensions ['python_setup_py']
[0.278s] Level 1:colcon.colcon_core.package_identification:_identify(.) by extension 'python_setup_py'
[0.278s] Level 1:colcon.colcon_core.package_identification:_identify(build) by extensions ['ignore', 'ignore_ament_install']
[0.278s] Level 1:colcon.colcon_core.package_identification:_identify(build) by extension 'ignore'
[0.278s] Level 1:colcon.colcon_core.package_identification:_identify(build) ignored
[0.278s] Level 1:colcon.colcon_core.package_identification:_identify(install) by extensions ['ignore', 'ignore_ament_install']
[0.278s] Level 1:colcon.colcon_core.package_identification:_identify(install) by extension 'ignore'
[0.278s] Level 1:colcon.colcon_core.package_identification:_identify(install) ignored
[0.278s] Level 1:colcon.colcon_core.package_identification:_identify(log) by extensions ['ignore', 'ignore_ament_install']
[0.278s] Level 1:colcon.colcon_core.package_identification:_identify(log) by extension 'ignore'
[0.279s] Level 1:colcon.colcon_core.package_identification:_identify(log) ignored
[0.279s] Level 1:colcon.colcon_core.package_identification:_identify(src) by extensions ['ignore', 'ignore_ament_install']
[0.279s] Level 1:colcon.colcon_core.package_identification:_identify(src) by extension 'ignore'
[0.279s] Level 1:colcon.colcon_core.package_identification:_identify(src) by extension 'ignore_ament_install'
[0.279s] Level 1:colcon.colcon_core.package_identification:_identify(src) by extensions ['colcon_pkg']
[0.279s] Level 1:colcon.colcon_core.package_identification:_identify(src) by extension 'colcon_pkg'
[0.279s] Level 1:colcon.colcon_core.package_identification:_identify(src) by extensions ['colcon_meta']
[0.279s] Level 1:colcon.colcon_core.package_identification:_identify(src) by extension 'colcon_meta'
[0.279s] Level 1:colcon.colcon_core.package_identification:_identify(src) by extensions ['ros']
[0.279s] Level 1:colcon.colcon_core.package_identification:_identify(src) by extension 'ros'
[0.279s] Level 1:colcon.colcon_core.package_identification:_identify(src) by extensions ['cmake', 'python']
[0.279s] Level 1:colcon.colcon_core.package_identification:_identify(src) by extension 'cmake'
[0.279s] Level 1:colcon.colcon_core.package_identification:_identify(src) by extension 'python'
[0.279s] Level 1:colcon.colcon_core.package_identification:_identify(src) by extensions ['python_setup_py']
[0.279s] Level 1:colcon.colcon_core.package_identification:_identify(src) by extension 'python_setup_py'
[0.279s] Level 1:colcon.colcon_core.package_identification:_identify(src/build) by extensions ['ignore', 'ignore_ament_install']
[0.280s] Level 1:colcon.colcon_core.package_identification:_identify(src/build) by extension 'ignore'
[0.280s] Level 1:colcon.colcon_core.package_identification:_identify(src/build) ignored
[0.280s] Level 1:colcon.colcon_core.package_identification:_identify(src/install) by extensions ['ignore', 'ignore_ament_install']
[0.280s] Level 1:colcon.colcon_core.package_identification:_identify(src/install) by extension 'ignore'
[0.280s] Level 1:colcon.colcon_core.package_identification:_identify(src/install) ignored
[0.280s] Level 1:colcon.colcon_core.package_identification:_identify(src/interfaz) by extensions ['ignore', 'ignore_ament_install']
[0.280s] Level 1:colcon.colcon_core.package_identification:_identify(src/interfaz) by extension 'ignore'
[0.280s] Level 1:colcon.colcon_core.package_identification:_identify(src/interfaz) by extension 'ignore_ament_install'
[0.280s] Level 1:colcon.colcon_core.package_identification:_identify(src/interfaz) by extensions ['colcon_pkg']
[0.280s] Level 1:colcon.colcon_core.package_identification:_identify(src/interfaz) by extension 'colcon_pkg'
[0.280s] Level 1:colcon.colcon_core.package_identification:_identify(src/interfaz) by extensions ['colcon_meta']
[0.280s] Level 1:colcon.colcon_core.package_identification:_identify(src/interfaz) by extension 'colcon_meta'
[0.280s] Level 1:colcon.colcon_core.package_identification:_identify(src/interfaz) by extensions ['ros']
[0.280s] Level 1:colcon.colcon_core.package_identification:_identify(src/interfaz) by extension 'ros'
[0.283s] DEBUG:colcon.colcon_core.package_identification:Package 'src/interfaz' with type 'ros.ament_cmake' and name 'interfaz'
[0.284s] Level 1:colcon.colcon_core.package_identification:_identify(src/interfaz_servicio_suma) by extensions ['ignore', 'ignore_ament_install']
[0.284s] Level 1:colcon.colcon_core.package_identification:_identify(src/interfaz_servicio_suma) by extension 'ignore'
[0.284s] Level 1:colcon.colcon_core.package_identification:_identify(src/interfaz_servicio_suma) by extension 'ignore_ament_install'
[0.284s] Level 1:colcon.colcon_core.package_identification:_identify(src/interfaz_servicio_suma) by extensions ['colcon_pkg']
[0.284s] Level 1:colcon.colcon_core.package_identification:_identify(src/interfaz_servicio_suma) by extension 'colcon_pkg'
[0.284s] Level 1:colcon.colcon_core.package_identification:_identify(src/interfaz_servicio_suma) by extensions ['colcon_meta']
[0.284s] Level 1:colcon.colcon_core.package_identification:_identify(src/interfaz_servicio_suma) by extension 'colcon_meta'
[0.284s] Level 1:colcon.colcon_core.package_identification:_identify(src/interfaz_servicio_suma) by extensions ['ros']
[0.284s] Level 1:colcon.colcon_core.package_identification:_identify(src/interfaz_servicio_suma) by extension 'ros'
[0.285s] DEBUG:colcon.colcon_core.package_identification:Package 'src/interfaz_servicio_suma' with type 'ros.ament_cmake' and name 'interfaz_servicio_suma'
[0.285s] Level 1:colcon.colcon_core.package_identification:_identify(src/log) by extensions ['ignore', 'ignore_ament_install']
[0.285s] Level 1:colcon.colcon_core.package_identification:_identify(src/log) by extension 'ignore'
[0.285s] Level 1:colcon.colcon_core.package_identification:_identify(src/log) ignored
[0.285s] Level 1:colcon.colcon_core.package_identification:_identify(src/mi_accion) by extensions ['ignore', 'ignore_ament_install']
[0.285s] Level 1:colcon.colcon_core.package_identification:_identify(src/mi_accion) by extension 'ignore'
[0.285s] Level 1:colcon.colcon_core.package_identification:_identify(src/mi_accion) by extension 'ignore_ament_install'
[0.285s] Level 1:colcon.colcon_core.package_identification:_identify(src/mi_accion) by extensions ['colcon_pkg']
[0.285s] Level 1:colcon.colcon_core.package_identification:_identify(src/mi_accion) by extension 'colcon_pkg'
[0.285s] Level 1:colcon.colcon_core.package_identification:_identify(src/mi_accion) by extensions ['colcon_meta']
[0.285s] Level 1:colcon.colcon_core.package_identification:_identify(src/mi_accion) by extension 'colcon_meta'
[0.285s] Level 1:colcon.colcon_core.package_identification:_identify(src/mi_accion) by extensions ['ros']
[0.285s] Level 1:colcon.colcon_core.package_identification:_identify(src/mi_accion) by extension 'ros'
[0.286s] DEBUG:colcon.colcon_core.package_identification:Package 'src/mi_accion' with type 'ros.ament_python' and name 'mi_accion'
[0.286s] Level 1:colcon.colcon_core.package_identification:_identify(src/p2pkg) by extensions ['ignore', 'ignore_ament_install']
[0.286s] Level 1:colcon.colcon_core.package_identification:_identify(src/p2pkg) by extension 'ignore'
[0.286s] Level 1:colcon.colcon_core.package_identification:_identify(src/p2pkg) by extension 'ignore_ament_install'
[0.286s] Level 1:colcon.colcon_core.package_identification:_identify(src/p2pkg) by extensions ['colcon_pkg']
[0.286s] Level 1:colcon.colcon_core.package_identification:_identify(src/p2pkg) by extension 'colcon_pkg'
[0.286s] Level 1:colcon.colcon_core.package_identification:_identify(src/p2pkg) by extensions ['colcon_meta']
[0.286s] Level 1:colcon.colcon_core.package_identification:_identify(src/p2pkg) by extension 'colcon_meta'
[0.286s] Level 1:colcon.colcon_core.package_identification:_identify(src/p2pkg) by extensions ['ros']
[0.286s] Level 1:colcon.colcon_core.package_identification:_identify(src/p2pkg) by extension 'ros'
[0.287s] DEBUG:colcon.colcon_core.package_identification:Package 'src/p2pkg' with type 'ros.ament_python' and name 'p2pkg'
[0.287s] Level 1:colcon.colcon_core.package_identification:_identify(src/parte2) by extensions ['ignore', 'ignore_ament_install']
[0.287s] Level 1:colcon.colcon_core.package_identification:_identify(src/parte2) by extension 'ignore'
[0.287s] Level 1:colcon.colcon_core.package_identification:_identify(src/parte2) by extension 'ignore_ament_install'
[0.287s] Level 1:colcon.colcon_core.package_identification:_identify(src/parte2) by extensions ['colcon_pkg']
[0.287s] Level 1:colcon.colcon_core.package_identification:_identify(src/parte2) by extension 'colcon_pkg'
[0.287s] Level 1:colcon.colcon_core.package_identification:_identify(src/parte2) by extensions ['colcon_meta']
[0.287s] Level 1:colcon.colcon_core.package_identification:_identify(src/parte2) by extension 'colcon_meta'
[0.287s] Level 1:colcon.colcon_core.package_identification:_identify(src/parte2) by extensions ['ros']
[0.287s] Level 1:colcon.colcon_core.package_identification:_identify(src/parte2) by extension 'ros'
[0.287s] DEBUG:colcon.colcon_core.package_identification:Package 'src/parte2' with type 'ros.ament_cmake' and name 'parte2'
[0.287s] Level 1:colcon.colcon_core.package_identification:_identify(src/primer_paquete) by extensions ['ignore', 'ignore_ament_install']
[0.287s] Level 1:colcon.colcon_core.package_identification:_identify(src/primer_paquete) by extension 'ignore'
[0.288s] Level 1:colcon.colcon_core.package_identification:_identify(src/primer_paquete) by extension 'ignore_ament_install'
[0.288s] Level 1:colcon.colcon_core.package_identification:_identify(src/primer_paquete) by extensions ['colcon_pkg']
[0.288s] Level 1:colcon.colcon_core.package_identification:_identify(src/primer_paquete) by extension 'colcon_pkg'
[0.288s] Level 1:colcon.colcon_core.package_identification:_identify(src/primer_paquete) by extensions ['colcon_meta']
[0.288s] Level 1:colcon.colcon_core.package_identification:_identify(src/primer_paquete) by extension 'colcon_meta'
[0.288s] Level 1:colcon.colcon_core.package_identification:_identify(src/primer_paquete) by extensions ['ros']
[0.288s] Level 1:colcon.colcon_core.package_identification:_identify(src/primer_paquete) by extension 'ros'
[0.288s] DEBUG:colcon.colcon_core.package_identification:Package 'src/primer_paquete' with type 'ros.ament_python' and name 'primer_paquete'
[0.288s] Level 1:colcon.colcon_core.package_identification:_identify(src/servicio_suma) by extensions ['ignore', 'ignore_ament_install']
[0.289s] Level 1:colcon.colcon_core.package_identification:_identify(src/servicio_suma) by extension 'ignore'
[0.289s] Level 1:colcon.colcon_core.package_identification:_identify(src/servicio_suma) by extension 'ignore_ament_install'
[0.289s] Level 1:colcon.colcon_core.package_identification:_identify(src/servicio_suma) by extensions ['colcon_pkg']
[0.289s] Level 1:colcon.colcon_core.package_identification:_identify(src/servicio_suma) by extension 'colcon_pkg'
[0.289s] Level 1:colcon.colcon_core.package_identification:_identify(src/servicio_suma) by extensions ['colcon_meta']
[0.289s] Level 1:colcon.colcon_core.package_identification:_identify(src/servicio_suma) by extension 'colcon_meta'
[0.289s] Level 1:colcon.colcon_core.package_identification:_identify(src/servicio_suma) by extensions ['ros']
[0.289s] Level 1:colcon.colcon_core.package_identification:_identify(src/servicio_suma) by extension 'ros'
[0.289s] DEBUG:colcon.colcon_core.package_identification:Package 'src/servicio_suma' with type 'ros.ament_python' and name 'servicio_suma'
[0.289s] Level 1:colcon.colcon_core.package_discovery:discover_packages(recursive) using defaults
[0.289s] Level 1:colcon.colcon_core.package_discovery:discover_packages(ignore) discover
[0.289s] Level 1:colcon.colcon_core.package_discovery:discover_packages(ignore) using defaults
[0.289s] Level 1:colcon.colcon_core.package_discovery:discover_packages(path) discover
[0.289s] Level 1:colcon.colcon_core.package_discovery:discover_packages(path) using defaults
[0.323s] INFO:colcon.colcon_core.package_selection:Skipping not selected package 'interfaz' in 'src/interfaz'
[0.323s] INFO:colcon.colcon_core.package_selection:Skipping not selected package 'interfaz_servicio_suma' in 'src/interfaz_servicio_suma'
[0.323s] INFO:colcon.colcon_core.package_selection:Skipping not selected package 'parte2' in 'src/parte2'
[0.323s] INFO:colcon.colcon_core.package_selection:Skipping not selected package 'servicio_suma' in 'src/servicio_suma'
[0.323s] INFO:colcon.colcon_core.package_selection:Skipping not selected package 'p2pkg' in 'src/p2pkg'
[0.323s] INFO:colcon.colcon_core.package_selection:Skipping not selected package 'primer_paquete' in 'src/primer_paquete'
[0.323s] Level 1:colcon.colcon_core.package_discovery:discover_packages(prefix_path) check parameters
[0.323s] Level 1:colcon.colcon_core.package_discovery:discover_packages(prefix_path) discover
[0.325s] DEBUG:colcon.colcon_installed_package_information.package_discovery:Found 7 installed packages in /workspace/ros2_ws/install
[0.327s] DEBUG:colcon.colcon_installed_package_information.package_discovery:Found 386 installed packages in /opt/ros/humble
[0.329s] Level 1:colcon.colcon_core.package_discovery:discover_packages(prefix_path) using defaults
[0.373s] Level 5:colcon.colcon_core.verb:set package 'mi_accion' build argument 'cmake_args' from command line to 'None'
[0.373s] Level 5:colcon.colcon_core.verb:set package 'mi_accion' build argument 'cmake_target' from command line to 'None'
[0.373s] Level 5:colcon.colcon_core.verb:set package 'mi_accion' build argument 'cmake_target_skip_unavailable' from command line to 'False'
[0.373s] Level 5:colcon.colcon_core.verb:set package 'mi_accion' build argument 'cmake_clean_cache' from command line to 'False'
[0.373s] Level 5:colcon.colcon_core.verb:set package 'mi_accion' build argument 'cmake_clean_first' from command line to 'False'
[0.373s] Level 5:colcon.colcon_core.verb:set package 'mi_accion' build argument 'cmake_force_configure' from command line to 'False'
[0.373s] Level 5:colcon.colcon_core.verb:set package 'mi_accion' build argument 'ament_cmake_args' from command line to 'None'
[0.373s] Level 5:colcon.colcon_core.verb:set package 'mi_accion' build argument 'catkin_cmake_args' from command line to 'None'
[0.373s] Level 5:colcon.colcon_core.verb:set package 'mi_accion' build argument 'catkin_skip_building_tests' from command line to 'False'
[0.373s] DEBUG:colcon.colcon_core.verb:Building package 'mi_accion' with the following arguments: {'ament_cmake_args': None, 'build_base': '/workspace/ros2_ws/build/mi_accion', 'catkin_cmake_args': None, 'catkin_skip_building_tests': False, 'cmake_args': None, 'cmake_clean_cache': False, 'cmake_clean_first': False, 'cmake_force_configure': False, 'cmake_target': None, 'cmake_target_skip_unavailable': False, 'install_base': '/workspace/ros2_ws/install/mi_accion', 'merge_install': False, 'path': '/workspace/ros2_ws/src/mi_accion', 'symlink_install': False, 'test_result_base': None}
[0.373s] INFO:colcon.colcon_core.executor:Executing jobs using 'parallel' executor
[0.374s] DEBUG:colcon.colcon_parallel_executor.executor.parallel:run_until_complete
[0.374s] INFO:colcon.colcon_ros.task.ament_python.build:Building ROS package in '/workspace/ros2_ws/src/mi_accion' with build type 'ament_python'
[0.375s] Level 1:colcon.colcon_core.shell:create_environment_hook('mi_accion', 'ament_prefix_path')
[0.377s] INFO:colcon.colcon_core.plugin_system:Skipping extension 'colcon_core.shell.bat': Not used on non-Windows systems
[0.378s] INFO:colcon.colcon_core.shell:Creating environment hook '/workspace/ros2_ws/install/mi_accion/share/mi_accion/hook/ament_prefix_path.ps1'
[0.378s] INFO:colcon.colcon_core.shell:Creating environment descriptor '/workspace/ros2_ws/install/mi_accion/share/mi_accion/hook/ament_prefix_path.dsv'
[0.379s] INFO:colcon.colcon_core.shell:Creating environment hook '/workspace/ros2_ws/install/mi_accion/share/mi_accion/hook/ament_prefix_path.sh'
[0.380s] INFO:colcon.colcon_core.shell:Skip shell extension 'powershell' for command environment: Not usable outside of PowerShell
[0.380s] DEBUG:colcon.colcon_core.shell:Skip shell extension 'dsv' for command environment
[0.651s] INFO:colcon.colcon_core.task.python.build:Building Python package in '/workspace/ros2_ws/src/mi_accion'
[0.651s] INFO:colcon.colcon_core.shell:Skip shell extension 'powershell' for command environment: Not usable outside of PowerShell
[0.652s] DEBUG:colcon.colcon_core.shell:Skip shell extension 'dsv' for command environment
[1.027s] DEBUG:colcon.colcon_core.event_handler.log_command:Invoking command in '/workspace/ros2_ws/src/mi_accion': PYTHONPATH=/workspace/ros2_ws/build/mi_accion/prefix_override:/usr/lib/python3/dist-packages/colcon_core/task/python/colcon_distutils_commands:/workspace/ros2_ws/install/mi_accion/lib/python3.10/site-packages:${PYTHONPATH} /usr/bin/python3 -W ignore:setup.py install is deprecated -W ignore:easy_install command is deprecated setup.py egg_info --egg-base ../../build/mi_accion build --build-base /workspace/ros2_ws/build/mi_accion/build install --record /workspace/ros2_ws/build/mi_accion/install.log --single-version-externally-managed install_data
[1.293s] DEBUG:colcon.colcon_core.event_handler.log_command:Invoked command in '/workspace/ros2_ws/src/mi_accion' returned '0': PYTHONPATH=/workspace/ros2_ws/build/mi_accion/prefix_override:/usr/lib/python3/dist-packages/colcon_core/task/python/colcon_distutils_commands:/workspace/ros2_ws/install/mi_accion/lib/python3.10/site-packages:${PYTHONPATH} /usr/bin/python3 -W ignore:setup.py install is deprecated -W ignore:easy_install command is deprecated setup.py egg_info --egg-base ../../build/mi_accion build --build-base /workspace/ros2_ws/build/mi_accion/build install --record /workspace/ros2_ws/build/mi_accion/install.log --single-version-externally-managed install_data
[1.295s] Level 1:colcon.colcon_core.environment:checking '/workspace/ros2_ws/install/mi_accion' for CMake module files
[1.295s] Level 1:colcon.colcon_core.environment:checking '/workspace/ros2_ws/install/mi_accion' for CMake config files
[1.296s] Level 1:colcon.colcon_core.environment:checking '/workspace/ros2_ws/install/mi_accion/lib'
[1.296s] Level 1:colcon.colcon_core.environment:checking '/workspace/ros2_ws/install/mi_accion/bin'
[1.296s] Level 1:colcon.colcon_core.environment:checking '/workspace/ros2_ws/install/mi_accion/lib/pkgconfig/mi_accion.pc'
[1.297s] Level 1:colcon.colcon_core.environment:checking '/workspace/ros2_ws/install/mi_accion/lib/python3.10/site-packages'
[1.297s] Level 1:colcon.colcon_core.shell:create_environment_hook('mi_accion', 'pythonpath')
[1.297s] INFO:colcon.colcon_core.shell:Creating environment hook '/workspace/ros2_ws/install/mi_accion/share/mi_accion/hook/pythonpath.ps1'
[1.298s] INFO:colcon.colcon_core.shell:Creating environment descriptor '/workspace/ros2_ws/install/mi_accion/share/mi_accion/hook/pythonpath.dsv'
[1.298s] INFO:colcon.colcon_core.shell:Creating environment hook '/workspace/ros2_ws/install/mi_accion/share/mi_accion/hook/pythonpath.sh'
[1.299s] Level 1:colcon.colcon_core.environment:checking '/workspace/ros2_ws/install/mi_accion/bin'
[1.299s] Level 1:colcon.colcon_core.environment:create_environment_scripts_only(mi_accion)
[1.299s] INFO:colcon.colcon_core.shell:Creating package script '/workspace/ros2_ws/install/mi_accion/share/mi_accion/package.ps1'
[1.300s] INFO:colcon.colcon_core.shell:Creating package descriptor '/workspace/ros2_ws/install/mi_accion/share/mi_accion/package.dsv'
[1.301s] INFO:colcon.colcon_core.shell:Creating package script '/workspace/ros2_ws/install/mi_accion/share/mi_accion/package.sh'
[1.301s] INFO:colcon.colcon_core.shell:Creating package script '/workspace/ros2_ws/install/mi_accion/share/mi_accion/package.bash'
[1.302s] INFO:colcon.colcon_core.shell:Creating package script '/workspace/ros2_ws/install/mi_accion/share/mi_accion/package.zsh'
[1.303s] Level 1:colcon.colcon_core.environment:create_file_with_runtime_dependencies(/workspace/ros2_ws/install/mi_accion/share/colcon-core/packages/mi_accion)
[1.303s] DEBUG:colcon.colcon_parallel_executor.executor.parallel:closing loop
[1.304s] DEBUG:colcon.colcon_parallel_executor.executor.parallel:loop closed
[1.304s] DEBUG:colcon.colcon_parallel_executor.executor.parallel:run_until_complete finished with '0'
[1.304s] DEBUG:colcon.colcon_core.event_reactor:joining thread
[1.309s] INFO:colcon.colcon_core.plugin_system:Skipping extension 'colcon_notification.desktop_notification.notify_send': Could not find 'notify-send'
[1.310s] INFO:colcon.colcon_core.plugin_system:Skipping extension 'colcon_notification.desktop_notification.terminal_notifier': Not used on non-Darwin systems
[1.310s] INFO:colcon.colcon_core.plugin_system:Skipping extension 'colcon_notification.desktop_notification.win32': Not used on non-Windows systems
[1.310s] INFO:colcon.colcon_notification.desktop_notification:Sending desktop notification using 'notify2'
[1.312s] DEBUG:colcon.colcon_notification.desktop_notification.notify2:Failed to initialize notify2: org.freedesktop.DBus.Error.Spawn.ExecFailed: /usr/bin/dbus-launch terminated abnormally without any error message
[1.312s] DEBUG:colcon.colcon_core.event_reactor:joined thread
[1.313s] INFO:colcon.colcon_core.shell:Creating prefix script '/workspace/ros2_ws/install/local_setup.ps1'
[1.314s] INFO:colcon.colcon_core.shell:Creating prefix util module '/workspace/ros2_ws/install/_local_setup_util_ps1.py'
[1.315s] INFO:colcon.colcon_core.shell:Creating prefix chain script '/workspace/ros2_ws/install/setup.ps1'
[1.317s] INFO:colcon.colcon_core.shell:Creating prefix script '/workspace/ros2_ws/install/local_setup.sh'
[1.318s] INFO:colcon.colcon_core.shell:Creating prefix util module '/workspace/ros2_ws/install/_local_setup_util_sh.py'
[1.318s] INFO:colcon.colcon_core.shell:Creating prefix chain script '/workspace/ros2_ws/install/setup.sh'
[1.319s] INFO:colcon.colcon_core.shell:Creating prefix script '/workspace/ros2_ws/install/local_setup.bash'
[1.320s] INFO:colcon.colcon_core.shell:Creating prefix chain script '/workspace/ros2_ws/install/setup.bash'
[1.321s] INFO:colcon.colcon_core.shell:Creating prefix script '/workspace/ros2_ws/install/local_setup.zsh'
[1.321s] INFO:colcon.colcon_core.shell:Creating prefix chain script '/workspace/ros2_ws/install/setup.zsh'
