[0.519s] Invoking command in '/workspace/ros2_ws/src/battery_act': AMENT_PREFIX_PATH=/workspace/ros2_ws/src/install/interfaz:${AMENT_PREFIX_PATH} CMAKE_PREFIX_PATH=/workspace/ros2_ws/src/install/interfaz:${CMAKE_PREFIX_PATH} PYTHONPATH=/workspace/ros2_ws/src/build/battery_act/prefix_override:/usr/lib/python3/dist-packages/colcon_core/task/python/colcon_distutils_commands:/workspace/ros2_ws/src/install/battery_act/lib/python3.10/site-packages:${PYTHONPATH} /usr/bin/python3 -W ignore:setup.py install is deprecated -W ignore:easy_install command is deprecated setup.py egg_info --egg-base ../build/battery_act build --build-base /workspace/ros2_ws/src/build/battery_act/build install --record /workspace/ros2_ws/src/build/battery_act/install.log --single-version-externally-managed install_data
[0.766s] running egg_info
[0.766s] creating ../build/battery_act/battery_act.egg-info
[0.767s] writing ../build/battery_act/battery_act.egg-info/PKG-INFO
[0.767s] writing dependency_links to ../build/battery_act/battery_act.egg-info/dependency_links.txt
[0.767s] writing entry points to ../build/battery_act/battery_act.egg-info/entry_points.txt
[0.767s] writing requirements to ../build/battery_act/battery_act.egg-info/requires.txt
[0.767s] writing top-level names to ../build/battery_act/battery_act.egg-info/top_level.txt
[0.767s] writing manifest file '../build/battery_act/battery_act.egg-info/SOURCES.txt'
[0.768s] reading manifest file '../build/battery_act/battery_act.egg-info/SOURCES.txt'
[0.768s] adding license file 'LICENSE'
[0.769s] writing manifest file '../build/battery_act/battery_act.egg-info/SOURCES.txt'
[0.769s] running build
[0.769s] running build_py
[0.769s] creating /workspace/ros2_ws/src/build/battery_act/build
[0.769s] creating /workspace/ros2_ws/src/build/battery_act/build/lib
[0.769s] creating /workspace/ros2_ws/src/build/battery_act/build/lib/battery_act
[0.769s] copying battery_act/battery_charger.py -> /workspace/ros2_ws/src/build/battery_act/build/lib/battery_act
[0.770s] copying battery_act/__init__.py -> /workspace/ros2_ws/src/build/battery_act/build/lib/battery_act
[0.770s] copying battery_act/battery_client.py -> /workspace/ros2_ws/src/build/battery_act/build/lib/battery_act
[0.770s] running install
[0.770s] running install_lib
[0.771s] creating /workspace/ros2_ws/src/install/battery_act/lib/python3.10/site-packages/battery_act
[0.771s] copying /workspace/ros2_ws/src/build/battery_act/build/lib/battery_act/battery_charger.py -> /workspace/ros2_ws/src/install/battery_act/lib/python3.10/site-packages/battery_act
[0.771s] copying /workspace/ros2_ws/src/build/battery_act/build/lib/battery_act/__init__.py -> /workspace/ros2_ws/src/install/battery_act/lib/python3.10/site-packages/battery_act
[0.772s] copying /workspace/ros2_ws/src/build/battery_act/build/lib/battery_act/battery_client.py -> /workspace/ros2_ws/src/install/battery_act/lib/python3.10/site-packages/battery_act
[0.772s] byte-compiling /workspace/ros2_ws/src/install/battery_act/lib/python3.10/site-packages/battery_act/battery_charger.py to battery_charger.cpython-310.pyc
[0.773s] byte-compiling /workspace/ros2_ws/src/install/battery_act/lib/python3.10/site-packages/battery_act/__init__.py to __init__.cpython-310.pyc
[0.773s] byte-compiling /workspace/ros2_ws/src/install/battery_act/lib/python3.10/site-packages/battery_act/battery_client.py to battery_client.cpython-310.pyc
[0.774s] running install_data
[0.774s] creating /workspace/ros2_ws/src/install/battery_act/share/ament_index
[0.774s] creating /workspace/ros2_ws/src/install/battery_act/share/ament_index/resource_index
[0.774s] creating /workspace/ros2_ws/src/install/battery_act/share/ament_index/resource_index/packages
[0.775s] copying resource/battery_act -> /workspace/ros2_ws/src/install/battery_act/share/ament_index/resource_index/packages
[0.775s] copying package.xml -> /workspace/ros2_ws/src/install/battery_act/share/battery_act
[0.775s] running install_egg_info
[0.776s] Copying ../build/battery_act/battery_act.egg-info to /workspace/ros2_ws/src/install/battery_act/lib/python3.10/site-packages/battery_act-0.0.0-py3.10.egg-info
[0.777s] running install_scripts
[0.801s] Installing battery_charger script to /workspace/ros2_ws/src/install/battery_act/lib/battery_act
[0.801s] Installing battery_client script to /workspace/ros2_ws/src/install/battery_act/lib/battery_act
[0.802s] writing list of installed files to '/workspace/ros2_ws/src/build/battery_act/install.log'
[0.826s] Invoked command in '/workspace/ros2_ws/src/battery_act' returned '0': AMENT_PREFIX_PATH=/workspace/ros2_ws/src/install/interfaz:${AMENT_PREFIX_PATH} CMAKE_PREFIX_PATH=/workspace/ros2_ws/src/install/interfaz:${CMAKE_PREFIX_PATH} PYTHONPATH=/workspace/ros2_ws/src/build/battery_act/prefix_override:/usr/lib/python3/dist-packages/colcon_core/task/python/colcon_distutils_commands:/workspace/ros2_ws/src/install/battery_act/lib/python3.10/site-packages:${PYTHONPATH} /usr/bin/python3 -W ignore:setup.py install is deprecated -W ignore:easy_install command is deprecated setup.py egg_info --egg-base ../build/battery_act build --build-base /workspace/ros2_ws/src/build/battery_act/build install --record /workspace/ros2_ws/src/build/battery_act/install.log --single-version-externally-managed install_data
