[0.844s] Invoking command in '/workspace/ros2_ws/src/primer_paquete': PYTHONPATH=/workspace/ros2_ws/build/primer_paquete/prefix_override:/usr/lib/python3/dist-packages/colcon_core/task/python/colcon_distutils_commands:/workspace/ros2_ws/install/primer_paquete/lib/python3.10/site-packages:${PYTHONPATH} /usr/bin/python3 -W ignore:setup.py install is deprecated -W ignore:easy_install command is deprecated setup.py egg_info --egg-base ../../build/primer_paquete build --build-base /workspace/ros2_ws/build/primer_paquete/build install --record /workspace/ros2_ws/build/primer_paquete/install.log --single-version-externally-managed install_data
[1.074s] running egg_info
[1.075s] creating ../../build/primer_paquete/primer_paquete.egg-info
[1.076s] writing ../../build/primer_paquete/primer_paquete.egg-info/PKG-INFO
[1.076s] writing dependency_links to ../../build/primer_paquete/primer_paquete.egg-info/dependency_links.txt
[1.076s] writing entry points to ../../build/primer_paquete/primer_paquete.egg-info/entry_points.txt
[1.076s] writing requirements to ../../build/primer_paquete/primer_paquete.egg-info/requires.txt
[1.076s] writing top-level names to ../../build/primer_paquete/primer_paquete.egg-info/top_level.txt
[1.076s] writing manifest file '../../build/primer_paquete/primer_paquete.egg-info/SOURCES.txt'
[1.078s] reading manifest file '../../build/primer_paquete/primer_paquete.egg-info/SOURCES.txt'
[1.078s] adding license file 'LICENSE'
[1.078s] writing manifest file '../../build/primer_paquete/primer_paquete.egg-info/SOURCES.txt'
[1.079s] running build
[1.079s] running build_py
[1.079s] creating /workspace/ros2_ws/build/primer_paquete/build
[1.079s] creating /workspace/ros2_ws/build/primer_paquete/build/lib
[1.079s] creating /workspace/ros2_ws/build/primer_paquete/build/lib/primer_paquete
[1.079s] copying primer_paquete/__init__.py -> /workspace/ros2_ws/build/primer_paquete/build/lib/primer_paquete
[1.079s] copying primer_paquete/nodo_recibe.py -> /workspace/ros2_ws/build/primer_paquete/build/lib/primer_paquete
[1.079s] copying primer_paquete/nodo_envia.py -> /workspace/ros2_ws/build/primer_paquete/build/lib/primer_paquete
[1.079s] running install
[1.080s] running install_lib
[1.081s] creating /workspace/ros2_ws/install/primer_paquete/lib/python3.10/site-packages/primer_paquete
[1.081s] copying /workspace/ros2_ws/build/primer_paquete/build/lib/primer_paquete/__init__.py -> /workspace/ros2_ws/install/primer_paquete/lib/python3.10/site-packages/primer_paquete
[1.081s] copying /workspace/ros2_ws/build/primer_paquete/build/lib/primer_paquete/nodo_recibe.py -> /workspace/ros2_ws/install/primer_paquete/lib/python3.10/site-packages/primer_paquete
[1.081s] copying /workspace/ros2_ws/build/primer_paquete/build/lib/primer_paquete/nodo_envia.py -> /workspace/ros2_ws/install/primer_paquete/lib/python3.10/site-packages/primer_paquete
[1.082s] byte-compiling /workspace/ros2_ws/install/primer_paquete/lib/python3.10/site-packages/primer_paquete/__init__.py to __init__.cpython-310.pyc
[1.082s] byte-compiling /workspace/ros2_ws/install/primer_paquete/lib/python3.10/site-packages/primer_paquete/nodo_recibe.py to nodo_recibe.cpython-310.pyc
[1.082s] byte-compiling /workspace/ros2_ws/install/primer_paquete/lib/python3.10/site-packages/primer_paquete/nodo_envia.py to nodo_envia.cpython-310.pyc
[1.083s] running install_data
[1.083s] creating /workspace/ros2_ws/install/primer_paquete/share/ament_index
[1.083s] creating /workspace/ros2_ws/install/primer_paquete/share/ament_index/resource_index
[1.083s] creating /workspace/ros2_ws/install/primer_paquete/share/ament_index/resource_index/packages
[1.083s] copying resource/primer_paquete -> /workspace/ros2_ws/install/primer_paquete/share/ament_index/resource_index/packages
[1.084s] copying package.xml -> /workspace/ros2_ws/install/primer_paquete/share/primer_paquete
[1.084s] running install_egg_info
[1.085s] Copying ../../build/primer_paquete/primer_paquete.egg-info to /workspace/ros2_ws/install/primer_paquete/lib/python3.10/site-packages/primer_paquete-0.0.0-py3.10.egg-info
[1.086s] running install_scripts
[1.109s] Installing client script to /workspace/ros2_ws/install/primer_paquete/lib/primer_paquete
[1.109s] Installing server script to /workspace/ros2_ws/install/primer_paquete/lib/primer_paquete
[1.109s] writing list of installed files to '/workspace/ros2_ws/build/primer_paquete/install.log'
[1.133s] Invoked command in '/workspace/ros2_ws/src/primer_paquete' returned '0': PYTHONPATH=/workspace/ros2_ws/build/primer_paquete/prefix_override:/usr/lib/python3/dist-packages/colcon_core/task/python/colcon_distutils_commands:/workspace/ros2_ws/install/primer_paquete/lib/python3.10/site-packages:${PYTHONPATH} /usr/bin/python3 -W ignore:setup.py install is deprecated -W ignore:easy_install command is deprecated setup.py egg_info --egg-base ../../build/primer_paquete build --build-base /workspace/ros2_ws/build/primer_paquete/build install --record /workspace/ros2_ws/build/primer_paquete/install.log --single-version-externally-managed install_data
