[0.123s] Invoking command in '/workspace/ros2_ws/build/turtlebot3_msgs': CMAKE_PREFIX_PATH=${CMAKE_PREFIX_PATH}:/workspace/ros2_ws/install/turtlebot3_teleop:/workspace/ros2_ws/install/turtlebot3_example:/workspace/ros2_ws/install/maze_pkg:/opt/ros/humble /usr/bin/cmake --build /workspace/ros2_ws/build/turtlebot3_msgs -- -j6 -l6
[0.453s] [  1%] Built target turtlebot3_msgs__cpp
[0.601s] [  1%] Built target ament_cmake_python_symlink_turtlebot3_msgs
[0.641s] [35m[1mConsolidate compiler generated dependencies of target turtlebot3_msgs__rosidl_typesupport_introspection_cpp[0m
[0.686s] [ 12%] Built target turtlebot3_msgs__rosidl_typesupport_introspection_cpp
[1.810s] running egg_info
[1.812s] writing turtlebot3_msgs.egg-info/PKG-INFO
[1.812s] writing dependency_links to turtlebot3_msgs.egg-info/dependency_links.txt
[1.812s] writing top-level names to turtlebot3_msgs.egg-info/top_level.txt
[1.813s] reading manifest file 'turtlebot3_msgs.egg-info/SOURCES.txt'
[1.848s] writing manifest file 'turtlebot3_msgs.egg-info/SOURCES.txt'
[1.928s] [ 12%] Built target ament_cmake_python_build_turtlebot3_msgs_egg
[1.997s] [35m[1mConsolidate compiler generated dependencies of target turtlebot3_msgs__rosidl_typesupport_fastrtps_cpp[0m
[2.036s] [ 24%] Built target turtlebot3_msgs__rosidl_typesupport_fastrtps_cpp
[2.090s] [35m[1mConsolidate compiler generated dependencies of target turtlebot3_msgs__rosidl_typesupport_cpp[0m
[2.150s] [ 35%] Built target turtlebot3_msgs__rosidl_typesupport_cpp
[2.185s] [35m[1mConsolidate compiler generated dependencies of target turtlebot3_msgs__rosidl_generator_c[0m
[2.241s] [ 46%] Built target turtlebot3_msgs__rosidl_generator_c
[2.264s] [35m[1mConsolidate compiler generated dependencies of target turtlebot3_msgs__rosidl_typesupport_fastrtps_c[0m
[2.315s] [ 58%] Built target turtlebot3_msgs__rosidl_typesupport_fastrtps_c
[2.365s] [35m[1mConsolidate compiler generated dependencies of target turtlebot3_msgs__rosidl_typesupport_c[0m
[2.402s] [ 69%] Built target turtlebot3_msgs__rosidl_typesupport_c
[2.443s] [35m[1mConsolidate compiler generated dependencies of target turtlebot3_msgs__rosidl_typesupport_introspection_c[0m
[2.475s] [ 81%] Built target turtlebot3_msgs__rosidl_typesupport_introspection_c
[2.529s] [ 81%] Built target turtlebot3_msgs
[2.589s] [ 82%] Built target turtlebot3_msgs__py
[2.687s] [35m[1mConsolidate compiler generated dependencies of target turtlebot3_msgs__rosidl_generator_py[0m
[2.762s] [ 92%] Built target turtlebot3_msgs__rosidl_generator_py
[2.807s] [35m[1mConsolidate compiler generated dependencies of target turtlebot3_msgs__rosidl_typesupport_fastrtps_c__pyext[0m
[2.858s] [ 94%] Built target turtlebot3_msgs__rosidl_typesupport_fastrtps_c__pyext
[2.925s] [35m[1mConsolidate compiler generated dependencies of target turtlebot3_msgs__rosidl_typesupport_c__pyext[0m
[2.968s] [ 97%] Built target turtlebot3_msgs__rosidl_typesupport_c__pyext
[3.031s] [35m[1mConsolidate compiler generated dependencies of target turtlebot3_msgs__rosidl_typesupport_introspection_c__pyext[0m
[3.082s] [100%] Built target turtlebot3_msgs__rosidl_typesupport_introspection_c__pyext
[3.169s] Invoked command in '/workspace/ros2_ws/build/turtlebot3_msgs' returned '0': CMAKE_PREFIX_PATH=${CMAKE_PREFIX_PATH}:/workspace/ros2_ws/install/turtlebot3_teleop:/workspace/ros2_ws/install/turtlebot3_example:/workspace/ros2_ws/install/maze_pkg:/opt/ros/humble /usr/bin/cmake --build /workspace/ros2_ws/build/turtlebot3_msgs -- -j6 -l6
[3.170s] Invoking command in '/workspace/ros2_ws/build/turtlebot3_msgs': CMAKE_PREFIX_PATH=${CMAKE_PREFIX_PATH}:/workspace/ros2_ws/install/turtlebot3_teleop:/workspace/ros2_ws/install/turtlebot3_example:/workspace/ros2_ws/install/maze_pkg:/opt/ros/humble /usr/bin/cmake --install /workspace/ros2_ws/build/turtlebot3_msgs
[3.193s] -- Install configuration: ""
[3.197s] -- Execute custom install script
[3.199s] -- Up-to-date symlink: /workspace/ros2_ws/install/turtlebot3_msgs/share/ament_index/resource_index/rosidl_interfaces/turtlebot3_msgs
[3.204s] -- Up-to-date symlink: /workspace/ros2_ws/install/turtlebot3_msgs/include/turtlebot3_msgs/turtlebot3_msgs/action/detail/patrol__functions.h
[3.204s] -- Up-to-date symlink: /workspace/ros2_ws/install/turtlebot3_msgs/include/turtlebot3_msgs/turtlebot3_msgs/action/detail/patrol__struct.h
[3.204s] -- Up-to-date symlink: /workspace/ros2_ws/install/turtlebot3_msgs/include/turtlebot3_msgs/turtlebot3_msgs/action/detail/patrol__type_support.h
[3.205s] -- Up-to-date symlink: /workspace/ros2_ws/install/turtlebot3_msgs/include/turtlebot3_msgs/turtlebot3_msgs/action/patrol.h
[3.205s] -- Up-to-date symlink: /workspace/ros2_ws/install/turtlebot3_msgs/include/turtlebot3_msgs/turtlebot3_msgs/msg/detail/sensor_state__functions.h
[3.205s] -- Up-to-date symlink: /workspace/ros2_ws/install/turtlebot3_msgs/include/turtlebot3_msgs/turtlebot3_msgs/msg/detail/sensor_state__struct.h
[3.205s] -- Up-to-date symlink: /workspace/ros2_ws/install/turtlebot3_msgs/include/turtlebot3_msgs/turtlebot3_msgs/msg/detail/sensor_state__type_support.h
[3.205s] -- Up-to-date symlink: /workspace/ros2_ws/install/turtlebot3_msgs/include/turtlebot3_msgs/turtlebot3_msgs/msg/detail/sound__functions.h
[3.205s] -- Up-to-date symlink: /workspace/ros2_ws/install/turtlebot3_msgs/include/turtlebot3_msgs/turtlebot3_msgs/msg/detail/sound__struct.h
[3.205s] -- Up-to-date symlink: /workspace/ros2_ws/install/turtlebot3_msgs/include/turtlebot3_msgs/turtlebot3_msgs/msg/detail/sound__type_support.h
[3.205s] -- Up-to-date symlink: /workspace/ros2_ws/install/turtlebot3_msgs/include/turtlebot3_msgs/turtlebot3_msgs/msg/detail/version_info__functions.h
[3.205s] -- Up-to-date symlink: /workspace/ros2_ws/install/turtlebot3_msgs/include/turtlebot3_msgs/turtlebot3_msgs/msg/detail/version_info__struct.h
[3.205s] -- Up-to-date symlink: /workspace/ros2_ws/install/turtlebot3_msgs/include/turtlebot3_msgs/turtlebot3_msgs/msg/detail/version_info__type_support.h
[3.205s] -- Up-to-date symlink: /workspace/ros2_ws/install/turtlebot3_msgs/include/turtlebot3_msgs/turtlebot3_msgs/msg/rosidl_generator_c__visibility_control.h
[3.205s] -- Up-to-date symlink: /workspace/ros2_ws/install/turtlebot3_msgs/include/turtlebot3_msgs/turtlebot3_msgs/msg/sensor_state.h
[3.205s] -- Up-to-date symlink: /workspace/ros2_ws/install/turtlebot3_msgs/include/turtlebot3_msgs/turtlebot3_msgs/msg/sound.h
[3.205s] -- Up-to-date symlink: /workspace/ros2_ws/install/turtlebot3_msgs/include/turtlebot3_msgs/turtlebot3_msgs/msg/version_info.h
[3.205s] -- Up-to-date symlink: /workspace/ros2_ws/install/turtlebot3_msgs/include/turtlebot3_msgs/turtlebot3_msgs/srv/detail/dqn__functions.h
[3.205s] -- Up-to-date symlink: /workspace/ros2_ws/install/turtlebot3_msgs/include/turtlebot3_msgs/turtlebot3_msgs/srv/detail/dqn__struct.h
[3.205s] -- Up-to-date symlink: /workspace/ros2_ws/install/turtlebot3_msgs/include/turtlebot3_msgs/turtlebot3_msgs/srv/detail/dqn__type_support.h
[3.205s] -- Up-to-date symlink: /workspace/ros2_ws/install/turtlebot3_msgs/include/turtlebot3_msgs/turtlebot3_msgs/srv/detail/goal__functions.h
[3.205s] -- Up-to-date symlink: /workspace/ros2_ws/install/turtlebot3_msgs/include/turtlebot3_msgs/turtlebot3_msgs/srv/detail/goal__struct.h
[3.205s] -- Up-to-date symlink: /workspace/ros2_ws/install/turtlebot3_msgs/include/turtlebot3_msgs/turtlebot3_msgs/srv/detail/goal__type_support.h
[3.205s] -- Up-to-date symlink: /workspace/ros2_ws/install/turtlebot3_msgs/include/turtlebot3_msgs/turtlebot3_msgs/srv/detail/sound__functions.h
[3.205s] -- Up-to-date symlink: /workspace/ros2_ws/install/turtlebot3_msgs/include/turtlebot3_msgs/turtlebot3_msgs/srv/detail/sound__struct.h
[3.205s] -- Up-to-date symlink: /workspace/ros2_ws/install/turtlebot3_msgs/include/turtlebot3_msgs/turtlebot3_msgs/srv/detail/sound__type_support.h
[3.205s] -- Up-to-date symlink: /workspace/ros2_ws/install/turtlebot3_msgs/include/turtlebot3_msgs/turtlebot3_msgs/srv/dqn.h
[3.205s] -- Up-to-date symlink: /workspace/ros2_ws/install/turtlebot3_msgs/include/turtlebot3_msgs/turtlebot3_msgs/srv/goal.h
[3.205s] -- Up-to-date symlink: /workspace/ros2_ws/install/turtlebot3_msgs/include/turtlebot3_msgs/turtlebot3_msgs/srv/sound.h
[3.205s] -- Up-to-date symlink: /workspace/ros2_ws/install/turtlebot3_msgs/share/turtlebot3_msgs/environment/library_path.sh
[3.205s] -- Up-to-date symlink: /workspace/ros2_ws/install/turtlebot3_msgs/share/turtlebot3_msgs/environment/library_path.dsv
[3.208s] -- Up-to-date symlink: /workspace/ros2_ws/install/turtlebot3_msgs/include/turtlebot3_msgs/turtlebot3_msgs/action/detail/patrol__rosidl_typesupport_fastrtps_c.h
[3.211s] -- Up-to-date symlink: /workspace/ros2_ws/install/turtlebot3_msgs/include/turtlebot3_msgs/turtlebot3_msgs/msg/detail/sensor_state__rosidl_typesupport_fastrtps_c.h
[3.212s] -- Up-to-date symlink: /workspace/ros2_ws/install/turtlebot3_msgs/include/turtlebot3_msgs/turtlebot3_msgs/msg/detail/sound__rosidl_typesupport_fastrtps_c.h
[3.222s] -- Up-to-date symlink: /workspace/ros2_ws/install/turtlebot3_msgs/include/turtlebot3_msgs/turtlebot3_msgs/msg/detail/version_info__rosidl_typesupport_fastrtps_c.h
[3.223s] -- Up-to-date symlink: /workspace/ros2_ws/install/turtlebot3_msgs/include/turtlebot3_msgs/turtlebot3_msgs/msg/rosidl_typesupport_fastrtps_c__visibility_control.h
[3.224s] -- Up-to-date symlink: /workspace/ros2_ws/install/turtlebot3_msgs/include/turtlebot3_msgs/turtlebot3_msgs/srv/detail/dqn__rosidl_typesupport_fastrtps_c.h
[3.224s] -- Up-to-date symlink: /workspace/ros2_ws/install/turtlebot3_msgs/include/turtlebot3_msgs/turtlebot3_msgs/srv/detail/goal__rosidl_typesupport_fastrtps_c.h
[3.224s] -- Up-to-date symlink: /workspace/ros2_ws/install/turtlebot3_msgs/include/turtlebot3_msgs/turtlebot3_msgs/srv/detail/sound__rosidl_typesupport_fastrtps_c.h
[3.224s] -- Up-to-date symlink: /workspace/ros2_ws/install/turtlebot3_msgs/include/turtlebot3_msgs/turtlebot3_msgs/action/detail/patrol__builder.hpp
[3.224s] -- Up-to-date symlink: /workspace/ros2_ws/install/turtlebot3_msgs/include/turtlebot3_msgs/turtlebot3_msgs/action/detail/patrol__struct.hpp
[3.224s] -- Up-to-date symlink: /workspace/ros2_ws/install/turtlebot3_msgs/include/turtlebot3_msgs/turtlebot3_msgs/action/detail/patrol__traits.hpp
[3.224s] -- Up-to-date symlink: /workspace/ros2_ws/install/turtlebot3_msgs/include/turtlebot3_msgs/turtlebot3_msgs/action/detail/patrol__type_support.hpp
[3.224s] -- Up-to-date symlink: /workspace/ros2_ws/install/turtlebot3_msgs/include/turtlebot3_msgs/turtlebot3_msgs/action/patrol.hpp
[3.224s] -- Up-to-date symlink: /workspace/ros2_ws/install/turtlebot3_msgs/include/turtlebot3_msgs/turtlebot3_msgs/msg/detail/sensor_state__builder.hpp
[3.232s] -- Up-to-date symlink: /workspace/ros2_ws/install/turtlebot3_msgs/include/turtlebot3_msgs/turtlebot3_msgs/msg/detail/sensor_state__struct.hpp
[3.232s] -- Up-to-date symlink: /workspace/ros2_ws/install/turtlebot3_msgs/include/turtlebot3_msgs/turtlebot3_msgs/msg/detail/sensor_state__traits.hpp
[3.232s] -- Up-to-date symlink: /workspace/ros2_ws/install/turtlebot3_msgs/include/turtlebot3_msgs/turtlebot3_msgs/msg/detail/sensor_state__type_support.hpp
[3.232s] -- Up-to-date symlink: /workspace/ros2_ws/install/turtlebot3_msgs/include/turtlebot3_msgs/turtlebot3_msgs/msg/detail/sound__builder.hpp
[3.233s] -- Up-to-date symlink: /workspace/ros2_ws/install/turtlebot3_msgs/include/turtlebot3_msgs/turtlebot3_msgs/msg/detail/sound__struct.hpp
[3.233s] -- Up-to-date symlink: /workspace/ros2_ws/install/turtlebot3_msgs/include/turtlebot3_msgs/turtlebot3_msgs/msg/detail/sound__traits.hpp
[3.233s] -- Up-to-date symlink: /workspace/ros2_ws/install/turtlebot3_msgs/include/turtlebot3_msgs/turtlebot3_msgs/msg/detail/sound__type_support.hpp
[3.233s] -- Up-to-date symlink: /workspace/ros2_ws/install/turtlebot3_msgs/include/turtlebot3_msgs/turtlebot3_msgs/msg/detail/version_info__builder.hpp
[3.233s] -- Up-to-date symlink: /workspace/ros2_ws/install/turtlebot3_msgs/include/turtlebot3_msgs/turtlebot3_msgs/msg/detail/version_info__struct.hpp
[3.233s] -- Up-to-date symlink: /workspace/ros2_ws/install/turtlebot3_msgs/include/turtlebot3_msgs/turtlebot3_msgs/msg/detail/version_info__traits.hpp
[3.233s] -- Up-to-date symlink: /workspace/ros2_ws/install/turtlebot3_msgs/include/turtlebot3_msgs/turtlebot3_msgs/msg/detail/version_info__type_support.hpp
[3.233s] -- Up-to-date symlink: /workspace/ros2_ws/install/turtlebot3_msgs/include/turtlebot3_msgs/turtlebot3_msgs/msg/rosidl_generator_cpp__visibility_control.hpp
[3.233s] -- Up-to-date symlink: /workspace/ros2_ws/install/turtlebot3_msgs/include/turtlebot3_msgs/turtlebot3_msgs/msg/sensor_state.hpp
[3.233s] -- Up-to-date symlink: /workspace/ros2_ws/install/turtlebot3_msgs/include/turtlebot3_msgs/turtlebot3_msgs/msg/sound.hpp
[3.233s] -- Up-to-date symlink: /workspace/ros2_ws/install/turtlebot3_msgs/include/turtlebot3_msgs/turtlebot3_msgs/msg/version_info.hpp
[3.233s] -- Up-to-date symlink: /workspace/ros2_ws/install/turtlebot3_msgs/include/turtlebot3_msgs/turtlebot3_msgs/srv/detail/dqn__builder.hpp
[3.233s] -- Up-to-date symlink: /workspace/ros2_ws/install/turtlebot3_msgs/include/turtlebot3_msgs/turtlebot3_msgs/srv/detail/dqn__struct.hpp
[3.233s] -- Up-to-date symlink: /workspace/ros2_ws/install/turtlebot3_msgs/include/turtlebot3_msgs/turtlebot3_msgs/srv/detail/dqn__traits.hpp
[3.234s] -- Up-to-date symlink: /workspace/ros2_ws/install/turtlebot3_msgs/include/turtlebot3_msgs/turtlebot3_msgs/srv/detail/dqn__type_support.hpp
[3.234s] -- Up-to-date symlink: /workspace/ros2_ws/install/turtlebot3_msgs/include/turtlebot3_msgs/turtlebot3_msgs/srv/detail/goal__builder.hpp
[3.234s] -- Up-to-date symlink: /workspace/ros2_ws/install/turtlebot3_msgs/include/turtlebot3_msgs/turtlebot3_msgs/srv/detail/goal__struct.hpp
[3.234s] -- Up-to-date symlink: /workspace/ros2_ws/install/turtlebot3_msgs/include/turtlebot3_msgs/turtlebot3_msgs/srv/detail/goal__traits.hpp
[3.234s] -- Up-to-date symlink: /workspace/ros2_ws/install/turtlebot3_msgs/include/turtlebot3_msgs/turtlebot3_msgs/srv/detail/goal__type_support.hpp
[3.234s] -- Up-to-date symlink: /workspace/ros2_ws/install/turtlebot3_msgs/include/turtlebot3_msgs/turtlebot3_msgs/srv/detail/sound__builder.hpp
[3.234s] -- Up-to-date symlink: /workspace/ros2_ws/install/turtlebot3_msgs/include/turtlebot3_msgs/turtlebot3_msgs/srv/detail/sound__struct.hpp
[3.237s] -- Up-to-date symlink: /workspace/ros2_ws/install/turtlebot3_msgs/include/turtlebot3_msgs/turtlebot3_msgs/srv/detail/sound__traits.hpp
[3.237s] -- Up-to-date symlink: /workspace/ros2_ws/install/turtlebot3_msgs/include/turtlebot3_msgs/turtlebot3_msgs/srv/detail/sound__type_support.hpp
[3.237s] -- Up-to-date symlink: /workspace/ros2_ws/install/turtlebot3_msgs/include/turtlebot3_msgs/turtlebot3_msgs/srv/dqn.hpp
[3.237s] -- Up-to-date symlink: /workspace/ros2_ws/install/turtlebot3_msgs/include/turtlebot3_msgs/turtlebot3_msgs/srv/goal.hpp
[3.238s] -- Up-to-date symlink: /workspace/ros2_ws/install/turtlebot3_msgs/include/turtlebot3_msgs/turtlebot3_msgs/srv/sound.hpp
[3.238s] -- Up-to-date symlink: /workspace/ros2_ws/install/turtlebot3_msgs/include/turtlebot3_msgs/turtlebot3_msgs/action/detail/patrol__rosidl_typesupport_fastrtps_cpp.hpp
[3.239s] -- Up-to-date symlink: /workspace/ros2_ws/install/turtlebot3_msgs/include/turtlebot3_msgs/turtlebot3_msgs/msg/detail/sensor_state__rosidl_typesupport_fastrtps_cpp.hpp
[3.239s] -- Up-to-date symlink: /workspace/ros2_ws/install/turtlebot3_msgs/include/turtlebot3_msgs/turtlebot3_msgs/msg/detail/sound__rosidl_typesupport_fastrtps_cpp.hpp
[3.239s] -- Up-to-date symlink: /workspace/ros2_ws/install/turtlebot3_msgs/include/turtlebot3_msgs/turtlebot3_msgs/msg/detail/version_info__rosidl_typesupport_fastrtps_cpp.hpp
[3.240s] -- Up-to-date symlink: /workspace/ros2_ws/install/turtlebot3_msgs/include/turtlebot3_msgs/turtlebot3_msgs/msg/rosidl_typesupport_fastrtps_cpp__visibility_control.h
[3.244s] -- Up-to-date symlink: /workspace/ros2_ws/install/turtlebot3_msgs/include/turtlebot3_msgs/turtlebot3_msgs/srv/detail/dqn__rosidl_typesupport_fastrtps_cpp.hpp
[3.244s] -- Up-to-date symlink: /workspace/ros2_ws/install/turtlebot3_msgs/include/turtlebot3_msgs/turtlebot3_msgs/srv/detail/goal__rosidl_typesupport_fastrtps_cpp.hpp
[3.245s] -- Up-to-date symlink: /workspace/ros2_ws/install/turtlebot3_msgs/include/turtlebot3_msgs/turtlebot3_msgs/srv/detail/sound__rosidl_typesupport_fastrtps_cpp.hpp
[3.245s] -- Up-to-date symlink: /workspace/ros2_ws/install/turtlebot3_msgs/include/turtlebot3_msgs/turtlebot3_msgs/action/detail/patrol__rosidl_typesupport_introspection_c.h
[3.245s] -- Up-to-date symlink: /workspace/ros2_ws/install/turtlebot3_msgs/include/turtlebot3_msgs/turtlebot3_msgs/msg/detail/sensor_state__rosidl_typesupport_introspection_c.h
[3.245s] -- Up-to-date symlink: /workspace/ros2_ws/install/turtlebot3_msgs/include/turtlebot3_msgs/turtlebot3_msgs/msg/detail/sound__rosidl_typesupport_introspection_c.h
[3.245s] -- Up-to-date symlink: /workspace/ros2_ws/install/turtlebot3_msgs/include/turtlebot3_msgs/turtlebot3_msgs/msg/detail/version_info__rosidl_typesupport_introspection_c.h
[3.246s] -- Up-to-date symlink: /workspace/ros2_ws/install/turtlebot3_msgs/include/turtlebot3_msgs/turtlebot3_msgs/msg/rosidl_typesupport_introspection_c__visibility_control.h
[3.246s] -- Up-to-date symlink: /workspace/ros2_ws/install/turtlebot3_msgs/include/turtlebot3_msgs/turtlebot3_msgs/srv/detail/dqn__rosidl_typesupport_introspection_c.h
[3.277s] -- Up-to-date symlink: /workspace/ros2_ws/install/turtlebot3_msgs/include/turtlebot3_msgs/turtlebot3_msgs/srv/detail/goal__rosidl_typesupport_introspection_c.h
[3.284s] -- Up-to-date symlink: /workspace/ros2_ws/install/turtlebot3_msgs/include/turtlebot3_msgs/turtlebot3_msgs/srv/detail/sound__rosidl_typesupport_introspection_c.h
[3.284s] -- Up-to-date symlink: /workspace/ros2_ws/install/turtlebot3_msgs/include/turtlebot3_msgs/turtlebot3_msgs/action/detail/patrol__rosidl_typesupport_introspection_cpp.hpp
[3.285s] -- Up-to-date symlink: /workspace/ros2_ws/install/turtlebot3_msgs/include/turtlebot3_msgs/turtlebot3_msgs/msg/detail/sensor_state__rosidl_typesupport_introspection_cpp.hpp
[3.286s] -- Up-to-date symlink: /workspace/ros2_ws/install/turtlebot3_msgs/include/turtlebot3_msgs/turtlebot3_msgs/msg/detail/sound__rosidl_typesupport_introspection_cpp.hpp
[3.286s] -- Up-to-date symlink: /workspace/ros2_ws/install/turtlebot3_msgs/include/turtlebot3_msgs/turtlebot3_msgs/msg/detail/version_info__rosidl_typesupport_introspection_cpp.hpp
[3.286s] -- Up-to-date symlink: /workspace/ros2_ws/install/turtlebot3_msgs/include/turtlebot3_msgs/turtlebot3_msgs/srv/detail/dqn__rosidl_typesupport_introspection_cpp.hpp
[3.312s] -- Up-to-date symlink: /workspace/ros2_ws/install/turtlebot3_msgs/include/turtlebot3_msgs/turtlebot3_msgs/srv/detail/goal__rosidl_typesupport_introspection_cpp.hpp
[3.312s] -- Up-to-date symlink: /workspace/ros2_ws/install/turtlebot3_msgs/include/turtlebot3_msgs/turtlebot3_msgs/srv/detail/sound__rosidl_typesupport_introspection_cpp.hpp
[3.312s] -- Up-to-date symlink: /workspace/ros2_ws/install/turtlebot3_msgs/share/turtlebot3_msgs/environment/pythonpath.sh
[3.312s] -- Up-to-date symlink: /workspace/ros2_ws/install/turtlebot3_msgs/share/turtlebot3_msgs/environment/pythonpath.dsv
[3.314s] -- Up-to-date symlink: /workspace/ros2_ws/install/turtlebot3_msgs/local/lib/python3.10/dist-packages/turtlebot3_msgs-2.4.0-py3.10.egg-info/PKG-INFO
[3.314s] -- Up-to-date symlink: /workspace/ros2_ws/install/turtlebot3_msgs/local/lib/python3.10/dist-packages/turtlebot3_msgs-2.4.0-py3.10.egg-info/SOURCES.txt
[3.314s] -- Up-to-date symlink: /workspace/ros2_ws/install/turtlebot3_msgs/local/lib/python3.10/dist-packages/turtlebot3_msgs-2.4.0-py3.10.egg-info/dependency_links.txt
[3.314s] -- Up-to-date symlink: /workspace/ros2_ws/install/turtlebot3_msgs/local/lib/python3.10/dist-packages/turtlebot3_msgs-2.4.0-py3.10.egg-info/top_level.txt
[3.314s] -- Up-to-date symlink: /workspace/ros2_ws/install/turtlebot3_msgs/local/lib/python3.10/dist-packages/turtlebot3_msgs/__init__.py
[3.314s] -- Up-to-date symlink: /workspace/ros2_ws/install/turtlebot3_msgs/local/lib/python3.10/dist-packages/turtlebot3_msgs/_turtlebot3_msgs_s.ep.rosidl_typesupport_c.c
[3.314s] -- Up-to-date symlink: /workspace/ros2_ws/install/turtlebot3_msgs/local/lib/python3.10/dist-packages/turtlebot3_msgs/_turtlebot3_msgs_s.ep.rosidl_typesupport_fastrtps_c.c
[3.314s] -- Up-to-date symlink: /workspace/ros2_ws/install/turtlebot3_msgs/local/lib/python3.10/dist-packages/turtlebot3_msgs/_turtlebot3_msgs_s.ep.rosidl_typesupport_introspection_c.c
[3.314s] -- Up-to-date symlink: /workspace/ros2_ws/install/turtlebot3_msgs/local/lib/python3.10/dist-packages/turtlebot3_msgs/action/__init__.py
[3.314s] -- Up-to-date symlink: /workspace/ros2_ws/install/turtlebot3_msgs/local/lib/python3.10/dist-packages/turtlebot3_msgs/action/_patrol.py
[3.314s] -- Up-to-date symlink: /workspace/ros2_ws/install/turtlebot3_msgs/local/lib/python3.10/dist-packages/turtlebot3_msgs/action/_patrol_s.c
[3.315s] -- Up-to-date symlink: /workspace/ros2_ws/install/turtlebot3_msgs/local/lib/python3.10/dist-packages/turtlebot3_msgs/libturtlebot3_msgs__rosidl_generator_py.so
[3.315s] -- Up-to-date symlink: /workspace/ros2_ws/install/turtlebot3_msgs/local/lib/python3.10/dist-packages/turtlebot3_msgs/msg/__init__.py
[3.315s] -- Up-to-date symlink: /workspace/ros2_ws/install/turtlebot3_msgs/local/lib/python3.10/dist-packages/turtlebot3_msgs/msg/_sensor_state.py
[3.315s] -- Up-to-date symlink: /workspace/ros2_ws/install/turtlebot3_msgs/local/lib/python3.10/dist-packages/turtlebot3_msgs/msg/_sensor_state_s.c
[3.315s] -- Up-to-date symlink: /workspace/ros2_ws/install/turtlebot3_msgs/local/lib/python3.10/dist-packages/turtlebot3_msgs/msg/_sound.py
[3.315s] -- Up-to-date symlink: /workspace/ros2_ws/install/turtlebot3_msgs/local/lib/python3.10/dist-packages/turtlebot3_msgs/msg/_sound_s.c
[3.315s] -- Up-to-date symlink: /workspace/ros2_ws/install/turtlebot3_msgs/local/lib/python3.10/dist-packages/turtlebot3_msgs/msg/_version_info.py
[3.315s] -- Up-to-date symlink: /workspace/ros2_ws/install/turtlebot3_msgs/local/lib/python3.10/dist-packages/turtlebot3_msgs/msg/_version_info_s.c
[3.315s] -- Up-to-date symlink: /workspace/ros2_ws/install/turtlebot3_msgs/local/lib/python3.10/dist-packages/turtlebot3_msgs/srv/__init__.py
[3.315s] -- Up-to-date symlink: /workspace/ros2_ws/install/turtlebot3_msgs/local/lib/python3.10/dist-packages/turtlebot3_msgs/srv/_dqn.py
[3.315s] -- Up-to-date symlink: /workspace/ros2_ws/install/turtlebot3_msgs/local/lib/python3.10/dist-packages/turtlebot3_msgs/srv/_dqn_s.c
[3.315s] -- Up-to-date symlink: /workspace/ros2_ws/install/turtlebot3_msgs/local/lib/python3.10/dist-packages/turtlebot3_msgs/srv/_goal.py
[3.316s] -- Up-to-date symlink: /workspace/ros2_ws/install/turtlebot3_msgs/local/lib/python3.10/dist-packages/turtlebot3_msgs/srv/_goal_s.c
[3.316s] -- Up-to-date symlink: /workspace/ros2_ws/install/turtlebot3_msgs/local/lib/python3.10/dist-packages/turtlebot3_msgs/srv/_sound.py
[3.316s] -- Up-to-date symlink: /workspace/ros2_ws/install/turtlebot3_msgs/local/lib/python3.10/dist-packages/turtlebot3_msgs/srv/_sound_s.c
[3.316s] -- Up-to-date symlink: /workspace/ros2_ws/install/turtlebot3_msgs/local/lib/python3.10/dist-packages/turtlebot3_msgs/turtlebot3_msgs_s__rosidl_typesupport_c.cpython-310-x86_64-linux-gnu.so
[3.316s] -- Up-to-date symlink: /workspace/ros2_ws/install/turtlebot3_msgs/local/lib/python3.10/dist-packages/turtlebot3_msgs/turtlebot3_msgs_s__rosidl_typesupport_fastrtps_c.cpython-310-x86_64-linux-gnu.so
[3.316s] -- Up-to-date symlink: /workspace/ros2_ws/install/turtlebot3_msgs/local/lib/python3.10/dist-packages/turtlebot3_msgs/turtlebot3_msgs_s__rosidl_typesupport_introspection_c.cpython-310-x86_64-linux-gnu.so
[3.316s] -- Up-to-date symlink: /workspace/ros2_ws/install/turtlebot3_msgs/local/lib/python3.10/dist-packages/turtlebot3_msgs/turtlebot3_msgs_s__rosidl_typesupport_fastrtps_c.cpython-310-x86_64-linux-gnu.so
[3.316s] -- Up-to-date symlink: /workspace/ros2_ws/install/turtlebot3_msgs/local/lib/python3.10/dist-packages/turtlebot3_msgs/turtlebot3_msgs_s__rosidl_typesupport_introspection_c.cpython-310-x86_64-linux-gnu.so
[3.316s] -- Up-to-date symlink: /workspace/ros2_ws/install/turtlebot3_msgs/local/lib/python3.10/dist-packages/turtlebot3_msgs/turtlebot3_msgs_s__rosidl_typesupport_c.cpython-310-x86_64-linux-gnu.so
[3.316s] -- Up-to-date symlink: /workspace/ros2_ws/install/turtlebot3_msgs/share/turtlebot3_msgs/msg/SensorState.idl
[3.316s] -- Up-to-date symlink: /workspace/ros2_ws/install/turtlebot3_msgs/share/turtlebot3_msgs/msg/Sound.idl
[3.316s] -- Up-to-date symlink: /workspace/ros2_ws/install/turtlebot3_msgs/share/turtlebot3_msgs/msg/VersionInfo.idl
[3.316s] -- Up-to-date symlink: /workspace/ros2_ws/install/turtlebot3_msgs/share/turtlebot3_msgs/srv/Sound.idl
[3.316s] -- Up-to-date symlink: /workspace/ros2_ws/install/turtlebot3_msgs/share/turtlebot3_msgs/srv/Dqn.idl
[3.317s] -- Up-to-date symlink: /workspace/ros2_ws/install/turtlebot3_msgs/share/turtlebot3_msgs/srv/Goal.idl
[3.317s] -- Up-to-date symlink: /workspace/ros2_ws/install/turtlebot3_msgs/share/turtlebot3_msgs/action/Patrol.idl
[3.317s] -- Up-to-date symlink: /workspace/ros2_ws/install/turtlebot3_msgs/share/turtlebot3_msgs/msg/SensorState.msg
[3.317s] -- Up-to-date symlink: /workspace/ros2_ws/install/turtlebot3_msgs/share/turtlebot3_msgs/msg/Sound.msg
[3.317s] -- Up-to-date symlink: /workspace/ros2_ws/install/turtlebot3_msgs/share/turtlebot3_msgs/msg/VersionInfo.msg
[3.317s] -- Up-to-date symlink: /workspace/ros2_ws/install/turtlebot3_msgs/share/turtlebot3_msgs/srv/Sound.srv
[3.317s] -- Up-to-date symlink: /workspace/ros2_ws/install/turtlebot3_msgs/share/turtlebot3_msgs/srv/Sound_Request.msg
[3.317s] -- Up-to-date symlink: /workspace/ros2_ws/install/turtlebot3_msgs/share/turtlebot3_msgs/srv/Sound_Response.msg
[3.317s] -- Up-to-date symlink: /workspace/ros2_ws/install/turtlebot3_msgs/share/turtlebot3_msgs/srv/Dqn.srv
[3.317s] -- Up-to-date symlink: /workspace/ros2_ws/install/turtlebot3_msgs/share/turtlebot3_msgs/srv/Dqn_Request.msg
[3.317s] -- Up-to-date symlink: /workspace/ros2_ws/install/turtlebot3_msgs/share/turtlebot3_msgs/srv/Dqn_Response.msg
[3.317s] -- Up-to-date symlink: /workspace/ros2_ws/install/turtlebot3_msgs/share/turtlebot3_msgs/srv/Goal.srv
[3.317s] -- Up-to-date symlink: /workspace/ros2_ws/install/turtlebot3_msgs/share/turtlebot3_msgs/srv/Goal_Request.msg
[3.317s] -- Up-to-date symlink: /workspace/ros2_ws/install/turtlebot3_msgs/share/turtlebot3_msgs/srv/Goal_Response.msg
[3.317s] -- Up-to-date symlink: /workspace/ros2_ws/install/turtlebot3_msgs/share/turtlebot3_msgs/action/Patrol.action
[3.317s] -- Up-to-date symlink: /workspace/ros2_ws/install/turtlebot3_msgs/share/ament_index/resource_index/package_run_dependencies/turtlebot3_msgs
[3.317s] -- Up-to-date symlink: /workspace/ros2_ws/install/turtlebot3_msgs/share/ament_index/resource_index/parent_prefix_path/turtlebot3_msgs
[3.317s] -- Up-to-date symlink: /workspace/ros2_ws/install/turtlebot3_msgs/share/turtlebot3_msgs/environment/ament_prefix_path.sh
[3.317s] -- Up-to-date symlink: /workspace/ros2_ws/install/turtlebot3_msgs/share/turtlebot3_msgs/environment/ament_prefix_path.dsv
[3.317s] -- Up-to-date symlink: /workspace/ros2_ws/install/turtlebot3_msgs/share/turtlebot3_msgs/environment/path.sh
[3.317s] -- Up-to-date symlink: /workspace/ros2_ws/install/turtlebot3_msgs/share/turtlebot3_msgs/environment/path.dsv
[3.317s] -- Up-to-date symlink: /workspace/ros2_ws/install/turtlebot3_msgs/share/turtlebot3_msgs/local_setup.bash
[3.317s] -- Up-to-date symlink: /workspace/ros2_ws/install/turtlebot3_msgs/share/turtlebot3_msgs/local_setup.sh
[3.317s] -- Up-to-date symlink: /workspace/ros2_ws/install/turtlebot3_msgs/share/turtlebot3_msgs/local_setup.zsh
[3.317s] -- Up-to-date symlink: /workspace/ros2_ws/install/turtlebot3_msgs/share/turtlebot3_msgs/local_setup.dsv
[3.317s] -- Symlinking: /workspace/ros2_ws/install/turtlebot3_msgs/share/turtlebot3_msgs/package.dsv
[3.317s] -- Up-to-date symlink: /workspace/ros2_ws/install/turtlebot3_msgs/share/ament_index/resource_index/packages/turtlebot3_msgs
[3.317s] -- Up-to-date symlink: /workspace/ros2_ws/install/turtlebot3_msgs/share/turtlebot3_msgs/cmake/rosidl_cmake-extras.cmake
[3.318s] -- Up-to-date symlink: /workspace/ros2_ws/install/turtlebot3_msgs/share/turtlebot3_msgs/cmake/ament_cmake_export_dependencies-extras.cmake
[3.318s] -- Up-to-date symlink: /workspace/ros2_ws/install/turtlebot3_msgs/share/turtlebot3_msgs/cmake/ament_cmake_export_include_directories-extras.cmake
[3.318s] -- Up-to-date symlink: /workspace/ros2_ws/install/turtlebot3_msgs/share/turtlebot3_msgs/cmake/ament_cmake_export_libraries-extras.cmake
[3.318s] -- Up-to-date symlink: /workspace/ros2_ws/install/turtlebot3_msgs/share/turtlebot3_msgs/cmake/ament_cmake_export_targets-extras.cmake
[3.318s] -- Up-to-date symlink: /workspace/ros2_ws/install/turtlebot3_msgs/share/turtlebot3_msgs/cmake/rosidl_cmake_export_typesupport_targets-extras.cmake
[3.318s] -- Up-to-date symlink: /workspace/ros2_ws/install/turtlebot3_msgs/share/turtlebot3_msgs/cmake/rosidl_cmake_export_typesupport_libraries-extras.cmake
[3.318s] -- Up-to-date symlink: /workspace/ros2_ws/install/turtlebot3_msgs/share/turtlebot3_msgs/cmake/turtlebot3_msgsConfig.cmake
[3.318s] -- Up-to-date symlink: /workspace/ros2_ws/install/turtlebot3_msgs/share/turtlebot3_msgs/cmake/turtlebot3_msgsConfig-version.cmake
[3.318s] -- Up-to-date symlink: /workspace/ros2_ws/install/turtlebot3_msgs/share/turtlebot3_msgs/package.xml
[3.318s] -- Up-to-date: /workspace/ros2_ws/install/turtlebot3_msgs/lib/libturtlebot3_msgs__rosidl_generator_c.so
[3.318s] -- Up-to-date: /workspace/ros2_ws/install/turtlebot3_msgs/lib/libturtlebot3_msgs__rosidl_typesupport_fastrtps_c.so
[3.318s] -- Up-to-date: /workspace/ros2_ws/install/turtlebot3_msgs/lib/libturtlebot3_msgs__rosidl_typesupport_fastrtps_cpp.so
[3.318s] -- Up-to-date: /workspace/ros2_ws/install/turtlebot3_msgs/lib/libturtlebot3_msgs__rosidl_typesupport_introspection_c.so
[3.318s] -- Up-to-date: /workspace/ros2_ws/install/turtlebot3_msgs/lib/libturtlebot3_msgs__rosidl_typesupport_c.so
[3.318s] -- Up-to-date: /workspace/ros2_ws/install/turtlebot3_msgs/lib/libturtlebot3_msgs__rosidl_typesupport_introspection_cpp.so
[3.318s] -- Up-to-date: /workspace/ros2_ws/install/turtlebot3_msgs/lib/libturtlebot3_msgs__rosidl_typesupport_cpp.so
[3.371s] Listing '/workspace/ros2_ws/install/turtlebot3_msgs/local/lib/python3.10/dist-packages/turtlebot3_msgs'...
[3.371s] Listing '/workspace/ros2_ws/install/turtlebot3_msgs/local/lib/python3.10/dist-packages/turtlebot3_msgs/action'...
[3.371s] Listing '/workspace/ros2_ws/install/turtlebot3_msgs/local/lib/python3.10/dist-packages/turtlebot3_msgs/msg'...
[3.371s] Listing '/workspace/ros2_ws/install/turtlebot3_msgs/local/lib/python3.10/dist-packages/turtlebot3_msgs/srv'...
[3.372s] -- Up-to-date: /workspace/ros2_ws/install/turtlebot3_msgs/lib/libturtlebot3_msgs__rosidl_generator_py.so
[3.372s] -- Up-to-date: /workspace/ros2_ws/install/turtlebot3_msgs/share/turtlebot3_msgs/cmake/export_turtlebot3_msgs__rosidl_generator_cExport.cmake
[3.372s] -- Up-to-date: /workspace/ros2_ws/install/turtlebot3_msgs/share/turtlebot3_msgs/cmake/export_turtlebot3_msgs__rosidl_generator_cExport-noconfig.cmake
[3.372s] -- Up-to-date: /workspace/ros2_ws/install/turtlebot3_msgs/share/turtlebot3_msgs/cmake/export_turtlebot3_msgs__rosidl_typesupport_fastrtps_cExport.cmake
[3.372s] -- Up-to-date: /workspace/ros2_ws/install/turtlebot3_msgs/share/turtlebot3_msgs/cmake/export_turtlebot3_msgs__rosidl_typesupport_fastrtps_cExport-noconfig.cmake
[3.372s] -- Up-to-date: /workspace/ros2_ws/install/turtlebot3_msgs/share/turtlebot3_msgs/cmake/export_turtlebot3_msgs__rosidl_generator_cppExport.cmake
[3.372s] -- Up-to-date: /workspace/ros2_ws/install/turtlebot3_msgs/share/turtlebot3_msgs/cmake/export_turtlebot3_msgs__rosidl_typesupport_fastrtps_cppExport.cmake
[3.372s] -- Up-to-date: /workspace/ros2_ws/install/turtlebot3_msgs/share/turtlebot3_msgs/cmake/export_turtlebot3_msgs__rosidl_typesupport_fastrtps_cppExport-noconfig.cmake
[3.372s] -- Up-to-date: /workspace/ros2_ws/install/turtlebot3_msgs/share/turtlebot3_msgs/cmake/turtlebot3_msgs__rosidl_typesupport_introspection_cExport.cmake
[3.372s] -- Up-to-date: /workspace/ros2_ws/install/turtlebot3_msgs/share/turtlebot3_msgs/cmake/turtlebot3_msgs__rosidl_typesupport_introspection_cExport-noconfig.cmake
[3.372s] -- Up-to-date: /workspace/ros2_ws/install/turtlebot3_msgs/share/turtlebot3_msgs/cmake/turtlebot3_msgs__rosidl_typesupport_cExport.cmake
[3.372s] -- Up-to-date: /workspace/ros2_ws/install/turtlebot3_msgs/share/turtlebot3_msgs/cmake/turtlebot3_msgs__rosidl_typesupport_cExport-noconfig.cmake
[3.372s] -- Up-to-date: /workspace/ros2_ws/install/turtlebot3_msgs/share/turtlebot3_msgs/cmake/turtlebot3_msgs__rosidl_typesupport_introspection_cppExport.cmake
[3.372s] -- Up-to-date: /workspace/ros2_ws/install/turtlebot3_msgs/share/turtlebot3_msgs/cmake/turtlebot3_msgs__rosidl_typesupport_introspection_cppExport-noconfig.cmake
[3.372s] -- Up-to-date: /workspace/ros2_ws/install/turtlebot3_msgs/share/turtlebot3_msgs/cmake/turtlebot3_msgs__rosidl_typesupport_cppExport.cmake
[3.372s] -- Up-to-date: /workspace/ros2_ws/install/turtlebot3_msgs/share/turtlebot3_msgs/cmake/turtlebot3_msgs__rosidl_typesupport_cppExport-noconfig.cmake
[3.372s] -- Up-to-date: /workspace/ros2_ws/install/turtlebot3_msgs/share/turtlebot3_msgs/cmake/export_turtlebot3_msgs__rosidl_generator_pyExport.cmake
[3.372s] -- Up-to-date: /workspace/ros2_ws/install/turtlebot3_msgs/share/turtlebot3_msgs/cmake/export_turtlebot3_msgs__rosidl_generator_pyExport-noconfig.cmake
[3.388s] Invoked command in '/workspace/ros2_ws/build/turtlebot3_msgs' returned '0': CMAKE_PREFIX_PATH=${CMAKE_PREFIX_PATH}:/workspace/ros2_ws/install/turtlebot3_teleop:/workspace/ros2_ws/install/turtlebot3_example:/workspace/ros2_ws/install/maze_pkg:/opt/ros/humble /usr/bin/cmake --install /workspace/ros2_ws/build/turtlebot3_msgs
