[0.623s] Invoking command in '/workspace/ros2_ws/src/battery_act': CMAKE_PREFIX_PATH=/workspace/ros2_ws/install/interfaz:/workspace/ros2_ws/install/interfaz_temp:/workspace/ros2_ws/install/parte2:/workspace/ros2_ws/install/interfaz_servicio_suma LD_LIBRARY_PATH=/workspace/ros2_ws/install/interfaz/lib:/workspace/ros2_ws/install/interfaz_temp/lib:/workspace/ros2_ws/install/interfaz_servicio_suma/lib:/opt/ros/humble/opt/rviz_ogre_vendor/lib:/opt/ros/humble/lib/x86_64-linux-gnu:/opt/ros/humble/lib PYTHONPATH=/workspace/ros2_ws/build/battery_act/prefix_override:/usr/lib/python3/dist-packages/colcon_core/task/python/colcon_distutils_commands:/workspace/ros2_ws/install/battery_act/lib/python3.10/site-packages:${PYTHONPATH} /usr/bin/python3 -W ignore:setup.py install is deprecated -W ignore:easy_install command is deprecated setup.py egg_info --egg-base ../../build/battery_act build --build-base /workspace/ros2_ws/build/battery_act/build install --record /workspace/ros2_ws/build/battery_act/install.log --single-version-externally-managed install_data
[0.816s] running egg_info
[0.816s] creating ../../build/battery_act/battery_act.egg-info
[0.817s] writing ../../build/battery_act/battery_act.egg-info/PKG-INFO
[0.817s] writing dependency_links to ../../build/battery_act/battery_act.egg-info/dependency_links.txt
[0.817s] writing entry points to ../../build/battery_act/battery_act.egg-info/entry_points.txt
[0.817s] writing requirements to ../../build/battery_act/battery_act.egg-info/requires.txt
[0.817s] writing top-level names to ../../build/battery_act/battery_act.egg-info/top_level.txt
[0.817s] writing manifest file '../../build/battery_act/battery_act.egg-info/SOURCES.txt'
[0.818s] reading manifest file '../../build/battery_act/battery_act.egg-info/SOURCES.txt'
[0.818s] adding license file 'LICENSE'
[0.818s] writing manifest file '../../build/battery_act/battery_act.egg-info/SOURCES.txt'
[0.818s] running build
[0.818s] running build_py
[0.818s] creating /workspace/ros2_ws/build/battery_act/build
[0.819s] creating /workspace/ros2_ws/build/battery_act/build/lib
[0.819s] creating /workspace/ros2_ws/build/battery_act/build/lib/battery_act
[0.819s] copying battery_act/battery_charger.py -> /workspace/ros2_ws/build/battery_act/build/lib/battery_act
[0.819s] copying battery_act/__init__.py -> /workspace/ros2_ws/build/battery_act/build/lib/battery_act
[0.819s] copying battery_act/battery_client.py -> /workspace/ros2_ws/build/battery_act/build/lib/battery_act
[0.820s] running install
[0.820s] running install_lib
[0.820s] creating /workspace/ros2_ws/install/battery_act/lib/python3.10/site-packages/battery_act
[0.821s] copying /workspace/ros2_ws/build/battery_act/build/lib/battery_act/battery_charger.py -> /workspace/ros2_ws/install/battery_act/lib/python3.10/site-packages/battery_act
[0.821s] copying /workspace/ros2_ws/build/battery_act/build/lib/battery_act/__init__.py -> /workspace/ros2_ws/install/battery_act/lib/python3.10/site-packages/battery_act
[0.821s] copying /workspace/ros2_ws/build/battery_act/build/lib/battery_act/battery_client.py -> /workspace/ros2_ws/install/battery_act/lib/python3.10/site-packages/battery_act
[0.821s] byte-compiling /workspace/ros2_ws/install/battery_act/lib/python3.10/site-packages/battery_act/battery_charger.py to battery_charger.cpython-310.pyc
[0.822s] byte-compiling /workspace/ros2_ws/install/battery_act/lib/python3.10/site-packages/battery_act/__init__.py to __init__.cpython-310.pyc
[0.822s] byte-compiling /workspace/ros2_ws/install/battery_act/lib/python3.10/site-packages/battery_act/battery_client.py to battery_client.cpython-310.pyc
[0.823s] running install_data
[0.823s] creating /workspace/ros2_ws/install/battery_act/share/ament_index
[0.823s] creating /workspace/ros2_ws/install/battery_act/share/ament_index/resource_index
[0.823s] creating /workspace/ros2_ws/install/battery_act/share/ament_index/resource_index/packages
[0.823s] copying resource/battery_act -> /workspace/ros2_ws/install/battery_act/share/ament_index/resource_index/packages
[0.823s] copying package.xml -> /workspace/ros2_ws/install/battery_act/share/battery_act
[0.823s] running install_egg_info
[0.824s] Copying ../../build/battery_act/battery_act.egg-info to /workspace/ros2_ws/install/battery_act/lib/python3.10/site-packages/battery_act-0.0.0-py3.10.egg-info
[0.825s] running install_scripts
[0.841s] Installing battery_charger script to /workspace/ros2_ws/install/battery_act/lib/battery_act
[0.842s] Installing battery_client script to /workspace/ros2_ws/install/battery_act/lib/battery_act
[0.842s] writing list of installed files to '/workspace/ros2_ws/build/battery_act/install.log'
[0.857s] Invoked command in '/workspace/ros2_ws/src/battery_act' returned '0': CMAKE_PREFIX_PATH=/workspace/ros2_ws/install/interfaz:/workspace/ros2_ws/install/interfaz_temp:/workspace/ros2_ws/install/parte2:/workspace/ros2_ws/install/interfaz_servicio_suma LD_LIBRARY_PATH=/workspace/ros2_ws/install/interfaz/lib:/workspace/ros2_ws/install/interfaz_temp/lib:/workspace/ros2_ws/install/interfaz_servicio_suma/lib:/opt/ros/humble/opt/rviz_ogre_vendor/lib:/opt/ros/humble/lib/x86_64-linux-gnu:/opt/ros/humble/lib PYTHONPATH=/workspace/ros2_ws/build/battery_act/prefix_override:/usr/lib/python3/dist-packages/colcon_core/task/python/colcon_distutils_commands:/workspace/ros2_ws/install/battery_act/lib/python3.10/site-packages:${PYTHONPATH} /usr/bin/python3 -W ignore:setup.py install is deprecated -W ignore:easy_install command is deprecated setup.py egg_info --egg-base ../../build/battery_act build --build-base /workspace/ros2_ws/build/battery_act/build install --record /workspace/ros2_ws/build/battery_act/install.log --single-version-externally-managed install_data
