[0.012s] Invoking command in '/workspace/build/turtlebot3_bringup': AMENT_PREFIX_PATH=/workspace/install/turtlebot3_node:/workspace/install/turtlebot3_msgs:/workspace/install/turtlebot3_description:${AMENT_PREFIX_PATH} CMAKE_PREFIX_PATH=/workspace/install/turtlebot3_node:/workspace/install/turtlebot3_msgs:/workspace/install/turtlebot3_description:/opt/ros/humble LD_LIBRARY_PATH=/workspace/install/turtlebot3_msgs/lib:${LD_LIBRARY_PATH} PYTHONPATH=/workspace/install/turtlebot3_msgs/local/lib/python3.10/dist-packages:${PYTHONPATH} /usr/bin/cmake --build /workspace/build/turtlebot3_bringup -- -j20 -l20
[0.045s] Invoked command in '/workspace/build/turtlebot3_bringup' returned '0': AMENT_PREFIX_PATH=/workspace/install/turtlebot3_node:/workspace/install/turtlebot3_msgs:/workspace/install/turtlebot3_description:${AMENT_PREFIX_PATH} CMAKE_PREFIX_PATH=/workspace/install/turtlebot3_node:/workspace/install/turtlebot3_msgs:/workspace/install/turtlebot3_description:/opt/ros/humble LD_LIBRARY_PATH=/workspace/install/turtlebot3_msgs/lib:${LD_LIBRARY_PATH} PYTHONPATH=/workspace/install/turtlebot3_msgs/local/lib/python3.10/dist-packages:${PYTHONPATH} /usr/bin/cmake --build /workspace/build/turtlebot3_bringup -- -j20 -l20
[0.046s] Invoking command in '/workspace/build/turtlebot3_bringup': AMENT_PREFIX_PATH=/workspace/install/turtlebot3_node:/workspace/install/turtlebot3_msgs:/workspace/install/turtlebot3_description:${AMENT_PREFIX_PATH} CMAKE_PREFIX_PATH=/workspace/install/turtlebot3_node:/workspace/install/turtlebot3_msgs:/workspace/install/turtlebot3_description:/opt/ros/humble LD_LIBRARY_PATH=/workspace/install/turtlebot3_msgs/lib:${LD_LIBRARY_PATH} PYTHONPATH=/workspace/install/turtlebot3_msgs/local/lib/python3.10/dist-packages:${PYTHONPATH} /usr/bin/cmake --install /workspace/build/turtlebot3_bringup
[0.052s] -- Install configuration: ""
[0.052s] -- Up-to-date: /workspace/install/turtlebot3_bringup/share/turtlebot3_bringup/launch
[0.053s] -- Up-to-date: /workspace/install/turtlebot3_bringup/share/turtlebot3_bringup/launch/rviz2.launch.py
[0.053s] -- Up-to-date: /workspace/install/turtlebot3_bringup/share/turtlebot3_bringup/launch/robot.launch.py
[0.053s] -- Up-to-date: /workspace/install/turtlebot3_bringup/share/turtlebot3_bringup/launch/turtlebot3_state_publisher.launch.py
[0.053s] -- Up-to-date: /workspace/install/turtlebot3_bringup/share/turtlebot3_bringup/launch/camera.launch.py
[0.053s] -- Up-to-date: /workspace/install/turtlebot3_bringup/share/turtlebot3_bringup/param
[0.053s] -- Up-to-date: /workspace/install/turtlebot3_bringup/share/turtlebot3_bringup/param/humble
[0.053s] -- Up-to-date: /workspace/install/turtlebot3_bringup/share/turtlebot3_bringup/param/humble/burger.yaml
[0.053s] -- Up-to-date: /workspace/install/turtlebot3_bringup/share/turtlebot3_bringup/param/humble/waffle.yaml
[0.053s] -- Up-to-date: /workspace/install/turtlebot3_bringup/share/turtlebot3_bringup/param/humble/waffle_pi.yaml
[0.053s] -- Up-to-date: /workspace/install/turtlebot3_bringup/share/turtlebot3_bringup/param/burger.yaml
[0.053s] -- Up-to-date: /workspace/install/turtlebot3_bringup/share/turtlebot3_bringup/param/waffle.yaml
[0.053s] -- Up-to-date: /workspace/install/turtlebot3_bringup/share/turtlebot3_bringup/param/waffle_pi.yaml
[0.053s] -- Up-to-date: /workspace/install/turtlebot3_bringup/share/turtlebot3_bringup/script
[0.053s] -- Up-to-date: /workspace/install/turtlebot3_bringup/share/turtlebot3_bringup/script/99-turtlebot3-cdc.rules
[0.053s] -- Up-to-date: /workspace/install/turtlebot3_bringup/share/turtlebot3_bringup/script/create_udev_rules
[0.053s] -- Up-to-date: /workspace/install/turtlebot3_bringup/share/ament_index/resource_index/package_run_dependencies/turtlebot3_bringup
[0.053s] -- Up-to-date: /workspace/install/turtlebot3_bringup/share/ament_index/resource_index/parent_prefix_path/turtlebot3_bringup
[0.053s] -- Up-to-date: /workspace/install/turtlebot3_bringup/share/turtlebot3_bringup/environment/ament_prefix_path.sh
[0.053s] -- Up-to-date: /workspace/install/turtlebot3_bringup/share/turtlebot3_bringup/environment/ament_prefix_path.dsv
[0.053s] -- Up-to-date: /workspace/install/turtlebot3_bringup/share/turtlebot3_bringup/environment/path.sh
[0.053s] -- Up-to-date: /workspace/install/turtlebot3_bringup/share/turtlebot3_bringup/environment/path.dsv
[0.053s] -- Up-to-date: /workspace/install/turtlebot3_bringup/share/turtlebot3_bringup/local_setup.bash
[0.053s] -- Up-to-date: /workspace/install/turtlebot3_bringup/share/turtlebot3_bringup/local_setup.sh
[0.053s] -- Up-to-date: /workspace/install/turtlebot3_bringup/share/turtlebot3_bringup/local_setup.zsh
[0.053s] -- Up-to-date: /workspace/install/turtlebot3_bringup/share/turtlebot3_bringup/local_setup.dsv
[0.053s] -- Up-to-date: /workspace/install/turtlebot3_bringup/share/turtlebot3_bringup/package.dsv
[0.053s] -- Up-to-date: /workspace/install/turtlebot3_bringup/share/ament_index/resource_index/packages/turtlebot3_bringup
[0.053s] -- Up-to-date: /workspace/install/turtlebot3_bringup/share/turtlebot3_bringup/cmake/turtlebot3_bringupConfig.cmake
[0.053s] -- Up-to-date: /workspace/install/turtlebot3_bringup/share/turtlebot3_bringup/cmake/turtlebot3_bringupConfig-version.cmake
[0.053s] -- Up-to-date: /workspace/install/turtlebot3_bringup/share/turtlebot3_bringup/package.xml
[0.061s] Invoked command in '/workspace/build/turtlebot3_bringup' returned '0': AMENT_PREFIX_PATH=/workspace/install/turtlebot3_node:/workspace/install/turtlebot3_msgs:/workspace/install/turtlebot3_description:${AMENT_PREFIX_PATH} CMAKE_PREFIX_PATH=/workspace/install/turtlebot3_node:/workspace/install/turtlebot3_msgs:/workspace/install/turtlebot3_description:/opt/ros/humble LD_LIBRARY_PATH=/workspace/install/turtlebot3_msgs/lib:${LD_LIBRARY_PATH} PYTHONPATH=/workspace/install/turtlebot3_msgs/local/lib/python3.10/dist-packages:${PYTHONPATH} /usr/bin/cmake --install /workspace/build/turtlebot3_bringup
