[0.698s] Invoking command in '/workspace/ros2_ws/src/maze_pkg': PYTHONPATH=/workspace/ros2_ws/build/maze_pkg/prefix_override:/usr/lib/python3/dist-packages/colcon_core/task/python/colcon_distutils_commands:/workspace/ros2_ws/install/maze_pkg/lib/python3.10/site-packages:${PYTHONPATH} /usr/bin/python3 -W ignore:setup.py install is deprecated -W ignore:easy_install command is deprecated setup.py egg_info --egg-base ../../build/maze_pkg build --build-base /workspace/ros2_ws/build/maze_pkg/build install --record /workspace/ros2_ws/build/maze_pkg/install.log --single-version-externally-managed install_data
[0.907s] running egg_info
[0.908s] creating ../../build/maze_pkg/maze_pkg.egg-info
[0.908s] writing ../../build/maze_pkg/maze_pkg.egg-info/PKG-INFO
[0.908s] writing dependency_links to ../../build/maze_pkg/maze_pkg.egg-info/dependency_links.txt
[0.908s] writing entry points to ../../build/maze_pkg/maze_pkg.egg-info/entry_points.txt
[0.908s] writing requirements to ../../build/maze_pkg/maze_pkg.egg-info/requires.txt
[0.909s] writing top-level names to ../../build/maze_pkg/maze_pkg.egg-info/top_level.txt
[0.909s] writing manifest file '../../build/maze_pkg/maze_pkg.egg-info/SOURCES.txt'
[0.910s] reading manifest file '../../build/maze_pkg/maze_pkg.egg-info/SOURCES.txt'
[0.911s] writing manifest file '../../build/maze_pkg/maze_pkg.egg-info/SOURCES.txt'
[0.911s] running build
[0.911s] running build_py
[0.911s] creating /workspace/ros2_ws/build/maze_pkg/build
[0.912s] creating /workspace/ros2_ws/build/maze_pkg/build/lib
[0.912s] creating /workspace/ros2_ws/build/maze_pkg/build/lib/maze_pkg
[0.912s] copying maze_pkg/__init__.py -> /workspace/ros2_ws/build/maze_pkg/build/lib/maze_pkg
[0.912s] copying maze_pkg/res_maze.py -> /workspace/ros2_ws/build/maze_pkg/build/lib/maze_pkg
[0.913s] running install
[0.913s] running install_lib
[0.914s] creating /workspace/ros2_ws/install/maze_pkg/lib/python3.10/site-packages/maze_pkg
[0.914s] copying /workspace/ros2_ws/build/maze_pkg/build/lib/maze_pkg/__init__.py -> /workspace/ros2_ws/install/maze_pkg/lib/python3.10/site-packages/maze_pkg
[0.916s] copying /workspace/ros2_ws/build/maze_pkg/build/lib/maze_pkg/res_maze.py -> /workspace/ros2_ws/install/maze_pkg/lib/python3.10/site-packages/maze_pkg
[0.917s] byte-compiling /workspace/ros2_ws/install/maze_pkg/lib/python3.10/site-packages/maze_pkg/__init__.py to __init__.cpython-310.pyc
[0.917s] byte-compiling /workspace/ros2_ws/install/maze_pkg/lib/python3.10/site-packages/maze_pkg/res_maze.py to res_maze.cpython-310.pyc
[0.918s] running install_data
[0.918s] creating /workspace/ros2_ws/install/maze_pkg/share/ament_index
[0.918s] creating /workspace/ros2_ws/install/maze_pkg/share/ament_index/resource_index
[0.918s] creating /workspace/ros2_ws/install/maze_pkg/share/ament_index/resource_index/packages
[0.918s] copying resource/maze_pkg -> /workspace/ros2_ws/install/maze_pkg/share/ament_index/resource_index/packages
[0.919s] copying package.xml -> /workspace/ros2_ws/install/maze_pkg/share/maze_pkg
[0.919s] creating /workspace/ros2_ws/install/maze_pkg/share/maze_pkg/launch
[0.919s] copying launch/maze_2.launch.py -> /workspace/ros2_ws/install/maze_pkg/share/maze_pkg/launch
[0.919s] copying launch/maze_1.launch.py -> /workspace/ros2_ws/install/maze_pkg/share/maze_pkg/launch
[0.919s] creating /workspace/ros2_ws/install/maze_pkg/share/maze_pkg/worlds
[0.919s] copying worlds/maze_2.world -> /workspace/ros2_ws/install/maze_pkg/share/maze_pkg/worlds
[0.920s] copying worlds/maze_1.world -> /workspace/ros2_ws/install/maze_pkg/share/maze_pkg/worlds
[0.920s] creating /workspace/ros2_ws/install/maze_pkg/share/maze_pkg/models
[0.920s] creating /workspace/ros2_ws/install/maze_pkg/share/maze_pkg/models/maze_1
[0.921s] error: can't copy 'models/maze_1/maze_1': doesn't exist or not a regular file
[0.922s] copying models/maze_1/model.config -> /workspace/ros2_ws/install/maze_pkg/share/maze_pkg/models/maze_1
[0.937s] Invoked command in '/workspace/ros2_ws/src/maze_pkg' returned '1': PYTHONPATH=/workspace/ros2_ws/build/maze_pkg/prefix_override:/usr/lib/python3/dist-packages/colcon_core/task/python/colcon_distutils_commands:/workspace/ros2_ws/install/maze_pkg/lib/python3.10/site-packages:${PYTHONPATH} /usr/bin/python3 -W ignore:setup.py install is deprecated -W ignore:easy_install command is deprecated setup.py egg_info --egg-base ../../build/maze_pkg build --build-base /workspace/ros2_ws/build/maze_pkg/build install --record /workspace/ros2_ws/build/maze_pkg/install.log --single-version-externally-managed install_data
