[0.406s] Invoking command in '/workspace/ros2_ws/src/build/maze_pkg': PYTHONPATH=/workspace/ros2_ws/src/build/maze_pkg/prefix_override:/usr/lib/python3/dist-packages/colcon_core/task/python/colcon_distutils_commands:/workspace/ros2_ws/src/install/maze_pkg/lib/python3.10/site-packages:${PYTHONPATH} /usr/bin/python3 -W ignore:setup.py install is deprecated -W ignore:easy_install command is deprecated setup.py develop --editable --build-directory /workspace/ros2_ws/src/build/maze_pkg/build --no-deps symlink_data
[0.604s] running develop
[0.727s] running egg_info
[0.727s] creating maze_pkg.egg-info
[0.728s] writing maze_pkg.egg-info/PKG-INFO
[0.728s] writing dependency_links to maze_pkg.egg-info/dependency_links.txt
[0.728s] writing entry points to maze_pkg.egg-info/entry_points.txt
[0.728s] writing requirements to maze_pkg.egg-info/requires.txt
[0.729s] writing top-level names to maze_pkg.egg-info/top_level.txt
[0.729s] writing manifest file 'maze_pkg.egg-info/SOURCES.txt'
[0.732s] reading manifest file 'maze_pkg.egg-info/SOURCES.txt'
[0.732s] writing manifest file 'maze_pkg.egg-info/SOURCES.txt'
[0.733s] running build_ext
[0.733s] Creating /workspace/ros2_ws/src/install/maze_pkg/lib/python3.10/site-packages/maze-pkg.egg-link (link to .)
[0.734s] Installing res_maze script to /workspace/ros2_ws/src/install/maze_pkg/lib/maze_pkg
[0.734s] 
[0.734s] Installed /workspace/ros2_ws/src/build/maze_pkg
[0.735s] running symlink_data
[0.735s] creating /workspace/ros2_ws/src/install/maze_pkg/share/ament_index
[0.735s] creating /workspace/ros2_ws/src/install/maze_pkg/share/ament_index/resource_index
[0.735s] creating /workspace/ros2_ws/src/install/maze_pkg/share/ament_index/resource_index/packages
[0.735s] symbolically linking /workspace/ros2_ws/src/build/maze_pkg/resource/maze_pkg -> /workspace/ros2_ws/src/install/maze_pkg/share/ament_index/resource_index/packages
[0.735s] symbolically linking /workspace/ros2_ws/src/build/maze_pkg/package.xml -> /workspace/ros2_ws/src/install/maze_pkg/share/maze_pkg
[0.736s] creating /workspace/ros2_ws/src/install/maze_pkg/share/maze_pkg/launch
[0.736s] symbolically linking /workspace/ros2_ws/src/build/maze_pkg/launch/maze_2.launch.py -> /workspace/ros2_ws/src/install/maze_pkg/share/maze_pkg/launch
[0.736s] symbolically linking /workspace/ros2_ws/src/build/maze_pkg/launch/maze_1.launch.py -> /workspace/ros2_ws/src/install/maze_pkg/share/maze_pkg/launch
[0.736s] creating /workspace/ros2_ws/src/install/maze_pkg/share/maze_pkg/worlds
[0.736s] symbolically linking /workspace/ros2_ws/src/build/maze_pkg/worlds/maze_2.world -> /workspace/ros2_ws/src/install/maze_pkg/share/maze_pkg/worlds
[0.737s] symbolically linking /workspace/ros2_ws/src/build/maze_pkg/worlds/maze_1.world -> /workspace/ros2_ws/src/install/maze_pkg/share/maze_pkg/worlds
[0.737s] creating /workspace/ros2_ws/src/install/maze_pkg/share/maze_pkg/models
[0.737s] creating /workspace/ros2_ws/src/install/maze_pkg/share/maze_pkg/models/maze_1
[0.737s] symbolically linking /workspace/ros2_ws/src/build/maze_pkg/models/maze_1/model.config -> /workspace/ros2_ws/src/install/maze_pkg/share/maze_pkg/models/maze_1
[0.737s] symbolically linking /workspace/ros2_ws/src/build/maze_pkg/models/maze_1/model.sdf -> /workspace/ros2_ws/src/install/maze_pkg/share/maze_pkg/models/maze_1
[0.737s] creating /workspace/ros2_ws/src/install/maze_pkg/share/maze_pkg/models/maze_1/maze_1
[0.737s] symbolically linking /workspace/ros2_ws/src/build/maze_pkg/models/maze_1/maze_1/model.config -> /workspace/ros2_ws/src/install/maze_pkg/share/maze_pkg/models/maze_1/maze_1
[0.738s] symbolically linking /workspace/ros2_ws/src/build/maze_pkg/models/maze_1/maze_1/model.sdf -> /workspace/ros2_ws/src/install/maze_pkg/share/maze_pkg/models/maze_1/maze_1
[0.738s] creating /workspace/ros2_ws/src/install/maze_pkg/share/maze_pkg/models/maze_2
[0.739s] symbolically linking /workspace/ros2_ws/src/build/maze_pkg/models/maze_2/model.config -> /workspace/ros2_ws/src/install/maze_pkg/share/maze_pkg/models/maze_2
[0.739s] symbolically linking /workspace/ros2_ws/src/build/maze_pkg/models/maze_2/model.sdf -> /workspace/ros2_ws/src/install/maze_pkg/share/maze_pkg/models/maze_2
[0.764s] Invoked command in '/workspace/ros2_ws/src/build/maze_pkg' returned '0': PYTHONPATH=/workspace/ros2_ws/src/build/maze_pkg/prefix_override:/usr/lib/python3/dist-packages/colcon_core/task/python/colcon_distutils_commands:/workspace/ros2_ws/src/install/maze_pkg/lib/python3.10/site-packages:${PYTHONPATH} /usr/bin/python3 -W ignore:setup.py install is deprecated -W ignore:easy_install command is deprecated setup.py develop --editable --build-directory /workspace/ros2_ws/src/build/maze_pkg/build --no-deps symlink_data
