[0.647s] Invoking command in '/workspace/ros2_ws/src/p2pkg': PYTHONPATH=/workspace/ros2_ws/build/p2pkg/prefix_override:/usr/lib/python3/dist-packages/colcon_core/task/python/colcon_distutils_commands:/workspace/ros2_ws/install/p2pkg/lib/python3.10/site-packages:${PYTHONPATH} /usr/bin/python3 -W ignore:setup.py install is deprecated -W ignore:easy_install command is deprecated setup.py egg_info --egg-base ../../build/p2pkg build --build-base /workspace/ros2_ws/build/p2pkg/build install --record /workspace/ros2_ws/build/p2pkg/install.log --single-version-externally-managed install_data
[0.888s] running egg_info
[0.889s] creating ../../build/p2pkg/p2pkg.egg-info
[0.889s] writing ../../build/p2pkg/p2pkg.egg-info/PKG-INFO
[0.889s] writing dependency_links to ../../build/p2pkg/p2pkg.egg-info/dependency_links.txt
[0.889s] writing entry points to ../../build/p2pkg/p2pkg.egg-info/entry_points.txt
[0.890s] writing requirements to ../../build/p2pkg/p2pkg.egg-info/requires.txt
[0.890s] writing top-level names to ../../build/p2pkg/p2pkg.egg-info/top_level.txt
[0.890s] writing manifest file '../../build/p2pkg/p2pkg.egg-info/SOURCES.txt'
[0.892s] reading manifest file '../../build/p2pkg/p2pkg.egg-info/SOURCES.txt'
[0.892s] adding license file 'LICENSE'
[0.892s] writing manifest file '../../build/p2pkg/p2pkg.egg-info/SOURCES.txt'
[0.892s] running build
[0.892s] running build_py
[0.893s] creating /workspace/ros2_ws/build/p2pkg/build
[0.893s] creating /workspace/ros2_ws/build/p2pkg/build/lib
[0.893s] creating /workspace/ros2_ws/build/p2pkg/build/lib/p2pkg
[0.893s] copying p2pkg/nodosub_ejercicio2.py -> /workspace/ros2_ws/build/p2pkg/build/lib/p2pkg
[0.893s] copying p2pkg/__init__.py -> /workspace/ros2_ws/build/p2pkg/build/lib/p2pkg
[0.894s] copying p2pkg/nodopub_ejercicio2.py -> /workspace/ros2_ws/build/p2pkg/build/lib/p2pkg
[0.894s] running install
[0.894s] running install_lib
[0.895s] creating /workspace/ros2_ws/install/p2pkg/lib/python3.10/site-packages/p2pkg
[0.895s] copying /workspace/ros2_ws/build/p2pkg/build/lib/p2pkg/nodosub_ejercicio2.py -> /workspace/ros2_ws/install/p2pkg/lib/python3.10/site-packages/p2pkg
[0.895s] copying /workspace/ros2_ws/build/p2pkg/build/lib/p2pkg/__init__.py -> /workspace/ros2_ws/install/p2pkg/lib/python3.10/site-packages/p2pkg
[0.895s] copying /workspace/ros2_ws/build/p2pkg/build/lib/p2pkg/nodopub_ejercicio2.py -> /workspace/ros2_ws/install/p2pkg/lib/python3.10/site-packages/p2pkg
[0.896s] byte-compiling /workspace/ros2_ws/install/p2pkg/lib/python3.10/site-packages/p2pkg/nodosub_ejercicio2.py to nodosub_ejercicio2.cpython-310.pyc
[0.897s] byte-compiling /workspace/ros2_ws/install/p2pkg/lib/python3.10/site-packages/p2pkg/__init__.py to __init__.cpython-310.pyc
[0.897s] byte-compiling /workspace/ros2_ws/install/p2pkg/lib/python3.10/site-packages/p2pkg/nodopub_ejercicio2.py to nodopub_ejercicio2.cpython-310.pyc
[0.897s] running install_data
[0.897s] creating /workspace/ros2_ws/install/p2pkg/share/ament_index
[0.898s] creating /workspace/ros2_ws/install/p2pkg/share/ament_index/resource_index
[0.898s] creating /workspace/ros2_ws/install/p2pkg/share/ament_index/resource_index/packages
[0.898s] copying resource/p2pkg -> /workspace/ros2_ws/install/p2pkg/share/ament_index/resource_index/packages
[0.898s] copying package.xml -> /workspace/ros2_ws/install/p2pkg/share/p2pkg
[0.898s] running install_egg_info
[0.902s] Copying ../../build/p2pkg/p2pkg.egg-info to /workspace/ros2_ws/install/p2pkg/lib/python3.10/site-packages/p2pkg-0.0.0-py3.10.egg-info
[0.903s] running install_scripts
[0.926s] Installing nodopub_ejercicio2 script to /workspace/ros2_ws/install/p2pkg/lib/p2pkg
[0.926s] Installing nodosub_ejercicio2 script to /workspace/ros2_ws/install/p2pkg/lib/p2pkg
[0.927s] writing list of installed files to '/workspace/ros2_ws/build/p2pkg/install.log'
[0.951s] Invoked command in '/workspace/ros2_ws/src/p2pkg' returned '0': PYTHONPATH=/workspace/ros2_ws/build/p2pkg/prefix_override:/usr/lib/python3/dist-packages/colcon_core/task/python/colcon_distutils_commands:/workspace/ros2_ws/install/p2pkg/lib/python3.10/site-packages:${PYTHONPATH} /usr/bin/python3 -W ignore:setup.py install is deprecated -W ignore:easy_install command is deprecated setup.py egg_info --egg-base ../../build/p2pkg build --build-base /workspace/ros2_ws/build/p2pkg/build install --record /workspace/ros2_ws/build/p2pkg/install.log --single-version-externally-managed install_data
