[0.030s] Invoking command in '/workspace/ros2_ws/build/turtlebot3_gazebo': CMAKE_PREFIX_PATH=/opt/ros/humble:/workspace/ros2_ws/install/maze_pkg /usr/bin/cmake /workspace/ros2_ws/turtlebot3_simulations/turtlebot3_gazebo -DAMENT_CMAKE_SYMLINK_INSTALL=1 -DCMAKE_INSTALL_PREFIX=/workspace/ros2_ws/install/turtlebot3_gazebo
[0.191s] -- The C compiler identification is GNU 11.4.0
[0.247s] -- The CXX compiler identification is GNU 11.4.0
[0.259s] -- Detecting C compiler ABI info
[0.311s] -- Detecting C compiler ABI info - done
[0.315s] -- Check for working C compiler: /usr/bin/cc - skipped
[0.316s] -- Detecting C compile features
[0.319s] -- Detecting C compile features - done
[0.323s] -- Detecting CXX compiler ABI info
[0.383s] -- Detecting CXX compiler ABI info - done
[0.387s] -- Check for working CXX compiler: /usr/bin/c++ - skipped
[0.387s] -- Detecting CXX compile features
[0.387s] -- Detecting CXX compile features - done
[0.397s] -- Found ament_cmake: 1.3.13 (/opt/ros/humble/share/ament_cmake/cmake)
[0.498s] -- Found Python3: /usr/bin/python3 (found version "3.10.12") found components: Interpreter 
[0.557s] -- Override CMake install command with custom implementation using symlinks instead of copying resources
[0.604s] [33mCMake Warning (dev) at /usr/share/cmake-3.22/Modules/FindPackageHandleStandardArgs.cmake:438 (message):
[0.604s]   The package name passed to `find_package_handle_standard_args` (PkgConfig)
[0.604s]   does not match the name of the calling package (gazebo).  This can lead to
[0.605s]   problems in calling code that expects `find_package` result variables
[0.605s]   (e.g., `_FOUND`) to follow a certain pattern.
[0.605s] Call Stack (most recent call first):
[0.605s]   /usr/share/cmake-3.22/Modules/FindPkgConfig.cmake:99 (find_package_handle_standard_args)
[0.605s]   /usr/lib/x86_64-linux-gnu/cmake/gazebo/gazebo-config.cmake:72 (include)
[0.605s]   CMakeLists.txt:23 (find_package)
[0.605s] This warning is for project developers.  Use -Wno-dev to suppress it.
[0.605s] [0m
[0.605s] -- Found PkgConfig: /usr/bin/pkg-config (found version "0.29.2") 
[0.606s] -- Checking for module 'bullet>=2.82'
[0.622s] --   Found bullet, version 3.05
[0.712s] -- Found fcl: /usr/include (found suitable version "0.7.0", minimum required is "0.5.0") 
[0.757s] -- Found assimp: /usr/include (found version "5.2.0") 
[0.787s] -- Found DART: /usr/include (Required is at least version "6.6") found components: dart 
[0.922s] -- Found Boost: /usr/lib/x86_64-linux-gnu/cmake/Boost-1.74.0/BoostConfig.cmake (found suitable version "1.74.0", minimum required is "1.40.0") found components: thread system filesystem program_options regex iostreams date_time 
[0.944s] -- Found Protobuf: /usr/lib/x86_64-linux-gnu/libprotobuf.so (found version "3.12.4") 
[0.948s] -- Looking for ignition-math6 -- found version 6.15.1
[0.957s] -- Searching for dependencies of ignition-math6
[0.960s] -- Looking for OGRE...
[0.960s] -- OGRE_PREFIX_WATCH changed.
[0.963s] -- Checking for module 'OGRE'
[0.971s] --   Found OGRE, version 1.9.0
[0.993s] -- Found Ogre Ghadamon (1.9.0)
[0.999s] -- Found OGRE: optimized;/usr/lib/x86_64-linux-gnu/libOgreMain.so;debug;/usr/lib/x86_64-linux-gnu/libOgreMain.so
[1.005s] -- Looking for OGRE_Paging...
[1.007s] -- Found OGRE_Paging: optimized;/usr/lib/x86_64-linux-gnu/libOgrePaging.so;debug;/usr/lib/x86_64-linux-gnu/libOgrePaging.so
[1.007s] -- Looking for OGRE_Terrain...
[1.009s] -- Found OGRE_Terrain: optimized;/usr/lib/x86_64-linux-gnu/libOgreTerrain.so;debug;/usr/lib/x86_64-linux-gnu/libOgreTerrain.so
[1.009s] -- Looking for OGRE_Property...
[1.011s] -- Found OGRE_Property: optimized;/usr/lib/x86_64-linux-gnu/libOgreProperty.so;debug;/usr/lib/x86_64-linux-gnu/libOgreProperty.so
[1.011s] -- Looking for OGRE_RTShaderSystem...
[1.014s] -- Found OGRE_RTShaderSystem: optimized;/usr/lib/x86_64-linux-gnu/libOgreRTShaderSystem.so;debug;/usr/lib/x86_64-linux-gnu/libOgreRTShaderSystem.so
[1.014s] -- Looking for OGRE_Volume...
[1.016s] -- Found OGRE_Volume: optimized;/usr/lib/x86_64-linux-gnu/libOgreVolume.so;debug;/usr/lib/x86_64-linux-gnu/libOgreVolume.so
[1.016s] -- Looking for OGRE_Overlay...
[1.018s] -- Found OGRE_Overlay: optimized;/usr/lib/x86_64-linux-gnu/libOgreOverlay.so;debug;/usr/lib/x86_64-linux-gnu/libOgreOverlay.so
[1.064s] -- Looking for ignition-math6 -- found version 6.15.1
[1.066s] -- Looking for ignition-transport8 -- found version 8.2.1
[1.066s] -- Searching for dependencies of ignition-transport8
[1.078s] -- Found Protobuf: /usr/lib/x86_64-linux-gnu/libprotobuf.so (found suitable version "3.12.4", minimum required is "3") 
[1.086s] -- Config-file not installed for ZeroMQ -- checking for pkg-config
[1.089s] -- Checking for module 'libzmq >= 4'
[1.100s] --   Found libzmq , version 4.3.4
[1.123s] -- Found ZeroMQ: TRUE (Required is at least version "4") 
[1.127s] -- Checking for module 'uuid'
[1.136s] --   Found uuid, version 2.37.2
[1.158s] -- Found UUID: TRUE  
[1.160s] -- Looking for ignition-msgs5 -- found version 5.8.1
[1.160s] -- Searching for dependencies of ignition-msgs5
[1.172s] -- Looking for ignition-math6 -- found version 6.15.1
[1.176s] -- Checking for module 'tinyxml2'
[1.185s] --   Found tinyxml2, version 9.0.0
[1.214s] -- Looking for ignition-msgs5 -- found version 5.8.1
[1.217s] -- Looking for ignition-common3 -- found version 3.14.0
[1.217s] -- Searching for dependencies of ignition-common3
[1.217s] -- Looking for dlfcn.h - found
[1.218s] -- Looking for libdl - found
[1.218s] -- Found DL: TRUE  
[1.227s] -- Found tinyobjloader: /usr/lib/x86_64-linux-gnu/cmake/tinyobjloader/tinyobjloader-config.cmake (found version "2.0.0") 
[1.228s] -- Searching for <ignition-common3> component [graphics]
[1.230s] -- Looking for ignition-common3-graphics -- found version 3.14.0
[1.231s] -- Searching for dependencies of ignition-common3-graphics
[1.231s] -- Looking for ignition-math6 -- found version 6.15.1
[1.234s] -- Looking for ignition-fuel_tools4 -- found version 4.4.0
[1.235s] -- Searching for dependencies of ignition-fuel_tools4
[1.294s] -- Found CURL: /usr/lib/x86_64-linux-gnu/libcurl.so (found version "7.81.0")  
[1.301s] -- Checking for module 'jsoncpp'
[1.310s] --   Found jsoncpp, version 1.9.5
[1.331s] -- Found JSONCPP: TRUE  
[1.336s] -- Checking for module 'libzip'
[1.345s] --   Found libzip, version 1.7.3
[1.370s] -- Found ZIP: TRUE  
[1.370s] -- Looking for ignition-common3 -- found version 3.14.0
[1.371s] -- Looking for ignition-math6 -- found version 6.15.1
[1.371s] -- Looking for ignition-msgs5 -- found version 5.8.1
[1.376s] -- Found gazebo_ros_pkgs: 3.9.0 (/opt/ros/humble/share/gazebo_ros_pkgs/cmake)
[1.377s] -- Found geometry_msgs: 4.9.1 (/opt/ros/humble/share/geometry_msgs/cmake)
[1.394s] -- Found rosidl_generator_c: 3.1.8 (/opt/ros/humble/share/rosidl_generator_c/cmake)
[1.397s] -- Found rosidl_adapter: 3.1.8 (/opt/ros/humble/share/rosidl_adapter/cmake)
[1.401s] -- Found rosidl_generator_cpp: 3.1.8 (/opt/ros/humble/share/rosidl_generator_cpp/cmake)
[1.407s] -- Using all available rosidl_typesupport_c: rosidl_typesupport_fastrtps_c;rosidl_typesupport_introspection_c
[1.416s] -- Using all available rosidl_typesupport_cpp: rosidl_typesupport_fastrtps_cpp;rosidl_typesupport_introspection_cpp
[1.437s] -- Found nav_msgs: 4.9.1 (/opt/ros/humble/share/nav_msgs/cmake)
[1.454s] -- Found rclcpp: 16.0.18 (/opt/ros/humble/share/rclcpp/cmake)
[1.497s] -- Found rmw_implementation_cmake: 6.1.2 (/opt/ros/humble/share/rmw_implementation_cmake/cmake)
[1.500s] -- Found rmw_fastrtps_cpp: 6.2.10 (/opt/ros/humble/share/rmw_fastrtps_cpp/cmake)
[1.576s] -- Found OpenSSL: /usr/lib/x86_64-linux-gnu/libcrypto.so (found version "3.0.2")  
[1.596s] -- Found FastRTPS: /opt/ros/humble/include  
[1.625s] -- Using RMW implementation 'rmw_fastrtps_cpp' as default
[1.635s] -- Found Threads: TRUE  
[1.677s] -- Found sensor_msgs: 4.9.1 (/opt/ros/humble/share/sensor_msgs/cmake)
[1.695s] -- Found tf2: 0.25.19 (/opt/ros/humble/share/tf2/cmake)
[1.743s] -- Configuring done
[1.788s] -- Generating done
[1.793s] -- Build files have been written to: /workspace/ros2_ws/build/turtlebot3_gazebo
[1.800s] Invoked command in '/workspace/ros2_ws/build/turtlebot3_gazebo' returned '0': CMAKE_PREFIX_PATH=/opt/ros/humble:/workspace/ros2_ws/install/maze_pkg /usr/bin/cmake /workspace/ros2_ws/turtlebot3_simulations/turtlebot3_gazebo -DAMENT_CMAKE_SYMLINK_INSTALL=1 -DCMAKE_INSTALL_PREFIX=/workspace/ros2_ws/install/turtlebot3_gazebo
[1.801s] Invoking command in '/workspace/ros2_ws/build/turtlebot3_gazebo': CMAKE_PREFIX_PATH=/opt/ros/humble:/workspace/ros2_ws/install/maze_pkg /usr/bin/cmake --build /workspace/ros2_ws/build/turtlebot3_gazebo -- -j20 -l20
[1.833s] [  8%] [32mBuilding CXX object CMakeFiles/obstacle1.dir/src/obstacle1.cpp.o[0m
[1.835s] [ 16%] [32mBuilding CXX object CMakeFiles/turtlebot3_drive.dir/src/turtlebot3_drive.cpp.o[0m
[1.838s] [ 25%] [32mBuilding CXX object CMakeFiles/traffic_bar_plugin.dir/src/traffic_bar_plugin.cpp.o[0m
[1.840s] [ 33%] [32mBuilding CXX object CMakeFiles/obstacles.dir/src/obstacles.cpp.o[0m
[1.840s] [ 41%] [32mBuilding CXX object CMakeFiles/traffic_light_plugin.dir/src/traffic_light_plugin.cpp.o[0m
[1.845s] [ 50%] [32mBuilding CXX object CMakeFiles/obstacle2.dir/src/obstacle2.cpp.o[0m
[11.589s] [ 58%] [32m[1mLinking CXX executable turtlebot3_drive[0m
[12.224s] [ 58%] Built target turtlebot3_drive
[12.999s] [ 66%] [32m[1mLinking CXX shared library libobstacles.so[0m
[13.024s] [ 75%] [32m[1mLinking CXX shared library libobstacle1.so[0m
[13.079s] [ 83%] [32m[1mLinking CXX shared library libobstacle2.so[0m
[13.203s] [ 91%] [32m[1mLinking CXX shared library libtraffic_bar_plugin.so[0m
[13.214s] [ 91%] Built target obstacles
[13.220s] [ 91%] Built target obstacle1
[13.238s] [100%] [32m[1mLinking CXX shared library libtraffic_light_plugin.so[0m
[13.243s] [100%] Built target obstacle2
[13.365s] [100%] Built target traffic_bar_plugin
[13.420s] [100%] Built target traffic_light_plugin
[13.427s] Invoked command in '/workspace/ros2_ws/build/turtlebot3_gazebo' returned '0': CMAKE_PREFIX_PATH=/opt/ros/humble:/workspace/ros2_ws/install/maze_pkg /usr/bin/cmake --build /workspace/ros2_ws/build/turtlebot3_gazebo -- -j20 -l20
[13.430s] Invoking command in '/workspace/ros2_ws/build/turtlebot3_gazebo': CMAKE_PREFIX_PATH=/opt/ros/humble:/workspace/ros2_ws/install/maze_pkg /usr/bin/cmake --install /workspace/ros2_ws/build/turtlebot3_gazebo
[13.434s] -- Install configuration: ""
[13.435s] -- Execute custom install script
[13.435s] -- Symlinking: /workspace/ros2_ws/install/turtlebot3_gazebo/lib/turtlebot3_gazebo/turtlebot3_drive
[13.441s] -- Symlinking: /workspace/ros2_ws/install/turtlebot3_gazebo/share/turtlebot3_gazebo//launch/empty_world.launch.py
[13.447s] -- Symlinking: /workspace/ros2_ws/install/turtlebot3_gazebo/share/turtlebot3_gazebo//launch/multi_robot.launch.py
[13.453s] -- Symlinking: /workspace/ros2_ws/install/turtlebot3_gazebo/share/turtlebot3_gazebo//launch/multi_spawn_turtlebot3.launch.py
[13.459s] -- Symlinking: /workspace/ros2_ws/install/turtlebot3_gazebo/share/turtlebot3_gazebo//launch/robot_state_publisher.launch.py
[13.465s] -- Symlinking: /workspace/ros2_ws/install/turtlebot3_gazebo/share/turtlebot3_gazebo//launch/spawn_turtlebot3.launch.py
[13.471s] -- Symlinking: /workspace/ros2_ws/install/turtlebot3_gazebo/share/turtlebot3_gazebo//launch/turtlebot3_autorace_2020.launch.py
[13.477s] -- Symlinking: /workspace/ros2_ws/install/turtlebot3_gazebo/share/turtlebot3_gazebo//launch/turtlebot3_dqn_stage1.launch.py
[13.484s] -- Symlinking: /workspace/ros2_ws/install/turtlebot3_gazebo/share/turtlebot3_gazebo//launch/turtlebot3_dqn_stage2.launch.py
[13.493s] -- Symlinking: /workspace/ros2_ws/install/turtlebot3_gazebo/share/turtlebot3_gazebo//launch/turtlebot3_dqn_stage3.launch.py
[13.498s] -- Symlinking: /workspace/ros2_ws/install/turtlebot3_gazebo/share/turtlebot3_gazebo//launch/turtlebot3_dqn_stage4.launch.py
[13.504s] -- Symlinking: /workspace/ros2_ws/install/turtlebot3_gazebo/share/turtlebot3_gazebo//launch/turtlebot3_house.launch.py
[13.511s] -- Symlinking: /workspace/ros2_ws/install/turtlebot3_gazebo/share/turtlebot3_gazebo//launch/turtlebot3_world.launch.py
[13.520s] -- Symlinking: /workspace/ros2_ws/install/turtlebot3_gazebo/share/turtlebot3_gazebo//models/turtlebot3_autorace_2020/checker/materials/checker.png
[13.526s] -- Symlinking: /workspace/ros2_ws/install/turtlebot3_gazebo/share/turtlebot3_gazebo//models/turtlebot3_autorace_2020/checker/materials/scripts/checker.material
[13.532s] -- Symlinking: /workspace/ros2_ws/install/turtlebot3_gazebo/share/turtlebot3_gazebo//models/turtlebot3_autorace_2020/checker/materials/textures/checker.png
[13.537s] -- Symlinking: /workspace/ros2_ws/install/turtlebot3_gazebo/share/turtlebot3_gazebo//models/turtlebot3_autorace_2020/checker/model.config
[13.543s] -- Symlinking: /workspace/ros2_ws/install/turtlebot3_gazebo/share/turtlebot3_gazebo//models/turtlebot3_autorace_2020/checker/model.sdf
[13.549s] -- Symlinking: /workspace/ros2_ws/install/turtlebot3_gazebo/share/turtlebot3_gazebo//models/turtlebot3_autorace_2020/course/materials/scripts/course.material
[13.556s] -- Symlinking: /workspace/ros2_ws/install/turtlebot3_gazebo/share/turtlebot3_gazebo//models/turtlebot3_autorace_2020/course/materials/textures/course.png
[13.562s] -- Symlinking: /workspace/ros2_ws/install/turtlebot3_gazebo/share/turtlebot3_gazebo//models/turtlebot3_autorace_2020/course/model.config
[13.567s] -- Symlinking: /workspace/ros2_ws/install/turtlebot3_gazebo/share/turtlebot3_gazebo//models/turtlebot3_autorace_2020/course/model.sdf
[13.574s] -- Symlinking: /workspace/ros2_ws/install/turtlebot3_gazebo/share/turtlebot3_gazebo//models/turtlebot3_autorace_2020/traffic_bar/materials/scripts/traffic_bar.material
[13.580s] -- Symlinking: /workspace/ros2_ws/install/turtlebot3_gazebo/share/turtlebot3_gazebo//models/turtlebot3_autorace_2020/traffic_bar/materials/textures/traffic_bar.png
[13.585s] -- Symlinking: /workspace/ros2_ws/install/turtlebot3_gazebo/share/turtlebot3_gazebo//models/turtlebot3_autorace_2020/traffic_bar/model.config
[13.591s] -- Symlinking: /workspace/ros2_ws/install/turtlebot3_gazebo/share/turtlebot3_gazebo//models/turtlebot3_autorace_2020/traffic_bar/model.sdf
[13.597s] -- Symlinking: /workspace/ros2_ws/install/turtlebot3_gazebo/share/turtlebot3_gazebo//models/turtlebot3_autorace_2020/traffic_construction/materials/scripts/traffic_construction.material
[13.603s] -- Symlinking: /workspace/ros2_ws/install/turtlebot3_gazebo/share/turtlebot3_gazebo//models/turtlebot3_autorace_2020/traffic_construction/materials/textures/traffic_construction.png
[13.609s] -- Symlinking: /workspace/ros2_ws/install/turtlebot3_gazebo/share/turtlebot3_gazebo//models/turtlebot3_autorace_2020/traffic_construction/model.config
[13.615s] -- Symlinking: /workspace/ros2_ws/install/turtlebot3_gazebo/share/turtlebot3_gazebo//models/turtlebot3_autorace_2020/traffic_construction/model.sdf
[13.622s] -- Symlinking: /workspace/ros2_ws/install/turtlebot3_gazebo/share/turtlebot3_gazebo//models/turtlebot3_autorace_2020/traffic_intersection/materials/scripts/traffic_intersection.material
[13.627s] -- Symlinking: /workspace/ros2_ws/install/turtlebot3_gazebo/share/turtlebot3_gazebo//models/turtlebot3_autorace_2020/traffic_intersection/materials/textures/traffic_intersection.png
[13.634s] -- Symlinking: /workspace/ros2_ws/install/turtlebot3_gazebo/share/turtlebot3_gazebo//models/turtlebot3_autorace_2020/traffic_intersection/model.config
[13.640s] -- Symlinking: /workspace/ros2_ws/install/turtlebot3_gazebo/share/turtlebot3_gazebo//models/turtlebot3_autorace_2020/traffic_intersection/model.sdf
[13.645s] -- Symlinking: /workspace/ros2_ws/install/turtlebot3_gazebo/share/turtlebot3_gazebo//models/turtlebot3_autorace_2020/traffic_left/materials/scripts/traffic_is_left.material
[13.653s] -- Symlinking: /workspace/ros2_ws/install/turtlebot3_gazebo/share/turtlebot3_gazebo//models/turtlebot3_autorace_2020/traffic_left/materials/textures/traffic_left.png
[13.658s] -- Symlinking: /workspace/ros2_ws/install/turtlebot3_gazebo/share/turtlebot3_gazebo//models/turtlebot3_autorace_2020/traffic_left/model.config
[13.664s] -- Symlinking: /workspace/ros2_ws/install/turtlebot3_gazebo/share/turtlebot3_gazebo//models/turtlebot3_autorace_2020/traffic_left/model.sdf
[13.671s] -- Symlinking: /workspace/ros2_ws/install/turtlebot3_gazebo/share/turtlebot3_gazebo//models/turtlebot3_autorace_2020/traffic_light/materials/scripts/traffic_light.material
[13.677s] -- Symlinking: /workspace/ros2_ws/install/turtlebot3_gazebo/share/turtlebot3_gazebo//models/turtlebot3_autorace_2020/traffic_light/materials/textures/traffic_light.png
[13.683s] -- Symlinking: /workspace/ros2_ws/install/turtlebot3_gazebo/share/turtlebot3_gazebo//models/turtlebot3_autorace_2020/traffic_light/materials/textures/traffic_light_green.png
[13.689s] -- Symlinking: /workspace/ros2_ws/install/turtlebot3_gazebo/share/turtlebot3_gazebo//models/turtlebot3_autorace_2020/traffic_light/materials/textures/traffic_light_red.png
[13.695s] -- Symlinking: /workspace/ros2_ws/install/turtlebot3_gazebo/share/turtlebot3_gazebo//models/turtlebot3_autorace_2020/traffic_light/materials/textures/traffic_light_yellow.png
[13.702s] -- Symlinking: /workspace/ros2_ws/install/turtlebot3_gazebo/share/turtlebot3_gazebo//models/turtlebot3_autorace_2020/traffic_light/model.config
[13.708s] -- Symlinking: /workspace/ros2_ws/install/turtlebot3_gazebo/share/turtlebot3_gazebo//models/turtlebot3_autorace_2020/traffic_light/model.sdf
[13.715s] -- Symlinking: /workspace/ros2_ws/install/turtlebot3_gazebo/share/turtlebot3_gazebo//models/turtlebot3_autorace_2020/traffic_noentry/materials/scripts/traffic_noentry.material
[13.720s] -- Symlinking: /workspace/ros2_ws/install/turtlebot3_gazebo/share/turtlebot3_gazebo//models/turtlebot3_autorace_2020/traffic_noentry/materials/textures/traffic_noentry.png
[13.726s] -- Symlinking: /workspace/ros2_ws/install/turtlebot3_gazebo/share/turtlebot3_gazebo//models/turtlebot3_autorace_2020/traffic_noentry/model.config
[13.732s] -- Symlinking: /workspace/ros2_ws/install/turtlebot3_gazebo/share/turtlebot3_gazebo//models/turtlebot3_autorace_2020/traffic_noentry/model.sdf
[13.738s] -- Symlinking: /workspace/ros2_ws/install/turtlebot3_gazebo/share/turtlebot3_gazebo//models/turtlebot3_autorace_2020/traffic_parking/materials/scripts/traffic_parking.material
[13.745s] -- Symlinking: /workspace/ros2_ws/install/turtlebot3_gazebo/share/turtlebot3_gazebo//models/turtlebot3_autorace_2020/traffic_parking/materials/textures/traffic_parking.png
[13.751s] -- Symlinking: /workspace/ros2_ws/install/turtlebot3_gazebo/share/turtlebot3_gazebo//models/turtlebot3_autorace_2020/traffic_parking/model.config
[13.757s] -- Symlinking: /workspace/ros2_ws/install/turtlebot3_gazebo/share/turtlebot3_gazebo//models/turtlebot3_autorace_2020/traffic_parking/model.sdf
[13.763s] -- Symlinking: /workspace/ros2_ws/install/turtlebot3_gazebo/share/turtlebot3_gazebo//models/turtlebot3_autorace_2020/traffic_pl_left/materials/scripts/traffic_pl_left.material
[13.769s] -- Symlinking: /workspace/ros2_ws/install/turtlebot3_gazebo/share/turtlebot3_gazebo//models/turtlebot3_autorace_2020/traffic_pl_left/materials/textures/traffic_pl_left.png
[13.775s] -- Symlinking: /workspace/ros2_ws/install/turtlebot3_gazebo/share/turtlebot3_gazebo//models/turtlebot3_autorace_2020/traffic_pl_left/model.config
[13.781s] -- Symlinking: /workspace/ros2_ws/install/turtlebot3_gazebo/share/turtlebot3_gazebo//models/turtlebot3_autorace_2020/traffic_pl_left/model.sdf
[13.788s] -- Symlinking: /workspace/ros2_ws/install/turtlebot3_gazebo/share/turtlebot3_gazebo//models/turtlebot3_autorace_2020/traffic_right/materials/scripts/traffic_right.material
[13.794s] -- Symlinking: /workspace/ros2_ws/install/turtlebot3_gazebo/share/turtlebot3_gazebo//models/turtlebot3_autorace_2020/traffic_right/materials/textures/traffic_right.png
[13.800s] -- Symlinking: /workspace/ros2_ws/install/turtlebot3_gazebo/share/turtlebot3_gazebo//models/turtlebot3_autorace_2020/traffic_right/model.config
[13.806s] -- Symlinking: /workspace/ros2_ws/install/turtlebot3_gazebo/share/turtlebot3_gazebo//models/turtlebot3_autorace_2020/traffic_right/model.sdf
[13.812s] -- Symlinking: /workspace/ros2_ws/install/turtlebot3_gazebo/share/turtlebot3_gazebo//models/turtlebot3_autorace_2020/traffic_stop/materials/scripts/traffic_stop.material
[13.819s] -- Symlinking: /workspace/ros2_ws/install/turtlebot3_gazebo/share/turtlebot3_gazebo//models/turtlebot3_autorace_2020/traffic_stop/materials/textures/traffic_stop.png
[13.825s] -- Symlinking: /workspace/ros2_ws/install/turtlebot3_gazebo/share/turtlebot3_gazebo//models/turtlebot3_autorace_2020/traffic_stop/model.config
[13.831s] -- Symlinking: /workspace/ros2_ws/install/turtlebot3_gazebo/share/turtlebot3_gazebo//models/turtlebot3_autorace_2020/traffic_stop/model.sdf
[13.837s] -- Symlinking: /workspace/ros2_ws/install/turtlebot3_gazebo/share/turtlebot3_gazebo//models/turtlebot3_autorace_2020/traffic_tunnel/materials/scripts/tunnel.material
[13.843s] -- Symlinking: /workspace/ros2_ws/install/turtlebot3_gazebo/share/turtlebot3_gazebo//models/turtlebot3_autorace_2020/traffic_tunnel/materials/textures/tunnel.png
[13.849s] -- Symlinking: /workspace/ros2_ws/install/turtlebot3_gazebo/share/turtlebot3_gazebo//models/turtlebot3_autorace_2020/traffic_tunnel/model.config
[13.855s] -- Symlinking: /workspace/ros2_ws/install/turtlebot3_gazebo/share/turtlebot3_gazebo//models/turtlebot3_autorace_2020/traffic_tunnel/model.sdf
[13.861s] -- Symlinking: /workspace/ros2_ws/install/turtlebot3_gazebo/share/turtlebot3_gazebo//models/turtlebot3_burger/model-1_4.sdf
[13.867s] -- Symlinking: /workspace/ros2_ws/install/turtlebot3_gazebo/share/turtlebot3_gazebo//models/turtlebot3_burger/model.config
[13.873s] -- Symlinking: /workspace/ros2_ws/install/turtlebot3_gazebo/share/turtlebot3_gazebo//models/turtlebot3_burger/model.sdf
[13.880s] -- Symlinking: /workspace/ros2_ws/install/turtlebot3_gazebo/share/turtlebot3_gazebo//models/turtlebot3_burger_cam/model-1_4.sdf
[13.886s] -- Symlinking: /workspace/ros2_ws/install/turtlebot3_gazebo/share/turtlebot3_gazebo//models/turtlebot3_burger_cam/model.config
[13.892s] -- Symlinking: /workspace/ros2_ws/install/turtlebot3_gazebo/share/turtlebot3_gazebo//models/turtlebot3_burger_cam/model.sdf
[13.898s] -- Symlinking: /workspace/ros2_ws/install/turtlebot3_gazebo/share/turtlebot3_gazebo//models/turtlebot3_common/meshes/bases/burger_base.stl
[13.904s] -- Symlinking: /workspace/ros2_ws/install/turtlebot3_gazebo/share/turtlebot3_gazebo//models/turtlebot3_common/meshes/bases/waffle_base.stl
[13.910s] -- Symlinking: /workspace/ros2_ws/install/turtlebot3_gazebo/share/turtlebot3_gazebo//models/turtlebot3_common/meshes/bases/waffle_pi_base.stl
[13.916s] -- Symlinking: /workspace/ros2_ws/install/turtlebot3_gazebo/share/turtlebot3_gazebo//models/turtlebot3_common/meshes/burger_base.dae
[13.922s] -- Symlinking: /workspace/ros2_ws/install/turtlebot3_gazebo/share/turtlebot3_gazebo//models/turtlebot3_common/meshes/lds.dae
[13.929s] -- Symlinking: /workspace/ros2_ws/install/turtlebot3_gazebo/share/turtlebot3_gazebo//models/turtlebot3_common/meshes/r200.dae
[13.935s] -- Symlinking: /workspace/ros2_ws/install/turtlebot3_gazebo/share/turtlebot3_gazebo//models/turtlebot3_common/meshes/sensors/astra.dae
[13.942s] -- Symlinking: /workspace/ros2_ws/install/turtlebot3_gazebo/share/turtlebot3_gazebo//models/turtlebot3_common/meshes/sensors/astra.jpg
[13.948s] -- Symlinking: /workspace/ros2_ws/install/turtlebot3_gazebo/share/turtlebot3_gazebo//models/turtlebot3_common/meshes/sensors/lds.stl
[13.954s] -- Symlinking: /workspace/ros2_ws/install/turtlebot3_gazebo/share/turtlebot3_gazebo//models/turtlebot3_common/meshes/sensors/r200.dae
[13.960s] -- Symlinking: /workspace/ros2_ws/install/turtlebot3_gazebo/share/turtlebot3_gazebo//models/turtlebot3_common/meshes/sensors/r200.jpg
[13.966s] -- Symlinking: /workspace/ros2_ws/install/turtlebot3_gazebo/share/turtlebot3_gazebo//models/turtlebot3_common/meshes/tire.dae
[13.972s] -- Symlinking: /workspace/ros2_ws/install/turtlebot3_gazebo/share/turtlebot3_gazebo//models/turtlebot3_common/meshes/waffle_base.dae
[13.978s] -- Symlinking: /workspace/ros2_ws/install/turtlebot3_gazebo/share/turtlebot3_gazebo//models/turtlebot3_common/meshes/waffle_pi_base.dae
[13.985s] -- Symlinking: /workspace/ros2_ws/install/turtlebot3_gazebo/share/turtlebot3_gazebo//models/turtlebot3_common/meshes/wheels/left_tire.stl
[13.991s] -- Symlinking: /workspace/ros2_ws/install/turtlebot3_gazebo/share/turtlebot3_gazebo//models/turtlebot3_common/meshes/wheels/right_tire.stl
[13.998s] -- Symlinking: /workspace/ros2_ws/install/turtlebot3_gazebo/share/turtlebot3_gazebo//models/turtlebot3_common/model.config
[14.004s] -- Symlinking: /workspace/ros2_ws/install/turtlebot3_gazebo/share/turtlebot3_gazebo//models/turtlebot3_dqn_world/goal_box/model.config
[14.011s] -- Symlinking: /workspace/ros2_ws/install/turtlebot3_gazebo/share/turtlebot3_gazebo//models/turtlebot3_dqn_world/goal_box/model.sdf
[14.018s] -- Symlinking: /workspace/ros2_ws/install/turtlebot3_gazebo/share/turtlebot3_gazebo//models/turtlebot3_dqn_world/inner_walls/model.config
[14.025s] -- Symlinking: /workspace/ros2_ws/install/turtlebot3_gazebo/share/turtlebot3_gazebo//models/turtlebot3_dqn_world/inner_walls/model.sdf
[14.032s] -- Symlinking: /workspace/ros2_ws/install/turtlebot3_gazebo/share/turtlebot3_gazebo//models/turtlebot3_dqn_world/model.config
[14.039s] -- Symlinking: /workspace/ros2_ws/install/turtlebot3_gazebo/share/turtlebot3_gazebo//models/turtlebot3_dqn_world/model.sdf
[14.047s] -- Symlinking: /workspace/ros2_ws/install/turtlebot3_gazebo/share/turtlebot3_gazebo//models/turtlebot3_dqn_world/obstacle1/model.config
[14.054s] -- Symlinking: /workspace/ros2_ws/install/turtlebot3_gazebo/share/turtlebot3_gazebo//models/turtlebot3_dqn_world/obstacle1/model.sdf
[14.060s] -- Symlinking: /workspace/ros2_ws/install/turtlebot3_gazebo/share/turtlebot3_gazebo//models/turtlebot3_dqn_world/obstacle2/model.config
[14.068s] -- Symlinking: /workspace/ros2_ws/install/turtlebot3_gazebo/share/turtlebot3_gazebo//models/turtlebot3_dqn_world/obstacle2/model.sdf
[14.075s] -- Symlinking: /workspace/ros2_ws/install/turtlebot3_gazebo/share/turtlebot3_gazebo//models/turtlebot3_dqn_world/obstacles/model.config
[14.082s] -- Symlinking: /workspace/ros2_ws/install/turtlebot3_gazebo/share/turtlebot3_gazebo//models/turtlebot3_dqn_world/obstacles/model.sdf
[14.090s] -- Symlinking: /workspace/ros2_ws/install/turtlebot3_gazebo/share/turtlebot3_gazebo//models/turtlebot3_house/model.config
[14.097s] -- Symlinking: /workspace/ros2_ws/install/turtlebot3_gazebo/share/turtlebot3_gazebo//models/turtlebot3_house/model.sdf
[14.105s] -- Symlinking: /workspace/ros2_ws/install/turtlebot3_gazebo/share/turtlebot3_gazebo//models/turtlebot3_waffle/model-1_4.sdf
[14.114s] -- Symlinking: /workspace/ros2_ws/install/turtlebot3_gazebo/share/turtlebot3_gazebo//models/turtlebot3_waffle/model.config
[14.123s] -- Symlinking: /workspace/ros2_ws/install/turtlebot3_gazebo/share/turtlebot3_gazebo//models/turtlebot3_waffle/model.sdf
[14.133s] -- Symlinking: /workspace/ros2_ws/install/turtlebot3_gazebo/share/turtlebot3_gazebo//models/turtlebot3_waffle_pi/model-1_4_.sdf
[14.141s] -- Symlinking: /workspace/ros2_ws/install/turtlebot3_gazebo/share/turtlebot3_gazebo//models/turtlebot3_waffle_pi/model.config
[14.150s] -- Symlinking: /workspace/ros2_ws/install/turtlebot3_gazebo/share/turtlebot3_gazebo//models/turtlebot3_waffle_pi/model.sdf
[14.159s] -- Symlinking: /workspace/ros2_ws/install/turtlebot3_gazebo/share/turtlebot3_gazebo//models/turtlebot3_world/meshes/hexagon.dae
[14.168s] -- Symlinking: /workspace/ros2_ws/install/turtlebot3_gazebo/share/turtlebot3_gazebo//models/turtlebot3_world/meshes/wall.dae
[14.176s] -- Symlinking: /workspace/ros2_ws/install/turtlebot3_gazebo/share/turtlebot3_gazebo//models/turtlebot3_world/model-1_4.sdf
[14.184s] -- Symlinking: /workspace/ros2_ws/install/turtlebot3_gazebo/share/turtlebot3_gazebo//models/turtlebot3_world/model.config
[14.195s] -- Symlinking: /workspace/ros2_ws/install/turtlebot3_gazebo/share/turtlebot3_gazebo//models/turtlebot3_world/model.sdf
[14.204s] -- Symlinking: /workspace/ros2_ws/install/turtlebot3_gazebo/share/turtlebot3_gazebo//rviz/tb3_gazebo.rviz
[14.216s] -- Symlinking: /workspace/ros2_ws/install/turtlebot3_gazebo/share/turtlebot3_gazebo//urdf/common_properties.urdf
[14.226s] -- Symlinking: /workspace/ros2_ws/install/turtlebot3_gazebo/share/turtlebot3_gazebo//urdf/turtlebot3_burger.urdf
[14.233s] -- Symlinking: /workspace/ros2_ws/install/turtlebot3_gazebo/share/turtlebot3_gazebo//urdf/turtlebot3_burger_cam.urdf
[14.241s] -- Symlinking: /workspace/ros2_ws/install/turtlebot3_gazebo/share/turtlebot3_gazebo//urdf/turtlebot3_waffle.urdf
[14.250s] -- Symlinking: /workspace/ros2_ws/install/turtlebot3_gazebo/share/turtlebot3_gazebo//urdf/turtlebot3_waffle_pi.urdf
[14.258s] -- Symlinking: /workspace/ros2_ws/install/turtlebot3_gazebo/share/turtlebot3_gazebo//worlds/empty_world.world
[14.266s] -- Symlinking: /workspace/ros2_ws/install/turtlebot3_gazebo/share/turtlebot3_gazebo//worlds/turtlebot3_autorace_2020.world
[14.273s] -- Symlinking: /workspace/ros2_ws/install/turtlebot3_gazebo/share/turtlebot3_gazebo//worlds/turtlebot3_dqn_stage1.world
[14.281s] -- Symlinking: /workspace/ros2_ws/install/turtlebot3_gazebo/share/turtlebot3_gazebo//worlds/turtlebot3_dqn_stage2.world
[14.289s] -- Symlinking: /workspace/ros2_ws/install/turtlebot3_gazebo/share/turtlebot3_gazebo//worlds/turtlebot3_dqn_stage3.world
[14.298s] -- Symlinking: /workspace/ros2_ws/install/turtlebot3_gazebo/share/turtlebot3_gazebo//worlds/turtlebot3_dqn_stage4.world
[14.304s] -- Symlinking: /workspace/ros2_ws/install/turtlebot3_gazebo/share/turtlebot3_gazebo//worlds/turtlebot3_house.world
[14.312s] -- Symlinking: /workspace/ros2_ws/install/turtlebot3_gazebo/share/turtlebot3_gazebo//worlds/turtlebot3_world.world
[14.319s] -- Symlinking: /workspace/ros2_ws/install/turtlebot3_gazebo/include//turtlebot3_gazebo/obstacle1.hpp
[14.327s] -- Symlinking: /workspace/ros2_ws/install/turtlebot3_gazebo/include//turtlebot3_gazebo/obstacle2.hpp
[14.333s] -- Symlinking: /workspace/ros2_ws/install/turtlebot3_gazebo/include//turtlebot3_gazebo/obstacles.hpp
[14.340s] -- Symlinking: /workspace/ros2_ws/install/turtlebot3_gazebo/include//turtlebot3_gazebo/traffic_bar_plugin.hpp
[14.346s] -- Symlinking: /workspace/ros2_ws/install/turtlebot3_gazebo/include//turtlebot3_gazebo/traffic_light_plugin.hpp
[14.352s] -- Symlinking: /workspace/ros2_ws/install/turtlebot3_gazebo/include//turtlebot3_gazebo/turtlebot3_drive.hpp
[14.359s] -- Symlinking: /workspace/ros2_ws/install/turtlebot3_gazebo/share/ament_index/resource_index/package_run_dependencies/turtlebot3_gazebo
[14.365s] -- Symlinking: /workspace/ros2_ws/install/turtlebot3_gazebo/share/ament_index/resource_index/parent_prefix_path/turtlebot3_gazebo
[14.370s] -- Symlinking: /workspace/ros2_ws/install/turtlebot3_gazebo/share/turtlebot3_gazebo/environment/ament_prefix_path.sh
[14.378s] -- Symlinking: /workspace/ros2_ws/install/turtlebot3_gazebo/share/turtlebot3_gazebo/environment/ament_prefix_path.dsv
[14.384s] -- Symlinking: /workspace/ros2_ws/install/turtlebot3_gazebo/share/turtlebot3_gazebo/environment/path.sh
[14.390s] -- Symlinking: /workspace/ros2_ws/install/turtlebot3_gazebo/share/turtlebot3_gazebo/environment/path.dsv
[14.397s] -- Symlinking: /workspace/ros2_ws/install/turtlebot3_gazebo/share/turtlebot3_gazebo/local_setup.bash
[14.405s] -- Symlinking: /workspace/ros2_ws/install/turtlebot3_gazebo/share/turtlebot3_gazebo/local_setup.sh
[14.411s] -- Symlinking: /workspace/ros2_ws/install/turtlebot3_gazebo/share/turtlebot3_gazebo/local_setup.zsh
[14.418s] -- Symlinking: /workspace/ros2_ws/install/turtlebot3_gazebo/share/turtlebot3_gazebo/local_setup.dsv
[14.424s] -- Symlinking: /workspace/ros2_ws/install/turtlebot3_gazebo/share/turtlebot3_gazebo/package.dsv
[14.432s] -- Symlinking: /workspace/ros2_ws/install/turtlebot3_gazebo/share/ament_index/resource_index/packages/turtlebot3_gazebo
[14.438s] -- Symlinking: /workspace/ros2_ws/install/turtlebot3_gazebo/share/turtlebot3_gazebo/cmake/ament_cmake_export_include_directories-extras.cmake
[14.446s] -- Symlinking: /workspace/ros2_ws/install/turtlebot3_gazebo/share/turtlebot3_gazebo/cmake/ament_cmake_export_dependencies-extras.cmake
[14.453s] -- Symlinking: /workspace/ros2_ws/install/turtlebot3_gazebo/share/turtlebot3_gazebo/cmake/turtlebot3_gazeboConfig.cmake
[14.461s] -- Symlinking: /workspace/ros2_ws/install/turtlebot3_gazebo/share/turtlebot3_gazebo/cmake/turtlebot3_gazeboConfig-version.cmake
[14.468s] -- Symlinking: /workspace/ros2_ws/install/turtlebot3_gazebo/share/turtlebot3_gazebo/package.xml
[14.478s] Invoked command in '/workspace/ros2_ws/build/turtlebot3_gazebo' returned '0': CMAKE_PREFIX_PATH=/opt/ros/humble:/workspace/ros2_ws/install/maze_pkg /usr/bin/cmake --install /workspace/ros2_ws/build/turtlebot3_gazebo
