running develop
running egg_info
writing maze_pkg.egg-info/PKG-INFO
writing dependency_links to maze_pkg.egg-info/dependency_links.txt
writing entry points to maze_pkg.egg-info/entry_points.txt
writing requirements to maze_pkg.egg-info/requires.txt
writing top-level names to maze_pkg.egg-info/top_level.txt
reading manifest file 'maze_pkg.egg-info/SOURCES.txt'
writing manifest file 'maze_pkg.egg-info/SOURCES.txt'
running build_ext
Creating /workspace/ros2_ws/install/maze_pkg/lib/python3.10/site-packages/maze-pkg.egg-link (link to .)
Installing res_maze script to /workspace/ros2_ws/install/maze_pkg/lib/maze_pkg

Installed /workspace/ros2_ws/build/maze_pkg
running symlink_data
symbolically linking /workspace/ros2_ws/build/maze_pkg/resource/maze_pkg -> /workspace/ros2_ws/install/maze_pkg/share/ament_index/resource_index/packages
symbolically linking /workspace/ros2_ws/build/maze_pkg/package.xml -> /workspace/ros2_ws/install/maze_pkg/share/maze_pkg
symbolically linking /workspace/ros2_ws/build/maze_pkg/launch/maze_2.launch.py -> /workspace/ros2_ws/install/maze_pkg/share/maze_pkg/launch
symbolically linking /workspace/ros2_ws/build/maze_pkg/launch/maze_1.launch.py -> /workspace/ros2_ws/install/maze_pkg/share/maze_pkg/launch
symbolically linking /workspace/ros2_ws/build/maze_pkg/worlds/maze_2.world -> /workspace/ros2_ws/install/maze_pkg/share/maze_pkg/worlds
symbolically linking /workspace/ros2_ws/build/maze_pkg/worlds/maze_1.world -> /workspace/ros2_ws/install/maze_pkg/share/maze_pkg/worlds
symbolically linking /workspace/ros2_ws/build/maze_pkg/models/maze_1/model.config -> /workspace/ros2_ws/install/maze_pkg/share/maze_pkg/models/maze_1
symbolically linking /workspace/ros2_ws/build/maze_pkg/models/maze_1/model.sdf -> /workspace/ros2_ws/install/maze_pkg/share/maze_pkg/models/maze_1
symbolically linking /workspace/ros2_ws/build/maze_pkg/models/maze_1/maze_1/model.config -> /workspace/ros2_ws/install/maze_pkg/share/maze_pkg/models/maze_1/maze_1
symbolically linking /workspace/ros2_ws/build/maze_pkg/models/maze_1/maze_1/model.sdf -> /workspace/ros2_ws/install/maze_pkg/share/maze_pkg/models/maze_1/maze_1
symbolically linking /workspace/ros2_ws/build/maze_pkg/models/maze_2/model.config -> /workspace/ros2_ws/install/maze_pkg/share/maze_pkg/models/maze_2
symbolically linking /workspace/ros2_ws/build/maze_pkg/models/maze_2/model.sdf -> /workspace/ros2_ws/install/maze_pkg/share/maze_pkg/models/maze_2
