[0.338s] Invoking command in '/workspace/ros2_ws/build/turtlebot3_example': CMAKE_PREFIX_PATH=/workspace/ros2_ws/install/turtlebot3_msgs:/workspace/ros2_ws/install/turtlebot3:/workspace/ros2_ws/install/turtlebot3_simulations:/workspace/ros2_ws/install/turtlebot3_bringup:/workspace/ros2_ws/install/turtlebot3_node:/workspace/ros2_ws/install/turtlebot3_navigation2:/workspace/ros2_ws/install/turtlebot3_fake_node:/workspace/ros2_ws/install/turtlebot3_manipulation_gazebo:/workspace/ros2_ws/install/turtlebot3_gazebo:/workspace/ros2_ws/install/turtlebot3_description:/workspace/ros2_ws/install/turtlebot3_cartographer PYTHONPATH=/workspace/ros2_ws/build/turtlebot3_example/prefix_override:/usr/lib/python3/dist-packages/colcon_core/task/python/colcon_distutils_commands:/workspace/ros2_ws/install/turtlebot3_example/lib/python3.10/site-packages:${PYTHONPATH} /usr/bin/python3 -W ignore:setup.py install is deprecated -W ignore:easy_install command is deprecated setup.py develop --uninstall --editable --build-directory /workspace/ros2_ws/build/turtlebot3_example/build
[0.467s] running develop
[0.538s] Removing /workspace/ros2_ws/install/turtlebot3_example/lib/python3.10/site-packages/turtlebot3-example.egg-link (link to .)
[0.556s] Invoked command in '/workspace/ros2_ws/build/turtlebot3_example' returned '0': CMAKE_PREFIX_PATH=/workspace/ros2_ws/install/turtlebot3_msgs:/workspace/ros2_ws/install/turtlebot3:/workspace/ros2_ws/install/turtlebot3_simulations:/workspace/ros2_ws/install/turtlebot3_bringup:/workspace/ros2_ws/install/turtlebot3_node:/workspace/ros2_ws/install/turtlebot3_navigation2:/workspace/ros2_ws/install/turtlebot3_fake_node:/workspace/ros2_ws/install/turtlebot3_manipulation_gazebo:/workspace/ros2_ws/install/turtlebot3_gazebo:/workspace/ros2_ws/install/turtlebot3_description:/workspace/ros2_ws/install/turtlebot3_cartographer PYTHONPATH=/workspace/ros2_ws/build/turtlebot3_example/prefix_override:/usr/lib/python3/dist-packages/colcon_core/task/python/colcon_distutils_commands:/workspace/ros2_ws/install/turtlebot3_example/lib/python3.10/site-packages:${PYTHONPATH} /usr/bin/python3 -W ignore:setup.py install is deprecated -W ignore:easy_install command is deprecated setup.py develop --uninstall --editable --build-directory /workspace/ros2_ws/build/turtlebot3_example/build
[0.557s] Invoking command in '/workspace/ros2_ws/turtlebot3/turtlebot3_example': CMAKE_PREFIX_PATH=/workspace/ros2_ws/install/turtlebot3_msgs:/workspace/ros2_ws/install/turtlebot3:/workspace/ros2_ws/install/turtlebot3_simulations:/workspace/ros2_ws/install/turtlebot3_bringup:/workspace/ros2_ws/install/turtlebot3_node:/workspace/ros2_ws/install/turtlebot3_navigation2:/workspace/ros2_ws/install/turtlebot3_fake_node:/workspace/ros2_ws/install/turtlebot3_manipulation_gazebo:/workspace/ros2_ws/install/turtlebot3_gazebo:/workspace/ros2_ws/install/turtlebot3_description:/workspace/ros2_ws/install/turtlebot3_cartographer PYTHONPATH=/workspace/ros2_ws/build/turtlebot3_example/prefix_override:/usr/lib/python3/dist-packages/colcon_core/task/python/colcon_distutils_commands:/workspace/ros2_ws/install/turtlebot3_example/lib/python3.10/site-packages:${PYTHONPATH} /usr/bin/python3 -W ignore:setup.py install is deprecated -W ignore:easy_install command is deprecated setup.py egg_info --egg-base ../../build/turtlebot3_example build --build-base /workspace/ros2_ws/build/turtlebot3_example/build install --record /workspace/ros2_ws/build/turtlebot3_example/install.log --single-version-externally-managed install_data --force
[0.677s] running egg_info
[0.677s] writing ../../build/turtlebot3_example/turtlebot3_example.egg-info/PKG-INFO
[0.677s] writing dependency_links to ../../build/turtlebot3_example/turtlebot3_example.egg-info/dependency_links.txt
[0.677s] writing entry points to ../../build/turtlebot3_example/turtlebot3_example.egg-info/entry_points.txt
[0.677s] writing requirements to ../../build/turtlebot3_example/turtlebot3_example.egg-info/requires.txt
[0.678s] writing top-level names to ../../build/turtlebot3_example/turtlebot3_example.egg-info/top_level.txt
[0.679s] reading manifest file '../../build/turtlebot3_example/turtlebot3_example.egg-info/SOURCES.txt'
[0.679s] writing manifest file '../../build/turtlebot3_example/turtlebot3_example.egg-info/SOURCES.txt'
[0.680s] running build
[0.680s] running build_py
[0.680s] creating /workspace/ros2_ws/build/turtlebot3_example/build
[0.680s] creating /workspace/ros2_ws/build/turtlebot3_example/build/lib
[0.680s] creating /workspace/ros2_ws/build/turtlebot3_example/build/lib/turtlebot3_example
[0.680s] copying turtlebot3_example/__init__.py -> /workspace/ros2_ws/build/turtlebot3_example/build/lib/turtlebot3_example
[0.680s] creating /workspace/ros2_ws/build/turtlebot3_example/build/lib/turtlebot3_example/turtlebot3_obstacle_detection
[0.680s] copying turtlebot3_example/turtlebot3_obstacle_detection/__init__.py -> /workspace/ros2_ws/build/turtlebot3_example/build/lib/turtlebot3_example/turtlebot3_obstacle_detection
[0.680s] copying turtlebot3_example/turtlebot3_obstacle_detection/turtlebot3_obstacle_detection.py -> /workspace/ros2_ws/build/turtlebot3_example/build/lib/turtlebot3_example/turtlebot3_obstacle_detection
[0.681s] creating /workspace/ros2_ws/build/turtlebot3_example/build/lib/turtlebot3_example/turtlebot3_absolute_move
[0.681s] copying turtlebot3_example/turtlebot3_absolute_move/turtlebot3_absolute_move.py -> /workspace/ros2_ws/build/turtlebot3_example/build/lib/turtlebot3_example/turtlebot3_absolute_move
[0.681s] copying turtlebot3_example/turtlebot3_absolute_move/__init__.py -> /workspace/ros2_ws/build/turtlebot3_example/build/lib/turtlebot3_example/turtlebot3_absolute_move
[0.681s] creating /workspace/ros2_ws/build/turtlebot3_example/build/lib/turtlebot3_example/turtlebot3_interactive_marker
[0.681s] copying turtlebot3_example/turtlebot3_interactive_marker/__init__.py -> /workspace/ros2_ws/build/turtlebot3_example/build/lib/turtlebot3_example/turtlebot3_interactive_marker
[0.681s] copying turtlebot3_example/turtlebot3_interactive_marker/turtlebot3_interactive_marker.py -> /workspace/ros2_ws/build/turtlebot3_example/build/lib/turtlebot3_example/turtlebot3_interactive_marker
[0.682s] creating /workspace/ros2_ws/build/turtlebot3_example/build/lib/turtlebot3_example/turtlebot3_relative_move
[0.682s] copying turtlebot3_example/turtlebot3_relative_move/__init__.py -> /workspace/ros2_ws/build/turtlebot3_example/build/lib/turtlebot3_example/turtlebot3_relative_move
[0.682s] copying turtlebot3_example/turtlebot3_relative_move/turtlebot3_relative_move.py -> /workspace/ros2_ws/build/turtlebot3_example/build/lib/turtlebot3_example/turtlebot3_relative_move
[0.682s] creating /workspace/ros2_ws/build/turtlebot3_example/build/lib/turtlebot3_example/turtlebot3_patrol
[0.682s] copying turtlebot3_example/turtlebot3_patrol/__init__.py -> /workspace/ros2_ws/build/turtlebot3_example/build/lib/turtlebot3_example/turtlebot3_patrol
[0.682s] copying turtlebot3_example/turtlebot3_patrol/turtlebot3_patrol_server.py -> /workspace/ros2_ws/build/turtlebot3_example/build/lib/turtlebot3_example/turtlebot3_patrol
[0.682s] copying turtlebot3_example/turtlebot3_patrol/turtlebot3_patrol_client.py -> /workspace/ros2_ws/build/turtlebot3_example/build/lib/turtlebot3_example/turtlebot3_patrol
[0.682s] running install
[0.682s] running install_lib
[0.683s] creating /workspace/ros2_ws/install/turtlebot3_example/lib/python3.10/site-packages/turtlebot3_example
[0.683s] creating /workspace/ros2_ws/install/turtlebot3_example/lib/python3.10/site-packages/turtlebot3_example/turtlebot3_obstacle_detection
[0.683s] copying /workspace/ros2_ws/build/turtlebot3_example/build/lib/turtlebot3_example/turtlebot3_obstacle_detection/__init__.py -> /workspace/ros2_ws/install/turtlebot3_example/lib/python3.10/site-packages/turtlebot3_example/turtlebot3_obstacle_detection
[0.683s] copying /workspace/ros2_ws/build/turtlebot3_example/build/lib/turtlebot3_example/turtlebot3_obstacle_detection/turtlebot3_obstacle_detection.py -> /workspace/ros2_ws/install/turtlebot3_example/lib/python3.10/site-packages/turtlebot3_example/turtlebot3_obstacle_detection
[0.683s] copying /workspace/ros2_ws/build/turtlebot3_example/build/lib/turtlebot3_example/__init__.py -> /workspace/ros2_ws/install/turtlebot3_example/lib/python3.10/site-packages/turtlebot3_example
[0.683s] creating /workspace/ros2_ws/install/turtlebot3_example/lib/python3.10/site-packages/turtlebot3_example/turtlebot3_absolute_move
[0.684s] copying /workspace/ros2_ws/build/turtlebot3_example/build/lib/turtlebot3_example/turtlebot3_absolute_move/turtlebot3_absolute_move.py -> /workspace/ros2_ws/install/turtlebot3_example/lib/python3.10/site-packages/turtlebot3_example/turtlebot3_absolute_move
[0.684s] copying /workspace/ros2_ws/build/turtlebot3_example/build/lib/turtlebot3_example/turtlebot3_absolute_move/__init__.py -> /workspace/ros2_ws/install/turtlebot3_example/lib/python3.10/site-packages/turtlebot3_example/turtlebot3_absolute_move
[0.684s] creating /workspace/ros2_ws/install/turtlebot3_example/lib/python3.10/site-packages/turtlebot3_example/turtlebot3_interactive_marker
[0.684s] copying /workspace/ros2_ws/build/turtlebot3_example/build/lib/turtlebot3_example/turtlebot3_interactive_marker/__init__.py -> /workspace/ros2_ws/install/turtlebot3_example/lib/python3.10/site-packages/turtlebot3_example/turtlebot3_interactive_marker
[0.684s] copying /workspace/ros2_ws/build/turtlebot3_example/build/lib/turtlebot3_example/turtlebot3_interactive_marker/turtlebot3_interactive_marker.py -> /workspace/ros2_ws/install/turtlebot3_example/lib/python3.10/site-packages/turtlebot3_example/turtlebot3_interactive_marker
[0.684s] creating /workspace/ros2_ws/install/turtlebot3_example/lib/python3.10/site-packages/turtlebot3_example/turtlebot3_relative_move
[0.684s] copying /workspace/ros2_ws/build/turtlebot3_example/build/lib/turtlebot3_example/turtlebot3_relative_move/__init__.py -> /workspace/ros2_ws/install/turtlebot3_example/lib/python3.10/site-packages/turtlebot3_example/turtlebot3_relative_move
[0.684s] copying /workspace/ros2_ws/build/turtlebot3_example/build/lib/turtlebot3_example/turtlebot3_relative_move/turtlebot3_relative_move.py -> /workspace/ros2_ws/install/turtlebot3_example/lib/python3.10/site-packages/turtlebot3_example/turtlebot3_relative_move
[0.684s] creating /workspace/ros2_ws/install/turtlebot3_example/lib/python3.10/site-packages/turtlebot3_example/turtlebot3_patrol
[0.684s] copying /workspace/ros2_ws/build/turtlebot3_example/build/lib/turtlebot3_example/turtlebot3_patrol/__init__.py -> /workspace/ros2_ws/install/turtlebot3_example/lib/python3.10/site-packages/turtlebot3_example/turtlebot3_patrol
[0.684s] copying /workspace/ros2_ws/build/turtlebot3_example/build/lib/turtlebot3_example/turtlebot3_patrol/turtlebot3_patrol_server.py -> /workspace/ros2_ws/install/turtlebot3_example/lib/python3.10/site-packages/turtlebot3_example/turtlebot3_patrol
[0.684s] copying /workspace/ros2_ws/build/turtlebot3_example/build/lib/turtlebot3_example/turtlebot3_patrol/turtlebot3_patrol_client.py -> /workspace/ros2_ws/install/turtlebot3_example/lib/python3.10/site-packages/turtlebot3_example/turtlebot3_patrol
[0.685s] byte-compiling /workspace/ros2_ws/install/turtlebot3_example/lib/python3.10/site-packages/turtlebot3_example/turtlebot3_obstacle_detection/__init__.py to __init__.cpython-310.pyc
[0.685s] byte-compiling /workspace/ros2_ws/install/turtlebot3_example/lib/python3.10/site-packages/turtlebot3_example/turtlebot3_obstacle_detection/turtlebot3_obstacle_detection.py to turtlebot3_obstacle_detection.cpython-310.pyc
[0.685s] byte-compiling /workspace/ros2_ws/install/turtlebot3_example/lib/python3.10/site-packages/turtlebot3_example/__init__.py to __init__.cpython-310.pyc
[0.685s] byte-compiling /workspace/ros2_ws/install/turtlebot3_example/lib/python3.10/site-packages/turtlebot3_example/turtlebot3_absolute_move/turtlebot3_absolute_move.py to turtlebot3_absolute_move.cpython-310.pyc
[0.687s] byte-compiling /workspace/ros2_ws/install/turtlebot3_example/lib/python3.10/site-packages/turtlebot3_example/turtlebot3_absolute_move/__init__.py to __init__.cpython-310.pyc
[0.687s] byte-compiling /workspace/ros2_ws/install/turtlebot3_example/lib/python3.10/site-packages/turtlebot3_example/turtlebot3_interactive_marker/__init__.py to __init__.cpython-310.pyc
[0.687s] byte-compiling /workspace/ros2_ws/install/turtlebot3_example/lib/python3.10/site-packages/turtlebot3_example/turtlebot3_interactive_marker/turtlebot3_interactive_marker.py to turtlebot3_interactive_marker.cpython-310.pyc
[0.687s] byte-compiling /workspace/ros2_ws/install/turtlebot3_example/lib/python3.10/site-packages/turtlebot3_example/turtlebot3_relative_move/__init__.py to __init__.cpython-310.pyc
[0.688s] byte-compiling /workspace/ros2_ws/install/turtlebot3_example/lib/python3.10/site-packages/turtlebot3_example/turtlebot3_relative_move/turtlebot3_relative_move.py to turtlebot3_relative_move.cpython-310.pyc
[0.688s] byte-compiling /workspace/ros2_ws/install/turtlebot3_example/lib/python3.10/site-packages/turtlebot3_example/turtlebot3_patrol/__init__.py to __init__.cpython-310.pyc
[0.688s] byte-compiling /workspace/ros2_ws/install/turtlebot3_example/lib/python3.10/site-packages/turtlebot3_example/turtlebot3_patrol/turtlebot3_patrol_server.py to turtlebot3_patrol_server.cpython-310.pyc
[0.688s] byte-compiling /workspace/ros2_ws/install/turtlebot3_example/lib/python3.10/site-packages/turtlebot3_example/turtlebot3_patrol/turtlebot3_patrol_client.py to turtlebot3_patrol_client.cpython-310.pyc
[0.689s] running install_data
[0.689s] copying resource/turtlebot3_example -> /workspace/ros2_ws/install/turtlebot3_example/share/ament_index/resource_index/packages
[0.689s] copying package.xml -> /workspace/ros2_ws/install/turtlebot3_example/share/turtlebot3_example
[0.689s] running install_egg_info
[0.690s] Copying ../../build/turtlebot3_example/turtlebot3_example.egg-info to /workspace/ros2_ws/install/turtlebot3_example/lib/python3.10/site-packages/turtlebot3_example-2.3.6-py3.10.egg-info
[0.690s] running install_scripts
[0.704s] Installing turtlebot3_absolute_move script to /workspace/ros2_ws/install/turtlebot3_example/lib/turtlebot3_example
[0.704s] Installing turtlebot3_interactive_marker script to /workspace/ros2_ws/install/turtlebot3_example/lib/turtlebot3_example
[0.704s] Installing turtlebot3_obstacle_detection script to /workspace/ros2_ws/install/turtlebot3_example/lib/turtlebot3_example
[0.704s] Installing turtlebot3_patrol_client script to /workspace/ros2_ws/install/turtlebot3_example/lib/turtlebot3_example
[0.704s] Installing turtlebot3_patrol_server script to /workspace/ros2_ws/install/turtlebot3_example/lib/turtlebot3_example
[0.704s] Installing turtlebot3_relative_move script to /workspace/ros2_ws/install/turtlebot3_example/lib/turtlebot3_example
[0.705s] writing list of installed files to '/workspace/ros2_ws/build/turtlebot3_example/install.log'
[0.718s] Invoked command in '/workspace/ros2_ws/turtlebot3/turtlebot3_example' returned '0': CMAKE_PREFIX_PATH=/workspace/ros2_ws/install/turtlebot3_msgs:/workspace/ros2_ws/install/turtlebot3:/workspace/ros2_ws/install/turtlebot3_simulations:/workspace/ros2_ws/install/turtlebot3_bringup:/workspace/ros2_ws/install/turtlebot3_node:/workspace/ros2_ws/install/turtlebot3_navigation2:/workspace/ros2_ws/install/turtlebot3_fake_node:/workspace/ros2_ws/install/turtlebot3_manipulation_gazebo:/workspace/ros2_ws/install/turtlebot3_gazebo:/workspace/ros2_ws/install/turtlebot3_description:/workspace/ros2_ws/install/turtlebot3_cartographer PYTHONPATH=/workspace/ros2_ws/build/turtlebot3_example/prefix_override:/usr/lib/python3/dist-packages/colcon_core/task/python/colcon_distutils_commands:/workspace/ros2_ws/install/turtlebot3_example/lib/python3.10/site-packages:${PYTHONPATH} /usr/bin/python3 -W ignore:setup.py install is deprecated -W ignore:easy_install command is deprecated setup.py egg_info --egg-base ../../build/turtlebot3_example build --build-base /workspace/ros2_ws/build/turtlebot3_example/build install --record /workspace/ros2_ws/build/turtlebot3_example/install.log --single-version-externally-managed install_data --force
