[0.553s] Invoking command in '/workspace/ros2_ws/src/maze_pkg': PYTHONPATH=/workspace/ros2_ws/build/maze_pkg/prefix_override:/usr/lib/python3/dist-packages/colcon_core/task/python/colcon_distutils_commands:/workspace/ros2_ws/install/maze_pkg/lib/python3.10/site-packages:${PYTHONPATH} /usr/bin/python3 -W ignore:setup.py install is deprecated -W ignore:easy_install command is deprecated setup.py egg_info --egg-base ../../build/maze_pkg build --build-base /workspace/ros2_ws/build/maze_pkg/build install --record /workspace/ros2_ws/build/maze_pkg/install.log --single-version-externally-managed install_data
[0.657s] running egg_info
[0.657s] writing ../../build/maze_pkg/maze_pkg.egg-info/PKG-INFO
[0.657s] writing dependency_links to ../../build/maze_pkg/maze_pkg.egg-info/dependency_links.txt
[0.658s] writing entry points to ../../build/maze_pkg/maze_pkg.egg-info/entry_points.txt
[0.658s] writing requirements to ../../build/maze_pkg/maze_pkg.egg-info/requires.txt
[0.658s] writing top-level names to ../../build/maze_pkg/maze_pkg.egg-info/top_level.txt
[0.658s] reading manifest file '../../build/maze_pkg/maze_pkg.egg-info/SOURCES.txt'
[0.659s] writing manifest file '../../build/maze_pkg/maze_pkg.egg-info/SOURCES.txt'
[0.659s] running build
[0.659s] running build_py
[0.659s] running install
[0.659s] running install_lib
[0.660s] running install_data
[0.660s] running install_egg_info
[0.661s] removing '/workspace/ros2_ws/install/maze_pkg/lib/python3.10/site-packages/maze_pkg-0.0.0-py3.10.egg-info' (and everything under it)
[0.661s] Copying ../../build/maze_pkg/maze_pkg.egg-info to /workspace/ros2_ws/install/maze_pkg/lib/python3.10/site-packages/maze_pkg-0.0.0-py3.10.egg-info
[0.662s] running install_scripts
[0.672s] Installing pledge_maze script to /workspace/ros2_ws/install/maze_pkg/lib/maze_pkg
[0.673s] Installing res_maze script to /workspace/ros2_ws/install/maze_pkg/lib/maze_pkg
[0.673s] writing list of installed files to '/workspace/ros2_ws/build/maze_pkg/install.log'
[0.691s] Invoked command in '/workspace/ros2_ws/src/maze_pkg' returned '0': PYTHONPATH=/workspace/ros2_ws/build/maze_pkg/prefix_override:/usr/lib/python3/dist-packages/colcon_core/task/python/colcon_distutils_commands:/workspace/ros2_ws/install/maze_pkg/lib/python3.10/site-packages:${PYTHONPATH} /usr/bin/python3 -W ignore:setup.py install is deprecated -W ignore:easy_install command is deprecated setup.py egg_info --egg-base ../../build/maze_pkg build --build-base /workspace/ros2_ws/build/maze_pkg/build install --record /workspace/ros2_ws/build/maze_pkg/install.log --single-version-externally-managed install_data
