[0.652s] Invoking command in '/workspace/ros2_ws/src/mi_accion': PYTHONPATH=/workspace/ros2_ws/build/mi_accion/prefix_override:/usr/lib/python3/dist-packages/colcon_core/task/python/colcon_distutils_commands:/workspace/ros2_ws/install/mi_accion/lib/python3.10/site-packages:${PYTHONPATH} /usr/bin/python3 -W ignore:setup.py install is deprecated -W ignore:easy_install command is deprecated setup.py egg_info --egg-base ../../build/mi_accion build --build-base /workspace/ros2_ws/build/mi_accion/build install --record /workspace/ros2_ws/build/mi_accion/install.log --single-version-externally-managed install_data
[0.860s] running egg_info
[0.860s] writing ../../build/mi_accion/mi_accion.egg-info/PKG-INFO
[0.861s] writing dependency_links to ../../build/mi_accion/mi_accion.egg-info/dependency_links.txt
[0.861s] writing entry points to ../../build/mi_accion/mi_accion.egg-info/entry_points.txt
[0.861s] writing requirements to ../../build/mi_accion/mi_accion.egg-info/requires.txt
[0.861s] writing top-level names to ../../build/mi_accion/mi_accion.egg-info/top_level.txt
[0.862s] reading manifest file '../../build/mi_accion/mi_accion.egg-info/SOURCES.txt'
[0.862s] adding license file 'LICENSE'
[0.863s] writing manifest file '../../build/mi_accion/mi_accion.egg-info/SOURCES.txt'
[0.863s] running build
[0.863s] running build_py
[0.863s] running install
[0.863s] running install_lib
[0.865s] running install_data
[0.865s] running install_egg_info
[0.866s] removing '/workspace/ros2_ws/install/mi_accion/lib/python3.10/site-packages/mi_accion-0.0.0-py3.10.egg-info' (and everything under it)
[0.866s] Copying ../../build/mi_accion/mi_accion.egg-info to /workspace/ros2_ws/install/mi_accion/lib/python3.10/site-packages/mi_accion-0.0.0-py3.10.egg-info
[0.868s] running install_scripts
[0.892s] Installing client script to /workspace/ros2_ws/install/mi_accion/lib/mi_accion
[0.893s] Installing ejclient script to /workspace/ros2_ws/install/mi_accion/lib/mi_accion
[0.893s] Installing ejserver script to /workspace/ros2_ws/install/mi_accion/lib/mi_accion
[0.893s] Installing server script to /workspace/ros2_ws/install/mi_accion/lib/mi_accion
[0.893s] writing list of installed files to '/workspace/ros2_ws/build/mi_accion/install.log'
[0.917s] Invoked command in '/workspace/ros2_ws/src/mi_accion' returned '0': PYTHONPATH=/workspace/ros2_ws/build/mi_accion/prefix_override:/usr/lib/python3/dist-packages/colcon_core/task/python/colcon_distutils_commands:/workspace/ros2_ws/install/mi_accion/lib/python3.10/site-packages:${PYTHONPATH} /usr/bin/python3 -W ignore:setup.py install is deprecated -W ignore:easy_install command is deprecated setup.py egg_info --egg-base ../../build/mi_accion build --build-base /workspace/ros2_ws/build/mi_accion/build install --record /workspace/ros2_ws/build/mi_accion/install.log --single-version-externally-managed install_data
