[0.653s] Invoking command in '/workspace/ros2_ws/src/maze_pkg': PYTHONPATH=/workspace/build/maze_pkg/prefix_override:/usr/lib/python3/dist-packages/colcon_core/task/python/colcon_distutils_commands:/workspace/install/maze_pkg/lib/python3.10/site-packages:${PYTHONPATH} /usr/bin/python3 -W ignore:setup.py install is deprecated -W ignore:easy_install command is deprecated setup.py egg_info --egg-base ../../../build/maze_pkg build --build-base /workspace/build/maze_pkg/build install --record /workspace/build/maze_pkg/install.log --single-version-externally-managed install_data
[0.756s] running egg_info
[0.756s] writing ../../../build/maze_pkg/maze_pkg.egg-info/PKG-INFO
[0.756s] writing dependency_links to ../../../build/maze_pkg/maze_pkg.egg-info/dependency_links.txt
[0.756s] writing entry points to ../../../build/maze_pkg/maze_pkg.egg-info/entry_points.txt
[0.756s] writing requirements to ../../../build/maze_pkg/maze_pkg.egg-info/requires.txt
[0.756s] writing top-level names to ../../../build/maze_pkg/maze_pkg.egg-info/top_level.txt
[0.757s] reading manifest file '../../../build/maze_pkg/maze_pkg.egg-info/SOURCES.txt'
[0.758s] writing manifest file '../../../build/maze_pkg/maze_pkg.egg-info/SOURCES.txt'
[0.758s] running build
[0.758s] running build_py
[0.758s] copying maze_pkg/pledge_maze.py -> /workspace/build/maze_pkg/build/lib/maze_pkg
[0.758s] running install
[0.758s] running install_lib
[0.759s] copying /workspace/build/maze_pkg/build/lib/maze_pkg/pledge_maze.py -> /workspace/install/maze_pkg/lib/python3.10/site-packages/maze_pkg
[0.759s] byte-compiling /workspace/install/maze_pkg/lib/python3.10/site-packages/maze_pkg/pledge_maze.py to pledge_maze.cpython-310.pyc
[0.759s] running install_data
[0.759s] copying launch/maze_3.launch.py -> /workspace/install/maze_pkg/share/maze_pkg/launch
[0.760s] copying worlds/maze_3.world -> /workspace/install/maze_pkg/share/maze_pkg/worlds
[0.760s] creating /workspace/install/maze_pkg/share/maze_pkg/models/maze_3
[0.761s] copying models/maze_3/model.config -> /workspace/install/maze_pkg/share/maze_pkg/models/maze_3
[0.761s] copying models/maze_3/model.sdf -> /workspace/install/maze_pkg/share/maze_pkg/models/maze_3
[0.761s] running install_egg_info
[0.762s] removing '/workspace/install/maze_pkg/lib/python3.10/site-packages/maze_pkg-0.0.0-py3.10.egg-info' (and everything under it)
[0.762s] Copying ../../../build/maze_pkg/maze_pkg.egg-info to /workspace/install/maze_pkg/lib/python3.10/site-packages/maze_pkg-0.0.0-py3.10.egg-info
[0.763s] running install_scripts
[0.773s] Installing pledge_maze script to /workspace/install/maze_pkg/lib/maze_pkg
[0.773s] Installing res_maze script to /workspace/install/maze_pkg/lib/maze_pkg
[0.774s] writing list of installed files to '/workspace/build/maze_pkg/install.log'
[0.789s] Invoked command in '/workspace/ros2_ws/src/maze_pkg' returned '0': PYTHONPATH=/workspace/build/maze_pkg/prefix_override:/usr/lib/python3/dist-packages/colcon_core/task/python/colcon_distutils_commands:/workspace/install/maze_pkg/lib/python3.10/site-packages:${PYTHONPATH} /usr/bin/python3 -W ignore:setup.py install is deprecated -W ignore:easy_install command is deprecated setup.py egg_info --egg-base ../../../build/maze_pkg build --build-base /workspace/build/maze_pkg/build install --record /workspace/build/maze_pkg/install.log --single-version-externally-managed install_data
