[2.358s] Invoking command in '/workspace/ros2_ws/build/turtlebot3_teleop': PYTHONPATH=/workspace/ros2_ws/build/turtlebot3_teleop/prefix_override:/usr/lib/python3/dist-packages/colcon_core/task/python/colcon_distutils_commands:/workspace/ros2_ws/install/turtlebot3_teleop/lib/python3.10/site-packages:${PYTHONPATH} /usr/bin/python3 -W ignore:setup.py install is deprecated -W ignore:easy_install command is deprecated setup.py develop --editable --build-directory /workspace/ros2_ws/build/turtlebot3_teleop/build --no-deps symlink_data
[2.791s] running develop
[3.220s] running egg_info
[3.221s] creating turtlebot3_teleop.egg-info
[3.221s] writing turtlebot3_teleop.egg-info/PKG-INFO
[3.234s] writing dependency_links to turtlebot3_teleop.egg-info/dependency_links.txt
[3.234s] writing entry points to turtlebot3_teleop.egg-info/entry_points.txt
[3.234s] writing requirements to turtlebot3_teleop.egg-info/requires.txt
[3.234s] writing top-level names to turtlebot3_teleop.egg-info/top_level.txt
[3.234s] writing manifest file 'turtlebot3_teleop.egg-info/SOURCES.txt'
[3.249s] reading manifest file 'turtlebot3_teleop.egg-info/SOURCES.txt'
[3.250s] writing manifest file 'turtlebot3_teleop.egg-info/SOURCES.txt'
[3.252s] running build_ext
[3.253s] Creating /workspace/ros2_ws/install/turtlebot3_teleop/lib/python3.10/site-packages/turtlebot3-teleop.egg-link (link to .)
[3.254s] Installing teleop_keyboard script to /workspace/ros2_ws/install/turtlebot3_teleop/lib/turtlebot3_teleop
[3.255s] 
[3.259s] Installed /workspace/ros2_ws/build/turtlebot3_teleop
[3.260s] running symlink_data
[3.260s] creating /workspace/ros2_ws/install/turtlebot3_teleop/share/ament_index
[3.261s] creating /workspace/ros2_ws/install/turtlebot3_teleop/share/ament_index/resource_index
[3.261s] creating /workspace/ros2_ws/install/turtlebot3_teleop/share/ament_index/resource_index/packages
[3.261s] symbolically linking /workspace/ros2_ws/build/turtlebot3_teleop/resource/turtlebot3_teleop -> /workspace/ros2_ws/install/turtlebot3_teleop/share/ament_index/resource_index/packages
[3.261s] symbolically linking /workspace/ros2_ws/build/turtlebot3_teleop/package.xml -> /workspace/ros2_ws/install/turtlebot3_teleop/share/turtlebot3_teleop
[3.320s] Invoked command in '/workspace/ros2_ws/build/turtlebot3_teleop' returned '0': PYTHONPATH=/workspace/ros2_ws/build/turtlebot3_teleop/prefix_override:/usr/lib/python3/dist-packages/colcon_core/task/python/colcon_distutils_commands:/workspace/ros2_ws/install/turtlebot3_teleop/lib/python3.10/site-packages:${PYTHONPATH} /usr/bin/python3 -W ignore:setup.py install is deprecated -W ignore:easy_install command is deprecated setup.py develop --editable --build-directory /workspace/ros2_ws/build/turtlebot3_teleop/build --no-deps symlink_data
