[0.587s] Invoking command in '/workspace/ros2_ws/src/maze_pkg': PYTHONPATH=/workspace/build/maze_pkg/prefix_override:/usr/lib/python3/dist-packages/colcon_core/task/python/colcon_distutils_commands:/workspace/install/maze_pkg/lib/python3.10/site-packages:${PYTHONPATH} /usr/bin/python3 -W ignore:setup.py install is deprecated -W ignore:easy_install command is deprecated setup.py egg_info --egg-base ../../../build/maze_pkg build --build-base /workspace/build/maze_pkg/build install --record /workspace/build/maze_pkg/install.log --single-version-externally-managed install_data
[0.713s] running egg_info
[0.713s] writing ../../../build/maze_pkg/maze_pkg.egg-info/PKG-INFO
[0.714s] writing dependency_links to ../../../build/maze_pkg/maze_pkg.egg-info/dependency_links.txt
[0.714s] writing entry points to ../../../build/maze_pkg/maze_pkg.egg-info/entry_points.txt
[0.714s] writing requirements to ../../../build/maze_pkg/maze_pkg.egg-info/requires.txt
[0.714s] writing top-level names to ../../../build/maze_pkg/maze_pkg.egg-info/top_level.txt
[0.714s] reading manifest file '../../../build/maze_pkg/maze_pkg.egg-info/SOURCES.txt'
[0.715s] writing manifest file '../../../build/maze_pkg/maze_pkg.egg-info/SOURCES.txt'
[0.715s] running build
[0.715s] running build_py
[0.715s] running install
[0.715s] running install_lib
[0.716s] running install_data
[0.716s] running install_egg_info
[0.716s] removing '/workspace/install/maze_pkg/lib/python3.10/site-packages/maze_pkg-0.0.0-py3.10.egg-info' (and everything under it)
[0.717s] Copying ../../../build/maze_pkg/maze_pkg.egg-info to /workspace/install/maze_pkg/lib/python3.10/site-packages/maze_pkg-0.0.0-py3.10.egg-info
[0.717s] running install_scripts
[0.730s] Installing res_maze script to /workspace/install/maze_pkg/lib/maze_pkg
[0.730s] writing list of installed files to '/workspace/build/maze_pkg/install.log'
[0.753s] Invoked command in '/workspace/ros2_ws/src/maze_pkg' returned '0': PYTHONPATH=/workspace/build/maze_pkg/prefix_override:/usr/lib/python3/dist-packages/colcon_core/task/python/colcon_distutils_commands:/workspace/install/maze_pkg/lib/python3.10/site-packages:${PYTHONPATH} /usr/bin/python3 -W ignore:setup.py install is deprecated -W ignore:easy_install command is deprecated setup.py egg_info --egg-base ../../../build/maze_pkg build --build-base /workspace/build/maze_pkg/build install --record /workspace/build/maze_pkg/install.log --single-version-externally-managed install_data
