[0.043s] Invoking command in '/workspace/build/turtlebot3_description': CMAKE_PREFIX_PATH=${CMAKE_PREFIX_PATH}:/workspace/ros2_ws/install/turtlebot3_teleop:/workspace/ros2_ws/install/turtlebot3_example:/workspace/ros2_ws/install/maze_pkg:/opt/ros/humble /usr/bin/cmake --build /workspace/build/turtlebot3_description -- -j20 -l20
[0.367s] Invoked command in '/workspace/build/turtlebot3_description' returned '0': CMAKE_PREFIX_PATH=${CMAKE_PREFIX_PATH}:/workspace/ros2_ws/install/turtlebot3_teleop:/workspace/ros2_ws/install/turtlebot3_example:/workspace/ros2_ws/install/maze_pkg:/opt/ros/humble /usr/bin/cmake --build /workspace/build/turtlebot3_description -- -j20 -l20
[0.373s] Invoking command in '/workspace/build/turtlebot3_description': CMAKE_PREFIX_PATH=${CMAKE_PREFIX_PATH}:/workspace/ros2_ws/install/turtlebot3_teleop:/workspace/ros2_ws/install/turtlebot3_example:/workspace/ros2_ws/install/maze_pkg:/opt/ros/humble /usr/bin/cmake --install /workspace/build/turtlebot3_description
[0.383s] -- Install configuration: ""
[0.383s] -- Up-to-date: /workspace/install/turtlebot3_description/share/turtlebot3_description/meshes
[0.383s] -- Up-to-date: /workspace/install/turtlebot3_description/share/turtlebot3_description/meshes/bases
[0.384s] -- Up-to-date: /workspace/install/turtlebot3_description/share/turtlebot3_description/meshes/bases/burger_base.stl
[0.384s] -- Up-to-date: /workspace/install/turtlebot3_description/share/turtlebot3_description/meshes/bases/waffle_pi_base.stl
[0.384s] -- Up-to-date: /workspace/install/turtlebot3_description/share/turtlebot3_description/meshes/bases/waffle_base.stl
[0.385s] -- Up-to-date: /workspace/install/turtlebot3_description/share/turtlebot3_description/meshes/wheels
[0.386s] -- Up-to-date: /workspace/install/turtlebot3_description/share/turtlebot3_description/meshes/wheels/right_tire.stl
[0.386s] -- Up-to-date: /workspace/install/turtlebot3_description/share/turtlebot3_description/meshes/wheels/left_tire.stl
[0.386s] -- Up-to-date: /workspace/install/turtlebot3_description/share/turtlebot3_description/meshes/sensors
[0.387s] -- Up-to-date: /workspace/install/turtlebot3_description/share/turtlebot3_description/meshes/sensors/astra.dae
[0.387s] -- Up-to-date: /workspace/install/turtlebot3_description/share/turtlebot3_description/meshes/sensors/astra.jpg
[0.387s] -- Up-to-date: /workspace/install/turtlebot3_description/share/turtlebot3_description/meshes/sensors/r200.dae
[0.387s] -- Up-to-date: /workspace/install/turtlebot3_description/share/turtlebot3_description/meshes/sensors/lds.stl
[0.387s] -- Up-to-date: /workspace/install/turtlebot3_description/share/turtlebot3_description/meshes/sensors/r200.jpg
[0.387s] -- Up-to-date: /workspace/install/turtlebot3_description/share/turtlebot3_description/rviz
[0.388s] -- Up-to-date: /workspace/install/turtlebot3_description/share/turtlebot3_description/rviz/model.rviz
[0.389s] -- Up-to-date: /workspace/install/turtlebot3_description/share/turtlebot3_description/urdf
[0.389s] -- Up-to-date: /workspace/install/turtlebot3_description/share/turtlebot3_description/urdf/common_properties.urdf
[0.390s] -- Up-to-date: /workspace/install/turtlebot3_description/share/turtlebot3_description/urdf/turtlebot3_waffle_pi.urdf
[0.390s] -- Up-to-date: /workspace/install/turtlebot3_description/share/turtlebot3_description/urdf/turtlebot3_burger.urdf
[0.391s] -- Up-to-date: /workspace/install/turtlebot3_description/share/turtlebot3_description/urdf/turtlebot3_waffle.urdf
[0.391s] -- Up-to-date: /workspace/install/turtlebot3_description/share/ament_index/resource_index/package_run_dependencies/turtlebot3_description
[0.392s] -- Up-to-date: /workspace/install/turtlebot3_description/share/ament_index/resource_index/parent_prefix_path/turtlebot3_description
[0.392s] -- Up-to-date: /workspace/install/turtlebot3_description/share/turtlebot3_description/environment/ament_prefix_path.sh
[0.392s] -- Up-to-date: /workspace/install/turtlebot3_description/share/turtlebot3_description/environment/ament_prefix_path.dsv
[0.392s] -- Up-to-date: /workspace/install/turtlebot3_description/share/turtlebot3_description/environment/path.sh
[0.392s] -- Up-to-date: /workspace/install/turtlebot3_description/share/turtlebot3_description/environment/path.dsv
[0.392s] -- Up-to-date: /workspace/install/turtlebot3_description/share/turtlebot3_description/local_setup.bash
[0.392s] -- Up-to-date: /workspace/install/turtlebot3_description/share/turtlebot3_description/local_setup.sh
[0.392s] -- Up-to-date: /workspace/install/turtlebot3_description/share/turtlebot3_description/local_setup.zsh
[0.392s] -- Up-to-date: /workspace/install/turtlebot3_description/share/turtlebot3_description/local_setup.dsv
[0.392s] -- Installing: /workspace/install/turtlebot3_description/share/turtlebot3_description/package.dsv
[0.393s] -- Up-to-date: /workspace/install/turtlebot3_description/share/ament_index/resource_index/packages/turtlebot3_description
[0.394s] -- Up-to-date: /workspace/install/turtlebot3_description/share/turtlebot3_description/cmake/turtlebot3_descriptionConfig.cmake
[0.394s] -- Up-to-date: /workspace/install/turtlebot3_description/share/turtlebot3_description/cmake/turtlebot3_descriptionConfig-version.cmake
[0.394s] -- Up-to-date: /workspace/install/turtlebot3_description/share/turtlebot3_description/package.xml
[0.415s] Invoked command in '/workspace/build/turtlebot3_description' returned '0': CMAKE_PREFIX_PATH=${CMAKE_PREFIX_PATH}:/workspace/ros2_ws/install/turtlebot3_teleop:/workspace/ros2_ws/install/turtlebot3_example:/workspace/ros2_ws/install/maze_pkg:/opt/ros/humble /usr/bin/cmake --install /workspace/build/turtlebot3_description
