[0.031s] Invoking command in '/workspace/ros2_ws/build/turtlebot3_cartographer': CMAKE_PREFIX_PATH=/opt/ros/humble:/workspace/ros2_ws/install/maze_pkg /usr/bin/cmake /workspace/ros2_ws/turtlebot3/turtlebot3_cartographer -DAMENT_CMAKE_SYMLINK_INSTALL=1 -DCMAKE_INSTALL_PREFIX=/workspace/ros2_ws/install/turtlebot3_cartographer
[0.195s] -- The C compiler identification is GNU 11.4.0
[0.251s] -- The CXX compiler identification is GNU 11.4.0
[0.262s] -- Detecting C compiler ABI info
[0.326s] -- Detecting C compiler ABI info - done
[0.330s] -- Check for working C compiler: /usr/bin/cc - skipped
[0.331s] -- Detecting C compile features
[0.332s] -- Detecting C compile features - done
[0.333s] -- Detecting CXX compiler ABI info
[0.389s] -- Detecting CXX compiler ABI info - done
[0.393s] -- Check for working CXX compiler: /usr/bin/c++ - skipped
[0.393s] -- Detecting CXX compile features
[0.393s] -- Detecting CXX compile features - done
[0.400s] -- Found ament_cmake: 1.3.13 (/opt/ros/humble/share/ament_cmake/cmake)
[0.522s] -- Found Python3: /usr/bin/python3 (found version "3.10.12") found components: Interpreter 
[0.569s] -- Override CMake install command with custom implementation using symlinks instead of copying resources
[0.636s] -- Configuring done
[0.639s] -- Generating done
[0.641s] -- Build files have been written to: /workspace/ros2_ws/build/turtlebot3_cartographer
[0.646s] Invoked command in '/workspace/ros2_ws/build/turtlebot3_cartographer' returned '0': CMAKE_PREFIX_PATH=/opt/ros/humble:/workspace/ros2_ws/install/maze_pkg /usr/bin/cmake /workspace/ros2_ws/turtlebot3/turtlebot3_cartographer -DAMENT_CMAKE_SYMLINK_INSTALL=1 -DCMAKE_INSTALL_PREFIX=/workspace/ros2_ws/install/turtlebot3_cartographer
[0.647s] Invoking command in '/workspace/ros2_ws/build/turtlebot3_cartographer': CMAKE_PREFIX_PATH=/opt/ros/humble:/workspace/ros2_ws/install/maze_pkg /usr/bin/cmake --build /workspace/ros2_ws/build/turtlebot3_cartographer -- -j20 -l20
[0.683s] Invoked command in '/workspace/ros2_ws/build/turtlebot3_cartographer' returned '0': CMAKE_PREFIX_PATH=/opt/ros/humble:/workspace/ros2_ws/install/maze_pkg /usr/bin/cmake --build /workspace/ros2_ws/build/turtlebot3_cartographer -- -j20 -l20
[0.685s] Invoking command in '/workspace/ros2_ws/build/turtlebot3_cartographer': CMAKE_PREFIX_PATH=/opt/ros/humble:/workspace/ros2_ws/install/maze_pkg /usr/bin/cmake --install /workspace/ros2_ws/build/turtlebot3_cartographer
[0.687s] -- Install configuration: ""
[0.687s] -- Execute custom install script
[0.688s] -- Symlinking: /workspace/ros2_ws/install/turtlebot3_cartographer/share/turtlebot3_cartographer/config/turtlebot3_lds_2d.lua
[0.695s] -- Symlinking: /workspace/ros2_ws/install/turtlebot3_cartographer/share/turtlebot3_cartographer/launch/cartographer.launch.py
[0.702s] -- Symlinking: /workspace/ros2_ws/install/turtlebot3_cartographer/share/turtlebot3_cartographer/launch/occupancy_grid.launch.py
[0.708s] -- Symlinking: /workspace/ros2_ws/install/turtlebot3_cartographer/share/turtlebot3_cartographer/rviz/tb3_cartographer.rviz
[0.715s] -- Symlinking: /workspace/ros2_ws/install/turtlebot3_cartographer/share/ament_index/resource_index/package_run_dependencies/turtlebot3_cartographer
[0.720s] -- Symlinking: /workspace/ros2_ws/install/turtlebot3_cartographer/share/ament_index/resource_index/parent_prefix_path/turtlebot3_cartographer
[0.726s] -- Symlinking: /workspace/ros2_ws/install/turtlebot3_cartographer/share/turtlebot3_cartographer/environment/ament_prefix_path.sh
[0.732s] -- Symlinking: /workspace/ros2_ws/install/turtlebot3_cartographer/share/turtlebot3_cartographer/environment/ament_prefix_path.dsv
[0.738s] -- Symlinking: /workspace/ros2_ws/install/turtlebot3_cartographer/share/turtlebot3_cartographer/environment/path.sh
[0.743s] -- Symlinking: /workspace/ros2_ws/install/turtlebot3_cartographer/share/turtlebot3_cartographer/environment/path.dsv
[0.749s] -- Symlinking: /workspace/ros2_ws/install/turtlebot3_cartographer/share/turtlebot3_cartographer/local_setup.bash
[0.754s] -- Symlinking: /workspace/ros2_ws/install/turtlebot3_cartographer/share/turtlebot3_cartographer/local_setup.sh
[0.761s] -- Symlinking: /workspace/ros2_ws/install/turtlebot3_cartographer/share/turtlebot3_cartographer/local_setup.zsh
[0.767s] -- Symlinking: /workspace/ros2_ws/install/turtlebot3_cartographer/share/turtlebot3_cartographer/local_setup.dsv
[0.772s] -- Symlinking: /workspace/ros2_ws/install/turtlebot3_cartographer/share/turtlebot3_cartographer/package.dsv
[0.777s] -- Symlinking: /workspace/ros2_ws/install/turtlebot3_cartographer/share/ament_index/resource_index/packages/turtlebot3_cartographer
[0.782s] -- Symlinking: /workspace/ros2_ws/install/turtlebot3_cartographer/share/turtlebot3_cartographer/cmake/turtlebot3_cartographerConfig.cmake
[0.790s] -- Symlinking: /workspace/ros2_ws/install/turtlebot3_cartographer/share/turtlebot3_cartographer/cmake/turtlebot3_cartographerConfig-version.cmake
[0.795s] -- Symlinking: /workspace/ros2_ws/install/turtlebot3_cartographer/share/turtlebot3_cartographer/package.xml
[0.803s] Invoked command in '/workspace/ros2_ws/build/turtlebot3_cartographer' returned '0': CMAKE_PREFIX_PATH=/opt/ros/humble:/workspace/ros2_ws/install/maze_pkg /usr/bin/cmake --install /workspace/ros2_ws/build/turtlebot3_cartographer
