running egg_info
creating ../../../build/maze_pkg/maze_pkg.egg-info
writing ../../../build/maze_pkg/maze_pkg.egg-info/PKG-INFO
writing dependency_links to ../../../build/maze_pkg/maze_pkg.egg-info/dependency_links.txt
writing entry points to ../../../build/maze_pkg/maze_pkg.egg-info/entry_points.txt
writing requirements to ../../../build/maze_pkg/maze_pkg.egg-info/requires.txt
writing top-level names to ../../../build/maze_pkg/maze_pkg.egg-info/top_level.txt
writing manifest file '../../../build/maze_pkg/maze_pkg.egg-info/SOURCES.txt'
reading manifest file '../../../build/maze_pkg/maze_pkg.egg-info/SOURCES.txt'
writing manifest file '../../../build/maze_pkg/maze_pkg.egg-info/SOURCES.txt'
running build
running build_py
creating /workspace/build/maze_pkg/build
creating /workspace/build/maze_pkg/build/lib
creating /workspace/build/maze_pkg/build/lib/maze_pkg
copying maze_pkg/__init__.py -> /workspace/build/maze_pkg/build/lib/maze_pkg
copying maze_pkg/res_maze.py -> /workspace/build/maze_pkg/build/lib/maze_pkg
running install
running install_lib
creating /workspace/install/maze_pkg/lib/python3.10/site-packages/maze_pkg
copying /workspace/build/maze_pkg/build/lib/maze_pkg/__init__.py -> /workspace/install/maze_pkg/lib/python3.10/site-packages/maze_pkg
copying /workspace/build/maze_pkg/build/lib/maze_pkg/res_maze.py -> /workspace/install/maze_pkg/lib/python3.10/site-packages/maze_pkg
byte-compiling /workspace/install/maze_pkg/lib/python3.10/site-packages/maze_pkg/__init__.py to __init__.cpython-310.pyc
byte-compiling /workspace/install/maze_pkg/lib/python3.10/site-packages/maze_pkg/res_maze.py to res_maze.cpython-310.pyc
running install_data
creating /workspace/install/maze_pkg/share/ament_index
creating /workspace/install/maze_pkg/share/ament_index/resource_index
creating /workspace/install/maze_pkg/share/ament_index/resource_index/packages
copying resource/maze_pkg -> /workspace/install/maze_pkg/share/ament_index/resource_index/packages
copying package.xml -> /workspace/install/maze_pkg/share/maze_pkg
creating /workspace/install/maze_pkg/share/maze_pkg/launch
copying launch/maze_2.launch.py -> /workspace/install/maze_pkg/share/maze_pkg/launch
copying launch/maze_1.launch.py -> /workspace/install/maze_pkg/share/maze_pkg/launch
creating /workspace/install/maze_pkg/share/maze_pkg/worlds
copying worlds/maze_2.world -> /workspace/install/maze_pkg/share/maze_pkg/worlds
copying worlds/maze_1.world -> /workspace/install/maze_pkg/share/maze_pkg/worlds
creating /workspace/install/maze_pkg/share/maze_pkg/models
creating /workspace/install/maze_pkg/share/maze_pkg/models/maze_1
copying models/maze_1/model.config -> /workspace/install/maze_pkg/share/maze_pkg/models/maze_1
copying models/maze_1/model.sdf -> /workspace/install/maze_pkg/share/maze_pkg/models/maze_1
creating /workspace/install/maze_pkg/share/maze_pkg/models/maze_1/maze_1
copying models/maze_1/maze_1/model.config -> /workspace/install/maze_pkg/share/maze_pkg/models/maze_1/maze_1
copying models/maze_1/maze_1/model.sdf -> /workspace/install/maze_pkg/share/maze_pkg/models/maze_1/maze_1
creating /workspace/install/maze_pkg/share/maze_pkg/models/maze_2
copying models/maze_2/model.config -> /workspace/install/maze_pkg/share/maze_pkg/models/maze_2
copying models/maze_2/model.sdf -> /workspace/install/maze_pkg/share/maze_pkg/models/maze_2
running install_egg_info
Copying ../../../build/maze_pkg/maze_pkg.egg-info to /workspace/install/maze_pkg/lib/python3.10/site-packages/maze_pkg-0.0.0-py3.10.egg-info
running install_scripts
Installing res_maze script to /workspace/install/maze_pkg/lib/maze_pkg
writing list of installed files to '/workspace/build/maze_pkg/install.log'
