[0.548s] Invoking command in '/workspace/ros2_ws/src/maze_pkg': PYTHONPATH=/workspace/build/maze_pkg/prefix_override:/usr/lib/python3/dist-packages/colcon_core/task/python/colcon_distutils_commands:/workspace/install/maze_pkg/lib/python3.10/site-packages:${PYTHONPATH} /usr/bin/python3 -W ignore:setup.py install is deprecated -W ignore:easy_install command is deprecated setup.py egg_info --egg-base ../../../build/maze_pkg build --build-base /workspace/build/maze_pkg/build install --record /workspace/build/maze_pkg/install.log --single-version-externally-managed install_data
[0.676s] running egg_info
[0.677s] creating ../../../build/maze_pkg/maze_pkg.egg-info
[0.677s] writing ../../../build/maze_pkg/maze_pkg.egg-info/PKG-INFO
[0.677s] writing dependency_links to ../../../build/maze_pkg/maze_pkg.egg-info/dependency_links.txt
[0.678s] writing entry points to ../../../build/maze_pkg/maze_pkg.egg-info/entry_points.txt
[0.678s] writing requirements to ../../../build/maze_pkg/maze_pkg.egg-info/requires.txt
[0.678s] writing top-level names to ../../../build/maze_pkg/maze_pkg.egg-info/top_level.txt
[0.678s] writing manifest file '../../../build/maze_pkg/maze_pkg.egg-info/SOURCES.txt'
[0.680s] reading manifest file '../../../build/maze_pkg/maze_pkg.egg-info/SOURCES.txt'
[0.680s] writing manifest file '../../../build/maze_pkg/maze_pkg.egg-info/SOURCES.txt'
[0.680s] running build
[0.680s] running build_py
[0.680s] creating /workspace/build/maze_pkg/build
[0.680s] creating /workspace/build/maze_pkg/build/lib
[0.680s] creating /workspace/build/maze_pkg/build/lib/maze_pkg
[0.680s] copying maze_pkg/__init__.py -> /workspace/build/maze_pkg/build/lib/maze_pkg
[0.680s] copying maze_pkg/res_maze.py -> /workspace/build/maze_pkg/build/lib/maze_pkg
[0.680s] running install
[0.681s] running install_lib
[0.681s] creating /workspace/install/maze_pkg/lib/python3.10/site-packages/maze_pkg
[0.681s] copying /workspace/build/maze_pkg/build/lib/maze_pkg/__init__.py -> /workspace/install/maze_pkg/lib/python3.10/site-packages/maze_pkg
[0.681s] copying /workspace/build/maze_pkg/build/lib/maze_pkg/res_maze.py -> /workspace/install/maze_pkg/lib/python3.10/site-packages/maze_pkg
[0.681s] byte-compiling /workspace/install/maze_pkg/lib/python3.10/site-packages/maze_pkg/__init__.py to __init__.cpython-310.pyc
[0.681s] byte-compiling /workspace/install/maze_pkg/lib/python3.10/site-packages/maze_pkg/res_maze.py to res_maze.cpython-310.pyc
[0.681s] running install_data
[0.682s] creating /workspace/install/maze_pkg/share/ament_index
[0.682s] creating /workspace/install/maze_pkg/share/ament_index/resource_index
[0.682s] creating /workspace/install/maze_pkg/share/ament_index/resource_index/packages
[0.682s] copying resource/maze_pkg -> /workspace/install/maze_pkg/share/ament_index/resource_index/packages
[0.682s] copying package.xml -> /workspace/install/maze_pkg/share/maze_pkg
[0.682s] creating /workspace/install/maze_pkg/share/maze_pkg/launch
[0.682s] copying launch/maze_2.launch.py -> /workspace/install/maze_pkg/share/maze_pkg/launch
[0.683s] copying launch/maze_1.launch.py -> /workspace/install/maze_pkg/share/maze_pkg/launch
[0.683s] creating /workspace/install/maze_pkg/share/maze_pkg/worlds
[0.683s] copying worlds/maze_2.world -> /workspace/install/maze_pkg/share/maze_pkg/worlds
[0.683s] copying worlds/maze_1.world -> /workspace/install/maze_pkg/share/maze_pkg/worlds
[0.684s] creating /workspace/install/maze_pkg/share/maze_pkg/models
[0.684s] creating /workspace/install/maze_pkg/share/maze_pkg/models/maze_1
[0.684s] copying models/maze_1/model.config -> /workspace/install/maze_pkg/share/maze_pkg/models/maze_1
[0.684s] copying models/maze_1/model.sdf -> /workspace/install/maze_pkg/share/maze_pkg/models/maze_1
[0.686s] creating /workspace/install/maze_pkg/share/maze_pkg/models/maze_1/maze_1
[0.687s] copying models/maze_1/maze_1/model.config -> /workspace/install/maze_pkg/share/maze_pkg/models/maze_1/maze_1
[0.687s] copying models/maze_1/maze_1/model.sdf -> /workspace/install/maze_pkg/share/maze_pkg/models/maze_1/maze_1
[0.687s] creating /workspace/install/maze_pkg/share/maze_pkg/models/maze_2
[0.687s] copying models/maze_2/model.config -> /workspace/install/maze_pkg/share/maze_pkg/models/maze_2
[0.687s] copying models/maze_2/model.sdf -> /workspace/install/maze_pkg/share/maze_pkg/models/maze_2
[0.688s] running install_egg_info
[0.688s] Copying ../../../build/maze_pkg/maze_pkg.egg-info to /workspace/install/maze_pkg/lib/python3.10/site-packages/maze_pkg-0.0.0-py3.10.egg-info
[0.689s] running install_scripts
[0.702s] Installing res_maze script to /workspace/install/maze_pkg/lib/maze_pkg
[0.703s] writing list of installed files to '/workspace/build/maze_pkg/install.log'
[0.722s] Invoked command in '/workspace/ros2_ws/src/maze_pkg' returned '0': PYTHONPATH=/workspace/build/maze_pkg/prefix_override:/usr/lib/python3/dist-packages/colcon_core/task/python/colcon_distutils_commands:/workspace/install/maze_pkg/lib/python3.10/site-packages:${PYTHONPATH} /usr/bin/python3 -W ignore:setup.py install is deprecated -W ignore:easy_install command is deprecated setup.py egg_info --egg-base ../../../build/maze_pkg build --build-base /workspace/build/maze_pkg/build install --record /workspace/build/maze_pkg/install.log --single-version-externally-managed install_data
