[35m[1mConsolidate compiler generated dependencies of target interfaz_temp__rosidl_generator_c[0m
[  3%] Built target interfaz_temp__cpp
[ 12%] Built target interfaz_temp__rosidl_generator_c
[35m[1mConsolidate compiler generated dependencies of target interfaz_temp__rosidl_typesupport_fastrtps_cpp[0m
[35m[1mConsolidate compiler generated dependencies of target interfaz_temp__rosidl_typesupport_introspection_cpp[0m
[35m[1mConsolidate compiler generated dependencies of target interfaz_temp__rosidl_typesupport_cpp[0m
[ 12%] Built target ament_cmake_python_copy_interfaz_temp
[ 22%] Built target interfaz_temp__rosidl_typesupport_cpp
[ 32%] Built target interfaz_temp__rosidl_typesupport_fastrtps_cpp
[35m[1mConsolidate compiler generated dependencies of target interfaz_temp__rosidl_typesupport_introspection_c[0m
[ 41%] Built target interfaz_temp__rosidl_typesupport_introspection_cpp
[35m[1mConsolidate compiler generated dependencies of target interfaz_temp__rosidl_typesupport_fastrtps_c[0m
[35m[1mConsolidate compiler generated dependencies of target interfaz_temp__rosidl_typesupport_c[0m
[ 61%] Built target interfaz_temp__rosidl_typesupport_fastrtps_c
[ 61%] Built target interfaz_temp__rosidl_typesupport_introspection_c
[ 70%] Built target interfaz_temp__rosidl_typesupport_c
[ 70%] Built target interfaz_temp
[ 74%] Built target interfaz_temp__py
[35m[1mConsolidate compiler generated dependencies of target interfaz_temp__rosidl_generator_py[0m
[ 80%] Built target interfaz_temp__rosidl_generator_py
[35m[1mConsolidate compiler generated dependencies of target interfaz_temp__rosidl_typesupport_fastrtps_c__pyext[0m
[35m[1mConsolidate compiler generated dependencies of target interfaz_temp__rosidl_typesupport_introspection_c__pyext[0m
[35m[1mConsolidate compiler generated dependencies of target interfaz_temp__rosidl_typesupport_c__pyext[0m
[ 87%] Built target interfaz_temp__rosidl_typesupport_introspection_c__pyext
[ 93%] Built target interfaz_temp__rosidl_typesupport_c__pyext
[100%] Built target interfaz_temp__rosidl_typesupport_fastrtps_c__pyext
running egg_info
writing interfaz_temp.egg-info/PKG-INFO
writing dependency_links to interfaz_temp.egg-info/dependency_links.txt
writing top-level names to interfaz_temp.egg-info/top_level.txt
reading manifest file 'interfaz_temp.egg-info/SOURCES.txt'
writing manifest file 'interfaz_temp.egg-info/SOURCES.txt'
[100%] Built target ament_cmake_python_build_interfaz_temp_egg
-- Install configuration: ""
-- Up-to-date: /workspace/ros2_ws/install/interfaz_temp/share/ament_index/resource_index/rosidl_interfaces/interfaz_temp
-- Up-to-date: /workspace/ros2_ws/install/interfaz_temp/include/interfaz_temp/interfaz_temp
-- Up-to-date: /workspace/ros2_ws/install/interfaz_temp/include/interfaz_temp/interfaz_temp/msg
-- Up-to-date: /workspace/ros2_ws/install/interfaz_temp/include/interfaz_temp/interfaz_temp/msg/rosidl_generator_c__visibility_control.h
-- Up-to-date: /workspace/ros2_ws/install/interfaz_temp/include/interfaz_temp/interfaz_temp/srv
-- Up-to-date: /workspace/ros2_ws/install/interfaz_temp/include/interfaz_temp/interfaz_temp/srv/temp_conversion.h
-- Up-to-date: /workspace/ros2_ws/install/interfaz_temp/include/interfaz_temp/interfaz_temp/srv/detail
-- Up-to-date: /workspace/ros2_ws/install/interfaz_temp/include/interfaz_temp/interfaz_temp/srv/detail/temp_conversion__functions.h
-- Up-to-date: /workspace/ros2_ws/install/interfaz_temp/include/interfaz_temp/interfaz_temp/srv/detail/temp_conversion__type_support.h
-- Up-to-date: /workspace/ros2_ws/install/interfaz_temp/include/interfaz_temp/interfaz_temp/srv/detail/temp_conversion__functions.c
-- Up-to-date: /workspace/ros2_ws/install/interfaz_temp/include/interfaz_temp/interfaz_temp/srv/detail/temp_conversion__struct.h
-- Up-to-date: /workspace/ros2_ws/install/interfaz_temp/share/interfaz_temp/environment/library_path.sh
-- Up-to-date: /workspace/ros2_ws/install/interfaz_temp/share/interfaz_temp/environment/library_path.dsv
-- Up-to-date: /workspace/ros2_ws/install/interfaz_temp/lib/libinterfaz_temp__rosidl_generator_c.so
-- Up-to-date: /workspace/ros2_ws/install/interfaz_temp/include/interfaz_temp/interfaz_temp
-- Up-to-date: /workspace/ros2_ws/install/interfaz_temp/include/interfaz_temp/interfaz_temp/msg
-- Up-to-date: /workspace/ros2_ws/install/interfaz_temp/include/interfaz_temp/interfaz_temp/msg/rosidl_typesupport_fastrtps_c__visibility_control.h
-- Up-to-date: /workspace/ros2_ws/install/interfaz_temp/include/interfaz_temp/interfaz_temp/srv
-- Up-to-date: /workspace/ros2_ws/install/interfaz_temp/include/interfaz_temp/interfaz_temp/srv/detail
-- Up-to-date: /workspace/ros2_ws/install/interfaz_temp/include/interfaz_temp/interfaz_temp/srv/detail/temp_conversion__rosidl_typesupport_fastrtps_c.h
-- Up-to-date: /workspace/ros2_ws/install/interfaz_temp/lib/libinterfaz_temp__rosidl_typesupport_fastrtps_c.so
-- Up-to-date: /workspace/ros2_ws/install/interfaz_temp/include/interfaz_temp/interfaz_temp
-- Up-to-date: /workspace/ros2_ws/install/interfaz_temp/include/interfaz_temp/interfaz_temp/msg
-- Up-to-date: /workspace/ros2_ws/install/interfaz_temp/include/interfaz_temp/interfaz_temp/msg/rosidl_typesupport_introspection_c__visibility_control.h
-- Up-to-date: /workspace/ros2_ws/install/interfaz_temp/include/interfaz_temp/interfaz_temp/srv
-- Up-to-date: /workspace/ros2_ws/install/interfaz_temp/include/interfaz_temp/interfaz_temp/srv/detail
-- Up-to-date: /workspace/ros2_ws/install/interfaz_temp/include/interfaz_temp/interfaz_temp/srv/detail/temp_conversion__rosidl_typesupport_introspection_c.h
-- Up-to-date: /workspace/ros2_ws/install/interfaz_temp/include/interfaz_temp/interfaz_temp/srv/detail/temp_conversion__type_support.c
-- Up-to-date: /workspace/ros2_ws/install/interfaz_temp/lib/libinterfaz_temp__rosidl_typesupport_introspection_c.so
-- Up-to-date: /workspace/ros2_ws/install/interfaz_temp/lib/libinterfaz_temp__rosidl_typesupport_c.so
-- Up-to-date: /workspace/ros2_ws/install/interfaz_temp/include/interfaz_temp/interfaz_temp
-- Up-to-date: /workspace/ros2_ws/install/interfaz_temp/include/interfaz_temp/interfaz_temp/msg
-- Up-to-date: /workspace/ros2_ws/install/interfaz_temp/include/interfaz_temp/interfaz_temp/msg/rosidl_generator_cpp__visibility_control.hpp
-- Up-to-date: /workspace/ros2_ws/install/interfaz_temp/include/interfaz_temp/interfaz_temp/srv
-- Up-to-date: /workspace/ros2_ws/install/interfaz_temp/include/interfaz_temp/interfaz_temp/srv/temp_conversion.hpp
-- Up-to-date: /workspace/ros2_ws/install/interfaz_temp/include/interfaz_temp/interfaz_temp/srv/detail
-- Up-to-date: /workspace/ros2_ws/install/interfaz_temp/include/interfaz_temp/interfaz_temp/srv/detail/temp_conversion__traits.hpp
-- Up-to-date: /workspace/ros2_ws/install/interfaz_temp/include/interfaz_temp/interfaz_temp/srv/detail/temp_conversion__type_support.hpp
-- Up-to-date: /workspace/ros2_ws/install/interfaz_temp/include/interfaz_temp/interfaz_temp/srv/detail/temp_conversion__struct.hpp
-- Up-to-date: /workspace/ros2_ws/install/interfaz_temp/include/interfaz_temp/interfaz_temp/srv/detail/temp_conversion__builder.hpp
-- Up-to-date: /workspace/ros2_ws/install/interfaz_temp/include/interfaz_temp/interfaz_temp
-- Up-to-date: /workspace/ros2_ws/install/interfaz_temp/include/interfaz_temp/interfaz_temp/msg
-- Up-to-date: /workspace/ros2_ws/install/interfaz_temp/include/interfaz_temp/interfaz_temp/msg/rosidl_typesupport_fastrtps_cpp__visibility_control.h
-- Up-to-date: /workspace/ros2_ws/install/interfaz_temp/include/interfaz_temp/interfaz_temp/srv
-- Up-to-date: /workspace/ros2_ws/install/interfaz_temp/include/interfaz_temp/interfaz_temp/srv/detail
-- Up-to-date: /workspace/ros2_ws/install/interfaz_temp/include/interfaz_temp/interfaz_temp/srv/detail/temp_conversion__rosidl_typesupport_fastrtps_cpp.hpp
-- Up-to-date: /workspace/ros2_ws/install/interfaz_temp/include/interfaz_temp/interfaz_temp/srv/detail/dds_fastrtps
-- Up-to-date: /workspace/ros2_ws/install/interfaz_temp/lib/libinterfaz_temp__rosidl_typesupport_fastrtps_cpp.so
-- Up-to-date: /workspace/ros2_ws/install/interfaz_temp/include/interfaz_temp/interfaz_temp
-- Up-to-date: /workspace/ros2_ws/install/interfaz_temp/include/interfaz_temp/interfaz_temp/srv
-- Up-to-date: /workspace/ros2_ws/install/interfaz_temp/include/interfaz_temp/interfaz_temp/srv/detail
-- Up-to-date: /workspace/ros2_ws/install/interfaz_temp/include/interfaz_temp/interfaz_temp/srv/detail/temp_conversion__rosidl_typesupport_introspection_cpp.hpp
-- Up-to-date: /workspace/ros2_ws/install/interfaz_temp/include/interfaz_temp/interfaz_temp/srv/detail/temp_conversion__type_support.cpp
-- Up-to-date: /workspace/ros2_ws/install/interfaz_temp/lib/libinterfaz_temp__rosidl_typesupport_introspection_cpp.so
-- Up-to-date: /workspace/ros2_ws/install/interfaz_temp/lib/libinterfaz_temp__rosidl_typesupport_cpp.so
-- Up-to-date: /workspace/ros2_ws/install/interfaz_temp/share/interfaz_temp/environment/pythonpath.sh
-- Up-to-date: /workspace/ros2_ws/install/interfaz_temp/share/interfaz_temp/environment/pythonpath.dsv
-- Up-to-date: /workspace/ros2_ws/install/interfaz_temp/local/lib/python3.10/dist-packages/interfaz_temp-0.0.0-py3.10.egg-info
-- Installing: /workspace/ros2_ws/install/interfaz_temp/local/lib/python3.10/dist-packages/interfaz_temp-0.0.0-py3.10.egg-info/dependency_links.txt
-- Installing: /workspace/ros2_ws/install/interfaz_temp/local/lib/python3.10/dist-packages/interfaz_temp-0.0.0-py3.10.egg-info/SOURCES.txt
-- Installing: /workspace/ros2_ws/install/interfaz_temp/local/lib/python3.10/dist-packages/interfaz_temp-0.0.0-py3.10.egg-info/top_level.txt
-- Installing: /workspace/ros2_ws/install/interfaz_temp/local/lib/python3.10/dist-packages/interfaz_temp-0.0.0-py3.10.egg-info/PKG-INFO
-- Up-to-date: /workspace/ros2_ws/install/interfaz_temp/local/lib/python3.10/dist-packages/interfaz_temp
-- Up-to-date: /workspace/ros2_ws/install/interfaz_temp/local/lib/python3.10/dist-packages/interfaz_temp/_interfaz_temp_s.ep.rosidl_typesupport_introspection_c.c
-- Up-to-date: /workspace/ros2_ws/install/interfaz_temp/local/lib/python3.10/dist-packages/interfaz_temp/__init__.py
-- Up-to-date: /workspace/ros2_ws/install/interfaz_temp/local/lib/python3.10/dist-packages/interfaz_temp/_interfaz_temp_s.ep.rosidl_typesupport_fastrtps_c.c
-- Up-to-date: /workspace/ros2_ws/install/interfaz_temp/local/lib/python3.10/dist-packages/interfaz_temp/interfaz_temp_s__rosidl_typesupport_fastrtps_c.cpython-310-x86_64-linux-gnu.so
-- Up-to-date: /workspace/ros2_ws/install/interfaz_temp/local/lib/python3.10/dist-packages/interfaz_temp/_interfaz_temp_s.ep.rosidl_typesupport_c.c
-- Up-to-date: /workspace/ros2_ws/install/interfaz_temp/local/lib/python3.10/dist-packages/interfaz_temp/srv
-- Up-to-date: /workspace/ros2_ws/install/interfaz_temp/local/lib/python3.10/dist-packages/interfaz_temp/srv/__init__.py
-- Up-to-date: /workspace/ros2_ws/install/interfaz_temp/local/lib/python3.10/dist-packages/interfaz_temp/srv/_temp_conversion_s.c
-- Up-to-date: /workspace/ros2_ws/install/interfaz_temp/local/lib/python3.10/dist-packages/interfaz_temp/srv/_temp_conversion.py
-- Up-to-date: /workspace/ros2_ws/install/interfaz_temp/local/lib/python3.10/dist-packages/interfaz_temp/libinterfaz_temp__rosidl_generator_py.so
-- Up-to-date: /workspace/ros2_ws/install/interfaz_temp/local/lib/python3.10/dist-packages/interfaz_temp/interfaz_temp_s__rosidl_typesupport_c.cpython-310-x86_64-linux-gnu.so
-- Up-to-date: /workspace/ros2_ws/install/interfaz_temp/local/lib/python3.10/dist-packages/interfaz_temp/interfaz_temp_s__rosidl_typesupport_introspection_c.cpython-310-x86_64-linux-gnu.so
Listing '/workspace/ros2_ws/install/interfaz_temp/local/lib/python3.10/dist-packages/interfaz_temp'...
Listing '/workspace/ros2_ws/install/interfaz_temp/local/lib/python3.10/dist-packages/interfaz_temp/srv'...
-- Up-to-date: /workspace/ros2_ws/install/interfaz_temp/local/lib/python3.10/dist-packages/interfaz_temp/interfaz_temp_s__rosidl_typesupport_fastrtps_c.cpython-310-x86_64-linux-gnu.so
-- Up-to-date: /workspace/ros2_ws/install/interfaz_temp/local/lib/python3.10/dist-packages/interfaz_temp/interfaz_temp_s__rosidl_typesupport_introspection_c.cpython-310-x86_64-linux-gnu.so
-- Up-to-date: /workspace/ros2_ws/install/interfaz_temp/local/lib/python3.10/dist-packages/interfaz_temp/interfaz_temp_s__rosidl_typesupport_c.cpython-310-x86_64-linux-gnu.so
-- Up-to-date: /workspace/ros2_ws/install/interfaz_temp/lib/libinterfaz_temp__rosidl_generator_py.so
-- Up-to-date: /workspace/ros2_ws/install/interfaz_temp/share/interfaz_temp/srv/TempConversion.idl
-- Up-to-date: /workspace/ros2_ws/install/interfaz_temp/share/interfaz_temp/srv/TempConversion.srv
-- Up-to-date: /workspace/ros2_ws/install/interfaz_temp/share/interfaz_temp/srv/TempConversion_Request.msg
-- Up-to-date: /workspace/ros2_ws/install/interfaz_temp/share/interfaz_temp/srv/TempConversion_Response.msg
-- Up-to-date: /workspace/ros2_ws/install/interfaz_temp/share/ament_index/resource_index/package_run_dependencies/interfaz_temp
-- Up-to-date: /workspace/ros2_ws/install/interfaz_temp/share/ament_index/resource_index/parent_prefix_path/interfaz_temp
-- Up-to-date: /workspace/ros2_ws/install/interfaz_temp/share/interfaz_temp/environment/ament_prefix_path.sh
-- Up-to-date: /workspace/ros2_ws/install/interfaz_temp/share/interfaz_temp/environment/ament_prefix_path.dsv
-- Up-to-date: /workspace/ros2_ws/install/interfaz_temp/share/interfaz_temp/environment/path.sh
-- Up-to-date: /workspace/ros2_ws/install/interfaz_temp/share/interfaz_temp/environment/path.dsv
-- Up-to-date: /workspace/ros2_ws/install/interfaz_temp/share/interfaz_temp/local_setup.bash
-- Up-to-date: /workspace/ros2_ws/install/interfaz_temp/share/interfaz_temp/local_setup.sh
-- Up-to-date: /workspace/ros2_ws/install/interfaz_temp/share/interfaz_temp/local_setup.zsh
-- Up-to-date: /workspace/ros2_ws/install/interfaz_temp/share/interfaz_temp/local_setup.dsv
-- Installing: /workspace/ros2_ws/install/interfaz_temp/share/interfaz_temp/package.dsv
-- Up-to-date: /workspace/ros2_ws/install/interfaz_temp/share/ament_index/resource_index/packages/interfaz_temp
-- Up-to-date: /workspace/ros2_ws/install/interfaz_temp/share/interfaz_temp/cmake/export_interfaz_temp__rosidl_generator_cExport.cmake
-- Up-to-date: /workspace/ros2_ws/install/interfaz_temp/share/interfaz_temp/cmake/export_interfaz_temp__rosidl_generator_cExport-noconfig.cmake
-- Up-to-date: /workspace/ros2_ws/install/interfaz_temp/share/interfaz_temp/cmake/export_interfaz_temp__rosidl_typesupport_fastrtps_cExport.cmake
-- Up-to-date: /workspace/ros2_ws/install/interfaz_temp/share/interfaz_temp/cmake/export_interfaz_temp__rosidl_typesupport_fastrtps_cExport-noconfig.cmake
-- Up-to-date: /workspace/ros2_ws/install/interfaz_temp/share/interfaz_temp/cmake/interfaz_temp__rosidl_typesupport_introspection_cExport.cmake
-- Up-to-date: /workspace/ros2_ws/install/interfaz_temp/share/interfaz_temp/cmake/interfaz_temp__rosidl_typesupport_introspection_cExport-noconfig.cmake
-- Up-to-date: /workspace/ros2_ws/install/interfaz_temp/share/interfaz_temp/cmake/interfaz_temp__rosidl_typesupport_cExport.cmake
-- Up-to-date: /workspace/ros2_ws/install/interfaz_temp/share/interfaz_temp/cmake/interfaz_temp__rosidl_typesupport_cExport-noconfig.cmake
-- Up-to-date: /workspace/ros2_ws/install/interfaz_temp/share/interfaz_temp/cmake/export_interfaz_temp__rosidl_generator_cppExport.cmake
-- Up-to-date: /workspace/ros2_ws/install/interfaz_temp/share/interfaz_temp/cmake/export_interfaz_temp__rosidl_typesupport_fastrtps_cppExport.cmake
-- Up-to-date: /workspace/ros2_ws/install/interfaz_temp/share/interfaz_temp/cmake/export_interfaz_temp__rosidl_typesupport_fastrtps_cppExport-noconfig.cmake
-- Up-to-date: /workspace/ros2_ws/install/interfaz_temp/share/interfaz_temp/cmake/interfaz_temp__rosidl_typesupport_introspection_cppExport.cmake
-- Up-to-date: /workspace/ros2_ws/install/interfaz_temp/share/interfaz_temp/cmake/interfaz_temp__rosidl_typesupport_introspection_cppExport-noconfig.cmake
-- Up-to-date: /workspace/ros2_ws/install/interfaz_temp/share/interfaz_temp/cmake/interfaz_temp__rosidl_typesupport_cppExport.cmake
-- Up-to-date: /workspace/ros2_ws/install/interfaz_temp/share/interfaz_temp/cmake/interfaz_temp__rosidl_typesupport_cppExport-noconfig.cmake
-- Up-to-date: /workspace/ros2_ws/install/interfaz_temp/share/interfaz_temp/cmake/export_interfaz_temp__rosidl_generator_pyExport.cmake
-- Up-to-date: /workspace/ros2_ws/install/interfaz_temp/share/interfaz_temp/cmake/export_interfaz_temp__rosidl_generator_pyExport-noconfig.cmake
-- Up-to-date: /workspace/ros2_ws/install/interfaz_temp/share/interfaz_temp/cmake/rosidl_cmake-extras.cmake
-- Up-to-date: /workspace/ros2_ws/install/interfaz_temp/share/interfaz_temp/cmake/ament_cmake_export_include_directories-extras.cmake
-- Up-to-date: /workspace/ros2_ws/install/interfaz_temp/share/interfaz_temp/cmake/ament_cmake_export_libraries-extras.cmake
-- Up-to-date: /workspace/ros2_ws/install/interfaz_temp/share/interfaz_temp/cmake/ament_cmake_export_targets-extras.cmake
-- Up-to-date: /workspace/ros2_ws/install/interfaz_temp/share/interfaz_temp/cmake/rosidl_cmake_export_typesupport_targets-extras.cmake
-- Up-to-date: /workspace/ros2_ws/install/interfaz_temp/share/interfaz_temp/cmake/ament_cmake_export_dependencies-extras.cmake
-- Up-to-date: /workspace/ros2_ws/install/interfaz_temp/share/interfaz_temp/cmake/rosidl_cmake_export_typesupport_libraries-extras.cmake
-- Up-to-date: /workspace/ros2_ws/install/interfaz_temp/share/interfaz_temp/cmake/interfaz_tempConfig.cmake
-- Up-to-date: /workspace/ros2_ws/install/interfaz_temp/share/interfaz_temp/cmake/interfaz_tempConfig-version.cmake
-- Up-to-date: /workspace/ros2_ws/install/interfaz_temp/share/interfaz_temp/package.xml
