[0.022s] Invoking command in '/workspace/ros2_ws/build/interfaz_temp': CMAKE_PREFIX_PATH=${CMAKE_PREFIX_PATH}:/workspace/ros2_ws/install/mi_accion:/workspace/ros2_ws/install/p2pkg:/workspace/ros2_ws/install/primer_paquete:/workspace/ros2_ws/install/servicio_suma:/opt/ros/humble /usr/bin/cmake --build /workspace/ros2_ws/build/interfaz_temp -- -j20 -l20
[0.128s] [35m[1mConsolidate compiler generated dependencies of target interfaz_temp__rosidl_generator_c[0m
[0.140s] [  3%] Built target interfaz_temp__cpp
[0.140s] [ 12%] Built target interfaz_temp__rosidl_generator_c
[0.154s] [35m[1mConsolidate compiler generated dependencies of target interfaz_temp__rosidl_typesupport_fastrtps_cpp[0m
[0.156s] [35m[1mConsolidate compiler generated dependencies of target interfaz_temp__rosidl_typesupport_introspection_cpp[0m
[0.156s] [35m[1mConsolidate compiler generated dependencies of target interfaz_temp__rosidl_typesupport_cpp[0m
[0.157s] [ 12%] Built target ament_cmake_python_copy_interfaz_temp
[0.171s] [ 22%] Built target interfaz_temp__rosidl_typesupport_cpp
[0.173s] [ 32%] Built target interfaz_temp__rosidl_typesupport_fastrtps_cpp
[0.173s] [35m[1mConsolidate compiler generated dependencies of target interfaz_temp__rosidl_typesupport_introspection_c[0m
[0.173s] [ 41%] Built target interfaz_temp__rosidl_typesupport_introspection_cpp
[0.173s] [35m[1mConsolidate compiler generated dependencies of target interfaz_temp__rosidl_typesupport_fastrtps_c[0m
[0.175s] [35m[1mConsolidate compiler generated dependencies of target interfaz_temp__rosidl_typesupport_c[0m
[0.187s] [ 61%] Built target interfaz_temp__rosidl_typesupport_fastrtps_c
[0.187s] [ 61%] Built target interfaz_temp__rosidl_typesupport_introspection_c
[0.189s] [ 70%] Built target interfaz_temp__rosidl_typesupport_c
[0.214s] [ 70%] Built target interfaz_temp
[0.241s] [ 74%] Built target interfaz_temp__py
[0.255s] [35m[1mConsolidate compiler generated dependencies of target interfaz_temp__rosidl_generator_py[0m
[0.269s] [ 80%] Built target interfaz_temp__rosidl_generator_py
[0.283s] [35m[1mConsolidate compiler generated dependencies of target interfaz_temp__rosidl_typesupport_fastrtps_c__pyext[0m
[0.283s] [35m[1mConsolidate compiler generated dependencies of target interfaz_temp__rosidl_typesupport_introspection_c__pyext[0m
[0.283s] [35m[1mConsolidate compiler generated dependencies of target interfaz_temp__rosidl_typesupport_c__pyext[0m
[0.297s] [ 87%] Built target interfaz_temp__rosidl_typesupport_introspection_c__pyext
[0.297s] [ 93%] Built target interfaz_temp__rosidl_typesupport_c__pyext
[0.299s] [100%] Built target interfaz_temp__rosidl_typesupport_fastrtps_c__pyext
[0.407s] running egg_info
[0.408s] writing interfaz_temp.egg-info/PKG-INFO
[0.409s] writing dependency_links to interfaz_temp.egg-info/dependency_links.txt
[0.409s] writing top-level names to interfaz_temp.egg-info/top_level.txt
[0.412s] reading manifest file 'interfaz_temp.egg-info/SOURCES.txt'
[0.413s] writing manifest file 'interfaz_temp.egg-info/SOURCES.txt'
[0.441s] [100%] Built target ament_cmake_python_build_interfaz_temp_egg
[0.454s] Invoked command in '/workspace/ros2_ws/build/interfaz_temp' returned '0': CMAKE_PREFIX_PATH=${CMAKE_PREFIX_PATH}:/workspace/ros2_ws/install/mi_accion:/workspace/ros2_ws/install/p2pkg:/workspace/ros2_ws/install/primer_paquete:/workspace/ros2_ws/install/servicio_suma:/opt/ros/humble /usr/bin/cmake --build /workspace/ros2_ws/build/interfaz_temp -- -j20 -l20
[0.468s] Invoking command in '/workspace/ros2_ws/build/interfaz_temp': CMAKE_PREFIX_PATH=${CMAKE_PREFIX_PATH}:/workspace/ros2_ws/install/mi_accion:/workspace/ros2_ws/install/p2pkg:/workspace/ros2_ws/install/primer_paquete:/workspace/ros2_ws/install/servicio_suma:/opt/ros/humble /usr/bin/cmake --install /workspace/ros2_ws/build/interfaz_temp
[0.477s] -- Install configuration: ""
[0.477s] -- Up-to-date: /workspace/ros2_ws/install/interfaz_temp/share/ament_index/resource_index/rosidl_interfaces/interfaz_temp
[0.477s] -- Up-to-date: /workspace/ros2_ws/install/interfaz_temp/include/interfaz_temp/interfaz_temp
[0.478s] -- Up-to-date: /workspace/ros2_ws/install/interfaz_temp/include/interfaz_temp/interfaz_temp/msg
[0.478s] -- Up-to-date: /workspace/ros2_ws/install/interfaz_temp/include/interfaz_temp/interfaz_temp/msg/rosidl_generator_c__visibility_control.h
[0.478s] -- Up-to-date: /workspace/ros2_ws/install/interfaz_temp/include/interfaz_temp/interfaz_temp/srv
[0.478s] -- Up-to-date: /workspace/ros2_ws/install/interfaz_temp/include/interfaz_temp/interfaz_temp/srv/temp_conversion.h
[0.478s] -- Up-to-date: /workspace/ros2_ws/install/interfaz_temp/include/interfaz_temp/interfaz_temp/srv/detail
[0.478s] -- Up-to-date: /workspace/ros2_ws/install/interfaz_temp/include/interfaz_temp/interfaz_temp/srv/detail/temp_conversion__functions.h
[0.479s] -- Up-to-date: /workspace/ros2_ws/install/interfaz_temp/include/interfaz_temp/interfaz_temp/srv/detail/temp_conversion__type_support.h
[0.479s] -- Up-to-date: /workspace/ros2_ws/install/interfaz_temp/include/interfaz_temp/interfaz_temp/srv/detail/temp_conversion__functions.c
[0.479s] -- Up-to-date: /workspace/ros2_ws/install/interfaz_temp/include/interfaz_temp/interfaz_temp/srv/detail/temp_conversion__struct.h
[0.479s] -- Up-to-date: /workspace/ros2_ws/install/interfaz_temp/share/interfaz_temp/environment/library_path.sh
[0.479s] -- Up-to-date: /workspace/ros2_ws/install/interfaz_temp/share/interfaz_temp/environment/library_path.dsv
[0.480s] -- Up-to-date: /workspace/ros2_ws/install/interfaz_temp/lib/libinterfaz_temp__rosidl_generator_c.so
[0.480s] -- Up-to-date: /workspace/ros2_ws/install/interfaz_temp/include/interfaz_temp/interfaz_temp
[0.480s] -- Up-to-date: /workspace/ros2_ws/install/interfaz_temp/include/interfaz_temp/interfaz_temp/msg
[0.480s] -- Up-to-date: /workspace/ros2_ws/install/interfaz_temp/include/interfaz_temp/interfaz_temp/msg/rosidl_typesupport_fastrtps_c__visibility_control.h
[0.480s] -- Up-to-date: /workspace/ros2_ws/install/interfaz_temp/include/interfaz_temp/interfaz_temp/srv
[0.481s] -- Up-to-date: /workspace/ros2_ws/install/interfaz_temp/include/interfaz_temp/interfaz_temp/srv/detail
[0.481s] -- Up-to-date: /workspace/ros2_ws/install/interfaz_temp/include/interfaz_temp/interfaz_temp/srv/detail/temp_conversion__rosidl_typesupport_fastrtps_c.h
[0.482s] -- Up-to-date: /workspace/ros2_ws/install/interfaz_temp/lib/libinterfaz_temp__rosidl_typesupport_fastrtps_c.so
[0.482s] -- Up-to-date: /workspace/ros2_ws/install/interfaz_temp/include/interfaz_temp/interfaz_temp
[0.482s] -- Up-to-date: /workspace/ros2_ws/install/interfaz_temp/include/interfaz_temp/interfaz_temp/msg
[0.482s] -- Up-to-date: /workspace/ros2_ws/install/interfaz_temp/include/interfaz_temp/interfaz_temp/msg/rosidl_typesupport_introspection_c__visibility_control.h
[0.482s] -- Up-to-date: /workspace/ros2_ws/install/interfaz_temp/include/interfaz_temp/interfaz_temp/srv
[0.483s] -- Up-to-date: /workspace/ros2_ws/install/interfaz_temp/include/interfaz_temp/interfaz_temp/srv/detail
[0.483s] -- Up-to-date: /workspace/ros2_ws/install/interfaz_temp/include/interfaz_temp/interfaz_temp/srv/detail/temp_conversion__rosidl_typesupport_introspection_c.h
[0.483s] -- Up-to-date: /workspace/ros2_ws/install/interfaz_temp/include/interfaz_temp/interfaz_temp/srv/detail/temp_conversion__type_support.c
[0.484s] -- Up-to-date: /workspace/ros2_ws/install/interfaz_temp/lib/libinterfaz_temp__rosidl_typesupport_introspection_c.so
[0.484s] -- Up-to-date: /workspace/ros2_ws/install/interfaz_temp/lib/libinterfaz_temp__rosidl_typesupport_c.so
[0.484s] -- Up-to-date: /workspace/ros2_ws/install/interfaz_temp/include/interfaz_temp/interfaz_temp
[0.485s] -- Up-to-date: /workspace/ros2_ws/install/interfaz_temp/include/interfaz_temp/interfaz_temp/msg
[0.485s] -- Up-to-date: /workspace/ros2_ws/install/interfaz_temp/include/interfaz_temp/interfaz_temp/msg/rosidl_generator_cpp__visibility_control.hpp
[0.485s] -- Up-to-date: /workspace/ros2_ws/install/interfaz_temp/include/interfaz_temp/interfaz_temp/srv
[0.486s] -- Up-to-date: /workspace/ros2_ws/install/interfaz_temp/include/interfaz_temp/interfaz_temp/srv/temp_conversion.hpp
[0.486s] -- Up-to-date: /workspace/ros2_ws/install/interfaz_temp/include/interfaz_temp/interfaz_temp/srv/detail
[0.486s] -- Up-to-date: /workspace/ros2_ws/install/interfaz_temp/include/interfaz_temp/interfaz_temp/srv/detail/temp_conversion__traits.hpp
[0.486s] -- Up-to-date: /workspace/ros2_ws/install/interfaz_temp/include/interfaz_temp/interfaz_temp/srv/detail/temp_conversion__type_support.hpp
[0.486s] -- Up-to-date: /workspace/ros2_ws/install/interfaz_temp/include/interfaz_temp/interfaz_temp/srv/detail/temp_conversion__struct.hpp
[0.486s] -- Up-to-date: /workspace/ros2_ws/install/interfaz_temp/include/interfaz_temp/interfaz_temp/srv/detail/temp_conversion__builder.hpp
[0.486s] -- Up-to-date: /workspace/ros2_ws/install/interfaz_temp/include/interfaz_temp/interfaz_temp
[0.486s] -- Up-to-date: /workspace/ros2_ws/install/interfaz_temp/include/interfaz_temp/interfaz_temp/msg
[0.487s] -- Up-to-date: /workspace/ros2_ws/install/interfaz_temp/include/interfaz_temp/interfaz_temp/msg/rosidl_typesupport_fastrtps_cpp__visibility_control.h
[0.487s] -- Up-to-date: /workspace/ros2_ws/install/interfaz_temp/include/interfaz_temp/interfaz_temp/srv
[0.487s] -- Up-to-date: /workspace/ros2_ws/install/interfaz_temp/include/interfaz_temp/interfaz_temp/srv/detail
[0.487s] -- Up-to-date: /workspace/ros2_ws/install/interfaz_temp/include/interfaz_temp/interfaz_temp/srv/detail/temp_conversion__rosidl_typesupport_fastrtps_cpp.hpp
[0.487s] -- Up-to-date: /workspace/ros2_ws/install/interfaz_temp/include/interfaz_temp/interfaz_temp/srv/detail/dds_fastrtps
[0.488s] -- Up-to-date: /workspace/ros2_ws/install/interfaz_temp/lib/libinterfaz_temp__rosidl_typesupport_fastrtps_cpp.so
[0.488s] -- Up-to-date: /workspace/ros2_ws/install/interfaz_temp/include/interfaz_temp/interfaz_temp
[0.488s] -- Up-to-date: /workspace/ros2_ws/install/interfaz_temp/include/interfaz_temp/interfaz_temp/srv
[0.489s] -- Up-to-date: /workspace/ros2_ws/install/interfaz_temp/include/interfaz_temp/interfaz_temp/srv/detail
[0.489s] -- Up-to-date: /workspace/ros2_ws/install/interfaz_temp/include/interfaz_temp/interfaz_temp/srv/detail/temp_conversion__rosidl_typesupport_introspection_cpp.hpp
[0.489s] -- Up-to-date: /workspace/ros2_ws/install/interfaz_temp/include/interfaz_temp/interfaz_temp/srv/detail/temp_conversion__type_support.cpp
[0.490s] -- Up-to-date: /workspace/ros2_ws/install/interfaz_temp/lib/libinterfaz_temp__rosidl_typesupport_introspection_cpp.so
[0.490s] -- Up-to-date: /workspace/ros2_ws/install/interfaz_temp/lib/libinterfaz_temp__rosidl_typesupport_cpp.so
[0.490s] -- Up-to-date: /workspace/ros2_ws/install/interfaz_temp/share/interfaz_temp/environment/pythonpath.sh
[0.491s] -- Up-to-date: /workspace/ros2_ws/install/interfaz_temp/share/interfaz_temp/environment/pythonpath.dsv
[0.491s] -- Up-to-date: /workspace/ros2_ws/install/interfaz_temp/local/lib/python3.10/dist-packages/interfaz_temp-0.0.0-py3.10.egg-info
[0.491s] -- Installing: /workspace/ros2_ws/install/interfaz_temp/local/lib/python3.10/dist-packages/interfaz_temp-0.0.0-py3.10.egg-info/dependency_links.txt
[0.491s] -- Installing: /workspace/ros2_ws/install/interfaz_temp/local/lib/python3.10/dist-packages/interfaz_temp-0.0.0-py3.10.egg-info/SOURCES.txt
[0.491s] -- Installing: /workspace/ros2_ws/install/interfaz_temp/local/lib/python3.10/dist-packages/interfaz_temp-0.0.0-py3.10.egg-info/top_level.txt
[0.491s] -- Installing: /workspace/ros2_ws/install/interfaz_temp/local/lib/python3.10/dist-packages/interfaz_temp-0.0.0-py3.10.egg-info/PKG-INFO
[0.491s] -- Up-to-date: /workspace/ros2_ws/install/interfaz_temp/local/lib/python3.10/dist-packages/interfaz_temp
[0.491s] -- Up-to-date: /workspace/ros2_ws/install/interfaz_temp/local/lib/python3.10/dist-packages/interfaz_temp/_interfaz_temp_s.ep.rosidl_typesupport_introspection_c.c
[0.492s] -- Up-to-date: /workspace/ros2_ws/install/interfaz_temp/local/lib/python3.10/dist-packages/interfaz_temp/__init__.py
[0.492s] -- Up-to-date: /workspace/ros2_ws/install/interfaz_temp/local/lib/python3.10/dist-packages/interfaz_temp/_interfaz_temp_s.ep.rosidl_typesupport_fastrtps_c.c
[0.492s] -- Up-to-date: /workspace/ros2_ws/install/interfaz_temp/local/lib/python3.10/dist-packages/interfaz_temp/interfaz_temp_s__rosidl_typesupport_fastrtps_c.cpython-310-x86_64-linux-gnu.so
[0.492s] -- Up-to-date: /workspace/ros2_ws/install/interfaz_temp/local/lib/python3.10/dist-packages/interfaz_temp/_interfaz_temp_s.ep.rosidl_typesupport_c.c
[0.492s] -- Up-to-date: /workspace/ros2_ws/install/interfaz_temp/local/lib/python3.10/dist-packages/interfaz_temp/srv
[0.492s] -- Up-to-date: /workspace/ros2_ws/install/interfaz_temp/local/lib/python3.10/dist-packages/interfaz_temp/srv/__init__.py
[0.492s] -- Up-to-date: /workspace/ros2_ws/install/interfaz_temp/local/lib/python3.10/dist-packages/interfaz_temp/srv/_temp_conversion_s.c
[0.492s] -- Up-to-date: /workspace/ros2_ws/install/interfaz_temp/local/lib/python3.10/dist-packages/interfaz_temp/srv/_temp_conversion.py
[0.492s] -- Up-to-date: /workspace/ros2_ws/install/interfaz_temp/local/lib/python3.10/dist-packages/interfaz_temp/libinterfaz_temp__rosidl_generator_py.so
[0.492s] -- Up-to-date: /workspace/ros2_ws/install/interfaz_temp/local/lib/python3.10/dist-packages/interfaz_temp/interfaz_temp_s__rosidl_typesupport_c.cpython-310-x86_64-linux-gnu.so
[0.492s] -- Up-to-date: /workspace/ros2_ws/install/interfaz_temp/local/lib/python3.10/dist-packages/interfaz_temp/interfaz_temp_s__rosidl_typesupport_introspection_c.cpython-310-x86_64-linux-gnu.so
[0.535s] Listing '/workspace/ros2_ws/install/interfaz_temp/local/lib/python3.10/dist-packages/interfaz_temp'...
[0.535s] Listing '/workspace/ros2_ws/install/interfaz_temp/local/lib/python3.10/dist-packages/interfaz_temp/srv'...
[0.540s] -- Up-to-date: /workspace/ros2_ws/install/interfaz_temp/local/lib/python3.10/dist-packages/interfaz_temp/interfaz_temp_s__rosidl_typesupport_fastrtps_c.cpython-310-x86_64-linux-gnu.so
[0.541s] -- Up-to-date: /workspace/ros2_ws/install/interfaz_temp/local/lib/python3.10/dist-packages/interfaz_temp/interfaz_temp_s__rosidl_typesupport_introspection_c.cpython-310-x86_64-linux-gnu.so
[0.541s] -- Up-to-date: /workspace/ros2_ws/install/interfaz_temp/local/lib/python3.10/dist-packages/interfaz_temp/interfaz_temp_s__rosidl_typesupport_c.cpython-310-x86_64-linux-gnu.so
[0.542s] -- Up-to-date: /workspace/ros2_ws/install/interfaz_temp/lib/libinterfaz_temp__rosidl_generator_py.so
[0.542s] -- Up-to-date: /workspace/ros2_ws/install/interfaz_temp/share/interfaz_temp/srv/TempConversion.idl
[0.542s] -- Up-to-date: /workspace/ros2_ws/install/interfaz_temp/share/interfaz_temp/srv/TempConversion.srv
[0.542s] -- Up-to-date: /workspace/ros2_ws/install/interfaz_temp/share/interfaz_temp/srv/TempConversion_Request.msg
[0.542s] -- Up-to-date: /workspace/ros2_ws/install/interfaz_temp/share/interfaz_temp/srv/TempConversion_Response.msg
[0.543s] -- Up-to-date: /workspace/ros2_ws/install/interfaz_temp/share/ament_index/resource_index/package_run_dependencies/interfaz_temp
[0.543s] -- Up-to-date: /workspace/ros2_ws/install/interfaz_temp/share/ament_index/resource_index/parent_prefix_path/interfaz_temp
[0.543s] -- Up-to-date: /workspace/ros2_ws/install/interfaz_temp/share/interfaz_temp/environment/ament_prefix_path.sh
[0.543s] -- Up-to-date: /workspace/ros2_ws/install/interfaz_temp/share/interfaz_temp/environment/ament_prefix_path.dsv
[0.543s] -- Up-to-date: /workspace/ros2_ws/install/interfaz_temp/share/interfaz_temp/environment/path.sh
[0.543s] -- Up-to-date: /workspace/ros2_ws/install/interfaz_temp/share/interfaz_temp/environment/path.dsv
[0.543s] -- Up-to-date: /workspace/ros2_ws/install/interfaz_temp/share/interfaz_temp/local_setup.bash
[0.543s] -- Up-to-date: /workspace/ros2_ws/install/interfaz_temp/share/interfaz_temp/local_setup.sh
[0.543s] -- Up-to-date: /workspace/ros2_ws/install/interfaz_temp/share/interfaz_temp/local_setup.zsh
[0.543s] -- Up-to-date: /workspace/ros2_ws/install/interfaz_temp/share/interfaz_temp/local_setup.dsv
[0.543s] -- Installing: /workspace/ros2_ws/install/interfaz_temp/share/interfaz_temp/package.dsv
[0.543s] -- Up-to-date: /workspace/ros2_ws/install/interfaz_temp/share/ament_index/resource_index/packages/interfaz_temp
[0.544s] -- Up-to-date: /workspace/ros2_ws/install/interfaz_temp/share/interfaz_temp/cmake/export_interfaz_temp__rosidl_generator_cExport.cmake
[0.544s] -- Up-to-date: /workspace/ros2_ws/install/interfaz_temp/share/interfaz_temp/cmake/export_interfaz_temp__rosidl_generator_cExport-noconfig.cmake
[0.544s] -- Up-to-date: /workspace/ros2_ws/install/interfaz_temp/share/interfaz_temp/cmake/export_interfaz_temp__rosidl_typesupport_fastrtps_cExport.cmake
[0.544s] -- Up-to-date: /workspace/ros2_ws/install/interfaz_temp/share/interfaz_temp/cmake/export_interfaz_temp__rosidl_typesupport_fastrtps_cExport-noconfig.cmake
[0.545s] -- Up-to-date: /workspace/ros2_ws/install/interfaz_temp/share/interfaz_temp/cmake/interfaz_temp__rosidl_typesupport_introspection_cExport.cmake
[0.545s] -- Up-to-date: /workspace/ros2_ws/install/interfaz_temp/share/interfaz_temp/cmake/interfaz_temp__rosidl_typesupport_introspection_cExport-noconfig.cmake
[0.545s] -- Up-to-date: /workspace/ros2_ws/install/interfaz_temp/share/interfaz_temp/cmake/interfaz_temp__rosidl_typesupport_cExport.cmake
[0.545s] -- Up-to-date: /workspace/ros2_ws/install/interfaz_temp/share/interfaz_temp/cmake/interfaz_temp__rosidl_typesupport_cExport-noconfig.cmake
[0.546s] -- Up-to-date: /workspace/ros2_ws/install/interfaz_temp/share/interfaz_temp/cmake/export_interfaz_temp__rosidl_generator_cppExport.cmake
[0.547s] -- Up-to-date: /workspace/ros2_ws/install/interfaz_temp/share/interfaz_temp/cmake/export_interfaz_temp__rosidl_typesupport_fastrtps_cppExport.cmake
[0.547s] -- Up-to-date: /workspace/ros2_ws/install/interfaz_temp/share/interfaz_temp/cmake/export_interfaz_temp__rosidl_typesupport_fastrtps_cppExport-noconfig.cmake
[0.548s] -- Up-to-date: /workspace/ros2_ws/install/interfaz_temp/share/interfaz_temp/cmake/interfaz_temp__rosidl_typesupport_introspection_cppExport.cmake
[0.548s] -- Up-to-date: /workspace/ros2_ws/install/interfaz_temp/share/interfaz_temp/cmake/interfaz_temp__rosidl_typesupport_introspection_cppExport-noconfig.cmake
[0.549s] -- Up-to-date: /workspace/ros2_ws/install/interfaz_temp/share/interfaz_temp/cmake/interfaz_temp__rosidl_typesupport_cppExport.cmake
[0.549s] -- Up-to-date: /workspace/ros2_ws/install/interfaz_temp/share/interfaz_temp/cmake/interfaz_temp__rosidl_typesupport_cppExport-noconfig.cmake
[0.550s] -- Up-to-date: /workspace/ros2_ws/install/interfaz_temp/share/interfaz_temp/cmake/export_interfaz_temp__rosidl_generator_pyExport.cmake
[0.550s] -- Up-to-date: /workspace/ros2_ws/install/interfaz_temp/share/interfaz_temp/cmake/export_interfaz_temp__rosidl_generator_pyExport-noconfig.cmake
[0.550s] -- Up-to-date: /workspace/ros2_ws/install/interfaz_temp/share/interfaz_temp/cmake/rosidl_cmake-extras.cmake
[0.550s] -- Up-to-date: /workspace/ros2_ws/install/interfaz_temp/share/interfaz_temp/cmake/ament_cmake_export_include_directories-extras.cmake
[0.550s] -- Up-to-date: /workspace/ros2_ws/install/interfaz_temp/share/interfaz_temp/cmake/ament_cmake_export_libraries-extras.cmake
[0.550s] -- Up-to-date: /workspace/ros2_ws/install/interfaz_temp/share/interfaz_temp/cmake/ament_cmake_export_targets-extras.cmake
[0.550s] -- Up-to-date: /workspace/ros2_ws/install/interfaz_temp/share/interfaz_temp/cmake/rosidl_cmake_export_typesupport_targets-extras.cmake
[0.550s] -- Up-to-date: /workspace/ros2_ws/install/interfaz_temp/share/interfaz_temp/cmake/ament_cmake_export_dependencies-extras.cmake
[0.551s] -- Up-to-date: /workspace/ros2_ws/install/interfaz_temp/share/interfaz_temp/cmake/rosidl_cmake_export_typesupport_libraries-extras.cmake
[0.551s] -- Up-to-date: /workspace/ros2_ws/install/interfaz_temp/share/interfaz_temp/cmake/interfaz_tempConfig.cmake
[0.551s] -- Up-to-date: /workspace/ros2_ws/install/interfaz_temp/share/interfaz_temp/cmake/interfaz_tempConfig-version.cmake
[0.551s] -- Up-to-date: /workspace/ros2_ws/install/interfaz_temp/share/interfaz_temp/package.xml
[0.554s] Invoked command in '/workspace/ros2_ws/build/interfaz_temp' returned '0': CMAKE_PREFIX_PATH=${CMAKE_PREFIX_PATH}:/workspace/ros2_ws/install/mi_accion:/workspace/ros2_ws/install/p2pkg:/workspace/ros2_ws/install/primer_paquete:/workspace/ros2_ws/install/servicio_suma:/opt/ros/humble /usr/bin/cmake --install /workspace/ros2_ws/build/interfaz_temp
