[0.027s] Invoking command in '/workspace/build/turtlebot3_navigation2': CMAKE_PREFIX_PATH=${CMAKE_PREFIX_PATH}:/workspace/ros2_ws/install/turtlebot3_teleop:/workspace/ros2_ws/install/turtlebot3_example:/workspace/ros2_ws/install/maze_pkg:/opt/ros/humble /usr/bin/cmake /workspace/ros2_ws/turtlebot3/turtlebot3_navigation2 -DCMAKE_INSTALL_PREFIX=/workspace/install/turtlebot3_navigation2
[0.174s] -- The C compiler identification is GNU 11.4.0
[0.208s] -- The CXX compiler identification is GNU 11.4.0
[0.219s] -- Detecting C compiler ABI info
[0.269s] -- Detecting C compiler ABI info - done
[0.272s] -- Check for working C compiler: /usr/bin/cc - skipped
[0.273s] -- Detecting C compile features
[0.273s] -- Detecting C compile features - done
[0.276s] -- Detecting CXX compiler ABI info
[0.332s] -- Detecting CXX compiler ABI info - done
[0.336s] -- Check for working CXX compiler: /usr/bin/c++ - skipped
[0.337s] -- Detecting CXX compile features
[0.338s] -- Detecting CXX compile features - done
[0.339s] -- Found ament_cmake: 1.3.13 (/opt/ros/humble/share/ament_cmake/cmake)
[0.452s] -- Found Python3: /usr/bin/python3 (found version "3.10.12") found components: Interpreter 
[0.578s] -- Configuring done
[0.580s] -- Generating done
[0.581s] -- Build files have been written to: /workspace/build/turtlebot3_navigation2
[0.587s] Invoked command in '/workspace/build/turtlebot3_navigation2' returned '0': CMAKE_PREFIX_PATH=${CMAKE_PREFIX_PATH}:/workspace/ros2_ws/install/turtlebot3_teleop:/workspace/ros2_ws/install/turtlebot3_example:/workspace/ros2_ws/install/maze_pkg:/opt/ros/humble /usr/bin/cmake /workspace/ros2_ws/turtlebot3/turtlebot3_navigation2 -DCMAKE_INSTALL_PREFIX=/workspace/install/turtlebot3_navigation2
[0.587s] Invoking command in '/workspace/build/turtlebot3_navigation2': CMAKE_PREFIX_PATH=${CMAKE_PREFIX_PATH}:/workspace/ros2_ws/install/turtlebot3_teleop:/workspace/ros2_ws/install/turtlebot3_example:/workspace/ros2_ws/install/maze_pkg:/opt/ros/humble /usr/bin/cmake --build /workspace/build/turtlebot3_navigation2 -- -j20 -l20
[0.614s] Invoked command in '/workspace/build/turtlebot3_navigation2' returned '0': CMAKE_PREFIX_PATH=${CMAKE_PREFIX_PATH}:/workspace/ros2_ws/install/turtlebot3_teleop:/workspace/ros2_ws/install/turtlebot3_example:/workspace/ros2_ws/install/maze_pkg:/opt/ros/humble /usr/bin/cmake --build /workspace/build/turtlebot3_navigation2 -- -j20 -l20
[0.621s] Invoking command in '/workspace/build/turtlebot3_navigation2': CMAKE_PREFIX_PATH=${CMAKE_PREFIX_PATH}:/workspace/ros2_ws/install/turtlebot3_teleop:/workspace/ros2_ws/install/turtlebot3_example:/workspace/ros2_ws/install/maze_pkg:/opt/ros/humble /usr/bin/cmake --install /workspace/build/turtlebot3_navigation2
[0.627s] -- Install configuration: ""
[0.627s] -- Installing: /workspace/install/turtlebot3_navigation2/share/turtlebot3_navigation2/launch
[0.627s] -- Installing: /workspace/install/turtlebot3_navigation2/share/turtlebot3_navigation2/launch/navigation2.launch.py
[0.627s] -- Installing: /workspace/install/turtlebot3_navigation2/share/turtlebot3_navigation2/map
[0.627s] -- Installing: /workspace/install/turtlebot3_navigation2/share/turtlebot3_navigation2/map/map.pgm
[0.628s] -- Installing: /workspace/install/turtlebot3_navigation2/share/turtlebot3_navigation2/map/map.yaml
[0.629s] -- Installing: /workspace/install/turtlebot3_navigation2/share/turtlebot3_navigation2/param
[0.629s] -- Installing: /workspace/install/turtlebot3_navigation2/share/turtlebot3_navigation2/param/humble
[0.629s] -- Installing: /workspace/install/turtlebot3_navigation2/share/turtlebot3_navigation2/param/humble/burger_cam.yaml
[0.629s] -- Installing: /workspace/install/turtlebot3_navigation2/share/turtlebot3_navigation2/param/humble/burger.yaml
[0.630s] -- Installing: /workspace/install/turtlebot3_navigation2/share/turtlebot3_navigation2/param/humble/waffle.yaml
[0.631s] -- Installing: /workspace/install/turtlebot3_navigation2/share/turtlebot3_navigation2/param/humble/waffle_pi.yaml
[0.631s] -- Installing: /workspace/install/turtlebot3_navigation2/share/turtlebot3_navigation2/param/burger_cam.yaml
[0.632s] -- Installing: /workspace/install/turtlebot3_navigation2/share/turtlebot3_navigation2/param/burger.yaml
[0.633s] -- Installing: /workspace/install/turtlebot3_navigation2/share/turtlebot3_navigation2/param/waffle.yaml
[0.633s] -- Installing: /workspace/install/turtlebot3_navigation2/share/turtlebot3_navigation2/param/waffle_pi.yaml
[0.633s] -- Installing: /workspace/install/turtlebot3_navigation2/share/turtlebot3_navigation2/rviz
[0.633s] -- Installing: /workspace/install/turtlebot3_navigation2/share/turtlebot3_navigation2/rviz/tb3_navigation2.rviz
[0.636s] -- Installing: /workspace/install/turtlebot3_navigation2/share/ament_index/resource_index/package_run_dependencies/turtlebot3_navigation2
[0.636s] -- Installing: /workspace/install/turtlebot3_navigation2/share/ament_index/resource_index/parent_prefix_path/turtlebot3_navigation2
[0.637s] -- Installing: /workspace/install/turtlebot3_navigation2/share/turtlebot3_navigation2/environment/ament_prefix_path.sh
[0.637s] -- Installing: /workspace/install/turtlebot3_navigation2/share/turtlebot3_navigation2/environment/ament_prefix_path.dsv
[0.638s] -- Installing: /workspace/install/turtlebot3_navigation2/share/turtlebot3_navigation2/environment/path.sh
[0.638s] -- Installing: /workspace/install/turtlebot3_navigation2/share/turtlebot3_navigation2/environment/path.dsv
[0.638s] -- Installing: /workspace/install/turtlebot3_navigation2/share/turtlebot3_navigation2/local_setup.bash
[0.638s] -- Installing: /workspace/install/turtlebot3_navigation2/share/turtlebot3_navigation2/local_setup.sh
[0.638s] -- Installing: /workspace/install/turtlebot3_navigation2/share/turtlebot3_navigation2/local_setup.zsh
[0.639s] -- Installing: /workspace/install/turtlebot3_navigation2/share/turtlebot3_navigation2/local_setup.dsv
[0.639s] -- Installing: /workspace/install/turtlebot3_navigation2/share/turtlebot3_navigation2/package.dsv
[0.639s] -- Installing: /workspace/install/turtlebot3_navigation2/share/ament_index/resource_index/packages/turtlebot3_navigation2
[0.641s] -- Installing: /workspace/install/turtlebot3_navigation2/share/turtlebot3_navigation2/cmake/turtlebot3_navigation2Config.cmake
[0.641s] -- Installing: /workspace/install/turtlebot3_navigation2/share/turtlebot3_navigation2/cmake/turtlebot3_navigation2Config-version.cmake
[0.641s] -- Installing: /workspace/install/turtlebot3_navigation2/share/turtlebot3_navigation2/package.xml
[0.666s] Invoked command in '/workspace/build/turtlebot3_navigation2' returned '0': CMAKE_PREFIX_PATH=${CMAKE_PREFIX_PATH}:/workspace/ros2_ws/install/turtlebot3_teleop:/workspace/ros2_ws/install/turtlebot3_example:/workspace/ros2_ws/install/maze_pkg:/opt/ros/humble /usr/bin/cmake --install /workspace/build/turtlebot3_navigation2
