/workspace/install/maze_pkg/lib/python3.10/site-packages/maze_pkg/__init__.py
/workspace/install/maze_pkg/lib/python3.10/site-packages/maze_pkg/res_maze.py
/workspace/install/maze_pkg/lib/python3.10/site-packages/maze_pkg/__pycache__/__init__.cpython-310.pyc
/workspace/install/maze_pkg/lib/python3.10/site-packages/maze_pkg/__pycache__/res_maze.cpython-310.pyc
/workspace/install/maze_pkg/share/ament_index/resource_index/packages/maze_pkg
/workspace/install/maze_pkg/share/maze_pkg/package.xml
/workspace/install/maze_pkg/share/maze_pkg/launch/maze_2.launch.py
/workspace/install/maze_pkg/share/maze_pkg/launch/maze_1.launch.py
/workspace/install/maze_pkg/share/maze_pkg/worlds/maze_2.world
/workspace/install/maze_pkg/share/maze_pkg/worlds/maze_1.world
/workspace/install/maze_pkg/share/maze_pkg/models/maze_1/model.config
/workspace/install/maze_pkg/share/maze_pkg/models/maze_1/model.sdf
/workspace/install/maze_pkg/share/maze_pkg/models/maze_1/maze_1/model.config
/workspace/install/maze_pkg/share/maze_pkg/models/maze_1/maze_1/model.sdf
/workspace/install/maze_pkg/share/maze_pkg/models/maze_2/model.config
/workspace/install/maze_pkg/share/maze_pkg/models/maze_2/model.sdf
/workspace/install/maze_pkg/lib/python3.10/site-packages/maze_pkg-0.0.0-py3.10.egg-info/dependency_links.txt
/workspace/install/maze_pkg/lib/python3.10/site-packages/maze_pkg-0.0.0-py3.10.egg-info/zip-safe
/workspace/install/maze_pkg/lib/python3.10/site-packages/maze_pkg-0.0.0-py3.10.egg-info/entry_points.txt
/workspace/install/maze_pkg/lib/python3.10/site-packages/maze_pkg-0.0.0-py3.10.egg-info/SOURCES.txt
/workspace/install/maze_pkg/lib/python3.10/site-packages/maze_pkg-0.0.0-py3.10.egg-info/requires.txt
/workspace/install/maze_pkg/lib/python3.10/site-packages/maze_pkg-0.0.0-py3.10.egg-info/top_level.txt
/workspace/install/maze_pkg/lib/python3.10/site-packages/maze_pkg-0.0.0-py3.10.egg-info/PKG-INFO
/workspace/install/maze_pkg/lib/maze_pkg/res_maze
