[0.366s] Invoking command in '/workspace/ros2_ws/src/build/maze_pkg': PYTHONPATH=/workspace/ros2_ws/src/build/maze_pkg/prefix_override:/usr/lib/python3/dist-packages/colcon_core/task/python/colcon_distutils_commands:/workspace/ros2_ws/src/install/maze_pkg/lib/python3.10/site-packages:${PYTHONPATH} /usr/bin/python3 -W ignore:setup.py install is deprecated -W ignore:easy_install command is deprecated setup.py develop --uninstall --editable --build-directory /workspace/ros2_ws/src/build/maze_pkg/build
[0.580s] running develop
[0.702s] Removing /workspace/ros2_ws/src/install/maze_pkg/lib/python3.10/site-packages/maze-pkg.egg-link (link to .)
[0.728s] Invoked command in '/workspace/ros2_ws/src/build/maze_pkg' returned '0': PYTHONPATH=/workspace/ros2_ws/src/build/maze_pkg/prefix_override:/usr/lib/python3/dist-packages/colcon_core/task/python/colcon_distutils_commands:/workspace/ros2_ws/src/install/maze_pkg/lib/python3.10/site-packages:${PYTHONPATH} /usr/bin/python3 -W ignore:setup.py install is deprecated -W ignore:easy_install command is deprecated setup.py develop --uninstall --editable --build-directory /workspace/ros2_ws/src/build/maze_pkg/build
[0.730s] Invoking command in '/workspace/ros2_ws/src/maze_pkg': PYTHONPATH=/workspace/ros2_ws/src/build/maze_pkg/prefix_override:/usr/lib/python3/dist-packages/colcon_core/task/python/colcon_distutils_commands:/workspace/ros2_ws/src/install/maze_pkg/lib/python3.10/site-packages:${PYTHONPATH} /usr/bin/python3 -W ignore:setup.py install is deprecated -W ignore:easy_install command is deprecated setup.py egg_info --egg-base ../build/maze_pkg build --build-base /workspace/ros2_ws/src/build/maze_pkg/build install --record /workspace/ros2_ws/src/build/maze_pkg/install.log --single-version-externally-managed install_data --force
[0.895s] running egg_info
[0.896s] writing ../build/maze_pkg/maze_pkg.egg-info/PKG-INFO
[0.896s] writing dependency_links to ../build/maze_pkg/maze_pkg.egg-info/dependency_links.txt
[0.896s] writing entry points to ../build/maze_pkg/maze_pkg.egg-info/entry_points.txt
[0.896s] writing requirements to ../build/maze_pkg/maze_pkg.egg-info/requires.txt
[0.896s] writing top-level names to ../build/maze_pkg/maze_pkg.egg-info/top_level.txt
[0.898s] reading manifest file '../build/maze_pkg/maze_pkg.egg-info/SOURCES.txt'
[0.899s] writing manifest file '../build/maze_pkg/maze_pkg.egg-info/SOURCES.txt'
[0.899s] running build
[0.899s] running build_py
[0.899s] creating /workspace/ros2_ws/src/build/maze_pkg/build
[0.899s] creating /workspace/ros2_ws/src/build/maze_pkg/build/lib
[0.900s] creating /workspace/ros2_ws/src/build/maze_pkg/build/lib/maze_pkg
[0.900s] copying maze_pkg/__init__.py -> /workspace/ros2_ws/src/build/maze_pkg/build/lib/maze_pkg
[0.900s] copying maze_pkg/res_maze.py -> /workspace/ros2_ws/src/build/maze_pkg/build/lib/maze_pkg
[0.900s] running install
[0.900s] running install_lib
[0.901s] creating /workspace/ros2_ws/src/install/maze_pkg/lib/python3.10/site-packages/maze_pkg
[0.901s] copying /workspace/ros2_ws/src/build/maze_pkg/build/lib/maze_pkg/__init__.py -> /workspace/ros2_ws/src/install/maze_pkg/lib/python3.10/site-packages/maze_pkg
[0.901s] copying /workspace/ros2_ws/src/build/maze_pkg/build/lib/maze_pkg/res_maze.py -> /workspace/ros2_ws/src/install/maze_pkg/lib/python3.10/site-packages/maze_pkg
[0.902s] byte-compiling /workspace/ros2_ws/src/install/maze_pkg/lib/python3.10/site-packages/maze_pkg/__init__.py to __init__.cpython-310.pyc
[0.902s] byte-compiling /workspace/ros2_ws/src/install/maze_pkg/lib/python3.10/site-packages/maze_pkg/res_maze.py to res_maze.cpython-310.pyc
[0.903s] running install_data
[0.903s] copying resource/maze_pkg -> /workspace/ros2_ws/src/install/maze_pkg/share/ament_index/resource_index/packages
[0.903s] copying package.xml -> /workspace/ros2_ws/src/install/maze_pkg/share/maze_pkg
[0.903s] copying launch/maze_2.launch.py -> /workspace/ros2_ws/src/install/maze_pkg/share/maze_pkg/launch
[0.903s] copying launch/maze_1.launch.py -> /workspace/ros2_ws/src/install/maze_pkg/share/maze_pkg/launch
[0.903s] copying worlds/maze_2.world -> /workspace/ros2_ws/src/install/maze_pkg/share/maze_pkg/worlds
[0.904s] copying worlds/maze_1.world -> /workspace/ros2_ws/src/install/maze_pkg/share/maze_pkg/worlds
[0.904s] copying models/maze_1/model.config -> /workspace/ros2_ws/src/install/maze_pkg/share/maze_pkg/models/maze_1
[0.904s] copying models/maze_1/model.sdf -> /workspace/ros2_ws/src/install/maze_pkg/share/maze_pkg/models/maze_1
[0.904s] copying models/maze_1/maze_1/model.config -> /workspace/ros2_ws/src/install/maze_pkg/share/maze_pkg/models/maze_1/maze_1
[0.904s] copying models/maze_1/maze_1/model.sdf -> /workspace/ros2_ws/src/install/maze_pkg/share/maze_pkg/models/maze_1/maze_1
[0.904s] copying models/maze_2/model.config -> /workspace/ros2_ws/src/install/maze_pkg/share/maze_pkg/models/maze_2
[0.904s] copying models/maze_2/model.sdf -> /workspace/ros2_ws/src/install/maze_pkg/share/maze_pkg/models/maze_2
[0.904s] running install_egg_info
[0.906s] Copying ../build/maze_pkg/maze_pkg.egg-info to /workspace/ros2_ws/src/install/maze_pkg/lib/python3.10/site-packages/maze_pkg-0.0.0-py3.10.egg-info
[0.907s] running install_scripts
[0.928s] Installing res_maze script to /workspace/ros2_ws/src/install/maze_pkg/lib/maze_pkg
[0.928s] writing list of installed files to '/workspace/ros2_ws/src/build/maze_pkg/install.log'
[0.951s] Invoked command in '/workspace/ros2_ws/src/maze_pkg' returned '0': PYTHONPATH=/workspace/ros2_ws/src/build/maze_pkg/prefix_override:/usr/lib/python3/dist-packages/colcon_core/task/python/colcon_distutils_commands:/workspace/ros2_ws/src/install/maze_pkg/lib/python3.10/site-packages:${PYTHONPATH} /usr/bin/python3 -W ignore:setup.py install is deprecated -W ignore:easy_install command is deprecated setup.py egg_info --egg-base ../build/maze_pkg build --build-base /workspace/ros2_ws/src/build/maze_pkg/build install --record /workspace/ros2_ws/src/build/maze_pkg/install.log --single-version-externally-managed install_data --force
