[0.014s] Invoking command in '/workspace/build/turtlebot3_bringup': AMENT_PREFIX_PATH=/workspace/install/turtlebot3_node:/workspace/install/turtlebot3_msgs:/workspace/install/turtlebot3_description:${AMENT_PREFIX_PATH} CMAKE_PREFIX_PATH=/workspace/install/turtlebot3_node:/workspace/install/turtlebot3_msgs:/workspace/install/turtlebot3_description:/workspace/ros2_ws/install/turtlebot3:/workspace/ros2_ws/install/turtlebot3_simulations:/workspace/ros2_ws/install/turtlebot3_bringup:/workspace/ros2_ws/install/turtlebot3_node:/workspace/ros2_ws/install/turtlebot3_navigation2:/workspace/ros2_ws/install/turtlebot3_fake_node:/workspace/ros2_ws/install/turtlebot3_msgs:/workspace/ros2_ws/install/turtlebot3_manipulation_gazebo:/workspace/ros2_ws/install/turtlebot3_gazebo:/workspace/ros2_ws/install/turtlebot3_description:/workspace/ros2_ws/install/turtlebot3_cartographer:/workspace/ros2_ws/install/turtlebot3_teleop:/workspace/ros2_ws/install/turtlebot3_example:/workspace/ros2_ws/install/maze_pkg:/opt/ros/humble LD_LIBRARY_PATH=/workspace/install/turtlebot3_msgs/lib:${LD_LIBRARY_PATH} PYTHONPATH=/workspace/install/turtlebot3_msgs/local/lib/python3.10/dist-packages:${PYTHONPATH} /usr/bin/cmake /workspace/ros2_ws/turtlebot3/turtlebot3_bringup -DCMAKE_INSTALL_PREFIX=/workspace/install/turtlebot3_bringup
[0.073s] -- The C compiler identification is GNU 11.4.0
[0.133s] -- The CXX compiler identification is GNU 11.4.0
[0.140s] -- Detecting C compiler ABI info
[0.218s] -- Detecting C compiler ABI info - done
[0.225s] -- Check for working C compiler: /usr/bin/cc - skipped
[0.225s] -- Detecting C compile features
[0.225s] -- Detecting C compile features - done
[0.228s] -- Detecting CXX compiler ABI info
[0.318s] -- Detecting CXX compiler ABI info - done
[0.325s] -- Check for working CXX compiler: /usr/bin/c++ - skipped
[0.326s] -- Detecting CXX compile features
[0.326s] -- Detecting CXX compile features - done
[0.330s] -- Found ament_cmake: 1.3.13 (/opt/ros/humble/share/ament_cmake/cmake)
[0.500s] -- Found Python3: /usr/bin/python3 (found version "3.10.12") found components: Interpreter 
[0.668s] -- Configuring done
[0.671s] -- Generating done
[0.673s] -- Build files have been written to: /workspace/build/turtlebot3_bringup
[0.678s] Invoked command in '/workspace/build/turtlebot3_bringup' returned '0': AMENT_PREFIX_PATH=/workspace/install/turtlebot3_node:/workspace/install/turtlebot3_msgs:/workspace/install/turtlebot3_description:${AMENT_PREFIX_PATH} CMAKE_PREFIX_PATH=/workspace/install/turtlebot3_node:/workspace/install/turtlebot3_msgs:/workspace/install/turtlebot3_description:/workspace/ros2_ws/install/turtlebot3:/workspace/ros2_ws/install/turtlebot3_simulations:/workspace/ros2_ws/install/turtlebot3_bringup:/workspace/ros2_ws/install/turtlebot3_node:/workspace/ros2_ws/install/turtlebot3_navigation2:/workspace/ros2_ws/install/turtlebot3_fake_node:/workspace/ros2_ws/install/turtlebot3_msgs:/workspace/ros2_ws/install/turtlebot3_manipulation_gazebo:/workspace/ros2_ws/install/turtlebot3_gazebo:/workspace/ros2_ws/install/turtlebot3_description:/workspace/ros2_ws/install/turtlebot3_cartographer:/workspace/ros2_ws/install/turtlebot3_teleop:/workspace/ros2_ws/install/turtlebot3_example:/workspace/ros2_ws/install/maze_pkg:/opt/ros/humble LD_LIBRARY_PATH=/workspace/install/turtlebot3_msgs/lib:${LD_LIBRARY_PATH} PYTHONPATH=/workspace/install/turtlebot3_msgs/local/lib/python3.10/dist-packages:${PYTHONPATH} /usr/bin/cmake /workspace/ros2_ws/turtlebot3/turtlebot3_bringup -DCMAKE_INSTALL_PREFIX=/workspace/install/turtlebot3_bringup
[0.678s] Invoking command in '/workspace/build/turtlebot3_bringup': AMENT_PREFIX_PATH=/workspace/install/turtlebot3_node:/workspace/install/turtlebot3_msgs:/workspace/install/turtlebot3_description:${AMENT_PREFIX_PATH} CMAKE_PREFIX_PATH=/workspace/install/turtlebot3_node:/workspace/install/turtlebot3_msgs:/workspace/install/turtlebot3_description:/workspace/ros2_ws/install/turtlebot3:/workspace/ros2_ws/install/turtlebot3_simulations:/workspace/ros2_ws/install/turtlebot3_bringup:/workspace/ros2_ws/install/turtlebot3_node:/workspace/ros2_ws/install/turtlebot3_navigation2:/workspace/ros2_ws/install/turtlebot3_fake_node:/workspace/ros2_ws/install/turtlebot3_msgs:/workspace/ros2_ws/install/turtlebot3_manipulation_gazebo:/workspace/ros2_ws/install/turtlebot3_gazebo:/workspace/ros2_ws/install/turtlebot3_description:/workspace/ros2_ws/install/turtlebot3_cartographer:/workspace/ros2_ws/install/turtlebot3_teleop:/workspace/ros2_ws/install/turtlebot3_example:/workspace/ros2_ws/install/maze_pkg:/opt/ros/humble LD_LIBRARY_PATH=/workspace/install/turtlebot3_msgs/lib:${LD_LIBRARY_PATH} PYTHONPATH=/workspace/install/turtlebot3_msgs/local/lib/python3.10/dist-packages:${PYTHONPATH} /usr/bin/cmake --build /workspace/build/turtlebot3_bringup -- -j20 -l20
[0.717s] Invoked command in '/workspace/build/turtlebot3_bringup' returned '0': AMENT_PREFIX_PATH=/workspace/install/turtlebot3_node:/workspace/install/turtlebot3_msgs:/workspace/install/turtlebot3_description:${AMENT_PREFIX_PATH} CMAKE_PREFIX_PATH=/workspace/install/turtlebot3_node:/workspace/install/turtlebot3_msgs:/workspace/install/turtlebot3_description:/workspace/ros2_ws/install/turtlebot3:/workspace/ros2_ws/install/turtlebot3_simulations:/workspace/ros2_ws/install/turtlebot3_bringup:/workspace/ros2_ws/install/turtlebot3_node:/workspace/ros2_ws/install/turtlebot3_navigation2:/workspace/ros2_ws/install/turtlebot3_fake_node:/workspace/ros2_ws/install/turtlebot3_msgs:/workspace/ros2_ws/install/turtlebot3_manipulation_gazebo:/workspace/ros2_ws/install/turtlebot3_gazebo:/workspace/ros2_ws/install/turtlebot3_description:/workspace/ros2_ws/install/turtlebot3_cartographer:/workspace/ros2_ws/install/turtlebot3_teleop:/workspace/ros2_ws/install/turtlebot3_example:/workspace/ros2_ws/install/maze_pkg:/opt/ros/humble LD_LIBRARY_PATH=/workspace/install/turtlebot3_msgs/lib:${LD_LIBRARY_PATH} PYTHONPATH=/workspace/install/turtlebot3_msgs/local/lib/python3.10/dist-packages:${PYTHONPATH} /usr/bin/cmake --build /workspace/build/turtlebot3_bringup -- -j20 -l20
[0.718s] Invoking command in '/workspace/build/turtlebot3_bringup': AMENT_PREFIX_PATH=/workspace/install/turtlebot3_node:/workspace/install/turtlebot3_msgs:/workspace/install/turtlebot3_description:${AMENT_PREFIX_PATH} CMAKE_PREFIX_PATH=/workspace/install/turtlebot3_node:/workspace/install/turtlebot3_msgs:/workspace/install/turtlebot3_description:/workspace/ros2_ws/install/turtlebot3:/workspace/ros2_ws/install/turtlebot3_simulations:/workspace/ros2_ws/install/turtlebot3_bringup:/workspace/ros2_ws/install/turtlebot3_node:/workspace/ros2_ws/install/turtlebot3_navigation2:/workspace/ros2_ws/install/turtlebot3_fake_node:/workspace/ros2_ws/install/turtlebot3_msgs:/workspace/ros2_ws/install/turtlebot3_manipulation_gazebo:/workspace/ros2_ws/install/turtlebot3_gazebo:/workspace/ros2_ws/install/turtlebot3_description:/workspace/ros2_ws/install/turtlebot3_cartographer:/workspace/ros2_ws/install/turtlebot3_teleop:/workspace/ros2_ws/install/turtlebot3_example:/workspace/ros2_ws/install/maze_pkg:/opt/ros/humble LD_LIBRARY_PATH=/workspace/install/turtlebot3_msgs/lib:${LD_LIBRARY_PATH} PYTHONPATH=/workspace/install/turtlebot3_msgs/local/lib/python3.10/dist-packages:${PYTHONPATH} /usr/bin/cmake --install /workspace/build/turtlebot3_bringup
[0.726s] -- Install configuration: ""
[0.726s] -- Installing: /workspace/install/turtlebot3_bringup/share/turtlebot3_bringup/launch
[0.727s] -- Installing: /workspace/install/turtlebot3_bringup/share/turtlebot3_bringup/launch/rviz2.launch.py
[0.727s] -- Installing: /workspace/install/turtlebot3_bringup/share/turtlebot3_bringup/launch/robot.launch.py
[0.728s] -- Installing: /workspace/install/turtlebot3_bringup/share/turtlebot3_bringup/launch/turtlebot3_state_publisher.launch.py
[0.728s] -- Installing: /workspace/install/turtlebot3_bringup/share/turtlebot3_bringup/launch/camera.launch.py
[0.729s] -- Installing: /workspace/install/turtlebot3_bringup/share/turtlebot3_bringup/param
[0.729s] -- Installing: /workspace/install/turtlebot3_bringup/share/turtlebot3_bringup/param/humble
[0.729s] -- Installing: /workspace/install/turtlebot3_bringup/share/turtlebot3_bringup/param/humble/burger.yaml
[0.729s] -- Installing: /workspace/install/turtlebot3_bringup/share/turtlebot3_bringup/param/humble/waffle.yaml
[0.729s] -- Installing: /workspace/install/turtlebot3_bringup/share/turtlebot3_bringup/param/humble/waffle_pi.yaml
[0.730s] -- Installing: /workspace/install/turtlebot3_bringup/share/turtlebot3_bringup/param/burger.yaml
[0.730s] -- Installing: /workspace/install/turtlebot3_bringup/share/turtlebot3_bringup/param/waffle.yaml
[0.730s] -- Installing: /workspace/install/turtlebot3_bringup/share/turtlebot3_bringup/param/waffle_pi.yaml
[0.731s] -- Installing: /workspace/install/turtlebot3_bringup/share/turtlebot3_bringup/script
[0.731s] -- Installing: /workspace/install/turtlebot3_bringup/share/turtlebot3_bringup/script/99-turtlebot3-cdc.rules
[0.731s] -- Installing: /workspace/install/turtlebot3_bringup/share/turtlebot3_bringup/script/create_udev_rules
[0.732s] -- Installing: /workspace/install/turtlebot3_bringup/share/ament_index/resource_index/package_run_dependencies/turtlebot3_bringup
[0.732s] -- Installing: /workspace/install/turtlebot3_bringup/share/ament_index/resource_index/parent_prefix_path/turtlebot3_bringup
[0.732s] -- Installing: /workspace/install/turtlebot3_bringup/share/turtlebot3_bringup/environment/ament_prefix_path.sh
[0.733s] -- Installing: /workspace/install/turtlebot3_bringup/share/turtlebot3_bringup/environment/ament_prefix_path.dsv
[0.733s] -- Installing: /workspace/install/turtlebot3_bringup/share/turtlebot3_bringup/environment/path.sh
[0.733s] -- Installing: /workspace/install/turtlebot3_bringup/share/turtlebot3_bringup/environment/path.dsv
[0.733s] -- Installing: /workspace/install/turtlebot3_bringup/share/turtlebot3_bringup/local_setup.bash
[0.733s] -- Installing: /workspace/install/turtlebot3_bringup/share/turtlebot3_bringup/local_setup.sh
[0.734s] -- Installing: /workspace/install/turtlebot3_bringup/share/turtlebot3_bringup/local_setup.zsh
[0.734s] -- Installing: /workspace/install/turtlebot3_bringup/share/turtlebot3_bringup/local_setup.dsv
[0.734s] -- Installing: /workspace/install/turtlebot3_bringup/share/turtlebot3_bringup/package.dsv
[0.734s] -- Installing: /workspace/install/turtlebot3_bringup/share/ament_index/resource_index/packages/turtlebot3_bringup
[0.734s] -- Installing: /workspace/install/turtlebot3_bringup/share/turtlebot3_bringup/cmake/turtlebot3_bringupConfig.cmake
[0.734s] -- Installing: /workspace/install/turtlebot3_bringup/share/turtlebot3_bringup/cmake/turtlebot3_bringupConfig-version.cmake
[0.734s] -- Installing: /workspace/install/turtlebot3_bringup/share/turtlebot3_bringup/package.xml
[0.737s] Invoked command in '/workspace/build/turtlebot3_bringup' returned '0': AMENT_PREFIX_PATH=/workspace/install/turtlebot3_node:/workspace/install/turtlebot3_msgs:/workspace/install/turtlebot3_description:${AMENT_PREFIX_PATH} CMAKE_PREFIX_PATH=/workspace/install/turtlebot3_node:/workspace/install/turtlebot3_msgs:/workspace/install/turtlebot3_description:/workspace/ros2_ws/install/turtlebot3:/workspace/ros2_ws/install/turtlebot3_simulations:/workspace/ros2_ws/install/turtlebot3_bringup:/workspace/ros2_ws/install/turtlebot3_node:/workspace/ros2_ws/install/turtlebot3_navigation2:/workspace/ros2_ws/install/turtlebot3_fake_node:/workspace/ros2_ws/install/turtlebot3_msgs:/workspace/ros2_ws/install/turtlebot3_manipulation_gazebo:/workspace/ros2_ws/install/turtlebot3_gazebo:/workspace/ros2_ws/install/turtlebot3_description:/workspace/ros2_ws/install/turtlebot3_cartographer:/workspace/ros2_ws/install/turtlebot3_teleop:/workspace/ros2_ws/install/turtlebot3_example:/workspace/ros2_ws/install/maze_pkg:/opt/ros/humble LD_LIBRARY_PATH=/workspace/install/turtlebot3_msgs/lib:${LD_LIBRARY_PATH} PYTHONPATH=/workspace/install/turtlebot3_msgs/local/lib/python3.10/dist-packages:${PYTHONPATH} /usr/bin/cmake --install /workspace/build/turtlebot3_bringup
