[0.008s] Invoking command in '/workspace/ros2_ws/build/turtlebot3_node': AMENT_PREFIX_PATH=/workspace/ros2_ws/install/turtlebot3_msgs CMAKE_PREFIX_PATH=/workspace/ros2_ws/install/turtlebot3_msgs LD_LIBRARY_PATH=/workspace/ros2_ws/install/turtlebot3_msgs/lib PYTHONPATH=/workspace/ros2_ws/install/turtlebot3_msgs/local/lib/python3.10/dist-packages /usr/bin/cmake --build /workspace/ros2_ws/build/turtlebot3_node -- -j20 -l20
[0.114s] [ 85%] Built target turtlebot3_node_lib
[0.114s] [100%] Built target turtlebot3_ros
[0.116s] Invoked command in '/workspace/ros2_ws/build/turtlebot3_node' returned '0': AMENT_PREFIX_PATH=/workspace/ros2_ws/install/turtlebot3_msgs CMAKE_PREFIX_PATH=/workspace/ros2_ws/install/turtlebot3_msgs LD_LIBRARY_PATH=/workspace/ros2_ws/install/turtlebot3_msgs/lib PYTHONPATH=/workspace/ros2_ws/install/turtlebot3_msgs/local/lib/python3.10/dist-packages /usr/bin/cmake --build /workspace/ros2_ws/build/turtlebot3_node -- -j20 -l20
[0.118s] Invoking command in '/workspace/ros2_ws/build/turtlebot3_node': AMENT_PREFIX_PATH=/workspace/ros2_ws/install/turtlebot3_msgs CMAKE_PREFIX_PATH=/workspace/ros2_ws/install/turtlebot3_msgs LD_LIBRARY_PATH=/workspace/ros2_ws/install/turtlebot3_msgs/lib PYTHONPATH=/workspace/ros2_ws/install/turtlebot3_msgs/local/lib/python3.10/dist-packages /usr/bin/cmake --install /workspace/ros2_ws/build/turtlebot3_node
[0.122s] -- Install configuration: ""
[0.123s] -- Execute custom install script
[0.123s] -- Up-to-date symlink: /workspace/ros2_ws/install/turtlebot3_node/share/turtlebot3_node/param/burger.yaml
[0.124s] -- Up-to-date symlink: /workspace/ros2_ws/install/turtlebot3_node/share/turtlebot3_node/param/waffle.yaml
[0.124s] -- Up-to-date symlink: /workspace/ros2_ws/install/turtlebot3_node/share/turtlebot3_node/param/waffle_pi.yaml
[0.124s] -- Up-to-date symlink: /workspace/ros2_ws/install/turtlebot3_node/lib/turtlebot3_node/turtlebot3_ros
[0.124s] -- Up-to-date symlink: /workspace/ros2_ws/install/turtlebot3_node/share/ament_index/resource_index/package_run_dependencies/turtlebot3_node
[0.125s] -- Up-to-date symlink: /workspace/ros2_ws/install/turtlebot3_node/share/ament_index/resource_index/parent_prefix_path/turtlebot3_node
[0.125s] -- Up-to-date symlink: /workspace/ros2_ws/install/turtlebot3_node/share/turtlebot3_node/environment/ament_prefix_path.sh
[0.125s] -- Up-to-date symlink: /workspace/ros2_ws/install/turtlebot3_node/share/turtlebot3_node/environment/ament_prefix_path.dsv
[0.125s] -- Up-to-date symlink: /workspace/ros2_ws/install/turtlebot3_node/share/turtlebot3_node/environment/path.sh
[0.126s] -- Up-to-date symlink: /workspace/ros2_ws/install/turtlebot3_node/share/turtlebot3_node/environment/path.dsv
[0.126s] -- Up-to-date symlink: /workspace/ros2_ws/install/turtlebot3_node/share/turtlebot3_node/local_setup.bash
[0.126s] -- Up-to-date symlink: /workspace/ros2_ws/install/turtlebot3_node/share/turtlebot3_node/local_setup.sh
[0.126s] -- Up-to-date symlink: /workspace/ros2_ws/install/turtlebot3_node/share/turtlebot3_node/local_setup.zsh
[0.126s] -- Up-to-date symlink: /workspace/ros2_ws/install/turtlebot3_node/share/turtlebot3_node/local_setup.dsv
[0.126s] -- Symlinking: /workspace/ros2_ws/install/turtlebot3_node/share/turtlebot3_node/package.dsv
[0.132s] -- Up-to-date symlink: /workspace/ros2_ws/install/turtlebot3_node/share/ament_index/resource_index/packages/turtlebot3_node
[0.132s] -- Up-to-date symlink: /workspace/ros2_ws/install/turtlebot3_node/share/turtlebot3_node/cmake/ament_cmake_export_dependencies-extras.cmake
[0.132s] -- Up-to-date symlink: /workspace/ros2_ws/install/turtlebot3_node/share/turtlebot3_node/cmake/ament_cmake_export_include_directories-extras.cmake
[0.132s] -- Up-to-date symlink: /workspace/ros2_ws/install/turtlebot3_node/share/turtlebot3_node/cmake/turtlebot3_nodeConfig.cmake
[0.133s] -- Up-to-date symlink: /workspace/ros2_ws/install/turtlebot3_node/share/turtlebot3_node/cmake/turtlebot3_nodeConfig-version.cmake
[0.133s] -- Up-to-date symlink: /workspace/ros2_ws/install/turtlebot3_node/share/turtlebot3_node/package.xml
[0.134s] Invoked command in '/workspace/ros2_ws/build/turtlebot3_node' returned '0': AMENT_PREFIX_PATH=/workspace/ros2_ws/install/turtlebot3_msgs CMAKE_PREFIX_PATH=/workspace/ros2_ws/install/turtlebot3_msgs LD_LIBRARY_PATH=/workspace/ros2_ws/install/turtlebot3_msgs/lib PYTHONPATH=/workspace/ros2_ws/install/turtlebot3_msgs/local/lib/python3.10/dist-packages /usr/bin/cmake --install /workspace/ros2_ws/build/turtlebot3_node
