[0.556s] Invoking command in '/workspace/ros2_ws/build/turtlebot3_teleop': PYTHONPATH=/workspace/ros2_ws/build/turtlebot3_teleop/prefix_override:/usr/lib/python3/dist-packages/colcon_core/task/python/colcon_distutils_commands:/workspace/ros2_ws/install/turtlebot3_teleop/lib/python3.10/site-packages:${PYTHONPATH} /usr/bin/python3 -W ignore:setup.py install is deprecated -W ignore:easy_install command is deprecated setup.py develop --editable --build-directory /workspace/ros2_ws/build/turtlebot3_teleop/build --no-deps symlink_data
[0.688s] running develop
[0.769s] running egg_info
[0.769s] creating turtlebot3_teleop.egg-info
[0.770s] writing turtlebot3_teleop.egg-info/PKG-INFO
[0.770s] writing dependency_links to turtlebot3_teleop.egg-info/dependency_links.txt
[0.770s] writing entry points to turtlebot3_teleop.egg-info/entry_points.txt
[0.770s] writing requirements to turtlebot3_teleop.egg-info/requires.txt
[0.770s] writing top-level names to turtlebot3_teleop.egg-info/top_level.txt
[0.771s] writing manifest file 'turtlebot3_teleop.egg-info/SOURCES.txt'
[0.771s] reading manifest file 'turtlebot3_teleop.egg-info/SOURCES.txt'
[0.772s] writing manifest file 'turtlebot3_teleop.egg-info/SOURCES.txt'
[0.772s] running build_ext
[0.773s] Creating /workspace/ros2_ws/install/turtlebot3_teleop/lib/python3.10/site-packages/turtlebot3-teleop.egg-link (link to .)
[0.774s] Installing teleop_keyboard script to /workspace/ros2_ws/install/turtlebot3_teleop/lib/turtlebot3_teleop
[0.774s] 
[0.774s] Installed /workspace/ros2_ws/build/turtlebot3_teleop
[0.774s] running symlink_data
[0.774s] creating /workspace/ros2_ws/install/turtlebot3_teleop/share/ament_index
[0.775s] creating /workspace/ros2_ws/install/turtlebot3_teleop/share/ament_index/resource_index
[0.775s] creating /workspace/ros2_ws/install/turtlebot3_teleop/share/ament_index/resource_index/packages
[0.775s] symbolically linking /workspace/ros2_ws/build/turtlebot3_teleop/resource/turtlebot3_teleop -> /workspace/ros2_ws/install/turtlebot3_teleop/share/ament_index/resource_index/packages
[0.775s] symbolically linking /workspace/ros2_ws/build/turtlebot3_teleop/package.xml -> /workspace/ros2_ws/install/turtlebot3_teleop/share/turtlebot3_teleop
[0.804s] Invoked command in '/workspace/ros2_ws/build/turtlebot3_teleop' returned '0': PYTHONPATH=/workspace/ros2_ws/build/turtlebot3_teleop/prefix_override:/usr/lib/python3/dist-packages/colcon_core/task/python/colcon_distutils_commands:/workspace/ros2_ws/install/turtlebot3_teleop/lib/python3.10/site-packages:${PYTHONPATH} /usr/bin/python3 -W ignore:setup.py install is deprecated -W ignore:easy_install command is deprecated setup.py develop --editable --build-directory /workspace/ros2_ws/build/turtlebot3_teleop/build --no-deps symlink_data
