[0.030s] Invoking command in '/workspace/build/turtlebot3_cartographer': CMAKE_PREFIX_PATH=${CMAKE_PREFIX_PATH}:/workspace/ros2_ws/install/turtlebot3_teleop:/workspace/ros2_ws/install/turtlebot3_example:/workspace/ros2_ws/install/maze_pkg:/opt/ros/humble /usr/bin/cmake /workspace/ros2_ws/turtlebot3/turtlebot3_cartographer -DCMAKE_INSTALL_PREFIX=/workspace/install/turtlebot3_cartographer
[0.181s] -- The C compiler identification is GNU 11.4.0
[0.218s] -- The CXX compiler identification is GNU 11.4.0
[0.228s] -- Detecting C compiler ABI info
[0.279s] -- Detecting C compiler ABI info - done
[0.283s] -- Check for working C compiler: /usr/bin/cc - skipped
[0.283s] -- Detecting C compile features
[0.283s] -- Detecting C compile features - done
[0.285s] -- Detecting CXX compiler ABI info
[0.341s] -- Detecting CXX compiler ABI info - done
[0.344s] -- Check for working CXX compiler: /usr/bin/c++ - skipped
[0.344s] -- Detecting CXX compile features
[0.344s] -- Detecting CXX compile features - done
[0.347s] -- Found ament_cmake: 1.3.13 (/opt/ros/humble/share/ament_cmake/cmake)
[0.446s] -- Found Python3: /usr/bin/python3 (found version "3.10.12") found components: Interpreter 
[0.588s] -- Configuring done
[0.590s] -- Generating done
[0.592s] -- Build files have been written to: /workspace/build/turtlebot3_cartographer
[0.599s] Invoked command in '/workspace/build/turtlebot3_cartographer' returned '0': CMAKE_PREFIX_PATH=${CMAKE_PREFIX_PATH}:/workspace/ros2_ws/install/turtlebot3_teleop:/workspace/ros2_ws/install/turtlebot3_example:/workspace/ros2_ws/install/maze_pkg:/opt/ros/humble /usr/bin/cmake /workspace/ros2_ws/turtlebot3/turtlebot3_cartographer -DCMAKE_INSTALL_PREFIX=/workspace/install/turtlebot3_cartographer
[0.599s] Invoking command in '/workspace/build/turtlebot3_cartographer': CMAKE_PREFIX_PATH=${CMAKE_PREFIX_PATH}:/workspace/ros2_ws/install/turtlebot3_teleop:/workspace/ros2_ws/install/turtlebot3_example:/workspace/ros2_ws/install/maze_pkg:/opt/ros/humble /usr/bin/cmake --build /workspace/build/turtlebot3_cartographer -- -j20 -l20
[0.633s] Invoked command in '/workspace/build/turtlebot3_cartographer' returned '0': CMAKE_PREFIX_PATH=${CMAKE_PREFIX_PATH}:/workspace/ros2_ws/install/turtlebot3_teleop:/workspace/ros2_ws/install/turtlebot3_example:/workspace/ros2_ws/install/maze_pkg:/opt/ros/humble /usr/bin/cmake --build /workspace/build/turtlebot3_cartographer -- -j20 -l20
[0.633s] Invoking command in '/workspace/build/turtlebot3_cartographer': CMAKE_PREFIX_PATH=${CMAKE_PREFIX_PATH}:/workspace/ros2_ws/install/turtlebot3_teleop:/workspace/ros2_ws/install/turtlebot3_example:/workspace/ros2_ws/install/maze_pkg:/opt/ros/humble /usr/bin/cmake --install /workspace/build/turtlebot3_cartographer
[0.639s] -- Install configuration: ""
[0.640s] -- Installing: /workspace/install/turtlebot3_cartographer/share/turtlebot3_cartographer/config
[0.640s] -- Installing: /workspace/install/turtlebot3_cartographer/share/turtlebot3_cartographer/config/turtlebot3_lds_2d.lua
[0.640s] -- Installing: /workspace/install/turtlebot3_cartographer/share/turtlebot3_cartographer/launch
[0.641s] -- Installing: /workspace/install/turtlebot3_cartographer/share/turtlebot3_cartographer/launch/cartographer.launch.py
[0.641s] -- Installing: /workspace/install/turtlebot3_cartographer/share/turtlebot3_cartographer/launch/occupancy_grid.launch.py
[0.642s] -- Installing: /workspace/install/turtlebot3_cartographer/share/turtlebot3_cartographer/rviz
[0.642s] -- Installing: /workspace/install/turtlebot3_cartographer/share/turtlebot3_cartographer/rviz/tb3_cartographer.rviz
[0.642s] -- Installing: /workspace/install/turtlebot3_cartographer/share/ament_index/resource_index/package_run_dependencies/turtlebot3_cartographer
[0.643s] -- Installing: /workspace/install/turtlebot3_cartographer/share/ament_index/resource_index/parent_prefix_path/turtlebot3_cartographer
[0.644s] -- Installing: /workspace/install/turtlebot3_cartographer/share/turtlebot3_cartographer/environment/ament_prefix_path.sh
[0.644s] -- Installing: /workspace/install/turtlebot3_cartographer/share/turtlebot3_cartographer/environment/ament_prefix_path.dsv
[0.644s] -- Installing: /workspace/install/turtlebot3_cartographer/share/turtlebot3_cartographer/environment/path.sh
[0.644s] -- Installing: /workspace/install/turtlebot3_cartographer/share/turtlebot3_cartographer/environment/path.dsv
[0.644s] -- Installing: /workspace/install/turtlebot3_cartographer/share/turtlebot3_cartographer/local_setup.bash
[0.644s] -- Installing: /workspace/install/turtlebot3_cartographer/share/turtlebot3_cartographer/local_setup.sh
[0.644s] -- Installing: /workspace/install/turtlebot3_cartographer/share/turtlebot3_cartographer/local_setup.zsh
[0.645s] -- Installing: /workspace/install/turtlebot3_cartographer/share/turtlebot3_cartographer/local_setup.dsv
[0.645s] -- Installing: /workspace/install/turtlebot3_cartographer/share/turtlebot3_cartographer/package.dsv
[0.646s] -- Installing: /workspace/install/turtlebot3_cartographer/share/ament_index/resource_index/packages/turtlebot3_cartographer
[0.646s] -- Installing: /workspace/install/turtlebot3_cartographer/share/turtlebot3_cartographer/cmake/turtlebot3_cartographerConfig.cmake
[0.646s] -- Installing: /workspace/install/turtlebot3_cartographer/share/turtlebot3_cartographer/cmake/turtlebot3_cartographerConfig-version.cmake
[0.647s] -- Installing: /workspace/install/turtlebot3_cartographer/share/turtlebot3_cartographer/package.xml
[0.652s] Invoked command in '/workspace/build/turtlebot3_cartographer' returned '0': CMAKE_PREFIX_PATH=${CMAKE_PREFIX_PATH}:/workspace/ros2_ws/install/turtlebot3_teleop:/workspace/ros2_ws/install/turtlebot3_example:/workspace/ros2_ws/install/maze_pkg:/opt/ros/humble /usr/bin/cmake --install /workspace/build/turtlebot3_cartographer
