[1.863s] Invoking command in '/workspace/ros2_ws/src/p3_pkg': PYTHONPATH=/workspace/ros2_ws/build/p3_pkg/prefix_override:/usr/lib/python3/dist-packages/colcon_core/task/python/colcon_distutils_commands:/workspace/ros2_ws/install/p3_pkg/lib/python3.10/site-packages:${PYTHONPATH} /usr/bin/python3 -W ignore:setup.py install is deprecated -W ignore:easy_install command is deprecated setup.py egg_info --egg-base ../../build/p3_pkg build --build-base /workspace/ros2_ws/build/p3_pkg/build install --record /workspace/ros2_ws/build/p3_pkg/install.log --single-version-externally-managed install_data
[2.194s] running egg_info
[2.194s] writing ../../build/p3_pkg/p3_pkg.egg-info/PKG-INFO
[2.194s] writing dependency_links to ../../build/p3_pkg/p3_pkg.egg-info/dependency_links.txt
[2.194s] writing entry points to ../../build/p3_pkg/p3_pkg.egg-info/entry_points.txt
[2.194s] writing requirements to ../../build/p3_pkg/p3_pkg.egg-info/requires.txt
[2.194s] writing top-level names to ../../build/p3_pkg/p3_pkg.egg-info/top_level.txt
[2.194s] reading manifest file '../../build/p3_pkg/p3_pkg.egg-info/SOURCES.txt'
[2.235s] writing manifest file '../../build/p3_pkg/p3_pkg.egg-info/SOURCES.txt'
[2.239s] running build
[2.239s] running build_py
[2.239s] copying p3_pkg/dibuja_mov.py -> /workspace/ros2_ws/build/p3_pkg/build/lib/p3_pkg
[2.239s] copying p3_pkg/movimiento.py -> /workspace/ros2_ws/build/p3_pkg/build/lib/p3_pkg
[2.239s] running install
[2.240s] running install_lib
[2.241s] copying /workspace/ros2_ws/build/p3_pkg/build/lib/p3_pkg/dibuja_mov.py -> /workspace/ros2_ws/install/p3_pkg/lib/python3.10/site-packages/p3_pkg
[2.241s] copying /workspace/ros2_ws/build/p3_pkg/build/lib/p3_pkg/movimiento.py -> /workspace/ros2_ws/install/p3_pkg/lib/python3.10/site-packages/p3_pkg
[2.241s] byte-compiling /workspace/ros2_ws/install/p3_pkg/lib/python3.10/site-packages/p3_pkg/dibuja_mov.py to dibuja_mov.cpython-310.pyc
[2.247s] byte-compiling /workspace/ros2_ws/install/p3_pkg/lib/python3.10/site-packages/p3_pkg/movimiento.py to movimiento.cpython-310.pyc
[2.249s] running install_data
[2.249s] running install_egg_info
[2.257s] removing '/workspace/ros2_ws/install/p3_pkg/lib/python3.10/site-packages/p3_pkg-0.0.0-py3.10.egg-info' (and everything under it)
[2.257s] Copying ../../build/p3_pkg/p3_pkg.egg-info to /workspace/ros2_ws/install/p3_pkg/lib/python3.10/site-packages/p3_pkg-0.0.0-py3.10.egg-info
[2.283s] running install_scripts
[2.320s] Installing dibuja script to /workspace/ros2_ws/install/p3_pkg/lib/p3_pkg
[2.321s] Installing movimiento script to /workspace/ros2_ws/install/p3_pkg/lib/p3_pkg
[2.321s] writing list of installed files to '/workspace/ros2_ws/build/p3_pkg/install.log'
[2.349s] Invoked command in '/workspace/ros2_ws/src/p3_pkg' returned '0': PYTHONPATH=/workspace/ros2_ws/build/p3_pkg/prefix_override:/usr/lib/python3/dist-packages/colcon_core/task/python/colcon_distutils_commands:/workspace/ros2_ws/install/p3_pkg/lib/python3.10/site-packages:${PYTHONPATH} /usr/bin/python3 -W ignore:setup.py install is deprecated -W ignore:easy_install command is deprecated setup.py egg_info --egg-base ../../build/p3_pkg build --build-base /workspace/ros2_ws/build/p3_pkg/build install --record /workspace/ros2_ws/build/p3_pkg/install.log --single-version-externally-managed install_data
