[2.287s] Invoking command in '/workspace/ros2_ws/src/p3_pkg': PYTHONPATH=/workspace/ros2_ws/build/p3_pkg/prefix_override:/usr/lib/python3/dist-packages/colcon_core/task/python/colcon_distutils_commands:/workspace/ros2_ws/install/p3_pkg/lib/python3.10/site-packages:${PYTHONPATH} /usr/bin/python3 -W ignore:setup.py install is deprecated -W ignore:easy_install command is deprecated setup.py egg_info --egg-base ../../build/p3_pkg build --build-base /workspace/ros2_ws/build/p3_pkg/build install --record /workspace/ros2_ws/build/p3_pkg/install.log --single-version-externally-managed install_data
[2.469s] running egg_info
[2.470s] writing ../../build/p3_pkg/p3_pkg.egg-info/PKG-INFO
[2.487s] writing dependency_links to ../../build/p3_pkg/p3_pkg.egg-info/dependency_links.txt
[2.487s] writing entry points to ../../build/p3_pkg/p3_pkg.egg-info/entry_points.txt
[2.489s] writing requirements to ../../build/p3_pkg/p3_pkg.egg-info/requires.txt
[2.490s] writing top-level names to ../../build/p3_pkg/p3_pkg.egg-info/top_level.txt
[2.492s] reading manifest file '../../build/p3_pkg/p3_pkg.egg-info/SOURCES.txt'
[2.504s] writing manifest file '../../build/p3_pkg/p3_pkg.egg-info/SOURCES.txt'
[2.504s] running build
[2.504s] running build_py
[2.507s] running install
[2.508s] running install_lib
[2.512s] running install_data
[2.513s] running install_egg_info
[2.515s] removing '/workspace/ros2_ws/install/p3_pkg/lib/python3.10/site-packages/p3_pkg-0.0.0-py3.10.egg-info' (and everything under it)
[2.516s] Copying ../../build/p3_pkg/p3_pkg.egg-info to /workspace/ros2_ws/install/p3_pkg/lib/python3.10/site-packages/p3_pkg-0.0.0-py3.10.egg-info
[2.526s] running install_scripts
[2.548s] Installing movimiento script to /workspace/ros2_ws/install/p3_pkg/lib/p3_pkg
[2.549s] writing list of installed files to '/workspace/ros2_ws/build/p3_pkg/install.log'
[2.570s] Invoked command in '/workspace/ros2_ws/src/p3_pkg' returned '0': PYTHONPATH=/workspace/ros2_ws/build/p3_pkg/prefix_override:/usr/lib/python3/dist-packages/colcon_core/task/python/colcon_distutils_commands:/workspace/ros2_ws/install/p3_pkg/lib/python3.10/site-packages:${PYTHONPATH} /usr/bin/python3 -W ignore:setup.py install is deprecated -W ignore:easy_install command is deprecated setup.py egg_info --egg-base ../../build/p3_pkg build --build-base /workspace/ros2_ws/build/p3_pkg/build install --record /workspace/ros2_ws/build/p3_pkg/install.log --single-version-externally-managed install_data
