[0.680s] Invoking command in '/workspace/ros2_ws/src/maze_pkg': PYTHONPATH=/workspace/ros2_ws/build/maze_pkg/prefix_override:/usr/lib/python3/dist-packages/colcon_core/task/python/colcon_distutils_commands:/workspace/ros2_ws/install/maze_pkg/lib/python3.10/site-packages:${PYTHONPATH} /usr/bin/python3 -W ignore:setup.py install is deprecated -W ignore:easy_install command is deprecated setup.py egg_info --egg-base ../../build/maze_pkg build --build-base /workspace/ros2_ws/build/maze_pkg/build install --record /workspace/ros2_ws/build/maze_pkg/install.log --single-version-externally-managed install_data
[0.794s] running egg_info
[0.794s] writing ../../build/maze_pkg/maze_pkg.egg-info/PKG-INFO
[0.794s] writing dependency_links to ../../build/maze_pkg/maze_pkg.egg-info/dependency_links.txt
[0.794s] writing entry points to ../../build/maze_pkg/maze_pkg.egg-info/entry_points.txt
[0.794s] writing requirements to ../../build/maze_pkg/maze_pkg.egg-info/requires.txt
[0.794s] writing top-level names to ../../build/maze_pkg/maze_pkg.egg-info/top_level.txt
[0.795s] reading manifest file '../../build/maze_pkg/maze_pkg.egg-info/SOURCES.txt'
[0.796s] writing manifest file '../../build/maze_pkg/maze_pkg.egg-info/SOURCES.txt'
[0.797s] running build
[0.797s] running build_py
[0.797s] copying maze_pkg/pledge_maze.py -> /workspace/ros2_ws/build/maze_pkg/build/lib/maze_pkg
[0.797s] running install
[0.797s] running install_lib
[0.798s] copying /workspace/ros2_ws/build/maze_pkg/build/lib/maze_pkg/pledge_maze.py -> /workspace/ros2_ws/install/maze_pkg/lib/python3.10/site-packages/maze_pkg
[0.798s] byte-compiling /workspace/ros2_ws/install/maze_pkg/lib/python3.10/site-packages/maze_pkg/pledge_maze.py to pledge_maze.cpython-310.pyc
[0.799s] running install_data
[0.799s] running install_egg_info
[0.801s] removing '/workspace/ros2_ws/install/maze_pkg/lib/python3.10/site-packages/maze_pkg-0.0.0-py3.10.egg-info' (and everything under it)
[0.801s] Copying ../../build/maze_pkg/maze_pkg.egg-info to /workspace/ros2_ws/install/maze_pkg/lib/python3.10/site-packages/maze_pkg-0.0.0-py3.10.egg-info
[0.802s] running install_scripts
[0.814s] Installing pledge_maze script to /workspace/ros2_ws/install/maze_pkg/lib/maze_pkg
[0.814s] Installing res_maze script to /workspace/ros2_ws/install/maze_pkg/lib/maze_pkg
[0.814s] writing list of installed files to '/workspace/ros2_ws/build/maze_pkg/install.log'
[0.837s] Invoked command in '/workspace/ros2_ws/src/maze_pkg' returned '0': PYTHONPATH=/workspace/ros2_ws/build/maze_pkg/prefix_override:/usr/lib/python3/dist-packages/colcon_core/task/python/colcon_distutils_commands:/workspace/ros2_ws/install/maze_pkg/lib/python3.10/site-packages:${PYTHONPATH} /usr/bin/python3 -W ignore:setup.py install is deprecated -W ignore:easy_install command is deprecated setup.py egg_info --egg-base ../../build/maze_pkg build --build-base /workspace/ros2_ws/build/maze_pkg/build install --record /workspace/ros2_ws/build/maze_pkg/install.log --single-version-externally-managed install_data
