[0.015s] Invoking command in '/workspace/ros2_ws/build/interfaz': CMAKE_PREFIX_PATH=${CMAKE_PREFIX_PATH}:/workspace/ros2_ws/install/servicio_suma:/opt/ros/humble /usr/bin/cmake /workspace/ros2_ws/src/interfaz -DCMAKE_INSTALL_PREFIX=/workspace/ros2_ws/install/interfaz
[0.028s] -- Found ament_cmake: 1.3.13 (/opt/ros/humble/share/ament_cmake/cmake)
[0.176s] -- Found std_msgs: 4.9.1 (/opt/ros/humble/share/std_msgs/cmake)
[0.205s] -- Found rosidl_generator_c: 3.1.8 (/opt/ros/humble/share/rosidl_generator_c/cmake)
[0.207s] -- Found rosidl_adapter: 3.1.8 (/opt/ros/humble/share/rosidl_adapter/cmake)
[0.213s] -- Found rosidl_generator_cpp: 3.1.8 (/opt/ros/humble/share/rosidl_generator_cpp/cmake)
[0.225s] -- Using all available rosidl_typesupport_c: rosidl_typesupport_fastrtps_c;rosidl_typesupport_introspection_c
[0.239s] -- Using all available rosidl_typesupport_cpp: rosidl_typesupport_fastrtps_cpp;rosidl_typesupport_introspection_cpp
[0.264s] -- Found geometry_msgs: 4.9.1 (/opt/ros/humble/share/geometry_msgs/cmake)
[0.277s] -- Found rosidl_default_generators: 1.2.0 (/opt/ros/humble/share/rosidl_default_generators/cmake)
[0.427s] [31mCMake Error at /opt/ros/humble/share/rosidl_adapter/cmake/rosidl_adapt_interfaces.cmake:59 (message):
[0.427s]   execute_process(/usr/bin/python3 -m rosidl_adapter --package-name interfaz
[0.427s]   --arguments-file
[0.427s]   /workspace/ros2_ws/build/interfaz/rosidl_adapter__arguments__interfaz.json
[0.428s]   --output-dir /workspace/ros2_ws/build/interfaz/rosidl_adapter/interfaz
[0.428s]   --output-file
[0.428s]   /workspace/ros2_ws/build/interfaz/rosidl_adapter/interfaz.idls) returned
[0.428s]   error code 1:
[0.428s] 
[0.428s]   Traceback (most recent call last):
[0.428s] 
[0.428s]     File "/usr/lib/python3.10/runpy.py", line 196, in _run_module_as_main
[0.428s]       return _run_code(code, main_globals, None,
[0.428s]     File "/usr/lib/python3.10/runpy.py", line 86, in _run_code
[0.428s]       exec(code, run_globals)
[0.428s]     File "/opt/ros/humble/local/lib/python3.10/dist-packages/rosidl_adapter/__main__.py", line 19, in <module>
[0.428s]       sys.exit(main())
[0.428s]     File "/opt/ros/humble/local/lib/python3.10/dist-packages/rosidl_adapter/main.py", line 53, in main
[0.428s]       abs_idl_file = convert_to_idl(
[0.428s]     File "/opt/ros/humble/local/lib/python3.10/dist-packages/rosidl_adapter/__init__.py", line 19, in convert_to_idl
[0.428s]       return convert_msg_to_idl(
[0.428s]     File "/opt/ros/humble/local/lib/python3.10/dist-packages/rosidl_adapter/msg/__init__.py", line 28, in convert_msg_to_idl
[0.428s]       msg = parse_message_string(package_name, input_file.stem, content)
[0.428s]     File "/opt/ros/humble/local/lib/python3.10/dist-packages/rosidl_adapter/parser.py", line 544, in parse_message_string
[0.428s]       msg = MessageSpecification(pkg_name, msg_name, fields, constants)
[0.428s]     File "/opt/ros/humble/local/lib/python3.10/dist-packages/rosidl_adapter/parser.py", line 388, in __init__
[0.428s]       self.base_type = BaseType(
[0.428s]     File "/opt/ros/humble/local/lib/python3.10/dist-packages/rosidl_adapter/parser.py", line 205, in __init__
[0.428s]       raise InvalidResourceName(
[0.428s] 
[0.429s]   rosidl_adapter.parser.InvalidResourceName: 'P2pkg_mensaje' is an invalid
[0.429s]   message name.  It should have the pattern '^[A-Z][A-Za-z0-9]*$'
[0.429s] 
[0.429s] Call Stack (most recent call first):
[0.429s]   /opt/ros/humble/share/rosidl_cmake/cmake/rosidl_generate_interfaces.cmake:130 (rosidl_adapt_interfaces)
[0.429s]   CMakeLists.txt:13 (rosidl_generate_interfaces)
[0.429s] 
[0.429s] [0m
[0.429s] -- Configuring incomplete, errors occurred!
[0.429s] See also "/workspace/ros2_ws/build/interfaz/CMakeFiles/CMakeOutput.log".
[0.433s] Invoked command in '/workspace/ros2_ws/build/interfaz' returned '1': CMAKE_PREFIX_PATH=${CMAKE_PREFIX_PATH}:/workspace/ros2_ws/install/servicio_suma:/opt/ros/humble /usr/bin/cmake /workspace/ros2_ws/src/interfaz -DCMAKE_INSTALL_PREFIX=/workspace/ros2_ws/install/interfaz
