[0.541s] Invoking command in '/workspace/ros2_ws/turtlebot3/turtlebot3_teleop': PYTHONPATH=/workspace/build/turtlebot3_teleop/prefix_override:/usr/lib/python3/dist-packages/colcon_core/task/python/colcon_distutils_commands:/workspace/install/turtlebot3_teleop/lib/python3.10/site-packages:${PYTHONPATH} /usr/bin/python3 -W ignore:setup.py install is deprecated -W ignore:easy_install command is deprecated setup.py egg_info --egg-base ../../../build/turtlebot3_teleop build --build-base /workspace/build/turtlebot3_teleop/build install --record /workspace/build/turtlebot3_teleop/install.log --single-version-externally-managed install_data
[0.673s] running egg_info
[0.673s] creating ../../../build/turtlebot3_teleop/turtlebot3_teleop.egg-info
[0.673s] writing ../../../build/turtlebot3_teleop/turtlebot3_teleop.egg-info/PKG-INFO
[0.673s] writing dependency_links to ../../../build/turtlebot3_teleop/turtlebot3_teleop.egg-info/dependency_links.txt
[0.673s] writing entry points to ../../../build/turtlebot3_teleop/turtlebot3_teleop.egg-info/entry_points.txt
[0.673s] writing requirements to ../../../build/turtlebot3_teleop/turtlebot3_teleop.egg-info/requires.txt
[0.673s] writing top-level names to ../../../build/turtlebot3_teleop/turtlebot3_teleop.egg-info/top_level.txt
[0.673s] writing manifest file '../../../build/turtlebot3_teleop/turtlebot3_teleop.egg-info/SOURCES.txt'
[0.673s] reading manifest file '../../../build/turtlebot3_teleop/turtlebot3_teleop.egg-info/SOURCES.txt'
[0.674s] writing manifest file '../../../build/turtlebot3_teleop/turtlebot3_teleop.egg-info/SOURCES.txt'
[0.674s] running build
[0.675s] running build_py
[0.675s] creating /workspace/build/turtlebot3_teleop/build
[0.675s] creating /workspace/build/turtlebot3_teleop/build/lib
[0.675s] creating /workspace/build/turtlebot3_teleop/build/lib/turtlebot3_teleop
[0.676s] copying turtlebot3_teleop/__init__.py -> /workspace/build/turtlebot3_teleop/build/lib/turtlebot3_teleop
[0.676s] creating /workspace/build/turtlebot3_teleop/build/lib/turtlebot3_teleop/script
[0.676s] copying turtlebot3_teleop/script/__init__.py -> /workspace/build/turtlebot3_teleop/build/lib/turtlebot3_teleop/script
[0.676s] copying turtlebot3_teleop/script/teleop_keyboard.py -> /workspace/build/turtlebot3_teleop/build/lib/turtlebot3_teleop/script
[0.676s] running install
[0.676s] running install_lib
[0.677s] creating /workspace/install/turtlebot3_teleop/lib/python3.10/site-packages/turtlebot3_teleop
[0.677s] copying /workspace/build/turtlebot3_teleop/build/lib/turtlebot3_teleop/__init__.py -> /workspace/install/turtlebot3_teleop/lib/python3.10/site-packages/turtlebot3_teleop
[0.677s] creating /workspace/install/turtlebot3_teleop/lib/python3.10/site-packages/turtlebot3_teleop/script
[0.677s] copying /workspace/build/turtlebot3_teleop/build/lib/turtlebot3_teleop/script/__init__.py -> /workspace/install/turtlebot3_teleop/lib/python3.10/site-packages/turtlebot3_teleop/script
[0.677s] copying /workspace/build/turtlebot3_teleop/build/lib/turtlebot3_teleop/script/teleop_keyboard.py -> /workspace/install/turtlebot3_teleop/lib/python3.10/site-packages/turtlebot3_teleop/script
[0.677s] byte-compiling /workspace/install/turtlebot3_teleop/lib/python3.10/site-packages/turtlebot3_teleop/__init__.py to __init__.cpython-310.pyc
[0.678s] byte-compiling /workspace/install/turtlebot3_teleop/lib/python3.10/site-packages/turtlebot3_teleop/script/__init__.py to __init__.cpython-310.pyc
[0.678s] byte-compiling /workspace/install/turtlebot3_teleop/lib/python3.10/site-packages/turtlebot3_teleop/script/teleop_keyboard.py to teleop_keyboard.cpython-310.pyc
[0.679s] running install_data
[0.679s] creating /workspace/install/turtlebot3_teleop/share/ament_index
[0.679s] creating /workspace/install/turtlebot3_teleop/share/ament_index/resource_index
[0.679s] creating /workspace/install/turtlebot3_teleop/share/ament_index/resource_index/packages
[0.679s] copying resource/turtlebot3_teleop -> /workspace/install/turtlebot3_teleop/share/ament_index/resource_index/packages
[0.679s] copying package.xml -> /workspace/install/turtlebot3_teleop/share/turtlebot3_teleop
[0.679s] running install_egg_info
[0.680s] Copying ../../../build/turtlebot3_teleop/turtlebot3_teleop.egg-info to /workspace/install/turtlebot3_teleop/lib/python3.10/site-packages/turtlebot3_teleop-2.3.6-py3.10.egg-info
[0.681s] running install_scripts
[0.695s] Installing teleop_keyboard script to /workspace/install/turtlebot3_teleop/lib/turtlebot3_teleop
[0.696s] writing list of installed files to '/workspace/build/turtlebot3_teleop/install.log'
[0.714s] Invoked command in '/workspace/ros2_ws/turtlebot3/turtlebot3_teleop' returned '0': PYTHONPATH=/workspace/build/turtlebot3_teleop/prefix_override:/usr/lib/python3/dist-packages/colcon_core/task/python/colcon_distutils_commands:/workspace/install/turtlebot3_teleop/lib/python3.10/site-packages:${PYTHONPATH} /usr/bin/python3 -W ignore:setup.py install is deprecated -W ignore:easy_install command is deprecated setup.py egg_info --egg-base ../../../build/turtlebot3_teleop build --build-base /workspace/build/turtlebot3_teleop/build install --record /workspace/build/turtlebot3_teleop/install.log --single-version-externally-managed install_data
