[0.170s] Invoking command in '/workspace/ros2_ws/build/turtlebot3_gazebo': CMAKE_PREFIX_PATH=${CMAKE_PREFIX_PATH}:/workspace/ros2_ws/install/turtlebot3_teleop:/workspace/ros2_ws/install/turtlebot3_example:/workspace/ros2_ws/install/maze_pkg:/opt/ros/humble /usr/bin/cmake /workspace/ros2_ws/src/turtlebot3_simulations/turtlebot3_gazebo -DAMENT_CMAKE_SYMLINK_INSTALL=1 -DCMAKE_INSTALL_PREFIX=/workspace/ros2_ws/install/turtlebot3_gazebo
[2.392s] -- The C compiler identification is GNU 11.4.0
[3.742s] -- The CXX compiler identification is GNU 11.4.0
[3.800s] -- Detecting C compiler ABI info
[4.358s] -- Detecting C compiler ABI info - done
[4.367s] -- Check for working C compiler: /usr/bin/cc - skipped
[4.412s] -- Detecting C compile features
[4.451s] -- Detecting C compile features - done
[4.479s] -- Detecting CXX compiler ABI info
[4.797s] -- Detecting CXX compiler ABI info - done
[4.845s] -- Check for working CXX compiler: /usr/bin/c++ - skipped
[4.845s] -- Detecting CXX compile features
[4.845s] -- Detecting CXX compile features - done
[5.004s] -- Found ament_cmake: 1.3.12 (/opt/ros/humble/share/ament_cmake/cmake)
[5.639s] -- Found Python3: /usr/bin/python3 (found version "3.10.12") found components: Interpreter 
[6.016s] -- Override CMake install command with custom implementation using symlinks instead of copying resources
[6.442s] -- Found PkgConfig: /usr/bin/pkg-config (found version "0.29.2") 
[6.453s] [33mCMake Warning (dev) at /usr/share/cmake-3.22/Modules/FindPackageHandleStandardArgs.cmake:438 (message):
[6.453s]   The package name passed to `find_package_handle_standard_args` (PkgConfig)
[6.453s]   does not match the name of the calling package (gazebo).  This can lead to
[6.453s]   problems in calling code that expects `find_package` result variables
[6.453s]   (e.g., `_FOUND`) to follow a certain pattern.
[6.453s] Call Stack (most recent call first):
[6.453s]   /usr/share/cmake-3.22/Modules/FindPkgConfig.cmake:99 (find_package_handle_standard_args)
[6.453s]   /usr/lib/x86_64-linux-gnu/cmake/gazebo/gazebo-config.cmake:72 (include)
[6.454s]   CMakeLists.txt:23 (find_package)
[6.454s] This warning is for project developers.  Use -Wno-dev to suppress it.
[6.454s] [0m
[6.474s] -- Checking for module 'bullet>=2.82'
[6.716s] --   Found bullet, version 3.05
[7.713s] -- Found fcl: /usr/include (found suitable version "0.7.0", minimum required is "0.5.0") 
[8.188s] -- Found assimp: /usr/include (found version "5.2.0") 
[8.783s] -- Found DART: /usr/include (Required is at least version "6.6") found components: dart 
[10.347s] -- Found Boost: /usr/lib/x86_64-linux-gnu/cmake/Boost-1.74.0/BoostConfig.cmake (found suitable version "1.74.0", minimum required is "1.40.0") found components: thread system filesystem program_options regex iostreams date_time 
[10.634s] -- Found Protobuf: /usr/lib/x86_64-linux-gnu/libprotobuf.so (found version "3.12.4") 
[10.723s] -- Looking for ignition-math6 -- found version 6.15.1
[10.887s] -- Searching for dependencies of ignition-math6
[10.894s] -- Looking for OGRE...
[10.898s] -- OGRE_PREFIX_WATCH changed.
[10.914s] -- Checking for module 'OGRE'
[11.019s] --   Found OGRE, version 1.9.0
[11.232s] -- Found Ogre Ghadamon (1.9.0)
[11.307s] -- Found OGRE: optimized;/usr/lib/x86_64-linux-gnu/libOgreMain.so;debug;/usr/lib/x86_64-linux-gnu/libOgreMain.so
[11.347s] -- Looking for OGRE_Paging...
[11.373s] -- Found OGRE_Paging: optimized;/usr/lib/x86_64-linux-gnu/libOgrePaging.so;debug;/usr/lib/x86_64-linux-gnu/libOgrePaging.so
[11.373s] -- Looking for OGRE_Terrain...
[11.389s] -- Found OGRE_Terrain: optimized;/usr/lib/x86_64-linux-gnu/libOgreTerrain.so;debug;/usr/lib/x86_64-linux-gnu/libOgreTerrain.so
[11.389s] -- Looking for OGRE_Property...
[11.429s] -- Found OGRE_Property: optimized;/usr/lib/x86_64-linux-gnu/libOgreProperty.so;debug;/usr/lib/x86_64-linux-gnu/libOgreProperty.so
[11.429s] -- Looking for OGRE_RTShaderSystem...
[11.455s] -- Found OGRE_RTShaderSystem: optimized;/usr/lib/x86_64-linux-gnu/libOgreRTShaderSystem.so;debug;/usr/lib/x86_64-linux-gnu/libOgreRTShaderSystem.so
[11.455s] -- Looking for OGRE_Volume...
[11.476s] -- Found OGRE_Volume: optimized;/usr/lib/x86_64-linux-gnu/libOgreVolume.so;debug;/usr/lib/x86_64-linux-gnu/libOgreVolume.so
[11.477s] -- Looking for OGRE_Overlay...
[11.496s] -- Found OGRE_Overlay: optimized;/usr/lib/x86_64-linux-gnu/libOgreOverlay.so;debug;/usr/lib/x86_64-linux-gnu/libOgreOverlay.so
[15.090s] -- Looking for ignition-math6 -- found version 6.15.1
[15.109s] -- Looking for ignition-transport8 -- found version 8.2.1
[15.203s] -- Searching for dependencies of ignition-transport8
[15.783s] -- Found Protobuf: /usr/lib/x86_64-linux-gnu/libprotobuf.so (found suitable version "3.12.4", minimum required is "3") 
[16.023s] -- Config-file not installed for ZeroMQ -- checking for pkg-config
[16.041s] -- Checking for module 'libzmq >= 4'
[16.807s] --   Found libzmq , version 4.3.4
[18.192s] -- Found ZeroMQ: TRUE (Required is at least version "4") 
[18.264s] -- Checking for module 'uuid'
[19.143s] --   Found uuid, version 2.37.2
[20.651s] -- Found UUID: TRUE  
[20.673s] -- Looking for ignition-msgs5 -- found version 5.8.1
[20.703s] -- Searching for dependencies of ignition-msgs5
[21.204s] -- Looking for ignition-math6 -- found version 6.15.1
[21.319s] -- Checking for module 'tinyxml2'
[21.976s] --   Found tinyxml2, version 9.0.0
[22.121s] -- Looking for ignition-msgs5 -- found version 5.8.1
[22.127s] -- Looking for ignition-common3 -- found version 3.14.0
[22.128s] -- Searching for dependencies of ignition-common3
[22.133s] -- Looking for dlfcn.h - found
[22.133s] -- Looking for libdl - found
[22.133s] -- Found DL: TRUE  
[22.190s] -- Found tinyobjloader: /usr/lib/x86_64-linux-gnu/cmake/tinyobjloader/tinyobjloader-config.cmake (found version "2.0.0") 
[22.190s] -- Searching for <ignition-common3> component [graphics]
[22.195s] -- Looking for ignition-common3-graphics -- found version 3.14.0
[22.199s] -- Searching for dependencies of ignition-common3-graphics
[22.200s] -- Looking for ignition-math6 -- found version 6.15.1
[22.200s] -- Looking for ignition-fuel_tools4 -- found version 4.4.0
[22.201s] -- Searching for dependencies of ignition-fuel_tools4
[22.513s] -- Found CURL: /usr/lib/x86_64-linux-gnu/libcurl.so (found version "7.81.0")  
[22.549s] -- Checking for module 'jsoncpp'
[22.612s] --   Found jsoncpp, version 1.9.5
[22.706s] -- Found JSONCPP: TRUE  
[22.719s] -- Checking for module 'libzip'
[22.761s] --   Found libzip, version 1.7.3
[22.818s] -- Found ZIP: TRUE  
[22.833s] -- Looking for ignition-common3 -- found version 3.14.0
[22.833s] -- Looking for ignition-math6 -- found version 6.15.1
[22.833s] -- Looking for ignition-msgs5 -- found version 5.8.1
[22.894s] -- Found gazebo_ros_pkgs: 3.9.0 (/opt/ros/humble/share/gazebo_ros_pkgs/cmake)
[22.906s] -- Found geometry_msgs: 4.9.0 (/opt/ros/humble/share/geometry_msgs/cmake)
[22.983s] -- Found rosidl_generator_c: 3.1.8 (/opt/ros/humble/share/rosidl_generator_c/cmake)
[22.992s] -- Found rosidl_adapter: 3.1.8 (/opt/ros/humble/share/rosidl_adapter/cmake)
[23.007s] -- Found rosidl_generator_cpp: 3.1.8 (/opt/ros/humble/share/rosidl_generator_cpp/cmake)
[23.026s] -- Using all available rosidl_typesupport_c: rosidl_typesupport_fastrtps_c;rosidl_typesupport_introspection_c
[23.050s] -- Using all available rosidl_typesupport_cpp: rosidl_typesupport_fastrtps_cpp;rosidl_typesupport_introspection_cpp
[23.108s] -- Found nav_msgs: 4.9.0 (/opt/ros/humble/share/nav_msgs/cmake)
[23.247s] -- Found rclcpp: 16.0.17 (/opt/ros/humble/share/rclcpp/cmake)
[23.545s] -- Found rmw_implementation_cmake: 6.1.2 (/opt/ros/humble/share/rmw_implementation_cmake/cmake)
[23.562s] -- Found rmw_fastrtps_cpp: 6.2.9 (/opt/ros/humble/share/rmw_fastrtps_cpp/cmake)
[23.980s] -- Found OpenSSL: /usr/lib/x86_64-linux-gnu/libcrypto.so (found version "3.0.2")  
[24.045s] -- Found FastRTPS: /opt/ros/humble/include  
[24.116s] -- Using RMW implementation 'rmw_fastrtps_cpp' as default
[24.179s] -- Found Threads: TRUE  
[24.513s] -- Found sensor_msgs: 4.9.0 (/opt/ros/humble/share/sensor_msgs/cmake)
[24.701s] -- Found tf2: 0.25.18 (/opt/ros/humble/share/tf2/cmake)
[24.982s] -- Configuring done
[25.196s] -- Generating done
[25.213s] -- Build files have been written to: /workspace/ros2_ws/build/turtlebot3_gazebo
[25.252s] Invoked command in '/workspace/ros2_ws/build/turtlebot3_gazebo' returned '0': CMAKE_PREFIX_PATH=${CMAKE_PREFIX_PATH}:/workspace/ros2_ws/install/turtlebot3_teleop:/workspace/ros2_ws/install/turtlebot3_example:/workspace/ros2_ws/install/maze_pkg:/opt/ros/humble /usr/bin/cmake /workspace/ros2_ws/src/turtlebot3_simulations/turtlebot3_gazebo -DAMENT_CMAKE_SYMLINK_INSTALL=1 -DCMAKE_INSTALL_PREFIX=/workspace/ros2_ws/install/turtlebot3_gazebo
[25.253s] Invoking command in '/workspace/ros2_ws/build/turtlebot3_gazebo': CMAKE_PREFIX_PATH=${CMAKE_PREFIX_PATH}:/workspace/ros2_ws/install/turtlebot3_teleop:/workspace/ros2_ws/install/turtlebot3_example:/workspace/ros2_ws/install/maze_pkg:/opt/ros/humble /usr/bin/cmake --build /workspace/ros2_ws/build/turtlebot3_gazebo -- -j6 -l6
[25.388s] [  8%] [32mBuilding CXX object CMakeFiles/turtlebot3_drive.dir/src/turtlebot3_drive.cpp.o[0m
[64.563s] [ 16%] [32m[1mLinking CXX executable turtlebot3_drive[0m
[66.685s] [ 16%] Built target turtlebot3_drive
[66.791s] [ 25%] [32mBuilding CXX object CMakeFiles/obstacles.dir/src/obstacles.cpp.o[0m
[151.054s] [ 33%] [32m[1mLinking CXX shared library libobstacles.so[0m
[154.266s] [ 33%] Built target obstacles
[154.410s] [ 41%] [32mBuilding CXX object CMakeFiles/obstacle2.dir/src/obstacle2.cpp.o[0m
[182.767s] [ 50%] [32m[1mLinking CXX shared library libobstacle2.so[0m
[183.364s] [ 50%] Built target obstacle2
[183.564s] [ 58%] [32mBuilding CXX object CMakeFiles/obstacle1.dir/src/obstacle1.cpp.o[0m
[207.443s] [ 66%] [32m[1mLinking CXX shared library libobstacle1.so[0m
[208.009s] [ 66%] Built target obstacle1
[208.154s] [ 75%] [32mBuilding CXX object CMakeFiles/traffic_bar_plugin.dir/src/traffic_bar_plugin.cpp.o[0m
[231.020s] [ 83%] [32m[1mLinking CXX shared library libtraffic_bar_plugin.so[0m
[231.582s] [ 83%] Built target traffic_bar_plugin
[231.706s] [ 91%] [32mBuilding CXX object CMakeFiles/traffic_light_plugin.dir/src/traffic_light_plugin.cpp.o[0m
[254.386s] [100%] [32m[1mLinking CXX shared library libtraffic_light_plugin.so[0m
[255.037s] [100%] Built target traffic_light_plugin
