[0.541s] Invoking command in '/workspace/ros2_ws/turtlebot3/turtlebot3_teleop': PYTHONPATH=/workspace/ros2_ws/build/turtlebot3_teleop/prefix_override:/usr/lib/python3/dist-packages/colcon_core/task/python/colcon_distutils_commands:/workspace/ros2_ws/install/turtlebot3_teleop/lib/python3.10/site-packages:${PYTHONPATH} /usr/bin/python3 -W ignore:setup.py install is deprecated -W ignore:easy_install command is deprecated setup.py egg_info --egg-base ../../build/turtlebot3_teleop build --build-base /workspace/ros2_ws/build/turtlebot3_teleop/build install --record /workspace/ros2_ws/build/turtlebot3_teleop/install.log --single-version-externally-managed install_data
[0.671s] running egg_info
[0.672s] writing ../../build/turtlebot3_teleop/turtlebot3_teleop.egg-info/PKG-INFO
[0.672s] writing dependency_links to ../../build/turtlebot3_teleop/turtlebot3_teleop.egg-info/dependency_links.txt
[0.672s] writing entry points to ../../build/turtlebot3_teleop/turtlebot3_teleop.egg-info/entry_points.txt
[0.672s] writing requirements to ../../build/turtlebot3_teleop/turtlebot3_teleop.egg-info/requires.txt
[0.672s] writing top-level names to ../../build/turtlebot3_teleop/turtlebot3_teleop.egg-info/top_level.txt
[0.673s] reading manifest file '../../build/turtlebot3_teleop/turtlebot3_teleop.egg-info/SOURCES.txt'
[0.673s] writing manifest file '../../build/turtlebot3_teleop/turtlebot3_teleop.egg-info/SOURCES.txt'
[0.673s] running build
[0.673s] running build_py
[0.673s] running install
[0.673s] running install_lib
[0.674s] running install_data
[0.674s] running install_egg_info
[0.675s] removing '/workspace/ros2_ws/install/turtlebot3_teleop/lib/python3.10/site-packages/turtlebot3_teleop-2.3.6-py3.10.egg-info' (and everything under it)
[0.675s] Copying ../../build/turtlebot3_teleop/turtlebot3_teleop.egg-info to /workspace/ros2_ws/install/turtlebot3_teleop/lib/python3.10/site-packages/turtlebot3_teleop-2.3.6-py3.10.egg-info
[0.676s] running install_scripts
[0.689s] Installing teleop_keyboard script to /workspace/ros2_ws/install/turtlebot3_teleop/lib/turtlebot3_teleop
[0.689s] writing list of installed files to '/workspace/ros2_ws/build/turtlebot3_teleop/install.log'
[0.704s] Invoked command in '/workspace/ros2_ws/turtlebot3/turtlebot3_teleop' returned '0': PYTHONPATH=/workspace/ros2_ws/build/turtlebot3_teleop/prefix_override:/usr/lib/python3/dist-packages/colcon_core/task/python/colcon_distutils_commands:/workspace/ros2_ws/install/turtlebot3_teleop/lib/python3.10/site-packages:${PYTHONPATH} /usr/bin/python3 -W ignore:setup.py install is deprecated -W ignore:easy_install command is deprecated setup.py egg_info --egg-base ../../build/turtlebot3_teleop build --build-base /workspace/ros2_ws/build/turtlebot3_teleop/build install --record /workspace/ros2_ws/build/turtlebot3_teleop/install.log --single-version-externally-managed install_data
