[0.501s] Invoking command in '/workspace/ros2_ws/build/turtlebot3_navigation2': CMAKE_PREFIX_PATH=${CMAKE_PREFIX_PATH}:/workspace/ros2_ws/install/turtlebot3_teleop:/workspace/ros2_ws/install/turtlebot3_example:/workspace/ros2_ws/install/maze_pkg:/opt/ros/humble /usr/bin/cmake /workspace/ros2_ws/src/turtlebot3/turtlebot3_navigation2 -DCMAKE_INSTALL_PREFIX=/workspace/ros2_ws/install/turtlebot3_navigation2
[15.671s] -- Found ament_cmake: 1.3.12 (/opt/ros/humble/share/ament_cmake/cmake)
[15.684s] -- Override CMake install command with custom implementation using symlinks instead of copying resources
[15.684s] -- Configuring done
[17.370s] -- Generating done
[17.471s] -- Build files have been written to: /workspace/ros2_ws/build/turtlebot3_navigation2
[17.695s] Invoked command in '/workspace/ros2_ws/build/turtlebot3_navigation2' returned '0': CMAKE_PREFIX_PATH=${CMAKE_PREFIX_PATH}:/workspace/ros2_ws/install/turtlebot3_teleop:/workspace/ros2_ws/install/turtlebot3_example:/workspace/ros2_ws/install/maze_pkg:/opt/ros/humble /usr/bin/cmake /workspace/ros2_ws/src/turtlebot3/turtlebot3_navigation2 -DCMAKE_INSTALL_PREFIX=/workspace/ros2_ws/install/turtlebot3_navigation2
[17.808s] Invoking command in '/workspace/ros2_ws/build/turtlebot3_navigation2': CMAKE_PREFIX_PATH=${CMAKE_PREFIX_PATH}:/workspace/ros2_ws/install/turtlebot3_teleop:/workspace/ros2_ws/install/turtlebot3_example:/workspace/ros2_ws/install/maze_pkg:/opt/ros/humble /usr/bin/cmake --build /workspace/ros2_ws/build/turtlebot3_navigation2 -- -j6 -l6
[22.044s] Invoked command in '/workspace/ros2_ws/build/turtlebot3_navigation2' returned '0': CMAKE_PREFIX_PATH=${CMAKE_PREFIX_PATH}:/workspace/ros2_ws/install/turtlebot3_teleop:/workspace/ros2_ws/install/turtlebot3_example:/workspace/ros2_ws/install/maze_pkg:/opt/ros/humble /usr/bin/cmake --build /workspace/ros2_ws/build/turtlebot3_navigation2 -- -j6 -l6
[22.186s] Invoking command in '/workspace/ros2_ws/build/turtlebot3_navigation2': CMAKE_PREFIX_PATH=${CMAKE_PREFIX_PATH}:/workspace/ros2_ws/install/turtlebot3_teleop:/workspace/ros2_ws/install/turtlebot3_example:/workspace/ros2_ws/install/maze_pkg:/opt/ros/humble /usr/bin/cmake --install /workspace/ros2_ws/build/turtlebot3_navigation2
[22.271s] -- Install configuration: ""
[22.326s] -- Execute custom install script
[22.379s] -- Up-to-date symlink: /workspace/ros2_ws/install/turtlebot3_navigation2/share/turtlebot3_navigation2/launch/navigation2.launch.py
[22.427s] -- Up-to-date symlink: /workspace/ros2_ws/install/turtlebot3_navigation2/share/turtlebot3_navigation2/map/map.pgm
[22.427s] -- Up-to-date symlink: /workspace/ros2_ws/install/turtlebot3_navigation2/share/turtlebot3_navigation2/map/map.yaml
[22.427s] -- Up-to-date symlink: /workspace/ros2_ws/install/turtlebot3_navigation2/share/turtlebot3_navigation2/param/burger.yaml
[22.427s] -- Up-to-date symlink: /workspace/ros2_ws/install/turtlebot3_navigation2/share/turtlebot3_navigation2/param/burger_cam.yaml
[22.427s] -- Up-to-date symlink: /workspace/ros2_ws/install/turtlebot3_navigation2/share/turtlebot3_navigation2/param/humble/burger.yaml
[22.427s] -- Up-to-date symlink: /workspace/ros2_ws/install/turtlebot3_navigation2/share/turtlebot3_navigation2/param/humble/burger_cam.yaml
[22.474s] -- Up-to-date symlink: /workspace/ros2_ws/install/turtlebot3_navigation2/share/turtlebot3_navigation2/param/humble/waffle.yaml
[22.474s] -- Up-to-date symlink: /workspace/ros2_ws/install/turtlebot3_navigation2/share/turtlebot3_navigation2/param/humble/waffle_pi.yaml
[22.669s] -- Up-to-date symlink: /workspace/ros2_ws/install/turtlebot3_navigation2/share/turtlebot3_navigation2/param/waffle.yaml
[22.784s] -- Up-to-date symlink: /workspace/ros2_ws/install/turtlebot3_navigation2/share/turtlebot3_navigation2/param/waffle_pi.yaml
[23.066s] -- Up-to-date symlink: /workspace/ros2_ws/install/turtlebot3_navigation2/share/turtlebot3_navigation2/rviz/tb3_navigation2.rviz
[23.184s] -- Up-to-date symlink: /workspace/ros2_ws/install/turtlebot3_navigation2/share/ament_index/resource_index/package_run_dependencies/turtlebot3_navigation2
[23.453s] -- Up-to-date symlink: /workspace/ros2_ws/install/turtlebot3_navigation2/share/ament_index/resource_index/parent_prefix_path/turtlebot3_navigation2
[23.459s] -- Up-to-date symlink: /workspace/ros2_ws/install/turtlebot3_navigation2/share/turtlebot3_navigation2/environment/ament_prefix_path.sh
[23.459s] -- Up-to-date symlink: /workspace/ros2_ws/install/turtlebot3_navigation2/share/turtlebot3_navigation2/environment/ament_prefix_path.dsv
[23.459s] -- Up-to-date symlink: /workspace/ros2_ws/install/turtlebot3_navigation2/share/turtlebot3_navigation2/environment/path.sh
[23.692s] -- Up-to-date symlink: /workspace/ros2_ws/install/turtlebot3_navigation2/share/turtlebot3_navigation2/environment/path.dsv
[23.693s] -- Up-to-date symlink: /workspace/ros2_ws/install/turtlebot3_navigation2/share/turtlebot3_navigation2/local_setup.bash
[23.693s] -- Up-to-date symlink: /workspace/ros2_ws/install/turtlebot3_navigation2/share/turtlebot3_navigation2/local_setup.sh
[23.693s] -- Up-to-date symlink: /workspace/ros2_ws/install/turtlebot3_navigation2/share/turtlebot3_navigation2/local_setup.zsh
[23.693s] -- Up-to-date symlink: /workspace/ros2_ws/install/turtlebot3_navigation2/share/turtlebot3_navigation2/local_setup.dsv
[23.693s] -- Symlinking: /workspace/ros2_ws/install/turtlebot3_navigation2/share/turtlebot3_navigation2/package.dsv
[24.034s] -- Up-to-date symlink: /workspace/ros2_ws/install/turtlebot3_navigation2/share/ament_index/resource_index/packages/turtlebot3_navigation2
[24.034s] -- Up-to-date symlink: /workspace/ros2_ws/install/turtlebot3_navigation2/share/turtlebot3_navigation2/cmake/turtlebot3_navigation2Config.cmake
[24.042s] -- Up-to-date symlink: /workspace/ros2_ws/install/turtlebot3_navigation2/share/turtlebot3_navigation2/cmake/turtlebot3_navigation2Config-version.cmake
[24.042s] -- Up-to-date symlink: /workspace/ros2_ws/install/turtlebot3_navigation2/share/turtlebot3_navigation2/package.xml
[32.563s] Invoked command in '/workspace/ros2_ws/build/turtlebot3_navigation2' returned '0': CMAKE_PREFIX_PATH=${CMAKE_PREFIX_PATH}:/workspace/ros2_ws/install/turtlebot3_teleop:/workspace/ros2_ws/install/turtlebot3_example:/workspace/ros2_ws/install/maze_pkg:/opt/ros/humble /usr/bin/cmake --install /workspace/ros2_ws/build/turtlebot3_navigation2
