[0.042s] Invoking command in '/workspace/build/turtlebot3_cartographer': CMAKE_PREFIX_PATH=${CMAKE_PREFIX_PATH}:/workspace/ros2_ws/install/turtlebot3_teleop:/workspace/ros2_ws/install/turtlebot3_example:/workspace/ros2_ws/install/maze_pkg:/opt/ros/humble /usr/bin/cmake --build /workspace/build/turtlebot3_cartographer -- -j20 -l20
[0.374s] Invoked command in '/workspace/build/turtlebot3_cartographer' returned '0': CMAKE_PREFIX_PATH=${CMAKE_PREFIX_PATH}:/workspace/ros2_ws/install/turtlebot3_teleop:/workspace/ros2_ws/install/turtlebot3_example:/workspace/ros2_ws/install/maze_pkg:/opt/ros/humble /usr/bin/cmake --build /workspace/build/turtlebot3_cartographer -- -j20 -l20
[0.376s] Invoking command in '/workspace/build/turtlebot3_cartographer': CMAKE_PREFIX_PATH=${CMAKE_PREFIX_PATH}:/workspace/ros2_ws/install/turtlebot3_teleop:/workspace/ros2_ws/install/turtlebot3_example:/workspace/ros2_ws/install/maze_pkg:/opt/ros/humble /usr/bin/cmake --install /workspace/build/turtlebot3_cartographer
[0.404s] -- Install configuration: ""
[0.404s] -- Up-to-date: /workspace/install/turtlebot3_cartographer/share/turtlebot3_cartographer/config
[0.404s] -- Up-to-date: /workspace/install/turtlebot3_cartographer/share/turtlebot3_cartographer/config/turtlebot3_lds_2d.lua
[0.404s] -- Up-to-date: /workspace/install/turtlebot3_cartographer/share/turtlebot3_cartographer/launch
[0.404s] -- Up-to-date: /workspace/install/turtlebot3_cartographer/share/turtlebot3_cartographer/launch/cartographer.launch.py
[0.404s] -- Up-to-date: /workspace/install/turtlebot3_cartographer/share/turtlebot3_cartographer/launch/occupancy_grid.launch.py
[0.404s] -- Up-to-date: /workspace/install/turtlebot3_cartographer/share/turtlebot3_cartographer/rviz
[0.404s] -- Up-to-date: /workspace/install/turtlebot3_cartographer/share/turtlebot3_cartographer/rviz/tb3_cartographer.rviz
[0.404s] -- Up-to-date: /workspace/install/turtlebot3_cartographer/share/ament_index/resource_index/package_run_dependencies/turtlebot3_cartographer
[0.404s] -- Up-to-date: /workspace/install/turtlebot3_cartographer/share/ament_index/resource_index/parent_prefix_path/turtlebot3_cartographer
[0.404s] -- Up-to-date: /workspace/install/turtlebot3_cartographer/share/turtlebot3_cartographer/environment/ament_prefix_path.sh
[0.404s] -- Up-to-date: /workspace/install/turtlebot3_cartographer/share/turtlebot3_cartographer/environment/ament_prefix_path.dsv
[0.404s] -- Up-to-date: /workspace/install/turtlebot3_cartographer/share/turtlebot3_cartographer/environment/path.sh
[0.404s] -- Up-to-date: /workspace/install/turtlebot3_cartographer/share/turtlebot3_cartographer/environment/path.dsv
[0.404s] -- Up-to-date: /workspace/install/turtlebot3_cartographer/share/turtlebot3_cartographer/local_setup.bash
[0.404s] -- Up-to-date: /workspace/install/turtlebot3_cartographer/share/turtlebot3_cartographer/local_setup.sh
[0.404s] -- Up-to-date: /workspace/install/turtlebot3_cartographer/share/turtlebot3_cartographer/local_setup.zsh
[0.404s] -- Up-to-date: /workspace/install/turtlebot3_cartographer/share/turtlebot3_cartographer/local_setup.dsv
[0.404s] -- Installing: /workspace/install/turtlebot3_cartographer/share/turtlebot3_cartographer/package.dsv
[0.404s] -- Up-to-date: /workspace/install/turtlebot3_cartographer/share/ament_index/resource_index/packages/turtlebot3_cartographer
[0.404s] -- Up-to-date: /workspace/install/turtlebot3_cartographer/share/turtlebot3_cartographer/cmake/turtlebot3_cartographerConfig.cmake
[0.405s] -- Up-to-date: /workspace/install/turtlebot3_cartographer/share/turtlebot3_cartographer/cmake/turtlebot3_cartographerConfig-version.cmake
[0.405s] -- Up-to-date: /workspace/install/turtlebot3_cartographer/share/turtlebot3_cartographer/package.xml
[0.433s] Invoked command in '/workspace/build/turtlebot3_cartographer' returned '0': CMAKE_PREFIX_PATH=${CMAKE_PREFIX_PATH}:/workspace/ros2_ws/install/turtlebot3_teleop:/workspace/ros2_ws/install/turtlebot3_example:/workspace/ros2_ws/install/maze_pkg:/opt/ros/humble /usr/bin/cmake --install /workspace/build/turtlebot3_cartographer
