[100%] Built target turtlebot3_fake_node
-- Install configuration: ""
-- Up-to-date: /workspace/install/turtlebot3_fake_node/lib/turtlebot3_fake_node/turtlebot3_fake_node
-- Up-to-date: /workspace/install/turtlebot3_fake_node/share/turtlebot3_fake_node/launch
-- Up-to-date: /workspace/install/turtlebot3_fake_node/share/turtlebot3_fake_node/launch/rviz2.launch.py
-- Up-to-date: /workspace/install/turtlebot3_fake_node/share/turtlebot3_fake_node/launch/turtlebot3_fake_node.launch.py
-- Up-to-date: /workspace/install/turtlebot3_fake_node/share/turtlebot3_fake_node/param
-- Up-to-date: /workspace/install/turtlebot3_fake_node/share/turtlebot3_fake_node/param/burger.yaml
-- Up-to-date: /workspace/install/turtlebot3_fake_node/share/turtlebot3_fake_node/param/waffle.yaml
-- Up-to-date: /workspace/install/turtlebot3_fake_node/share/turtlebot3_fake_node/param/waffle_pi.yaml
-- Up-to-date: /workspace/install/turtlebot3_fake_node/include/
-- Up-to-date: /workspace/install/turtlebot3_fake_node/include//turtlebot3_fake_node
-- Up-to-date: /workspace/install/turtlebot3_fake_node/include//turtlebot3_fake_node/turtlebot3_fake_node.hpp
-- Up-to-date: /workspace/install/turtlebot3_fake_node/share/ament_index/resource_index/package_run_dependencies/turtlebot3_fake_node
-- Up-to-date: /workspace/install/turtlebot3_fake_node/share/ament_index/resource_index/parent_prefix_path/turtlebot3_fake_node
-- Up-to-date: /workspace/install/turtlebot3_fake_node/share/turtlebot3_fake_node/environment/ament_prefix_path.sh
-- Up-to-date: /workspace/install/turtlebot3_fake_node/share/turtlebot3_fake_node/environment/ament_prefix_path.dsv
-- Up-to-date: /workspace/install/turtlebot3_fake_node/share/turtlebot3_fake_node/environment/path.sh
-- Up-to-date: /workspace/install/turtlebot3_fake_node/share/turtlebot3_fake_node/environment/path.dsv
-- Up-to-date: /workspace/install/turtlebot3_fake_node/share/turtlebot3_fake_node/local_setup.bash
-- Up-to-date: /workspace/install/turtlebot3_fake_node/share/turtlebot3_fake_node/local_setup.sh
-- Up-to-date: /workspace/install/turtlebot3_fake_node/share/turtlebot3_fake_node/local_setup.zsh
-- Up-to-date: /workspace/install/turtlebot3_fake_node/share/turtlebot3_fake_node/local_setup.dsv
-- Installing: /workspace/install/turtlebot3_fake_node/share/turtlebot3_fake_node/package.dsv
-- Up-to-date: /workspace/install/turtlebot3_fake_node/share/ament_index/resource_index/packages/turtlebot3_fake_node
-- Up-to-date: /workspace/install/turtlebot3_fake_node/share/turtlebot3_fake_node/cmake/ament_cmake_export_include_directories-extras.cmake
-- Up-to-date: /workspace/install/turtlebot3_fake_node/share/turtlebot3_fake_node/cmake/ament_cmake_export_dependencies-extras.cmake
-- Up-to-date: /workspace/install/turtlebot3_fake_node/share/turtlebot3_fake_node/cmake/turtlebot3_fake_nodeConfig.cmake
-- Up-to-date: /workspace/install/turtlebot3_fake_node/share/turtlebot3_fake_node/cmake/turtlebot3_fake_nodeConfig-version.cmake
-- Up-to-date: /workspace/install/turtlebot3_fake_node/share/turtlebot3_fake_node/package.xml
