[0.285s] Invoking command in '/workspace/ros2_ws/turtlebot3/turtlebot3_example': AMENT_PREFIX_PATH=/workspace/ros2_ws/install/turtlebot3_msgs CMAKE_PREFIX_PATH=/workspace/ros2_ws/install/turtlebot3_msgs LD_LIBRARY_PATH=/workspace/ros2_ws/install/turtlebot3_msgs/lib PYTHONPATH=/workspace/ros2_ws/build/turtlebot3_example/prefix_override:/usr/lib/python3/dist-packages/colcon_core/task/python/colcon_distutils_commands:/workspace/ros2_ws/install/turtlebot3_example/lib/python3.10/site-packages:/workspace/ros2_ws/install/turtlebot3_msgs/local/lib/python3.10/dist-packages /usr/bin/python3 -W ignore:setup.py install is deprecated -W ignore:easy_install command is deprecated setup.py egg_info --egg-base ../../build/turtlebot3_example build --build-base /workspace/ros2_ws/build/turtlebot3_example/build install --record /workspace/ros2_ws/build/turtlebot3_example/install.log --single-version-externally-managed install_data
[0.374s] running egg_info
[0.374s] writing ../../build/turtlebot3_example/turtlebot3_example.egg-info/PKG-INFO
[0.375s] writing dependency_links to ../../build/turtlebot3_example/turtlebot3_example.egg-info/dependency_links.txt
[0.375s] writing entry points to ../../build/turtlebot3_example/turtlebot3_example.egg-info/entry_points.txt
[0.375s] writing requirements to ../../build/turtlebot3_example/turtlebot3_example.egg-info/requires.txt
[0.375s] writing top-level names to ../../build/turtlebot3_example/turtlebot3_example.egg-info/top_level.txt
[0.376s] reading manifest file '../../build/turtlebot3_example/turtlebot3_example.egg-info/SOURCES.txt'
[0.377s] writing manifest file '../../build/turtlebot3_example/turtlebot3_example.egg-info/SOURCES.txt'
[0.377s] running build
[0.377s] running build_py
[0.378s] running install
[0.378s] running install_lib
[0.378s] running install_data
[0.378s] running install_egg_info
[0.379s] removing '/workspace/ros2_ws/install/turtlebot3_example/lib/python3.10/site-packages/turtlebot3_example-2.3.6-py3.10.egg-info' (and everything under it)
[0.379s] Copying ../../build/turtlebot3_example/turtlebot3_example.egg-info to /workspace/ros2_ws/install/turtlebot3_example/lib/python3.10/site-packages/turtlebot3_example-2.3.6-py3.10.egg-info
[0.380s] running install_scripts
[0.391s] Installing turtlebot3_absolute_move script to /workspace/ros2_ws/install/turtlebot3_example/lib/turtlebot3_example
[0.391s] Installing turtlebot3_interactive_marker script to /workspace/ros2_ws/install/turtlebot3_example/lib/turtlebot3_example
[0.391s] Installing turtlebot3_obstacle_detection script to /workspace/ros2_ws/install/turtlebot3_example/lib/turtlebot3_example
[0.391s] Installing turtlebot3_patrol_client script to /workspace/ros2_ws/install/turtlebot3_example/lib/turtlebot3_example
[0.391s] Installing turtlebot3_patrol_server script to /workspace/ros2_ws/install/turtlebot3_example/lib/turtlebot3_example
[0.391s] Installing turtlebot3_relative_move script to /workspace/ros2_ws/install/turtlebot3_example/lib/turtlebot3_example
[0.392s] writing list of installed files to '/workspace/ros2_ws/build/turtlebot3_example/install.log'
[0.404s] Invoked command in '/workspace/ros2_ws/turtlebot3/turtlebot3_example' returned '0': AMENT_PREFIX_PATH=/workspace/ros2_ws/install/turtlebot3_msgs CMAKE_PREFIX_PATH=/workspace/ros2_ws/install/turtlebot3_msgs LD_LIBRARY_PATH=/workspace/ros2_ws/install/turtlebot3_msgs/lib PYTHONPATH=/workspace/ros2_ws/build/turtlebot3_example/prefix_override:/usr/lib/python3/dist-packages/colcon_core/task/python/colcon_distutils_commands:/workspace/ros2_ws/install/turtlebot3_example/lib/python3.10/site-packages:/workspace/ros2_ws/install/turtlebot3_msgs/local/lib/python3.10/dist-packages /usr/bin/python3 -W ignore:setup.py install is deprecated -W ignore:easy_install command is deprecated setup.py egg_info --egg-base ../../build/turtlebot3_example build --build-base /workspace/ros2_ws/build/turtlebot3_example/build install --record /workspace/ros2_ws/build/turtlebot3_example/install.log --single-version-externally-managed install_data
