[0.017s] Invoking command in '/workspace/ros2_ws/build/turtlebot3_node': AMENT_PREFIX_PATH=/workspace/ros2_ws/install/turtlebot3_msgs:${AMENT_PREFIX_PATH} CMAKE_PREFIX_PATH=/workspace/ros2_ws/install/turtlebot3_msgs:/opt/ros/humble:/workspace/ros2_ws/install/maze_pkg LD_LIBRARY_PATH=/workspace/ros2_ws/install/turtlebot3_msgs/lib:${LD_LIBRARY_PATH} PYTHONPATH=/workspace/ros2_ws/install/turtlebot3_msgs/local/lib/python3.10/dist-packages:${PYTHONPATH} /usr/bin/cmake /workspace/ros2_ws/turtlebot3/turtlebot3_node -DAMENT_CMAKE_SYMLINK_INSTALL=1 -DCMAKE_INSTALL_PREFIX=/workspace/ros2_ws/install/turtlebot3_node
[0.059s] -- The C compiler identification is GNU 11.4.0
[0.103s] -- The CXX compiler identification is GNU 11.4.0
[0.107s] -- Detecting C compiler ABI info
[0.160s] -- Detecting C compiler ABI info - done
[0.165s] -- Check for working C compiler: /usr/bin/cc - skipped
[0.165s] -- Detecting C compile features
[0.165s] -- Detecting C compile features - done
[0.167s] -- Detecting CXX compiler ABI info
[0.240s] -- Detecting CXX compiler ABI info - done
[0.245s] -- Check for working CXX compiler: /usr/bin/c++ - skipped
[0.246s] -- Detecting CXX compile features
[0.246s] -- Detecting CXX compile features - done
[0.247s] -- Found ament_cmake: 1.3.13 (/opt/ros/humble/share/ament_cmake/cmake)
[0.365s] -- Found Python3: /usr/bin/python3 (found version "3.10.12") found components: Interpreter 
[0.421s] -- Override CMake install command with custom implementation using symlinks instead of copying resources
[0.436s] -- Found dynamixel_sdk: 4.0.3 (/opt/ros/humble/share/dynamixel_sdk/cmake)
[0.438s] -- Found geometry_msgs: 4.9.1 (/opt/ros/humble/share/geometry_msgs/cmake)
[0.459s] -- Found rosidl_generator_c: 3.1.8 (/opt/ros/humble/share/rosidl_generator_c/cmake)
[0.461s] -- Found rosidl_adapter: 3.1.8 (/opt/ros/humble/share/rosidl_adapter/cmake)
[0.467s] -- Found rosidl_generator_cpp: 3.1.8 (/opt/ros/humble/share/rosidl_generator_cpp/cmake)
[0.473s] -- Using all available rosidl_typesupport_c: rosidl_typesupport_fastrtps_c;rosidl_typesupport_introspection_c
[0.481s] -- Using all available rosidl_typesupport_cpp: rosidl_typesupport_fastrtps_cpp;rosidl_typesupport_introspection_cpp
[0.503s] -- Found message_filters: 4.3.14 (/opt/ros/humble/share/message_filters/cmake)
[0.529s] -- Found rmw_implementation_cmake: 6.1.2 (/opt/ros/humble/share/rmw_implementation_cmake/cmake)
[0.530s] -- Found rmw_fastrtps_cpp: 6.2.10 (/opt/ros/humble/share/rmw_fastrtps_cpp/cmake)
[0.606s] -- Found OpenSSL: /usr/lib/x86_64-linux-gnu/libcrypto.so (found version "3.0.2")  
[0.623s] -- Found FastRTPS: /opt/ros/humble/include  
[0.653s] -- Using RMW implementation 'rmw_fastrtps_cpp' as default
[0.660s] -- Looking for pthread.h
[0.723s] -- Looking for pthread.h - found
[0.723s] -- Performing Test CMAKE_HAVE_LIBC_PTHREAD
[0.777s] -- Performing Test CMAKE_HAVE_LIBC_PTHREAD - Success
[0.777s] -- Found Threads: TRUE  
[0.800s] -- Found nav_msgs: 4.9.1 (/opt/ros/humble/share/nav_msgs/cmake)
[0.815s] -- Found sensor_msgs: 4.9.1 (/opt/ros/humble/share/sensor_msgs/cmake)
[0.826s] -- Found std_srvs: 4.9.1 (/opt/ros/humble/share/std_srvs/cmake)
[0.841s] -- Found tf2: 0.25.19 (/opt/ros/humble/share/tf2/cmake)
[0.849s] -- Found tf2_ros: 0.25.19 (/opt/ros/humble/share/tf2_ros/cmake)
[0.937s] -- Found turtlebot3_msgs: 2.4.0 (/workspace/ros2_ws/install/turtlebot3_msgs/share/turtlebot3_msgs/cmake)
[0.998s] -- Configuring done
[1.010s] -- Generating done
[1.013s] -- Build files have been written to: /workspace/ros2_ws/build/turtlebot3_node
[1.021s] Invoked command in '/workspace/ros2_ws/build/turtlebot3_node' returned '0': AMENT_PREFIX_PATH=/workspace/ros2_ws/install/turtlebot3_msgs:${AMENT_PREFIX_PATH} CMAKE_PREFIX_PATH=/workspace/ros2_ws/install/turtlebot3_msgs:/opt/ros/humble:/workspace/ros2_ws/install/maze_pkg LD_LIBRARY_PATH=/workspace/ros2_ws/install/turtlebot3_msgs/lib:${LD_LIBRARY_PATH} PYTHONPATH=/workspace/ros2_ws/install/turtlebot3_msgs/local/lib/python3.10/dist-packages:${PYTHONPATH} /usr/bin/cmake /workspace/ros2_ws/turtlebot3/turtlebot3_node -DAMENT_CMAKE_SYMLINK_INSTALL=1 -DCMAKE_INSTALL_PREFIX=/workspace/ros2_ws/install/turtlebot3_node
[1.023s] Invoking command in '/workspace/ros2_ws/build/turtlebot3_node': AMENT_PREFIX_PATH=/workspace/ros2_ws/install/turtlebot3_msgs:${AMENT_PREFIX_PATH} CMAKE_PREFIX_PATH=/workspace/ros2_ws/install/turtlebot3_msgs:/opt/ros/humble:/workspace/ros2_ws/install/maze_pkg LD_LIBRARY_PATH=/workspace/ros2_ws/install/turtlebot3_msgs/lib:${LD_LIBRARY_PATH} PYTHONPATH=/workspace/ros2_ws/install/turtlebot3_msgs/local/lib/python3.10/dist-packages:${PYTHONPATH} /usr/bin/cmake --build /workspace/ros2_ws/build/turtlebot3_node -- -j20 -l20
[1.064s] [  7%] [32mBuilding CXX object CMakeFiles/turtlebot3_node_lib.dir/src/devices/sound.cpp.o[0m
[1.064s] [ 14%] [32mBuilding CXX object CMakeFiles/turtlebot3_node_lib.dir/src/devices/motor_power.cpp.o[0m
[1.064s] [ 21%] [32mBuilding CXX object CMakeFiles/turtlebot3_node_lib.dir/src/diff_drive_controller.cpp.o[0m
[1.064s] [ 28%] [32mBuilding CXX object CMakeFiles/turtlebot3_node_lib.dir/src/sensors/battery_state.cpp.o[0m
[1.064s] [ 42%] [32mBuilding CXX object CMakeFiles/turtlebot3_node_lib.dir/src/turtlebot3.cpp.o[0m
[1.064s] [ 42%] [32mBuilding CXX object CMakeFiles/turtlebot3_node_lib.dir/src/dynamixel_sdk_wrapper.cpp.o[0m
[1.065s] [ 57%] [32mBuilding CXX object CMakeFiles/turtlebot3_node_lib.dir/src/odometry.cpp.o[0m
[1.065s] [ 57%] [32mBuilding CXX object CMakeFiles/turtlebot3_node_lib.dir/src/devices/reset.cpp.o[0m
[1.066s] [ 64%] [32mBuilding CXX object CMakeFiles/turtlebot3_node_lib.dir/src/sensors/joint_state.cpp.o[0m
[1.066s] [ 71%] [32mBuilding CXX object CMakeFiles/turtlebot3_node_lib.dir/src/sensors/imu.cpp.o[0m
[1.098s] [ 78%] [32mBuilding CXX object CMakeFiles/turtlebot3_node_lib.dir/src/sensors/sensor_state.cpp.o[0m
[12.962s] [ 85%] [32m[1mLinking CXX static library libturtlebot3_node_lib.a[0m
[13.525s] [ 85%] Built target turtlebot3_node_lib
[13.548s] [ 92%] [32mBuilding CXX object CMakeFiles/turtlebot3_ros.dir/src/node_main.cpp.o[0m
[16.652s] [100%] [32m[1mLinking CXX executable turtlebot3_ros[0m
[18.397s] [100%] Built target turtlebot3_ros
[18.408s] Invoked command in '/workspace/ros2_ws/build/turtlebot3_node' returned '0': AMENT_PREFIX_PATH=/workspace/ros2_ws/install/turtlebot3_msgs:${AMENT_PREFIX_PATH} CMAKE_PREFIX_PATH=/workspace/ros2_ws/install/turtlebot3_msgs:/opt/ros/humble:/workspace/ros2_ws/install/maze_pkg LD_LIBRARY_PATH=/workspace/ros2_ws/install/turtlebot3_msgs/lib:${LD_LIBRARY_PATH} PYTHONPATH=/workspace/ros2_ws/install/turtlebot3_msgs/local/lib/python3.10/dist-packages:${PYTHONPATH} /usr/bin/cmake --build /workspace/ros2_ws/build/turtlebot3_node -- -j20 -l20
[18.410s] Invoking command in '/workspace/ros2_ws/build/turtlebot3_node': AMENT_PREFIX_PATH=/workspace/ros2_ws/install/turtlebot3_msgs:${AMENT_PREFIX_PATH} CMAKE_PREFIX_PATH=/workspace/ros2_ws/install/turtlebot3_msgs:/opt/ros/humble:/workspace/ros2_ws/install/maze_pkg LD_LIBRARY_PATH=/workspace/ros2_ws/install/turtlebot3_msgs/lib:${LD_LIBRARY_PATH} PYTHONPATH=/workspace/ros2_ws/install/turtlebot3_msgs/local/lib/python3.10/dist-packages:${PYTHONPATH} /usr/bin/cmake --install /workspace/ros2_ws/build/turtlebot3_node
[18.416s] -- Install configuration: ""
[18.416s] -- Execute custom install script
[18.417s] -- Symlinking: /workspace/ros2_ws/install/turtlebot3_node/share/turtlebot3_node/param/burger.yaml
[18.426s] -- Symlinking: /workspace/ros2_ws/install/turtlebot3_node/share/turtlebot3_node/param/waffle.yaml
[18.435s] -- Symlinking: /workspace/ros2_ws/install/turtlebot3_node/share/turtlebot3_node/param/waffle_pi.yaml
[18.443s] -- Symlinking: /workspace/ros2_ws/install/turtlebot3_node/lib/turtlebot3_node/turtlebot3_ros
[18.452s] -- Symlinking: /workspace/ros2_ws/install/turtlebot3_node/share/ament_index/resource_index/package_run_dependencies/turtlebot3_node
[18.461s] -- Symlinking: /workspace/ros2_ws/install/turtlebot3_node/share/ament_index/resource_index/parent_prefix_path/turtlebot3_node
[18.470s] -- Symlinking: /workspace/ros2_ws/install/turtlebot3_node/share/turtlebot3_node/environment/ament_prefix_path.sh
[18.480s] -- Symlinking: /workspace/ros2_ws/install/turtlebot3_node/share/turtlebot3_node/environment/ament_prefix_path.dsv
[18.490s] -- Symlinking: /workspace/ros2_ws/install/turtlebot3_node/share/turtlebot3_node/environment/path.sh
[18.499s] -- Symlinking: /workspace/ros2_ws/install/turtlebot3_node/share/turtlebot3_node/environment/path.dsv
[18.509s] -- Symlinking: /workspace/ros2_ws/install/turtlebot3_node/share/turtlebot3_node/local_setup.bash
[18.519s] -- Symlinking: /workspace/ros2_ws/install/turtlebot3_node/share/turtlebot3_node/local_setup.sh
[18.529s] -- Symlinking: /workspace/ros2_ws/install/turtlebot3_node/share/turtlebot3_node/local_setup.zsh
[18.539s] -- Symlinking: /workspace/ros2_ws/install/turtlebot3_node/share/turtlebot3_node/local_setup.dsv
[18.548s] -- Symlinking: /workspace/ros2_ws/install/turtlebot3_node/share/turtlebot3_node/package.dsv
[18.558s] -- Symlinking: /workspace/ros2_ws/install/turtlebot3_node/share/ament_index/resource_index/packages/turtlebot3_node
[18.568s] -- Symlinking: /workspace/ros2_ws/install/turtlebot3_node/share/turtlebot3_node/cmake/ament_cmake_export_dependencies-extras.cmake
[18.578s] -- Symlinking: /workspace/ros2_ws/install/turtlebot3_node/share/turtlebot3_node/cmake/ament_cmake_export_include_directories-extras.cmake
[18.588s] -- Symlinking: /workspace/ros2_ws/install/turtlebot3_node/share/turtlebot3_node/cmake/turtlebot3_nodeConfig.cmake
[18.597s] -- Symlinking: /workspace/ros2_ws/install/turtlebot3_node/share/turtlebot3_node/cmake/turtlebot3_nodeConfig-version.cmake
[18.608s] -- Symlinking: /workspace/ros2_ws/install/turtlebot3_node/share/turtlebot3_node/package.xml
[18.620s] Invoked command in '/workspace/ros2_ws/build/turtlebot3_node' returned '0': AMENT_PREFIX_PATH=/workspace/ros2_ws/install/turtlebot3_msgs:${AMENT_PREFIX_PATH} CMAKE_PREFIX_PATH=/workspace/ros2_ws/install/turtlebot3_msgs:/opt/ros/humble:/workspace/ros2_ws/install/maze_pkg LD_LIBRARY_PATH=/workspace/ros2_ws/install/turtlebot3_msgs/lib:${LD_LIBRARY_PATH} PYTHONPATH=/workspace/ros2_ws/install/turtlebot3_msgs/local/lib/python3.10/dist-packages:${PYTHONPATH} /usr/bin/cmake --install /workspace/ros2_ws/build/turtlebot3_node
