[19.096s] Invoking command in '/workspace/ros2_ws/build/turtlebot3_example': CMAKE_PREFIX_PATH=/workspace/ros2_ws/install/turtlebot3_msgs:/workspace/ros2_ws/install/turtlebot3:/workspace/ros2_ws/install/turtlebot3_simulations:/workspace/ros2_ws/install/turtlebot3_bringup:/workspace/ros2_ws/install/turtlebot3_node:/workspace/ros2_ws/install/turtlebot3_navigation2:/workspace/ros2_ws/install/turtlebot3_fake_node:/workspace/ros2_ws/install/turtlebot3_manipulation_gazebo:/workspace/ros2_ws/install/turtlebot3_gazebo:/workspace/ros2_ws/install/turtlebot3_description:/workspace/ros2_ws/install/turtlebot3_cartographer PYTHONPATH=/workspace/ros2_ws/build/turtlebot3_example/prefix_override:/usr/lib/python3/dist-packages/colcon_core/task/python/colcon_distutils_commands:/workspace/ros2_ws/install/turtlebot3_example/lib/python3.10/site-packages:${PYTHONPATH} /usr/bin/python3 -W ignore:setup.py install is deprecated -W ignore:easy_install command is deprecated setup.py develop --uninstall --editable --build-directory /workspace/ros2_ws/build/turtlebot3_example/build
[19.676s] running develop
[20.294s] Removing /workspace/ros2_ws/install/turtlebot3_example/lib/python3.10/site-packages/turtlebot3-example.egg-link (link to .)
[20.369s] Invoked command in '/workspace/ros2_ws/build/turtlebot3_example' returned '0': CMAKE_PREFIX_PATH=/workspace/ros2_ws/install/turtlebot3_msgs:/workspace/ros2_ws/install/turtlebot3:/workspace/ros2_ws/install/turtlebot3_simulations:/workspace/ros2_ws/install/turtlebot3_bringup:/workspace/ros2_ws/install/turtlebot3_node:/workspace/ros2_ws/install/turtlebot3_navigation2:/workspace/ros2_ws/install/turtlebot3_fake_node:/workspace/ros2_ws/install/turtlebot3_manipulation_gazebo:/workspace/ros2_ws/install/turtlebot3_gazebo:/workspace/ros2_ws/install/turtlebot3_description:/workspace/ros2_ws/install/turtlebot3_cartographer PYTHONPATH=/workspace/ros2_ws/build/turtlebot3_example/prefix_override:/usr/lib/python3/dist-packages/colcon_core/task/python/colcon_distutils_commands:/workspace/ros2_ws/install/turtlebot3_example/lib/python3.10/site-packages:${PYTHONPATH} /usr/bin/python3 -W ignore:setup.py install is deprecated -W ignore:easy_install command is deprecated setup.py develop --uninstall --editable --build-directory /workspace/ros2_ws/build/turtlebot3_example/build
[20.373s] Invoking command in '/workspace/ros2_ws/src/turtlebot3/turtlebot3_example': CMAKE_PREFIX_PATH=/workspace/ros2_ws/install/turtlebot3_msgs:/workspace/ros2_ws/install/turtlebot3:/workspace/ros2_ws/install/turtlebot3_simulations:/workspace/ros2_ws/install/turtlebot3_bringup:/workspace/ros2_ws/install/turtlebot3_node:/workspace/ros2_ws/install/turtlebot3_navigation2:/workspace/ros2_ws/install/turtlebot3_fake_node:/workspace/ros2_ws/install/turtlebot3_manipulation_gazebo:/workspace/ros2_ws/install/turtlebot3_gazebo:/workspace/ros2_ws/install/turtlebot3_description:/workspace/ros2_ws/install/turtlebot3_cartographer PYTHONPATH=/workspace/ros2_ws/build/turtlebot3_example/prefix_override:/usr/lib/python3/dist-packages/colcon_core/task/python/colcon_distutils_commands:/workspace/ros2_ws/install/turtlebot3_example/lib/python3.10/site-packages:${PYTHONPATH} /usr/bin/python3 -W ignore:setup.py install is deprecated -W ignore:easy_install command is deprecated setup.py egg_info --egg-base ../../../build/turtlebot3_example build --build-base /workspace/ros2_ws/build/turtlebot3_example/build install --record /workspace/ros2_ws/build/turtlebot3_example/install.log --single-version-externally-managed install_data --force
[20.800s] running egg_info
[20.800s] writing ../../../build/turtlebot3_example/turtlebot3_example.egg-info/PKG-INFO
[20.800s] writing dependency_links to ../../../build/turtlebot3_example/turtlebot3_example.egg-info/dependency_links.txt
[20.800s] writing entry points to ../../../build/turtlebot3_example/turtlebot3_example.egg-info/entry_points.txt
[20.800s] writing requirements to ../../../build/turtlebot3_example/turtlebot3_example.egg-info/requires.txt
[20.800s] writing top-level names to ../../../build/turtlebot3_example/turtlebot3_example.egg-info/top_level.txt
[20.800s] reading manifest file '../../../build/turtlebot3_example/turtlebot3_example.egg-info/SOURCES.txt'
[20.870s] writing manifest file '../../../build/turtlebot3_example/turtlebot3_example.egg-info/SOURCES.txt'
[20.870s] running build
[20.870s] running build_py
[20.870s] creating /workspace/ros2_ws/build/turtlebot3_example/build
[20.871s] creating /workspace/ros2_ws/build/turtlebot3_example/build/lib
[20.871s] creating /workspace/ros2_ws/build/turtlebot3_example/build/lib/turtlebot3_example
[20.872s] copying turtlebot3_example/__init__.py -> /workspace/ros2_ws/build/turtlebot3_example/build/lib/turtlebot3_example
[21.416s] creating /workspace/ros2_ws/build/turtlebot3_example/build/lib/turtlebot3_example/turtlebot3_relative_move
[21.416s] copying turtlebot3_example/turtlebot3_relative_move/__init__.py -> /workspace/ros2_ws/build/turtlebot3_example/build/lib/turtlebot3_example/turtlebot3_relative_move
[21.416s] copying turtlebot3_example/turtlebot3_relative_move/turtlebot3_relative_move.py -> /workspace/ros2_ws/build/turtlebot3_example/build/lib/turtlebot3_example/turtlebot3_relative_move
[21.538s] creating /workspace/ros2_ws/build/turtlebot3_example/build/lib/turtlebot3_example/turtlebot3_patrol
[21.539s] copying turtlebot3_example/turtlebot3_patrol/__init__.py -> /workspace/ros2_ws/build/turtlebot3_example/build/lib/turtlebot3_example/turtlebot3_patrol
[21.539s] copying turtlebot3_example/turtlebot3_patrol/turtlebot3_patrol_client.py -> /workspace/ros2_ws/build/turtlebot3_example/build/lib/turtlebot3_example/turtlebot3_patrol
[21.644s] copying turtlebot3_example/turtlebot3_patrol/turtlebot3_patrol_server.py -> /workspace/ros2_ws/build/turtlebot3_example/build/lib/turtlebot3_example/turtlebot3_patrol
[21.660s] creating /workspace/ros2_ws/build/turtlebot3_example/build/lib/turtlebot3_example/turtlebot3_absolute_move
[21.661s] copying turtlebot3_example/turtlebot3_absolute_move/__init__.py -> /workspace/ros2_ws/build/turtlebot3_example/build/lib/turtlebot3_example/turtlebot3_absolute_move
[21.661s] copying turtlebot3_example/turtlebot3_absolute_move/turtlebot3_absolute_move.py -> /workspace/ros2_ws/build/turtlebot3_example/build/lib/turtlebot3_example/turtlebot3_absolute_move
[21.708s] creating /workspace/ros2_ws/build/turtlebot3_example/build/lib/turtlebot3_example/turtlebot3_obstacle_detection
[21.708s] copying turtlebot3_example/turtlebot3_obstacle_detection/turtlebot3_obstacle_detection.py -> /workspace/ros2_ws/build/turtlebot3_example/build/lib/turtlebot3_example/turtlebot3_obstacle_detection
[21.780s] copying turtlebot3_example/turtlebot3_obstacle_detection/__init__.py -> /workspace/ros2_ws/build/turtlebot3_example/build/lib/turtlebot3_example/turtlebot3_obstacle_detection
[21.780s] creating /workspace/ros2_ws/build/turtlebot3_example/build/lib/turtlebot3_example/turtlebot3_interactive_marker
[21.781s] copying turtlebot3_example/turtlebot3_interactive_marker/turtlebot3_interactive_marker.py -> /workspace/ros2_ws/build/turtlebot3_example/build/lib/turtlebot3_example/turtlebot3_interactive_marker
[21.789s] copying turtlebot3_example/turtlebot3_interactive_marker/__init__.py -> /workspace/ros2_ws/build/turtlebot3_example/build/lib/turtlebot3_example/turtlebot3_interactive_marker
[21.790s] running install
[21.790s] running install_lib
[21.791s] creating /workspace/ros2_ws/install/turtlebot3_example/lib/python3.10/site-packages/turtlebot3_example
[21.791s] copying /workspace/ros2_ws/build/turtlebot3_example/build/lib/turtlebot3_example/__init__.py -> /workspace/ros2_ws/install/turtlebot3_example/lib/python3.10/site-packages/turtlebot3_example
[21.792s] creating /workspace/ros2_ws/install/turtlebot3_example/lib/python3.10/site-packages/turtlebot3_example/turtlebot3_relative_move
[21.795s] copying /workspace/ros2_ws/build/turtlebot3_example/build/lib/turtlebot3_example/turtlebot3_relative_move/__init__.py -> /workspace/ros2_ws/install/turtlebot3_example/lib/python3.10/site-packages/turtlebot3_example/turtlebot3_relative_move
[21.797s] copying /workspace/ros2_ws/build/turtlebot3_example/build/lib/turtlebot3_example/turtlebot3_relative_move/turtlebot3_relative_move.py -> /workspace/ros2_ws/install/turtlebot3_example/lib/python3.10/site-packages/turtlebot3_example/turtlebot3_relative_move
[21.797s] creating /workspace/ros2_ws/install/turtlebot3_example/lib/python3.10/site-packages/turtlebot3_example/turtlebot3_patrol
[21.798s] copying /workspace/ros2_ws/build/turtlebot3_example/build/lib/turtlebot3_example/turtlebot3_patrol/__init__.py -> /workspace/ros2_ws/install/turtlebot3_example/lib/python3.10/site-packages/turtlebot3_example/turtlebot3_patrol
[21.798s] copying /workspace/ros2_ws/build/turtlebot3_example/build/lib/turtlebot3_example/turtlebot3_patrol/turtlebot3_patrol_client.py -> /workspace/ros2_ws/install/turtlebot3_example/lib/python3.10/site-packages/turtlebot3_example/turtlebot3_patrol
[21.798s] copying /workspace/ros2_ws/build/turtlebot3_example/build/lib/turtlebot3_example/turtlebot3_patrol/turtlebot3_patrol_server.py -> /workspace/ros2_ws/install/turtlebot3_example/lib/python3.10/site-packages/turtlebot3_example/turtlebot3_patrol
[21.798s] creating /workspace/ros2_ws/install/turtlebot3_example/lib/python3.10/site-packages/turtlebot3_example/turtlebot3_absolute_move
[21.798s] copying /workspace/ros2_ws/build/turtlebot3_example/build/lib/turtlebot3_example/turtlebot3_absolute_move/__init__.py -> /workspace/ros2_ws/install/turtlebot3_example/lib/python3.10/site-packages/turtlebot3_example/turtlebot3_absolute_move
[21.798s] copying /workspace/ros2_ws/build/turtlebot3_example/build/lib/turtlebot3_example/turtlebot3_absolute_move/turtlebot3_absolute_move.py -> /workspace/ros2_ws/install/turtlebot3_example/lib/python3.10/site-packages/turtlebot3_example/turtlebot3_absolute_move
[21.798s] creating /workspace/ros2_ws/install/turtlebot3_example/lib/python3.10/site-packages/turtlebot3_example/turtlebot3_obstacle_detection
[21.798s] copying /workspace/ros2_ws/build/turtlebot3_example/build/lib/turtlebot3_example/turtlebot3_obstacle_detection/turtlebot3_obstacle_detection.py -> /workspace/ros2_ws/install/turtlebot3_example/lib/python3.10/site-packages/turtlebot3_example/turtlebot3_obstacle_detection
[21.798s] copying /workspace/ros2_ws/build/turtlebot3_example/build/lib/turtlebot3_example/turtlebot3_obstacle_detection/__init__.py -> /workspace/ros2_ws/install/turtlebot3_example/lib/python3.10/site-packages/turtlebot3_example/turtlebot3_obstacle_detection
[21.798s] creating /workspace/ros2_ws/install/turtlebot3_example/lib/python3.10/site-packages/turtlebot3_example/turtlebot3_interactive_marker
[21.798s] copying /workspace/ros2_ws/build/turtlebot3_example/build/lib/turtlebot3_example/turtlebot3_interactive_marker/turtlebot3_interactive_marker.py -> /workspace/ros2_ws/install/turtlebot3_example/lib/python3.10/site-packages/turtlebot3_example/turtlebot3_interactive_marker
[21.799s] copying /workspace/ros2_ws/build/turtlebot3_example/build/lib/turtlebot3_example/turtlebot3_interactive_marker/__init__.py -> /workspace/ros2_ws/install/turtlebot3_example/lib/python3.10/site-packages/turtlebot3_example/turtlebot3_interactive_marker
[21.804s] byte-compiling /workspace/ros2_ws/install/turtlebot3_example/lib/python3.10/site-packages/turtlebot3_example/__init__.py to __init__.cpython-310.pyc
[21.805s] byte-compiling /workspace/ros2_ws/install/turtlebot3_example/lib/python3.10/site-packages/turtlebot3_example/turtlebot3_relative_move/__init__.py to __init__.cpython-310.pyc
[21.805s] byte-compiling /workspace/ros2_ws/install/turtlebot3_example/lib/python3.10/site-packages/turtlebot3_example/turtlebot3_relative_move/turtlebot3_relative_move.py to turtlebot3_relative_move.cpython-310.pyc
[21.808s] byte-compiling /workspace/ros2_ws/install/turtlebot3_example/lib/python3.10/site-packages/turtlebot3_example/turtlebot3_patrol/__init__.py to __init__.cpython-310.pyc
[21.810s] byte-compiling /workspace/ros2_ws/install/turtlebot3_example/lib/python3.10/site-packages/turtlebot3_example/turtlebot3_patrol/turtlebot3_patrol_client.py to turtlebot3_patrol_client.cpython-310.pyc
[21.818s] byte-compiling /workspace/ros2_ws/install/turtlebot3_example/lib/python3.10/site-packages/turtlebot3_example/turtlebot3_patrol/turtlebot3_patrol_server.py to turtlebot3_patrol_server.cpython-310.pyc
[21.818s] byte-compiling /workspace/ros2_ws/install/turtlebot3_example/lib/python3.10/site-packages/turtlebot3_example/turtlebot3_absolute_move/__init__.py to __init__.cpython-310.pyc
[21.818s] byte-compiling /workspace/ros2_ws/install/turtlebot3_example/lib/python3.10/site-packages/turtlebot3_example/turtlebot3_absolute_move/turtlebot3_absolute_move.py to turtlebot3_absolute_move.cpython-310.pyc
[21.823s] byte-compiling /workspace/ros2_ws/install/turtlebot3_example/lib/python3.10/site-packages/turtlebot3_example/turtlebot3_obstacle_detection/turtlebot3_obstacle_detection.py to turtlebot3_obstacle_detection.cpython-310.pyc
[21.823s] byte-compiling /workspace/ros2_ws/install/turtlebot3_example/lib/python3.10/site-packages/turtlebot3_example/turtlebot3_obstacle_detection/__init__.py to __init__.cpython-310.pyc
[21.823s] byte-compiling /workspace/ros2_ws/install/turtlebot3_example/lib/python3.10/site-packages/turtlebot3_example/turtlebot3_interactive_marker/turtlebot3_interactive_marker.py to turtlebot3_interactive_marker.cpython-310.pyc
[21.823s] byte-compiling /workspace/ros2_ws/install/turtlebot3_example/lib/python3.10/site-packages/turtlebot3_example/turtlebot3_interactive_marker/__init__.py to __init__.cpython-310.pyc
[21.823s] running install_data
[21.825s] copying resource/turtlebot3_example -> /workspace/ros2_ws/install/turtlebot3_example/share/ament_index/resource_index/packages
[21.906s] copying package.xml -> /workspace/ros2_ws/install/turtlebot3_example/share/turtlebot3_example
[21.945s] running install_egg_info
[21.946s] Copying ../../../build/turtlebot3_example/turtlebot3_example.egg-info to /workspace/ros2_ws/install/turtlebot3_example/lib/python3.10/site-packages/turtlebot3_example-2.3.6-py3.10.egg-info
[21.948s] running install_scripts
[21.995s] Installing turtlebot3_absolute_move script to /workspace/ros2_ws/install/turtlebot3_example/lib/turtlebot3_example
[21.997s] Installing turtlebot3_interactive_marker script to /workspace/ros2_ws/install/turtlebot3_example/lib/turtlebot3_example
[22.000s] Installing turtlebot3_obstacle_detection script to /workspace/ros2_ws/install/turtlebot3_example/lib/turtlebot3_example
[22.000s] Installing turtlebot3_patrol_client script to /workspace/ros2_ws/install/turtlebot3_example/lib/turtlebot3_example
[22.000s] Installing turtlebot3_patrol_server script to /workspace/ros2_ws/install/turtlebot3_example/lib/turtlebot3_example
[22.001s] Installing turtlebot3_relative_move script to /workspace/ros2_ws/install/turtlebot3_example/lib/turtlebot3_example
[22.001s] writing list of installed files to '/workspace/ros2_ws/build/turtlebot3_example/install.log'
[22.086s] Invoked command in '/workspace/ros2_ws/src/turtlebot3/turtlebot3_example' returned '0': CMAKE_PREFIX_PATH=/workspace/ros2_ws/install/turtlebot3_msgs:/workspace/ros2_ws/install/turtlebot3:/workspace/ros2_ws/install/turtlebot3_simulations:/workspace/ros2_ws/install/turtlebot3_bringup:/workspace/ros2_ws/install/turtlebot3_node:/workspace/ros2_ws/install/turtlebot3_navigation2:/workspace/ros2_ws/install/turtlebot3_fake_node:/workspace/ros2_ws/install/turtlebot3_manipulation_gazebo:/workspace/ros2_ws/install/turtlebot3_gazebo:/workspace/ros2_ws/install/turtlebot3_description:/workspace/ros2_ws/install/turtlebot3_cartographer PYTHONPATH=/workspace/ros2_ws/build/turtlebot3_example/prefix_override:/usr/lib/python3/dist-packages/colcon_core/task/python/colcon_distutils_commands:/workspace/ros2_ws/install/turtlebot3_example/lib/python3.10/site-packages:${PYTHONPATH} /usr/bin/python3 -W ignore:setup.py install is deprecated -W ignore:easy_install command is deprecated setup.py egg_info --egg-base ../../../build/turtlebot3_example build --build-base /workspace/ros2_ws/build/turtlebot3_example/build install --record /workspace/ros2_ws/build/turtlebot3_example/install.log --single-version-externally-managed install_data --force
