[0.029s] Invoking command in '/workspace/build/turtlebot3_gazebo': CMAKE_PREFIX_PATH=${CMAKE_PREFIX_PATH}:/workspace/ros2_ws/install/turtlebot3_teleop:/workspace/ros2_ws/install/turtlebot3_example:/workspace/ros2_ws/install/maze_pkg:/opt/ros/humble /usr/bin/cmake /workspace/ros2_ws/turtlebot3_simulations/turtlebot3_gazebo -DCMAKE_INSTALL_PREFIX=/workspace/install/turtlebot3_gazebo
[0.180s] -- The C compiler identification is GNU 11.4.0
[0.219s] -- The CXX compiler identification is GNU 11.4.0
[0.226s] -- Detecting C compiler ABI info
[0.276s] -- Detecting C compiler ABI info - done
[0.279s] -- Check for working C compiler: /usr/bin/cc - skipped
[0.279s] -- Detecting C compile features
[0.280s] -- Detecting C compile features - done
[0.282s] -- Detecting CXX compiler ABI info
[0.338s] -- Detecting CXX compiler ABI info - done
[0.340s] -- Check for working CXX compiler: /usr/bin/c++ - skipped
[0.340s] -- Detecting CXX compile features
[0.340s] -- Detecting CXX compile features - done
[0.345s] -- Found ament_cmake: 1.3.13 (/opt/ros/humble/share/ament_cmake/cmake)
[0.456s] -- Found Python3: /usr/bin/python3 (found version "3.10.12") found components: Interpreter 
[0.558s] [33mCMake Warning (dev) at /usr/share/cmake-3.22/Modules/FindPackageHandleStandardArgs.cmake:438 (message):
[0.558s]   The package name passed to `find_package_handle_standard_args` (PkgConfig)
[0.559s]   does not match the name of the calling package (gazebo).  This can lead to
[0.559s]   problems in calling code that expects `find_package` result variables
[0.559s]   (e.g., `_FOUND`) to follow a certain pattern.
[0.559s] Call Stack (most recent call first):
[0.559s]   /usr/share/cmake-3.22/Modules/FindPkgConfig.cmake:99 (find_package_handle_standard_args)
[0.560s]   /usr/lib/x86_64-linux-gnu/cmake/gazebo/gazebo-config.cmake:72 (include)
[0.562s]   CMakeLists.txt:23 (find_package)
[0.562s] This warning is for project developers.  Use -Wno-dev to suppress it.
[0.562s] [0m
[0.562s] -- Found PkgConfig: /usr/bin/pkg-config (found version "0.29.2") 
[0.562s] -- Checking for module 'bullet>=2.82'
[0.574s] --   Found bullet, version 3.05
[0.666s] -- Found fcl: /usr/include (found suitable version "0.7.0", minimum required is "0.5.0") 
[0.715s] -- Found assimp: /usr/include (found version "5.2.0") 
[0.741s] -- Found DART: /usr/include (Required is at least version "6.6") found components: dart 
[0.870s] -- Found Boost: /usr/lib/x86_64-linux-gnu/cmake/Boost-1.74.0/BoostConfig.cmake (found suitable version "1.74.0", minimum required is "1.40.0") found components: thread system filesystem program_options regex iostreams date_time 
[0.891s] -- Found Protobuf: /usr/lib/x86_64-linux-gnu/libprotobuf.so (found version "3.12.4") 
[0.896s] -- Looking for ignition-math6 -- found version 6.15.1
[0.903s] -- Searching for dependencies of ignition-math6
[0.905s] -- Looking for OGRE...
[0.905s] -- OGRE_PREFIX_WATCH changed.
[0.909s] -- Checking for module 'OGRE'
[0.917s] --   Found OGRE, version 1.9.0
[0.938s] -- Found Ogre Ghadamon (1.9.0)
[0.944s] -- Found OGRE: optimized;/usr/lib/x86_64-linux-gnu/libOgreMain.so;debug;/usr/lib/x86_64-linux-gnu/libOgreMain.so
[0.950s] -- Looking for OGRE_Paging...
[0.952s] -- Found OGRE_Paging: optimized;/usr/lib/x86_64-linux-gnu/libOgrePaging.so;debug;/usr/lib/x86_64-linux-gnu/libOgrePaging.so
[0.952s] -- Looking for OGRE_Terrain...
[0.955s] -- Found OGRE_Terrain: optimized;/usr/lib/x86_64-linux-gnu/libOgreTerrain.so;debug;/usr/lib/x86_64-linux-gnu/libOgreTerrain.so
[0.955s] -- Looking for OGRE_Property...
[0.958s] -- Found OGRE_Property: optimized;/usr/lib/x86_64-linux-gnu/libOgreProperty.so;debug;/usr/lib/x86_64-linux-gnu/libOgreProperty.so
[0.958s] -- Looking for OGRE_RTShaderSystem...
[0.960s] -- Found OGRE_RTShaderSystem: optimized;/usr/lib/x86_64-linux-gnu/libOgreRTShaderSystem.so;debug;/usr/lib/x86_64-linux-gnu/libOgreRTShaderSystem.so
[0.960s] -- Looking for OGRE_Volume...
[0.962s] -- Found OGRE_Volume: optimized;/usr/lib/x86_64-linux-gnu/libOgreVolume.so;debug;/usr/lib/x86_64-linux-gnu/libOgreVolume.so
[0.962s] -- Looking for OGRE_Overlay...
[0.965s] -- Found OGRE_Overlay: optimized;/usr/lib/x86_64-linux-gnu/libOgreOverlay.so;debug;/usr/lib/x86_64-linux-gnu/libOgreOverlay.so
[1.020s] -- Looking for ignition-math6 -- found version 6.15.1
[1.022s] -- Looking for ignition-transport8 -- found version 8.2.1
[1.022s] -- Searching for dependencies of ignition-transport8
[1.034s] -- Found Protobuf: /usr/lib/x86_64-linux-gnu/libprotobuf.so (found suitable version "3.12.4", minimum required is "3") 
[1.042s] -- Config-file not installed for ZeroMQ -- checking for pkg-config
[1.045s] -- Checking for module 'libzmq >= 4'
[1.056s] --   Found libzmq , version 4.3.4
[1.076s] -- Found ZeroMQ: TRUE (Required is at least version "4") 
[1.080s] -- Checking for module 'uuid'
[1.088s] --   Found uuid, version 2.37.2
[1.108s] -- Found UUID: TRUE  
[1.110s] -- Looking for ignition-msgs5 -- found version 5.8.1
[1.110s] -- Searching for dependencies of ignition-msgs5
[1.122s] -- Looking for ignition-math6 -- found version 6.15.1
[1.125s] -- Checking for module 'tinyxml2'
[1.134s] --   Found tinyxml2, version 9.0.0
[1.155s] -- Looking for ignition-msgs5 -- found version 5.8.1
[1.158s] -- Looking for ignition-common3 -- found version 3.14.0
[1.158s] -- Searching for dependencies of ignition-common3
[1.159s] -- Looking for dlfcn.h - found
[1.159s] -- Looking for libdl - found
[1.160s] -- Found DL: TRUE  
[1.168s] -- Found tinyobjloader: /usr/lib/x86_64-linux-gnu/cmake/tinyobjloader/tinyobjloader-config.cmake (found version "2.0.0") 
[1.169s] -- Searching for <ignition-common3> component [graphics]
[1.170s] -- Looking for ignition-common3-graphics -- found version 3.14.0
[1.171s] -- Searching for dependencies of ignition-common3-graphics
[1.171s] -- Looking for ignition-math6 -- found version 6.15.1
[1.174s] -- Looking for ignition-fuel_tools4 -- found version 4.4.0
[1.174s] -- Searching for dependencies of ignition-fuel_tools4
[1.223s] -- Found CURL: /usr/lib/x86_64-linux-gnu/libcurl.so (found version "7.81.0")  
[1.230s] -- Checking for module 'jsoncpp'
[1.238s] --   Found jsoncpp, version 1.9.5
[1.258s] -- Found JSONCPP: TRUE  
[1.264s] -- Checking for module 'libzip'
[1.273s] --   Found libzip, version 1.7.3
[1.294s] -- Found ZIP: TRUE  
[1.294s] -- Looking for ignition-common3 -- found version 3.14.0
[1.295s] -- Looking for ignition-math6 -- found version 6.15.1
[1.295s] -- Looking for ignition-msgs5 -- found version 5.8.1
[1.301s] -- Found gazebo_ros_pkgs: 3.9.0 (/opt/ros/humble/share/gazebo_ros_pkgs/cmake)
[1.302s] -- Found geometry_msgs: 4.9.1 (/opt/ros/humble/share/geometry_msgs/cmake)
[1.323s] -- Found rosidl_generator_c: 3.1.8 (/opt/ros/humble/share/rosidl_generator_c/cmake)
[1.326s] -- Found rosidl_adapter: 3.1.8 (/opt/ros/humble/share/rosidl_adapter/cmake)
[1.332s] -- Found rosidl_generator_cpp: 3.1.8 (/opt/ros/humble/share/rosidl_generator_cpp/cmake)
[1.339s] -- Using all available rosidl_typesupport_c: rosidl_typesupport_fastrtps_c;rosidl_typesupport_introspection_c
[1.350s] -- Using all available rosidl_typesupport_cpp: rosidl_typesupport_fastrtps_cpp;rosidl_typesupport_introspection_cpp
[1.373s] -- Found nav_msgs: 4.9.1 (/opt/ros/humble/share/nav_msgs/cmake)
[1.389s] -- Found rclcpp: 16.0.18 (/opt/ros/humble/share/rclcpp/cmake)
[1.435s] -- Found rmw_implementation_cmake: 6.1.2 (/opt/ros/humble/share/rmw_implementation_cmake/cmake)
[1.441s] -- Found rmw_fastrtps_cpp: 6.2.10 (/opt/ros/humble/share/rmw_fastrtps_cpp/cmake)
[1.518s] -- Found OpenSSL: /usr/lib/x86_64-linux-gnu/libcrypto.so (found version "3.0.2")  
[1.538s] -- Found FastRTPS: /opt/ros/humble/include  
[1.567s] -- Using RMW implementation 'rmw_fastrtps_cpp' as default
[1.576s] -- Found Threads: TRUE  
[1.614s] -- Found sensor_msgs: 4.9.1 (/opt/ros/humble/share/sensor_msgs/cmake)
[1.631s] -- Found tf2: 0.25.19 (/opt/ros/humble/share/tf2/cmake)
[1.677s] -- Configuring done
[1.719s] -- Generating done
[1.724s] -- Build files have been written to: /workspace/build/turtlebot3_gazebo
[1.731s] Invoked command in '/workspace/build/turtlebot3_gazebo' returned '0': CMAKE_PREFIX_PATH=${CMAKE_PREFIX_PATH}:/workspace/ros2_ws/install/turtlebot3_teleop:/workspace/ros2_ws/install/turtlebot3_example:/workspace/ros2_ws/install/maze_pkg:/opt/ros/humble /usr/bin/cmake /workspace/ros2_ws/turtlebot3_simulations/turtlebot3_gazebo -DCMAKE_INSTALL_PREFIX=/workspace/install/turtlebot3_gazebo
[1.732s] Invoking command in '/workspace/build/turtlebot3_gazebo': CMAKE_PREFIX_PATH=${CMAKE_PREFIX_PATH}:/workspace/ros2_ws/install/turtlebot3_teleop:/workspace/ros2_ws/install/turtlebot3_example:/workspace/ros2_ws/install/maze_pkg:/opt/ros/humble /usr/bin/cmake --build /workspace/build/turtlebot3_gazebo -- -j20 -l20
[1.766s] [  8%] [32mBuilding CXX object CMakeFiles/obstacle1.dir/src/obstacle1.cpp.o[0m
[1.767s] [ 16%] [32mBuilding CXX object CMakeFiles/traffic_bar_plugin.dir/src/traffic_bar_plugin.cpp.o[0m
[1.769s] [ 33%] [32mBuilding CXX object CMakeFiles/traffic_light_plugin.dir/src/traffic_light_plugin.cpp.o[0m
[1.769s] [ 33%] [32mBuilding CXX object CMakeFiles/turtlebot3_drive.dir/src/turtlebot3_drive.cpp.o[0m
[1.769s] [ 41%] [32mBuilding CXX object CMakeFiles/obstacle2.dir/src/obstacle2.cpp.o[0m
[1.772s] [ 50%] [32mBuilding CXX object CMakeFiles/obstacles.dir/src/obstacles.cpp.o[0m
[14.646s] [ 58%] [32m[1mLinking CXX executable turtlebot3_drive[0m
[15.253s] [ 58%] Built target turtlebot3_drive
[15.805s] [ 66%] [32m[1mLinking CXX shared library libobstacle1.so[0m
[15.829s] [ 75%] [32m[1mLinking CXX shared library libobstacle2.so[0m
[15.833s] [ 83%] [32m[1mLinking CXX shared library libobstacles.so[0m
[15.913s] [ 91%] [32m[1mLinking CXX shared library libtraffic_bar_plugin.so[0m
[16.028s] [100%] [32m[1mLinking CXX shared library libtraffic_light_plugin.so[0m
[16.070s] [100%] Built target obstacle2
[16.071s] [100%] Built target obstacle1
[16.075s] [100%] Built target obstacles
[16.140s] [100%] Built target traffic_bar_plugin
[16.256s] [100%] Built target traffic_light_plugin
[16.267s] Invoked command in '/workspace/build/turtlebot3_gazebo' returned '0': CMAKE_PREFIX_PATH=${CMAKE_PREFIX_PATH}:/workspace/ros2_ws/install/turtlebot3_teleop:/workspace/ros2_ws/install/turtlebot3_example:/workspace/ros2_ws/install/maze_pkg:/opt/ros/humble /usr/bin/cmake --build /workspace/build/turtlebot3_gazebo -- -j20 -l20
[16.268s] Invoking command in '/workspace/build/turtlebot3_gazebo': CMAKE_PREFIX_PATH=${CMAKE_PREFIX_PATH}:/workspace/ros2_ws/install/turtlebot3_teleop:/workspace/ros2_ws/install/turtlebot3_example:/workspace/ros2_ws/install/maze_pkg:/opt/ros/humble /usr/bin/cmake --install /workspace/build/turtlebot3_gazebo
[16.274s] -- Install configuration: ""
[16.274s] -- Installing: /workspace/install/turtlebot3_gazebo/lib/turtlebot3_gazebo/turtlebot3_drive
[16.278s] -- Set runtime path of "/workspace/install/turtlebot3_gazebo/lib/turtlebot3_gazebo/turtlebot3_drive" to ""
[16.278s] -- Installing: /workspace/install/turtlebot3_gazebo/share/turtlebot3_gazebo//launch
[16.278s] -- Installing: /workspace/install/turtlebot3_gazebo/share/turtlebot3_gazebo//launch/robot_state_publisher.launch.py
[16.279s] -- Installing: /workspace/install/turtlebot3_gazebo/share/turtlebot3_gazebo//launch/turtlebot3_autorace_2020.launch.py
[16.279s] -- Installing: /workspace/install/turtlebot3_gazebo/share/turtlebot3_gazebo//launch/empty_world.launch.py
[16.279s] -- Installing: /workspace/install/turtlebot3_gazebo/share/turtlebot3_gazebo//launch/turtlebot3_dqn_stage4.launch.py
[16.280s] -- Installing: /workspace/install/turtlebot3_gazebo/share/turtlebot3_gazebo//launch/turtlebot3_house.launch.py
[16.280s] -- Installing: /workspace/install/turtlebot3_gazebo/share/turtlebot3_gazebo//launch/turtlebot3_world.launch.py
[16.280s] -- Installing: /workspace/install/turtlebot3_gazebo/share/turtlebot3_gazebo//launch/spawn_turtlebot3.launch.py
[16.281s] -- Installing: /workspace/install/turtlebot3_gazebo/share/turtlebot3_gazebo//launch/turtlebot3_dqn_stage3.launch.py
[16.281s] -- Installing: /workspace/install/turtlebot3_gazebo/share/turtlebot3_gazebo//launch/turtlebot3_dqn_stage2.launch.py
[16.281s] -- Installing: /workspace/install/turtlebot3_gazebo/share/turtlebot3_gazebo//launch/multi_spawn_turtlebot3.launch.py
[16.282s] -- Installing: /workspace/install/turtlebot3_gazebo/share/turtlebot3_gazebo//launch/multi_robot.launch.py
[16.282s] -- Installing: /workspace/install/turtlebot3_gazebo/share/turtlebot3_gazebo//launch/turtlebot3_dqn_stage1.launch.py
[16.283s] -- Installing: /workspace/install/turtlebot3_gazebo/share/turtlebot3_gazebo//models
[16.283s] -- Installing: /workspace/install/turtlebot3_gazebo/share/turtlebot3_gazebo//models/turtlebot3_dqn_world
[16.283s] -- Installing: /workspace/install/turtlebot3_gazebo/share/turtlebot3_gazebo//models/turtlebot3_dqn_world/goal_box
[16.283s] -- Installing: /workspace/install/turtlebot3_gazebo/share/turtlebot3_gazebo//models/turtlebot3_dqn_world/goal_box/model.config
[16.283s] -- Installing: /workspace/install/turtlebot3_gazebo/share/turtlebot3_gazebo//models/turtlebot3_dqn_world/goal_box/model.sdf
[16.283s] -- Installing: /workspace/install/turtlebot3_gazebo/share/turtlebot3_gazebo//models/turtlebot3_dqn_world/model.config
[16.284s] -- Installing: /workspace/install/turtlebot3_gazebo/share/turtlebot3_gazebo//models/turtlebot3_dqn_world/inner_walls
[16.284s] -- Installing: /workspace/install/turtlebot3_gazebo/share/turtlebot3_gazebo//models/turtlebot3_dqn_world/inner_walls/model.config
[16.284s] -- Installing: /workspace/install/turtlebot3_gazebo/share/turtlebot3_gazebo//models/turtlebot3_dqn_world/inner_walls/model.sdf
[16.285s] -- Installing: /workspace/install/turtlebot3_gazebo/share/turtlebot3_gazebo//models/turtlebot3_dqn_world/obstacles
[16.285s] -- Installing: /workspace/install/turtlebot3_gazebo/share/turtlebot3_gazebo//models/turtlebot3_dqn_world/obstacles/model.config
[16.285s] -- Installing: /workspace/install/turtlebot3_gazebo/share/turtlebot3_gazebo//models/turtlebot3_dqn_world/obstacles/model.sdf
[16.285s] -- Installing: /workspace/install/turtlebot3_gazebo/share/turtlebot3_gazebo//models/turtlebot3_dqn_world/obstacle1
[16.286s] -- Installing: /workspace/install/turtlebot3_gazebo/share/turtlebot3_gazebo//models/turtlebot3_dqn_world/obstacle1/model.config
[16.286s] -- Installing: /workspace/install/turtlebot3_gazebo/share/turtlebot3_gazebo//models/turtlebot3_dqn_world/obstacle1/model.sdf
[16.286s] -- Installing: /workspace/install/turtlebot3_gazebo/share/turtlebot3_gazebo//models/turtlebot3_dqn_world/obstacle2
[16.286s] -- Installing: /workspace/install/turtlebot3_gazebo/share/turtlebot3_gazebo//models/turtlebot3_dqn_world/obstacle2/model.config
[16.286s] -- Installing: /workspace/install/turtlebot3_gazebo/share/turtlebot3_gazebo//models/turtlebot3_dqn_world/obstacle2/model.sdf
[16.287s] -- Installing: /workspace/install/turtlebot3_gazebo/share/turtlebot3_gazebo//models/turtlebot3_dqn_world/model.sdf
[16.287s] -- Installing: /workspace/install/turtlebot3_gazebo/share/turtlebot3_gazebo//models/turtlebot3_burger_cam
[16.287s] -- Installing: /workspace/install/turtlebot3_gazebo/share/turtlebot3_gazebo//models/turtlebot3_burger_cam/model.config
[16.287s] -- Installing: /workspace/install/turtlebot3_gazebo/share/turtlebot3_gazebo//models/turtlebot3_burger_cam/model-1_4.sdf
[16.287s] -- Installing: /workspace/install/turtlebot3_gazebo/share/turtlebot3_gazebo//models/turtlebot3_burger_cam/model.sdf
[16.288s] -- Installing: /workspace/install/turtlebot3_gazebo/share/turtlebot3_gazebo//models/turtlebot3_world
[16.288s] -- Installing: /workspace/install/turtlebot3_gazebo/share/turtlebot3_gazebo//models/turtlebot3_world/model.config
[16.288s] -- Installing: /workspace/install/turtlebot3_gazebo/share/turtlebot3_gazebo//models/turtlebot3_world/meshes
[16.288s] -- Installing: /workspace/install/turtlebot3_gazebo/share/turtlebot3_gazebo//models/turtlebot3_world/meshes/hexagon.dae
[16.289s] -- Installing: /workspace/install/turtlebot3_gazebo/share/turtlebot3_gazebo//models/turtlebot3_world/meshes/wall.dae
[16.290s] -- Installing: /workspace/install/turtlebot3_gazebo/share/turtlebot3_gazebo//models/turtlebot3_world/model-1_4.sdf
[16.290s] -- Installing: /workspace/install/turtlebot3_gazebo/share/turtlebot3_gazebo//models/turtlebot3_world/model.sdf
[16.290s] -- Installing: /workspace/install/turtlebot3_gazebo/share/turtlebot3_gazebo//models/turtlebot3_burger
[16.290s] -- Installing: /workspace/install/turtlebot3_gazebo/share/turtlebot3_gazebo//models/turtlebot3_burger/model.config
[16.290s] -- Installing: /workspace/install/turtlebot3_gazebo/share/turtlebot3_gazebo//models/turtlebot3_burger/model-1_4.sdf
[16.291s] -- Installing: /workspace/install/turtlebot3_gazebo/share/turtlebot3_gazebo//models/turtlebot3_burger/model.sdf
[16.291s] -- Installing: /workspace/install/turtlebot3_gazebo/share/turtlebot3_gazebo//models/turtlebot3_autorace_2020
[16.291s] -- Installing: /workspace/install/turtlebot3_gazebo/share/turtlebot3_gazebo//models/turtlebot3_autorace_2020/traffic_bar
[16.291s] -- Installing: /workspace/install/turtlebot3_gazebo/share/turtlebot3_gazebo//models/turtlebot3_autorace_2020/traffic_bar/model.config
[16.291s] -- Installing: /workspace/install/turtlebot3_gazebo/share/turtlebot3_gazebo//models/turtlebot3_autorace_2020/traffic_bar/materials
[16.292s] -- Installing: /workspace/install/turtlebot3_gazebo/share/turtlebot3_gazebo//models/turtlebot3_autorace_2020/traffic_bar/materials/textures
[16.292s] -- Installing: /workspace/install/turtlebot3_gazebo/share/turtlebot3_gazebo//models/turtlebot3_autorace_2020/traffic_bar/materials/textures/traffic_bar.png
[16.292s] -- Installing: /workspace/install/turtlebot3_gazebo/share/turtlebot3_gazebo//models/turtlebot3_autorace_2020/traffic_bar/materials/scripts
[16.293s] -- Installing: /workspace/install/turtlebot3_gazebo/share/turtlebot3_gazebo//models/turtlebot3_autorace_2020/traffic_bar/materials/scripts/traffic_bar.material
[16.293s] -- Installing: /workspace/install/turtlebot3_gazebo/share/turtlebot3_gazebo//models/turtlebot3_autorace_2020/traffic_bar/model.sdf
[16.293s] -- Installing: /workspace/install/turtlebot3_gazebo/share/turtlebot3_gazebo//models/turtlebot3_autorace_2020/traffic_tunnel
[16.293s] -- Installing: /workspace/install/turtlebot3_gazebo/share/turtlebot3_gazebo//models/turtlebot3_autorace_2020/traffic_tunnel/model.config
[16.294s] -- Installing: /workspace/install/turtlebot3_gazebo/share/turtlebot3_gazebo//models/turtlebot3_autorace_2020/traffic_tunnel/materials
[16.294s] -- Installing: /workspace/install/turtlebot3_gazebo/share/turtlebot3_gazebo//models/turtlebot3_autorace_2020/traffic_tunnel/materials/textures
[16.294s] -- Installing: /workspace/install/turtlebot3_gazebo/share/turtlebot3_gazebo//models/turtlebot3_autorace_2020/traffic_tunnel/materials/textures/tunnel.png
[16.295s] -- Installing: /workspace/install/turtlebot3_gazebo/share/turtlebot3_gazebo//models/turtlebot3_autorace_2020/traffic_tunnel/materials/scripts
[16.295s] -- Installing: /workspace/install/turtlebot3_gazebo/share/turtlebot3_gazebo//models/turtlebot3_autorace_2020/traffic_tunnel/materials/scripts/tunnel.material
[16.295s] -- Installing: /workspace/install/turtlebot3_gazebo/share/turtlebot3_gazebo//models/turtlebot3_autorace_2020/traffic_tunnel/model.sdf
[16.295s] -- Installing: /workspace/install/turtlebot3_gazebo/share/turtlebot3_gazebo//models/turtlebot3_autorace_2020/traffic_right
[16.295s] -- Installing: /workspace/install/turtlebot3_gazebo/share/turtlebot3_gazebo//models/turtlebot3_autorace_2020/traffic_right/model.config
[16.295s] -- Installing: /workspace/install/turtlebot3_gazebo/share/turtlebot3_gazebo//models/turtlebot3_autorace_2020/traffic_right/materials
[16.295s] -- Installing: /workspace/install/turtlebot3_gazebo/share/turtlebot3_gazebo//models/turtlebot3_autorace_2020/traffic_right/materials/textures
[16.296s] -- Installing: /workspace/install/turtlebot3_gazebo/share/turtlebot3_gazebo//models/turtlebot3_autorace_2020/traffic_right/materials/textures/traffic_right.png
[16.296s] -- Installing: /workspace/install/turtlebot3_gazebo/share/turtlebot3_gazebo//models/turtlebot3_autorace_2020/traffic_right/materials/scripts
[16.296s] -- Installing: /workspace/install/turtlebot3_gazebo/share/turtlebot3_gazebo//models/turtlebot3_autorace_2020/traffic_right/materials/scripts/traffic_right.material
[16.296s] -- Installing: /workspace/install/turtlebot3_gazebo/share/turtlebot3_gazebo//models/turtlebot3_autorace_2020/traffic_right/model.sdf
[16.297s] -- Installing: /workspace/install/turtlebot3_gazebo/share/turtlebot3_gazebo//models/turtlebot3_autorace_2020/traffic_noentry
[16.298s] -- Installing: /workspace/install/turtlebot3_gazebo/share/turtlebot3_gazebo//models/turtlebot3_autorace_2020/traffic_noentry/model.config
[16.298s] -- Installing: /workspace/install/turtlebot3_gazebo/share/turtlebot3_gazebo//models/turtlebot3_autorace_2020/traffic_noentry/materials
[16.298s] -- Installing: /workspace/install/turtlebot3_gazebo/share/turtlebot3_gazebo//models/turtlebot3_autorace_2020/traffic_noentry/materials/textures
[16.298s] -- Installing: /workspace/install/turtlebot3_gazebo/share/turtlebot3_gazebo//models/turtlebot3_autorace_2020/traffic_noentry/materials/textures/traffic_noentry.png
[16.299s] -- Installing: /workspace/install/turtlebot3_gazebo/share/turtlebot3_gazebo//models/turtlebot3_autorace_2020/traffic_noentry/materials/scripts
[16.299s] -- Installing: /workspace/install/turtlebot3_gazebo/share/turtlebot3_gazebo//models/turtlebot3_autorace_2020/traffic_noentry/materials/scripts/traffic_noentry.material
[16.299s] -- Installing: /workspace/install/turtlebot3_gazebo/share/turtlebot3_gazebo//models/turtlebot3_autorace_2020/traffic_noentry/model.sdf
[16.299s] -- Installing: /workspace/install/turtlebot3_gazebo/share/turtlebot3_gazebo//models/turtlebot3_autorace_2020/checker
[16.299s] -- Installing: /workspace/install/turtlebot3_gazebo/share/turtlebot3_gazebo//models/turtlebot3_autorace_2020/checker/model.config
[16.300s] -- Installing: /workspace/install/turtlebot3_gazebo/share/turtlebot3_gazebo//models/turtlebot3_autorace_2020/checker/materials
[16.300s] -- Installing: /workspace/install/turtlebot3_gazebo/share/turtlebot3_gazebo//models/turtlebot3_autorace_2020/checker/materials/textures
[16.300s] -- Installing: /workspace/install/turtlebot3_gazebo/share/turtlebot3_gazebo//models/turtlebot3_autorace_2020/checker/materials/textures/checker.png
[16.300s] -- Installing: /workspace/install/turtlebot3_gazebo/share/turtlebot3_gazebo//models/turtlebot3_autorace_2020/checker/materials/checker.png
[16.300s] -- Installing: /workspace/install/turtlebot3_gazebo/share/turtlebot3_gazebo//models/turtlebot3_autorace_2020/checker/materials/scripts
[16.301s] -- Installing: /workspace/install/turtlebot3_gazebo/share/turtlebot3_gazebo//models/turtlebot3_autorace_2020/checker/materials/scripts/checker.material
[16.301s] -- Installing: /workspace/install/turtlebot3_gazebo/share/turtlebot3_gazebo//models/turtlebot3_autorace_2020/checker/model.sdf
[16.301s] -- Installing: /workspace/install/turtlebot3_gazebo/share/turtlebot3_gazebo//models/turtlebot3_autorace_2020/traffic_left
[16.301s] -- Installing: /workspace/install/turtlebot3_gazebo/share/turtlebot3_gazebo//models/turtlebot3_autorace_2020/traffic_left/model.config
[16.301s] -- Installing: /workspace/install/turtlebot3_gazebo/share/turtlebot3_gazebo//models/turtlebot3_autorace_2020/traffic_left/materials
[16.301s] -- Installing: /workspace/install/turtlebot3_gazebo/share/turtlebot3_gazebo//models/turtlebot3_autorace_2020/traffic_left/materials/textures
[16.302s] -- Installing: /workspace/install/turtlebot3_gazebo/share/turtlebot3_gazebo//models/turtlebot3_autorace_2020/traffic_left/materials/textures/traffic_left.png
[16.302s] -- Installing: /workspace/install/turtlebot3_gazebo/share/turtlebot3_gazebo//models/turtlebot3_autorace_2020/traffic_left/materials/scripts
[16.302s] -- Installing: /workspace/install/turtlebot3_gazebo/share/turtlebot3_gazebo//models/turtlebot3_autorace_2020/traffic_left/materials/scripts/traffic_is_left.material
[16.303s] -- Installing: /workspace/install/turtlebot3_gazebo/share/turtlebot3_gazebo//models/turtlebot3_autorace_2020/traffic_left/model.sdf
[16.303s] -- Installing: /workspace/install/turtlebot3_gazebo/share/turtlebot3_gazebo//models/turtlebot3_autorace_2020/traffic_pl_left
[16.303s] -- Installing: /workspace/install/turtlebot3_gazebo/share/turtlebot3_gazebo//models/turtlebot3_autorace_2020/traffic_pl_left/model.config
[16.303s] -- Installing: /workspace/install/turtlebot3_gazebo/share/turtlebot3_gazebo//models/turtlebot3_autorace_2020/traffic_pl_left/materials
[16.303s] -- Installing: /workspace/install/turtlebot3_gazebo/share/turtlebot3_gazebo//models/turtlebot3_autorace_2020/traffic_pl_left/materials/textures
[16.304s] -- Installing: /workspace/install/turtlebot3_gazebo/share/turtlebot3_gazebo//models/turtlebot3_autorace_2020/traffic_pl_left/materials/textures/traffic_pl_left.png
[16.304s] -- Installing: /workspace/install/turtlebot3_gazebo/share/turtlebot3_gazebo//models/turtlebot3_autorace_2020/traffic_pl_left/materials/scripts
[16.304s] -- Installing: /workspace/install/turtlebot3_gazebo/share/turtlebot3_gazebo//models/turtlebot3_autorace_2020/traffic_pl_left/materials/scripts/traffic_pl_left.material
[16.305s] -- Installing: /workspace/install/turtlebot3_gazebo/share/turtlebot3_gazebo//models/turtlebot3_autorace_2020/traffic_pl_left/model.sdf
[16.306s] -- Installing: /workspace/install/turtlebot3_gazebo/share/turtlebot3_gazebo//models/turtlebot3_autorace_2020/traffic_construction
[16.306s] -- Installing: /workspace/install/turtlebot3_gazebo/share/turtlebot3_gazebo//models/turtlebot3_autorace_2020/traffic_construction/model.config
[16.307s] -- Installing: /workspace/install/turtlebot3_gazebo/share/turtlebot3_gazebo//models/turtlebot3_autorace_2020/traffic_construction/materials
[16.307s] -- Installing: /workspace/install/turtlebot3_gazebo/share/turtlebot3_gazebo//models/turtlebot3_autorace_2020/traffic_construction/materials/textures
[16.307s] -- Installing: /workspace/install/turtlebot3_gazebo/share/turtlebot3_gazebo//models/turtlebot3_autorace_2020/traffic_construction/materials/textures/traffic_construction.png
[16.307s] -- Installing: /workspace/install/turtlebot3_gazebo/share/turtlebot3_gazebo//models/turtlebot3_autorace_2020/traffic_construction/materials/scripts
[16.308s] -- Installing: /workspace/install/turtlebot3_gazebo/share/turtlebot3_gazebo//models/turtlebot3_autorace_2020/traffic_construction/materials/scripts/traffic_construction.material
[16.308s] -- Installing: /workspace/install/turtlebot3_gazebo/share/turtlebot3_gazebo//models/turtlebot3_autorace_2020/traffic_construction/model.sdf
[16.308s] -- Installing: /workspace/install/turtlebot3_gazebo/share/turtlebot3_gazebo//models/turtlebot3_autorace_2020/traffic_parking
[16.309s] -- Installing: /workspace/install/turtlebot3_gazebo/share/turtlebot3_gazebo//models/turtlebot3_autorace_2020/traffic_parking/model.config
[16.309s] -- Installing: /workspace/install/turtlebot3_gazebo/share/turtlebot3_gazebo//models/turtlebot3_autorace_2020/traffic_parking/materials
[16.309s] -- Installing: /workspace/install/turtlebot3_gazebo/share/turtlebot3_gazebo//models/turtlebot3_autorace_2020/traffic_parking/materials/textures
[16.309s] -- Installing: /workspace/install/turtlebot3_gazebo/share/turtlebot3_gazebo//models/turtlebot3_autorace_2020/traffic_parking/materials/textures/traffic_parking.png
[16.310s] -- Installing: /workspace/install/turtlebot3_gazebo/share/turtlebot3_gazebo//models/turtlebot3_autorace_2020/traffic_parking/materials/scripts
[16.311s] -- Installing: /workspace/install/turtlebot3_gazebo/share/turtlebot3_gazebo//models/turtlebot3_autorace_2020/traffic_parking/materials/scripts/traffic_parking.material
[16.311s] -- Installing: /workspace/install/turtlebot3_gazebo/share/turtlebot3_gazebo//models/turtlebot3_autorace_2020/traffic_parking/model.sdf
[16.311s] -- Installing: /workspace/install/turtlebot3_gazebo/share/turtlebot3_gazebo//models/turtlebot3_autorace_2020/course
[16.312s] -- Installing: /workspace/install/turtlebot3_gazebo/share/turtlebot3_gazebo//models/turtlebot3_autorace_2020/course/model.config
[16.313s] -- Installing: /workspace/install/turtlebot3_gazebo/share/turtlebot3_gazebo//models/turtlebot3_autorace_2020/course/materials
[16.313s] -- Installing: /workspace/install/turtlebot3_gazebo/share/turtlebot3_gazebo//models/turtlebot3_autorace_2020/course/materials/textures
[16.313s] -- Installing: /workspace/install/turtlebot3_gazebo/share/turtlebot3_gazebo//models/turtlebot3_autorace_2020/course/materials/textures/course.png
[16.313s] -- Installing: /workspace/install/turtlebot3_gazebo/share/turtlebot3_gazebo//models/turtlebot3_autorace_2020/course/materials/scripts
[16.313s] -- Installing: /workspace/install/turtlebot3_gazebo/share/turtlebot3_gazebo//models/turtlebot3_autorace_2020/course/materials/scripts/course.material
[16.314s] -- Installing: /workspace/install/turtlebot3_gazebo/share/turtlebot3_gazebo//models/turtlebot3_autorace_2020/course/model.sdf
[16.314s] -- Installing: /workspace/install/turtlebot3_gazebo/share/turtlebot3_gazebo//models/turtlebot3_autorace_2020/traffic_intersection
[16.314s] -- Installing: /workspace/install/turtlebot3_gazebo/share/turtlebot3_gazebo//models/turtlebot3_autorace_2020/traffic_intersection/model.config
[16.314s] -- Installing: /workspace/install/turtlebot3_gazebo/share/turtlebot3_gazebo//models/turtlebot3_autorace_2020/traffic_intersection/materials
[16.315s] -- Installing: /workspace/install/turtlebot3_gazebo/share/turtlebot3_gazebo//models/turtlebot3_autorace_2020/traffic_intersection/materials/textures
[16.315s] -- Installing: /workspace/install/turtlebot3_gazebo/share/turtlebot3_gazebo//models/turtlebot3_autorace_2020/traffic_intersection/materials/textures/traffic_intersection.png
[16.315s] -- Installing: /workspace/install/turtlebot3_gazebo/share/turtlebot3_gazebo//models/turtlebot3_autorace_2020/traffic_intersection/materials/scripts
[16.315s] -- Installing: /workspace/install/turtlebot3_gazebo/share/turtlebot3_gazebo//models/turtlebot3_autorace_2020/traffic_intersection/materials/scripts/traffic_intersection.material
[16.316s] -- Installing: /workspace/install/turtlebot3_gazebo/share/turtlebot3_gazebo//models/turtlebot3_autorace_2020/traffic_intersection/model.sdf
[16.316s] -- Installing: /workspace/install/turtlebot3_gazebo/share/turtlebot3_gazebo//models/turtlebot3_autorace_2020/traffic_light
[16.316s] -- Installing: /workspace/install/turtlebot3_gazebo/share/turtlebot3_gazebo//models/turtlebot3_autorace_2020/traffic_light/model.config
[16.316s] -- Installing: /workspace/install/turtlebot3_gazebo/share/turtlebot3_gazebo//models/turtlebot3_autorace_2020/traffic_light/materials
[16.316s] -- Installing: /workspace/install/turtlebot3_gazebo/share/turtlebot3_gazebo//models/turtlebot3_autorace_2020/traffic_light/materials/textures
[16.317s] -- Installing: /workspace/install/turtlebot3_gazebo/share/turtlebot3_gazebo//models/turtlebot3_autorace_2020/traffic_light/materials/textures/traffic_light_red.png
[16.317s] -- Installing: /workspace/install/turtlebot3_gazebo/share/turtlebot3_gazebo//models/turtlebot3_autorace_2020/traffic_light/materials/textures/traffic_light_green.png
[16.317s] -- Installing: /workspace/install/turtlebot3_gazebo/share/turtlebot3_gazebo//models/turtlebot3_autorace_2020/traffic_light/materials/textures/traffic_light_yellow.png
[16.317s] -- Installing: /workspace/install/turtlebot3_gazebo/share/turtlebot3_gazebo//models/turtlebot3_autorace_2020/traffic_light/materials/textures/traffic_light.png
[16.318s] -- Installing: /workspace/install/turtlebot3_gazebo/share/turtlebot3_gazebo//models/turtlebot3_autorace_2020/traffic_light/materials/scripts
[16.318s] -- Installing: /workspace/install/turtlebot3_gazebo/share/turtlebot3_gazebo//models/turtlebot3_autorace_2020/traffic_light/materials/scripts/traffic_light.material
[16.318s] -- Installing: /workspace/install/turtlebot3_gazebo/share/turtlebot3_gazebo//models/turtlebot3_autorace_2020/traffic_light/model.sdf
[16.318s] -- Installing: /workspace/install/turtlebot3_gazebo/share/turtlebot3_gazebo//models/turtlebot3_autorace_2020/traffic_stop
[16.318s] -- Installing: /workspace/install/turtlebot3_gazebo/share/turtlebot3_gazebo//models/turtlebot3_autorace_2020/traffic_stop/model.config
[16.318s] -- Installing: /workspace/install/turtlebot3_gazebo/share/turtlebot3_gazebo//models/turtlebot3_autorace_2020/traffic_stop/materials
[16.319s] -- Installing: /workspace/install/turtlebot3_gazebo/share/turtlebot3_gazebo//models/turtlebot3_autorace_2020/traffic_stop/materials/textures
[16.319s] -- Installing: /workspace/install/turtlebot3_gazebo/share/turtlebot3_gazebo//models/turtlebot3_autorace_2020/traffic_stop/materials/textures/traffic_stop.png
[16.319s] -- Installing: /workspace/install/turtlebot3_gazebo/share/turtlebot3_gazebo//models/turtlebot3_autorace_2020/traffic_stop/materials/scripts
[16.319s] -- Installing: /workspace/install/turtlebot3_gazebo/share/turtlebot3_gazebo//models/turtlebot3_autorace_2020/traffic_stop/materials/scripts/traffic_stop.material
[16.320s] -- Installing: /workspace/install/turtlebot3_gazebo/share/turtlebot3_gazebo//models/turtlebot3_autorace_2020/traffic_stop/model.sdf
[16.320s] -- Installing: /workspace/install/turtlebot3_gazebo/share/turtlebot3_gazebo//models/turtlebot3_waffle_pi
[16.320s] -- Installing: /workspace/install/turtlebot3_gazebo/share/turtlebot3_gazebo//models/turtlebot3_waffle_pi/model-1_4_.sdf
[16.320s] -- Installing: /workspace/install/turtlebot3_gazebo/share/turtlebot3_gazebo//models/turtlebot3_waffle_pi/model.config
[16.321s] -- Installing: /workspace/install/turtlebot3_gazebo/share/turtlebot3_gazebo//models/turtlebot3_waffle_pi/model.sdf
[16.321s] -- Installing: /workspace/install/turtlebot3_gazebo/share/turtlebot3_gazebo//models/turtlebot3_house
[16.322s] -- Installing: /workspace/install/turtlebot3_gazebo/share/turtlebot3_gazebo//models/turtlebot3_house/model.config
[16.323s] -- Installing: /workspace/install/turtlebot3_gazebo/share/turtlebot3_gazebo//models/turtlebot3_house/model.sdf
[16.326s] -- Installing: /workspace/install/turtlebot3_gazebo/share/turtlebot3_gazebo//models/turtlebot3_common
[16.326s] -- Installing: /workspace/install/turtlebot3_gazebo/share/turtlebot3_gazebo//models/turtlebot3_common/model.config
[16.326s] -- Installing: /workspace/install/turtlebot3_gazebo/share/turtlebot3_gazebo//models/turtlebot3_common/meshes
[16.326s] -- Installing: /workspace/install/turtlebot3_gazebo/share/turtlebot3_gazebo//models/turtlebot3_common/meshes/waffle_base.dae
[16.328s] -- Installing: /workspace/install/turtlebot3_gazebo/share/turtlebot3_gazebo//models/turtlebot3_common/meshes/waffle_pi_base.dae
[16.328s] -- Installing: /workspace/install/turtlebot3_gazebo/share/turtlebot3_gazebo//models/turtlebot3_common/meshes/r200.dae
[16.329s] -- Installing: /workspace/install/turtlebot3_gazebo/share/turtlebot3_gazebo//models/turtlebot3_common/meshes/bases
[16.329s] -- Installing: /workspace/install/turtlebot3_gazebo/share/turtlebot3_gazebo//models/turtlebot3_common/meshes/bases/burger_base.stl
[16.336s] -- Installing: /workspace/install/turtlebot3_gazebo/share/turtlebot3_gazebo//models/turtlebot3_common/meshes/bases/waffle_pi_base.stl
[16.351s] -- Installing: /workspace/install/turtlebot3_gazebo/share/turtlebot3_gazebo//models/turtlebot3_common/meshes/bases/waffle_base.stl
[16.375s] -- Installing: /workspace/install/turtlebot3_gazebo/share/turtlebot3_gazebo//models/turtlebot3_common/meshes/burger_base.dae
[16.375s] -- Installing: /workspace/install/turtlebot3_gazebo/share/turtlebot3_gazebo//models/turtlebot3_common/meshes/wheels
[16.375s] -- Installing: /workspace/install/turtlebot3_gazebo/share/turtlebot3_gazebo//models/turtlebot3_common/meshes/wheels/right_tire.stl
[16.377s] -- Installing: /workspace/install/turtlebot3_gazebo/share/turtlebot3_gazebo//models/turtlebot3_common/meshes/wheels/left_tire.stl
[16.379s] -- Installing: /workspace/install/turtlebot3_gazebo/share/turtlebot3_gazebo//models/turtlebot3_common/meshes/tire.dae
[16.379s] -- Installing: /workspace/install/turtlebot3_gazebo/share/turtlebot3_gazebo//models/turtlebot3_common/meshes/lds.dae
[16.380s] -- Installing: /workspace/install/turtlebot3_gazebo/share/turtlebot3_gazebo//models/turtlebot3_common/meshes/sensors
[16.380s] -- Installing: /workspace/install/turtlebot3_gazebo/share/turtlebot3_gazebo//models/turtlebot3_common/meshes/sensors/astra.dae
[16.393s] -- Installing: /workspace/install/turtlebot3_gazebo/share/turtlebot3_gazebo//models/turtlebot3_common/meshes/sensors/astra.jpg
[16.394s] -- Installing: /workspace/install/turtlebot3_gazebo/share/turtlebot3_gazebo//models/turtlebot3_common/meshes/sensors/r200.dae
[16.395s] -- Installing: /workspace/install/turtlebot3_gazebo/share/turtlebot3_gazebo//models/turtlebot3_common/meshes/sensors/lds.stl
[16.396s] -- Installing: /workspace/install/turtlebot3_gazebo/share/turtlebot3_gazebo//models/turtlebot3_common/meshes/sensors/r200.jpg
[16.397s] -- Installing: /workspace/install/turtlebot3_gazebo/share/turtlebot3_gazebo//models/turtlebot3_waffle
[16.397s] -- Installing: /workspace/install/turtlebot3_gazebo/share/turtlebot3_gazebo//models/turtlebot3_waffle/model.config
[16.397s] -- Installing: /workspace/install/turtlebot3_gazebo/share/turtlebot3_gazebo//models/turtlebot3_waffle/model-1_4.sdf
[16.397s] -- Installing: /workspace/install/turtlebot3_gazebo/share/turtlebot3_gazebo//models/turtlebot3_waffle/model.sdf
[16.398s] -- Installing: /workspace/install/turtlebot3_gazebo/share/turtlebot3_gazebo//rviz
[16.398s] -- Installing: /workspace/install/turtlebot3_gazebo/share/turtlebot3_gazebo//rviz/tb3_gazebo.rviz
[16.398s] -- Installing: /workspace/install/turtlebot3_gazebo/share/turtlebot3_gazebo//urdf
[16.398s] -- Installing: /workspace/install/turtlebot3_gazebo/share/turtlebot3_gazebo//urdf/common_properties.urdf
[16.398s] -- Installing: /workspace/install/turtlebot3_gazebo/share/turtlebot3_gazebo//urdf/turtlebot3_burger_cam.urdf
[16.398s] -- Installing: /workspace/install/turtlebot3_gazebo/share/turtlebot3_gazebo//urdf/turtlebot3_waffle_pi.urdf
[16.399s] -- Installing: /workspace/install/turtlebot3_gazebo/share/turtlebot3_gazebo//urdf/turtlebot3_burger.urdf
[16.399s] -- Installing: /workspace/install/turtlebot3_gazebo/share/turtlebot3_gazebo//urdf/turtlebot3_waffle.urdf
[16.399s] -- Installing: /workspace/install/turtlebot3_gazebo/share/turtlebot3_gazebo//worlds
[16.399s] -- Installing: /workspace/install/turtlebot3_gazebo/share/turtlebot3_gazebo//worlds/empty_world.world
[16.399s] -- Installing: /workspace/install/turtlebot3_gazebo/share/turtlebot3_gazebo//worlds/turtlebot3_world.world
[16.400s] -- Installing: /workspace/install/turtlebot3_gazebo/share/turtlebot3_gazebo//worlds/turtlebot3_dqn_stage2.world
[16.400s] -- Installing: /workspace/install/turtlebot3_gazebo/share/turtlebot3_gazebo//worlds/turtlebot3_house.world
[16.400s] -- Installing: /workspace/install/turtlebot3_gazebo/share/turtlebot3_gazebo//worlds/turtlebot3_dqn_stage4.world
[16.400s] -- Installing: /workspace/install/turtlebot3_gazebo/share/turtlebot3_gazebo//worlds/turtlebot3_dqn_stage3.world
[16.400s] -- Installing: /workspace/install/turtlebot3_gazebo/share/turtlebot3_gazebo//worlds/turtlebot3_dqn_stage1.world
[16.401s] -- Installing: /workspace/install/turtlebot3_gazebo/share/turtlebot3_gazebo//worlds/turtlebot3_autorace_2020.world
[16.401s] -- Installing: /workspace/install/turtlebot3_gazebo/include/
[16.401s] -- Installing: /workspace/install/turtlebot3_gazebo/include//turtlebot3_gazebo
[16.401s] -- Installing: /workspace/install/turtlebot3_gazebo/include//turtlebot3_gazebo/obstacle1.hpp
[16.402s] -- Installing: /workspace/install/turtlebot3_gazebo/include//turtlebot3_gazebo/turtlebot3_drive.hpp
[16.402s] -- Installing: /workspace/install/turtlebot3_gazebo/include//turtlebot3_gazebo/obstacle2.hpp
[16.402s] -- Installing: /workspace/install/turtlebot3_gazebo/include//turtlebot3_gazebo/traffic_bar_plugin.hpp
[16.402s] -- Installing: /workspace/install/turtlebot3_gazebo/include//turtlebot3_gazebo/obstacles.hpp
[16.402s] -- Installing: /workspace/install/turtlebot3_gazebo/include//turtlebot3_gazebo/traffic_light_plugin.hpp
[16.402s] -- Installing: /workspace/install/turtlebot3_gazebo/share/ament_index/resource_index/package_run_dependencies/turtlebot3_gazebo
[16.402s] -- Installing: /workspace/install/turtlebot3_gazebo/share/ament_index/resource_index/parent_prefix_path/turtlebot3_gazebo
[16.402s] -- Installing: /workspace/install/turtlebot3_gazebo/share/turtlebot3_gazebo/environment/ament_prefix_path.sh
[16.402s] -- Installing: /workspace/install/turtlebot3_gazebo/share/turtlebot3_gazebo/environment/ament_prefix_path.dsv
[16.402s] -- Installing: /workspace/install/turtlebot3_gazebo/share/turtlebot3_gazebo/environment/path.sh
[16.402s] -- Installing: /workspace/install/turtlebot3_gazebo/share/turtlebot3_gazebo/environment/path.dsv
[16.403s] -- Installing: /workspace/install/turtlebot3_gazebo/share/turtlebot3_gazebo/local_setup.bash
[16.403s] -- Installing: /workspace/install/turtlebot3_gazebo/share/turtlebot3_gazebo/local_setup.sh
[16.403s] -- Installing: /workspace/install/turtlebot3_gazebo/share/turtlebot3_gazebo/local_setup.zsh
[16.403s] -- Installing: /workspace/install/turtlebot3_gazebo/share/turtlebot3_gazebo/local_setup.dsv
[16.403s] -- Installing: /workspace/install/turtlebot3_gazebo/share/turtlebot3_gazebo/package.dsv
[16.403s] -- Installing: /workspace/install/turtlebot3_gazebo/share/ament_index/resource_index/packages/turtlebot3_gazebo
[16.403s] -- Installing: /workspace/install/turtlebot3_gazebo/share/turtlebot3_gazebo/cmake/ament_cmake_export_include_directories-extras.cmake
[16.403s] -- Installing: /workspace/install/turtlebot3_gazebo/share/turtlebot3_gazebo/cmake/ament_cmake_export_dependencies-extras.cmake
[16.403s] -- Installing: /workspace/install/turtlebot3_gazebo/share/turtlebot3_gazebo/cmake/turtlebot3_gazeboConfig.cmake
[16.403s] -- Installing: /workspace/install/turtlebot3_gazebo/share/turtlebot3_gazebo/cmake/turtlebot3_gazeboConfig-version.cmake
[16.403s] -- Installing: /workspace/install/turtlebot3_gazebo/share/turtlebot3_gazebo/package.xml
[16.405s] Invoked command in '/workspace/build/turtlebot3_gazebo' returned '0': CMAKE_PREFIX_PATH=${CMAKE_PREFIX_PATH}:/workspace/ros2_ws/install/turtlebot3_teleop:/workspace/ros2_ws/install/turtlebot3_example:/workspace/ros2_ws/install/maze_pkg:/opt/ros/humble /usr/bin/cmake --install /workspace/build/turtlebot3_gazebo
