[0.018s] Invoking command in '/workspace/ros2_ws/build/interfaz': CMAKE_PREFIX_PATH=${CMAKE_PREFIX_PATH}:/workspace/ros2_ws/install/mi_accion:/workspace/ros2_ws/install/p2pkg:/workspace/ros2_ws/install/primer_paquete:/workspace/ros2_ws/install/servicio_suma:/opt/ros/humble /usr/bin/cmake --build /workspace/ros2_ws/build/interfaz -- -j20 -l20
[0.107s] -- Found ament_cmake: 1.3.13 (/opt/ros/humble/share/ament_cmake/cmake)
[0.295s] -- Found std_msgs: 4.9.1 (/opt/ros/humble/share/std_msgs/cmake)
[0.369s] -- Found rosidl_generator_c: 3.1.8 (/opt/ros/humble/share/rosidl_generator_c/cmake)
[0.374s] -- Found rosidl_adapter: 3.1.8 (/opt/ros/humble/share/rosidl_adapter/cmake)
[0.389s] -- Found rosidl_generator_cpp: 3.1.8 (/opt/ros/humble/share/rosidl_generator_cpp/cmake)
[0.409s] -- Using all available rosidl_typesupport_c: rosidl_typesupport_fastrtps_c;rosidl_typesupport_introspection_c
[0.430s] -- Using all available rosidl_typesupport_cpp: rosidl_typesupport_fastrtps_cpp;rosidl_typesupport_introspection_cpp
[0.466s] -- Found geometry_msgs: 4.9.1 (/opt/ros/humble/share/geometry_msgs/cmake)
[0.488s] -- Found action_msgs: 1.2.2 (/opt/ros/humble/share/action_msgs/cmake)
[0.529s] -- Found rosidl_default_generators: 1.2.0 (/opt/ros/humble/share/rosidl_default_generators/cmake)
[0.703s] [31mCMake Error at /opt/ros/humble/share/rosidl_adapter/cmake/rosidl_adapt_interfaces.cmake:59 (message):
[0.703s]   execute_process(/usr/bin/python3 -m rosidl_adapter --package-name interfaz
[0.703s]   --arguments-file
[0.703s]   /workspace/ros2_ws/build/interfaz/rosidl_adapter__arguments__interfaz.json
[0.703s]   --output-dir /workspace/ros2_ws/build/interfaz/rosidl_adapter/interfaz
[0.703s]   --output-file
[0.704s]   /workspace/ros2_ws/build/interfaz/rosidl_adapter/interfaz.idls) returned
[0.704s]   error code 1:
[0.704s] 
[0.704s]   Traceback (most recent call last):
[0.704s] 
[0.704s]     File "/usr/lib/python3.10/runpy.py", line 196, in _run_module_as_main
[0.704s]       return _run_code(code, main_globals, None,
[0.704s]     File "/usr/lib/python3.10/runpy.py", line 86, in _run_code
[0.704s]       exec(code, run_globals)
[0.704s]     File "/opt/ros/humble/local/lib/python3.10/dist-packages/rosidl_adapter/__main__.py", line 19, in <module>
[0.704s]       sys.exit(main())
[0.704s]     File "/opt/ros/humble/local/lib/python3.10/dist-packages/rosidl_adapter/main.py", line 53, in main
[0.704s]       abs_idl_file = convert_to_idl(
[0.704s]     File "/opt/ros/humble/local/lib/python3.10/dist-packages/rosidl_adapter/__init__.py", line 29, in convert_to_idl
[0.704s]       return convert_action_to_idl(
[0.704s]     File "/opt/ros/humble/local/lib/python3.10/dist-packages/rosidl_adapter/action/__init__.py", line 28, in convert_action_to_idl
[0.704s]       action = parse_action_string(package_name, input_file.stem, content)
[0.704s]     File "/opt/ros/humble/local/lib/python3.10/dist-packages/rosidl_adapter/parser.py", line 902, in parse_action_string
[0.704s]       goal_message = parse_message_string(
[0.704s]     File "/opt/ros/humble/local/lib/python3.10/dist-packages/rosidl_adapter/parser.py", line 544, in parse_message_string
[0.704s]       msg = MessageSpecification(pkg_name, msg_name, fields, constants)
[0.704s]     File "/opt/ros/humble/local/lib/python3.10/dist-packages/rosidl_adapter/parser.py", line 388, in __init__
[0.704s]       self.base_type = BaseType(
[0.704s]     File "/opt/ros/humble/local/lib/python3.10/dist-packages/rosidl_adapter/parser.py", line 205, in __init__
[0.704s]       raise InvalidResourceName(
[0.704s] 
[0.704s]   rosidl_adapter.parser.InvalidResourceName: 'ejFibonacci_Goal' is an invalid
[0.704s]   message name.  It should have the pattern '^[A-Z][A-Za-z0-9]*$'
[0.704s] 
[0.704s] Call Stack (most recent call first):
[0.704s]   /opt/ros/humble/share/rosidl_cmake/cmake/rosidl_generate_interfaces.cmake:130 (rosidl_adapt_interfaces)
[0.705s]   CMakeLists.txt:14 (rosidl_generate_interfaces)
[0.705s] 
[0.705s] [0m
[0.705s] -- Configuring incomplete, errors occurred!
[0.705s] See also "/workspace/ros2_ws/build/interfaz/CMakeFiles/CMakeOutput.log".
[0.712s] gmake: *** [Makefile:1179: cmake_check_build_system] Error 1
[0.716s] Invoked command in '/workspace/ros2_ws/build/interfaz' returned '2': CMAKE_PREFIX_PATH=${CMAKE_PREFIX_PATH}:/workspace/ros2_ws/install/mi_accion:/workspace/ros2_ws/install/p2pkg:/workspace/ros2_ws/install/primer_paquete:/workspace/ros2_ws/install/servicio_suma:/opt/ros/humble /usr/bin/cmake --build /workspace/ros2_ws/build/interfaz -- -j20 -l20
