[0.010s] Invoking command in '/workspace/build/turtlebot3': AMENT_PREFIX_PATH=/workspace/install/turtlebot3_bringup:/workspace/install/turtlebot3_node:/workspace/install/turtlebot3_example:/workspace/install/turtlebot3_teleop:/workspace/install/turtlebot3_navigation2:/workspace/install/turtlebot3_msgs:/workspace/install/turtlebot3_description:/workspace/install/turtlebot3_cartographer:${AMENT_PREFIX_PATH} CMAKE_PREFIX_PATH=/workspace/install/turtlebot3_bringup:/workspace/install/turtlebot3_node:/workspace/install/turtlebot3_navigation2:/workspace/install/turtlebot3_msgs:/workspace/install/turtlebot3_description:/workspace/install/turtlebot3_cartographer:/opt/ros/humble LD_LIBRARY_PATH=/workspace/install/turtlebot3_msgs/lib:${LD_LIBRARY_PATH} PYTHONPATH=/workspace/install/turtlebot3_example/lib/python3.10/site-packages:/workspace/install/turtlebot3_teleop/lib/python3.10/site-packages:/workspace/install/turtlebot3_msgs/local/lib/python3.10/dist-packages:${PYTHONPATH} /usr/bin/cmake --build /workspace/build/turtlebot3 -- -j20 -l20
[0.034s] Invoked command in '/workspace/build/turtlebot3' returned '0': AMENT_PREFIX_PATH=/workspace/install/turtlebot3_bringup:/workspace/install/turtlebot3_node:/workspace/install/turtlebot3_example:/workspace/install/turtlebot3_teleop:/workspace/install/turtlebot3_navigation2:/workspace/install/turtlebot3_msgs:/workspace/install/turtlebot3_description:/workspace/install/turtlebot3_cartographer:${AMENT_PREFIX_PATH} CMAKE_PREFIX_PATH=/workspace/install/turtlebot3_bringup:/workspace/install/turtlebot3_node:/workspace/install/turtlebot3_navigation2:/workspace/install/turtlebot3_msgs:/workspace/install/turtlebot3_description:/workspace/install/turtlebot3_cartographer:/opt/ros/humble LD_LIBRARY_PATH=/workspace/install/turtlebot3_msgs/lib:${LD_LIBRARY_PATH} PYTHONPATH=/workspace/install/turtlebot3_example/lib/python3.10/site-packages:/workspace/install/turtlebot3_teleop/lib/python3.10/site-packages:/workspace/install/turtlebot3_msgs/local/lib/python3.10/dist-packages:${PYTHONPATH} /usr/bin/cmake --build /workspace/build/turtlebot3 -- -j20 -l20
[0.035s] Invoking command in '/workspace/build/turtlebot3': AMENT_PREFIX_PATH=/workspace/install/turtlebot3_bringup:/workspace/install/turtlebot3_node:/workspace/install/turtlebot3_example:/workspace/install/turtlebot3_teleop:/workspace/install/turtlebot3_navigation2:/workspace/install/turtlebot3_msgs:/workspace/install/turtlebot3_description:/workspace/install/turtlebot3_cartographer:${AMENT_PREFIX_PATH} CMAKE_PREFIX_PATH=/workspace/install/turtlebot3_bringup:/workspace/install/turtlebot3_node:/workspace/install/turtlebot3_navigation2:/workspace/install/turtlebot3_msgs:/workspace/install/turtlebot3_description:/workspace/install/turtlebot3_cartographer:/opt/ros/humble LD_LIBRARY_PATH=/workspace/install/turtlebot3_msgs/lib:${LD_LIBRARY_PATH} PYTHONPATH=/workspace/install/turtlebot3_example/lib/python3.10/site-packages:/workspace/install/turtlebot3_teleop/lib/python3.10/site-packages:/workspace/install/turtlebot3_msgs/local/lib/python3.10/dist-packages:${PYTHONPATH} /usr/bin/cmake --install /workspace/build/turtlebot3
[0.039s] -- Install configuration: ""
[0.039s] -- Up-to-date: /workspace/install/turtlebot3/share/ament_index/resource_index/package_run_dependencies/turtlebot3
[0.039s] -- Up-to-date: /workspace/install/turtlebot3/share/ament_index/resource_index/parent_prefix_path/turtlebot3
[0.039s] -- Up-to-date: /workspace/install/turtlebot3/share/turtlebot3/environment/ament_prefix_path.sh
[0.040s] -- Up-to-date: /workspace/install/turtlebot3/share/turtlebot3/environment/ament_prefix_path.dsv
[0.040s] -- Up-to-date: /workspace/install/turtlebot3/share/turtlebot3/environment/path.sh
[0.040s] -- Up-to-date: /workspace/install/turtlebot3/share/turtlebot3/environment/path.dsv
[0.040s] -- Up-to-date: /workspace/install/turtlebot3/share/turtlebot3/local_setup.bash
[0.040s] -- Up-to-date: /workspace/install/turtlebot3/share/turtlebot3/local_setup.sh
[0.040s] -- Up-to-date: /workspace/install/turtlebot3/share/turtlebot3/local_setup.zsh
[0.040s] -- Up-to-date: /workspace/install/turtlebot3/share/turtlebot3/local_setup.dsv
[0.040s] -- Up-to-date: /workspace/install/turtlebot3/share/turtlebot3/package.dsv
[0.040s] -- Up-to-date: /workspace/install/turtlebot3/share/ament_index/resource_index/packages/turtlebot3
[0.040s] -- Up-to-date: /workspace/install/turtlebot3/share/turtlebot3/cmake/turtlebot3Config.cmake
[0.040s] -- Up-to-date: /workspace/install/turtlebot3/share/turtlebot3/cmake/turtlebot3Config-version.cmake
[0.040s] -- Up-to-date: /workspace/install/turtlebot3/share/turtlebot3/package.xml
[0.041s] Invoked command in '/workspace/build/turtlebot3' returned '0': AMENT_PREFIX_PATH=/workspace/install/turtlebot3_bringup:/workspace/install/turtlebot3_node:/workspace/install/turtlebot3_example:/workspace/install/turtlebot3_teleop:/workspace/install/turtlebot3_navigation2:/workspace/install/turtlebot3_msgs:/workspace/install/turtlebot3_description:/workspace/install/turtlebot3_cartographer:${AMENT_PREFIX_PATH} CMAKE_PREFIX_PATH=/workspace/install/turtlebot3_bringup:/workspace/install/turtlebot3_node:/workspace/install/turtlebot3_navigation2:/workspace/install/turtlebot3_msgs:/workspace/install/turtlebot3_description:/workspace/install/turtlebot3_cartographer:/opt/ros/humble LD_LIBRARY_PATH=/workspace/install/turtlebot3_msgs/lib:${LD_LIBRARY_PATH} PYTHONPATH=/workspace/install/turtlebot3_example/lib/python3.10/site-packages:/workspace/install/turtlebot3_teleop/lib/python3.10/site-packages:/workspace/install/turtlebot3_msgs/local/lib/python3.10/dist-packages:${PYTHONPATH} /usr/bin/cmake --install /workspace/build/turtlebot3
