[0.882s] Invoking command in '/workspace/ros2_ws/src/mi_accion': PYTHONPATH=/workspace/ros2_ws/build/mi_accion/prefix_override:/usr/lib/python3/dist-packages/colcon_core/task/python/colcon_distutils_commands:/workspace/ros2_ws/install/mi_accion/lib/python3.10/site-packages:${PYTHONPATH} /usr/bin/python3 -W ignore:setup.py install is deprecated -W ignore:easy_install command is deprecated setup.py egg_info --egg-base ../../build/mi_accion build --build-base /workspace/ros2_ws/build/mi_accion/build install --record /workspace/ros2_ws/build/mi_accion/install.log --single-version-externally-managed install_data
[1.085s] running egg_info
[1.086s] creating ../../build/mi_accion/mi_accion.egg-info
[1.086s] writing ../../build/mi_accion/mi_accion.egg-info/PKG-INFO
[1.086s] writing dependency_links to ../../build/mi_accion/mi_accion.egg-info/dependency_links.txt
[1.086s] writing entry points to ../../build/mi_accion/mi_accion.egg-info/entry_points.txt
[1.086s] writing requirements to ../../build/mi_accion/mi_accion.egg-info/requires.txt
[1.086s] writing top-level names to ../../build/mi_accion/mi_accion.egg-info/top_level.txt
[1.087s] writing manifest file '../../build/mi_accion/mi_accion.egg-info/SOURCES.txt'
[1.087s] reading manifest file '../../build/mi_accion/mi_accion.egg-info/SOURCES.txt'
[1.088s] adding license file 'LICENSE'
[1.088s] writing manifest file '../../build/mi_accion/mi_accion.egg-info/SOURCES.txt'
[1.088s] running build
[1.088s] running build_py
[1.088s] creating /workspace/ros2_ws/build/mi_accion/build
[1.088s] creating /workspace/ros2_ws/build/mi_accion/build/lib
[1.088s] creating /workspace/ros2_ws/build/mi_accion/build/lib/mi_accion
[1.089s] copying mi_accion/fibonacci_action_server.py -> /workspace/ros2_ws/build/mi_accion/build/lib/mi_accion
[1.089s] copying mi_accion/__init__.py -> /workspace/ros2_ws/build/mi_accion/build/lib/mi_accion
[1.089s] copying mi_accion/fibonacci_action_client.py -> /workspace/ros2_ws/build/mi_accion/build/lib/mi_accion
[1.089s] running install
[1.089s] running install_lib
[1.089s] creating /workspace/ros2_ws/install/mi_accion/lib/python3.10/site-packages/mi_accion
[1.090s] copying /workspace/ros2_ws/build/mi_accion/build/lib/mi_accion/fibonacci_action_server.py -> /workspace/ros2_ws/install/mi_accion/lib/python3.10/site-packages/mi_accion
[1.090s] copying /workspace/ros2_ws/build/mi_accion/build/lib/mi_accion/__init__.py -> /workspace/ros2_ws/install/mi_accion/lib/python3.10/site-packages/mi_accion
[1.090s] copying /workspace/ros2_ws/build/mi_accion/build/lib/mi_accion/fibonacci_action_client.py -> /workspace/ros2_ws/install/mi_accion/lib/python3.10/site-packages/mi_accion
[1.090s] byte-compiling /workspace/ros2_ws/install/mi_accion/lib/python3.10/site-packages/mi_accion/fibonacci_action_server.py to fibonacci_action_server.cpython-310.pyc
[1.091s] byte-compiling /workspace/ros2_ws/install/mi_accion/lib/python3.10/site-packages/mi_accion/__init__.py to __init__.cpython-310.pyc
[1.091s] byte-compiling /workspace/ros2_ws/install/mi_accion/lib/python3.10/site-packages/mi_accion/fibonacci_action_client.py to fibonacci_action_client.cpython-310.pyc
[1.091s] running install_data
[1.091s] creating /workspace/ros2_ws/install/mi_accion/share/ament_index
[1.091s] creating /workspace/ros2_ws/install/mi_accion/share/ament_index/resource_index
[1.091s] creating /workspace/ros2_ws/install/mi_accion/share/ament_index/resource_index/packages
[1.091s] copying resource/mi_accion -> /workspace/ros2_ws/install/mi_accion/share/ament_index/resource_index/packages
[1.091s] copying package.xml -> /workspace/ros2_ws/install/mi_accion/share/mi_accion
[1.092s] running install_egg_info
[1.093s] Copying ../../build/mi_accion/mi_accion.egg-info to /workspace/ros2_ws/install/mi_accion/lib/python3.10/site-packages/mi_accion-0.0.0-py3.10.egg-info
[1.093s] running install_scripts
[1.110s] Installing client script to /workspace/ros2_ws/install/mi_accion/lib/mi_accion
[1.110s] Installing server script to /workspace/ros2_ws/install/mi_accion/lib/mi_accion
[1.111s] writing list of installed files to '/workspace/ros2_ws/build/mi_accion/install.log'
[1.129s] Invoked command in '/workspace/ros2_ws/src/mi_accion' returned '0': PYTHONPATH=/workspace/ros2_ws/build/mi_accion/prefix_override:/usr/lib/python3/dist-packages/colcon_core/task/python/colcon_distutils_commands:/workspace/ros2_ws/install/mi_accion/lib/python3.10/site-packages:${PYTHONPATH} /usr/bin/python3 -W ignore:setup.py install is deprecated -W ignore:easy_install command is deprecated setup.py egg_info --egg-base ../../build/mi_accion build --build-base /workspace/ros2_ws/build/mi_accion/build install --record /workspace/ros2_ws/build/mi_accion/install.log --single-version-externally-managed install_data
