[0.113s] DEBUG:colcon:Command line arguments: ['/usr/bin/colcon', 'build', '--packages-select', 'battery_act']
[0.113s] DEBUG:colcon:Parsed command line arguments: Namespace(log_base=None, log_level=None, verb_name='build', build_base='build', install_base='install', merge_install=False, symlink_install=False, test_result_base=None, continue_on_error=False, executor='parallel', parallel_workers=20, event_handlers=None, ignore_user_meta=False, metas=['./colcon.meta'], base_paths=['.'], packages_ignore=None, packages_ignore_regex=None, paths=None, packages_up_to=None, packages_up_to_regex=None, packages_above=None, packages_above_and_dependencies=None, packages_above_depth=None, packages_select_by_dep=None, packages_skip_by_dep=None, packages_skip_up_to=None, packages_select_build_failed=False, packages_skip_build_finished=False, packages_select_test_failures=False, packages_skip_test_passed=False, packages_select=['battery_act'], packages_skip=None, packages_select_regex=None, packages_skip_regex=None, packages_start=None, packages_end=None, allow_overriding=[], cmake_args=None, cmake_target=None, cmake_target_skip_unavailable=False, cmake_clean_cache=False, cmake_clean_first=False, cmake_force_configure=False, ament_cmake_args=None, catkin_cmake_args=None, catkin_skip_building_tests=False, mixin_files=None, mixin=None, verb_parser=<colcon_mixin.mixin.mixin_argument.MixinArgumentDecorator object at 0x7f0571ffa9b0>, verb_extension=<colcon_core.verb.build.BuildVerb object at 0x7f0571ffa380>, main=<bound method BuildVerb.main of <colcon_core.verb.build.BuildVerb object at 0x7f0571ffa380>>, mixin_verb=('build',))
[0.248s] Level 1:colcon.colcon_core.package_discovery:discover_packages(colcon_meta) check parameters
[0.248s] Level 1:colcon.colcon_core.package_discovery:discover_packages(recursive) check parameters
[0.248s] Level 1:colcon.colcon_core.package_discovery:discover_packages(ignore) check parameters
[0.248s] Level 1:colcon.colcon_core.package_discovery:discover_packages(path) check parameters
[0.248s] Level 1:colcon.colcon_core.package_discovery:discover_packages(colcon_meta) discover
[0.248s] Level 1:colcon.colcon_core.package_discovery:discover_packages(recursive) discover
[0.248s] INFO:colcon.colcon_core.package_discovery:Crawling recursively for packages in '/workspace/ros2_ws/src'
[0.248s] Level 1:colcon.colcon_core.package_identification:_identify(.) by extensions ['ignore', 'ignore_ament_install']
[0.248s] Level 1:colcon.colcon_core.package_identification:_identify(.) by extension 'ignore'
[0.248s] Level 1:colcon.colcon_core.package_identification:_identify(.) by extension 'ignore_ament_install'
[0.248s] Level 1:colcon.colcon_core.package_identification:_identify(.) by extensions ['colcon_pkg']
[0.248s] Level 1:colcon.colcon_core.package_identification:_identify(.) by extension 'colcon_pkg'
[0.248s] Level 1:colcon.colcon_core.package_identification:_identify(.) by extensions ['colcon_meta']
[0.248s] Level 1:colcon.colcon_core.package_identification:_identify(.) by extension 'colcon_meta'
[0.248s] Level 1:colcon.colcon_core.package_identification:_identify(.) by extensions ['ros']
[0.248s] Level 1:colcon.colcon_core.package_identification:_identify(.) by extension 'ros'
[0.255s] Level 1:colcon.colcon_core.package_identification:_identify(.) by extensions ['cmake', 'python']
[0.255s] Level 1:colcon.colcon_core.package_identification:_identify(.) by extension 'cmake'
[0.255s] Level 1:colcon.colcon_core.package_identification:_identify(.) by extension 'python'
[0.255s] Level 1:colcon.colcon_core.package_identification:_identify(.) by extensions ['python_setup_py']
[0.255s] Level 1:colcon.colcon_core.package_identification:_identify(.) by extension 'python_setup_py'
[0.256s] Level 1:colcon.colcon_core.package_identification:_identify(battery_act) by extensions ['ignore', 'ignore_ament_install']
[0.256s] Level 1:colcon.colcon_core.package_identification:_identify(battery_act) by extension 'ignore'
[0.256s] Level 1:colcon.colcon_core.package_identification:_identify(battery_act) by extension 'ignore_ament_install'
[0.256s] Level 1:colcon.colcon_core.package_identification:_identify(battery_act) by extensions ['colcon_pkg']
[0.256s] Level 1:colcon.colcon_core.package_identification:_identify(battery_act) by extension 'colcon_pkg'
[0.256s] Level 1:colcon.colcon_core.package_identification:_identify(battery_act) by extensions ['colcon_meta']
[0.256s] Level 1:colcon.colcon_core.package_identification:_identify(battery_act) by extension 'colcon_meta'
[0.256s] Level 1:colcon.colcon_core.package_identification:_identify(battery_act) by extensions ['ros']
[0.256s] Level 1:colcon.colcon_core.package_identification:_identify(battery_act) by extension 'ros'
[0.258s] DEBUG:colcon.colcon_core.package_identification:Package 'battery_act' with type 'ros.ament_python' and name 'battery_act'
[0.258s] Level 1:colcon.colcon_core.package_identification:_identify(build) by extensions ['ignore', 'ignore_ament_install']
[0.258s] Level 1:colcon.colcon_core.package_identification:_identify(build) by extension 'ignore'
[0.258s] Level 1:colcon.colcon_core.package_identification:_identify(build) ignored
[0.258s] Level 1:colcon.colcon_core.package_identification:_identify(install) by extensions ['ignore', 'ignore_ament_install']
[0.258s] Level 1:colcon.colcon_core.package_identification:_identify(install) by extension 'ignore'
[0.258s] Level 1:colcon.colcon_core.package_identification:_identify(install) ignored
[0.258s] Level 1:colcon.colcon_core.package_identification:_identify(interfaz) by extensions ['ignore', 'ignore_ament_install']
[0.258s] Level 1:colcon.colcon_core.package_identification:_identify(interfaz) by extension 'ignore'
[0.258s] Level 1:colcon.colcon_core.package_identification:_identify(interfaz) by extension 'ignore_ament_install'
[0.258s] Level 1:colcon.colcon_core.package_identification:_identify(interfaz) by extensions ['colcon_pkg']
[0.258s] Level 1:colcon.colcon_core.package_identification:_identify(interfaz) by extension 'colcon_pkg'
[0.258s] Level 1:colcon.colcon_core.package_identification:_identify(interfaz) by extensions ['colcon_meta']
[0.258s] Level 1:colcon.colcon_core.package_identification:_identify(interfaz) by extension 'colcon_meta'
[0.258s] Level 1:colcon.colcon_core.package_identification:_identify(interfaz) by extensions ['ros']
[0.258s] Level 1:colcon.colcon_core.package_identification:_identify(interfaz) by extension 'ros'
[0.259s] DEBUG:colcon.colcon_core.package_identification:Package 'interfaz' with type 'ros.ament_cmake' and name 'interfaz'
[0.259s] Level 1:colcon.colcon_core.package_identification:_identify(interfaz_servicio_suma) by extensions ['ignore', 'ignore_ament_install']
[0.259s] Level 1:colcon.colcon_core.package_identification:_identify(interfaz_servicio_suma) by extension 'ignore'
[0.259s] Level 1:colcon.colcon_core.package_identification:_identify(interfaz_servicio_suma) by extension 'ignore_ament_install'
[0.259s] Level 1:colcon.colcon_core.package_identification:_identify(interfaz_servicio_suma) by extensions ['colcon_pkg']
[0.259s] Level 1:colcon.colcon_core.package_identification:_identify(interfaz_servicio_suma) by extension 'colcon_pkg'
[0.259s] Level 1:colcon.colcon_core.package_identification:_identify(interfaz_servicio_suma) by extensions ['colcon_meta']
[0.259s] Level 1:colcon.colcon_core.package_identification:_identify(interfaz_servicio_suma) by extension 'colcon_meta'
[0.259s] Level 1:colcon.colcon_core.package_identification:_identify(interfaz_servicio_suma) by extensions ['ros']
[0.259s] Level 1:colcon.colcon_core.package_identification:_identify(interfaz_servicio_suma) by extension 'ros'
[0.260s] DEBUG:colcon.colcon_core.package_identification:Package 'interfaz_servicio_suma' with type 'ros.ament_cmake' and name 'interfaz_servicio_suma'
[0.260s] Level 1:colcon.colcon_core.package_identification:_identify(interfaz_temp) by extensions ['ignore', 'ignore_ament_install']
[0.260s] Level 1:colcon.colcon_core.package_identification:_identify(interfaz_temp) by extension 'ignore'
[0.260s] Level 1:colcon.colcon_core.package_identification:_identify(interfaz_temp) by extension 'ignore_ament_install'
[0.260s] Level 1:colcon.colcon_core.package_identification:_identify(interfaz_temp) by extensions ['colcon_pkg']
[0.260s] Level 1:colcon.colcon_core.package_identification:_identify(interfaz_temp) by extension 'colcon_pkg'
[0.260s] Level 1:colcon.colcon_core.package_identification:_identify(interfaz_temp) by extensions ['colcon_meta']
[0.260s] Level 1:colcon.colcon_core.package_identification:_identify(interfaz_temp) by extension 'colcon_meta'
[0.260s] Level 1:colcon.colcon_core.package_identification:_identify(interfaz_temp) by extensions ['ros']
[0.260s] Level 1:colcon.colcon_core.package_identification:_identify(interfaz_temp) by extension 'ros'
[0.260s] DEBUG:colcon.colcon_core.package_identification:Package 'interfaz_temp' with type 'ros.ament_cmake' and name 'interfaz_temp'
[0.260s] Level 1:colcon.colcon_core.package_identification:_identify(log) by extensions ['ignore', 'ignore_ament_install']
[0.260s] Level 1:colcon.colcon_core.package_identification:_identify(log) by extension 'ignore'
[0.260s] Level 1:colcon.colcon_core.package_identification:_identify(log) ignored
[0.260s] Level 1:colcon.colcon_core.package_identification:_identify(mi_accion) by extensions ['ignore', 'ignore_ament_install']
[0.260s] Level 1:colcon.colcon_core.package_identification:_identify(mi_accion) by extension 'ignore'
[0.260s] Level 1:colcon.colcon_core.package_identification:_identify(mi_accion) by extension 'ignore_ament_install'
[0.260s] Level 1:colcon.colcon_core.package_identification:_identify(mi_accion) by extensions ['colcon_pkg']
[0.260s] Level 1:colcon.colcon_core.package_identification:_identify(mi_accion) by extension 'colcon_pkg'
[0.260s] Level 1:colcon.colcon_core.package_identification:_identify(mi_accion) by extensions ['colcon_meta']
[0.260s] Level 1:colcon.colcon_core.package_identification:_identify(mi_accion) by extension 'colcon_meta'
[0.260s] Level 1:colcon.colcon_core.package_identification:_identify(mi_accion) by extensions ['ros']
[0.260s] Level 1:colcon.colcon_core.package_identification:_identify(mi_accion) by extension 'ros'
[0.261s] DEBUG:colcon.colcon_core.package_identification:Package 'mi_accion' with type 'ros.ament_python' and name 'mi_accion'
[0.261s] Level 1:colcon.colcon_core.package_identification:_identify(p2pkg) by extensions ['ignore', 'ignore_ament_install']
[0.261s] Level 1:colcon.colcon_core.package_identification:_identify(p2pkg) by extension 'ignore'
[0.261s] Level 1:colcon.colcon_core.package_identification:_identify(p2pkg) by extension 'ignore_ament_install'
[0.261s] Level 1:colcon.colcon_core.package_identification:_identify(p2pkg) by extensions ['colcon_pkg']
[0.261s] Level 1:colcon.colcon_core.package_identification:_identify(p2pkg) by extension 'colcon_pkg'
[0.261s] Level 1:colcon.colcon_core.package_identification:_identify(p2pkg) by extensions ['colcon_meta']
[0.261s] Level 1:colcon.colcon_core.package_identification:_identify(p2pkg) by extension 'colcon_meta'
[0.261s] Level 1:colcon.colcon_core.package_identification:_identify(p2pkg) by extensions ['ros']
[0.261s] Level 1:colcon.colcon_core.package_identification:_identify(p2pkg) by extension 'ros'
[0.262s] DEBUG:colcon.colcon_core.package_identification:Package 'p2pkg' with type 'ros.ament_python' and name 'p2pkg'
[0.262s] Level 1:colcon.colcon_core.package_identification:_identify(parte2) by extensions ['ignore', 'ignore_ament_install']
[0.262s] Level 1:colcon.colcon_core.package_identification:_identify(parte2) by extension 'ignore'
[0.262s] Level 1:colcon.colcon_core.package_identification:_identify(parte2) by extension 'ignore_ament_install'
[0.262s] Level 1:colcon.colcon_core.package_identification:_identify(parte2) by extensions ['colcon_pkg']
[0.262s] Level 1:colcon.colcon_core.package_identification:_identify(parte2) by extension 'colcon_pkg'
[0.262s] Level 1:colcon.colcon_core.package_identification:_identify(parte2) by extensions ['colcon_meta']
[0.262s] Level 1:colcon.colcon_core.package_identification:_identify(parte2) by extension 'colcon_meta'
[0.262s] Level 1:colcon.colcon_core.package_identification:_identify(parte2) by extensions ['ros']
[0.262s] Level 1:colcon.colcon_core.package_identification:_identify(parte2) by extension 'ros'
[0.262s] DEBUG:colcon.colcon_core.package_identification:Package 'parte2' with type 'ros.ament_cmake' and name 'parte2'
[0.262s] Level 1:colcon.colcon_core.package_identification:_identify(primer_paquete) by extensions ['ignore', 'ignore_ament_install']
[0.262s] Level 1:colcon.colcon_core.package_identification:_identify(primer_paquete) by extension 'ignore'
[0.262s] Level 1:colcon.colcon_core.package_identification:_identify(primer_paquete) by extension 'ignore_ament_install'
[0.262s] Level 1:colcon.colcon_core.package_identification:_identify(primer_paquete) by extensions ['colcon_pkg']
[0.262s] Level 1:colcon.colcon_core.package_identification:_identify(primer_paquete) by extension 'colcon_pkg'
[0.262s] Level 1:colcon.colcon_core.package_identification:_identify(primer_paquete) by extensions ['colcon_meta']
[0.262s] Level 1:colcon.colcon_core.package_identification:_identify(primer_paquete) by extension 'colcon_meta'
[0.262s] Level 1:colcon.colcon_core.package_identification:_identify(primer_paquete) by extensions ['ros']
[0.262s] Level 1:colcon.colcon_core.package_identification:_identify(primer_paquete) by extension 'ros'
[0.263s] DEBUG:colcon.colcon_core.package_identification:Package 'primer_paquete' with type 'ros.ament_python' and name 'primer_paquete'
[0.263s] Level 1:colcon.colcon_core.package_identification:_identify(service_temp) by extensions ['ignore', 'ignore_ament_install']
[0.263s] Level 1:colcon.colcon_core.package_identification:_identify(service_temp) by extension 'ignore'
[0.263s] Level 1:colcon.colcon_core.package_identification:_identify(service_temp) by extension 'ignore_ament_install'
[0.263s] Level 1:colcon.colcon_core.package_identification:_identify(service_temp) by extensions ['colcon_pkg']
[0.263s] Level 1:colcon.colcon_core.package_identification:_identify(service_temp) by extension 'colcon_pkg'
[0.263s] Level 1:colcon.colcon_core.package_identification:_identify(service_temp) by extensions ['colcon_meta']
[0.263s] Level 1:colcon.colcon_core.package_identification:_identify(service_temp) by extension 'colcon_meta'
[0.263s] Level 1:colcon.colcon_core.package_identification:_identify(service_temp) by extensions ['ros']
[0.263s] Level 1:colcon.colcon_core.package_identification:_identify(service_temp) by extension 'ros'
[0.263s] DEBUG:colcon.colcon_core.package_identification:Package 'service_temp' with type 'ros.ament_python' and name 'service_temp'
[0.264s] Level 1:colcon.colcon_core.package_identification:_identify(servicio_suma) by extensions ['ignore', 'ignore_ament_install']
[0.264s] Level 1:colcon.colcon_core.package_identification:_identify(servicio_suma) by extension 'ignore'
[0.264s] Level 1:colcon.colcon_core.package_identification:_identify(servicio_suma) by extension 'ignore_ament_install'
[0.264s] Level 1:colcon.colcon_core.package_identification:_identify(servicio_suma) by extensions ['colcon_pkg']
[0.264s] Level 1:colcon.colcon_core.package_identification:_identify(servicio_suma) by extension 'colcon_pkg'
[0.264s] Level 1:colcon.colcon_core.package_identification:_identify(servicio_suma) by extensions ['colcon_meta']
[0.264s] Level 1:colcon.colcon_core.package_identification:_identify(servicio_suma) by extension 'colcon_meta'
[0.264s] Level 1:colcon.colcon_core.package_identification:_identify(servicio_suma) by extensions ['ros']
[0.264s] Level 1:colcon.colcon_core.package_identification:_identify(servicio_suma) by extension 'ros'
[0.264s] DEBUG:colcon.colcon_core.package_identification:Package 'servicio_suma' with type 'ros.ament_python' and name 'servicio_suma'
[0.264s] Level 1:colcon.colcon_core.package_discovery:discover_packages(recursive) using defaults
[0.264s] Level 1:colcon.colcon_core.package_discovery:discover_packages(ignore) discover
[0.264s] Level 1:colcon.colcon_core.package_discovery:discover_packages(ignore) using defaults
[0.264s] Level 1:colcon.colcon_core.package_discovery:discover_packages(path) discover
[0.264s] Level 1:colcon.colcon_core.package_discovery:discover_packages(path) using defaults
[0.286s] INFO:colcon.colcon_core.package_selection:Skipping not selected package 'interfaz' in 'interfaz'
[0.286s] INFO:colcon.colcon_core.package_selection:Skipping not selected package 'interfaz_servicio_suma' in 'interfaz_servicio_suma'
[0.286s] INFO:colcon.colcon_core.package_selection:Skipping not selected package 'interfaz_temp' in 'interfaz_temp'
[0.287s] INFO:colcon.colcon_core.package_selection:Skipping not selected package 'parte2' in 'parte2'
[0.287s] INFO:colcon.colcon_core.package_selection:Skipping not selected package 'servicio_suma' in 'servicio_suma'
[0.287s] INFO:colcon.colcon_core.package_selection:Skipping not selected package 'mi_accion' in 'mi_accion'
[0.287s] INFO:colcon.colcon_core.package_selection:Skipping not selected package 'p2pkg' in 'p2pkg'
[0.287s] INFO:colcon.colcon_core.package_selection:Skipping not selected package 'primer_paquete' in 'primer_paquete'
[0.287s] INFO:colcon.colcon_core.package_selection:Skipping not selected package 'service_temp' in 'service_temp'
[0.287s] Level 1:colcon.colcon_core.package_discovery:discover_packages(prefix_path) check parameters
[0.287s] Level 1:colcon.colcon_core.package_discovery:discover_packages(prefix_path) discover
[0.288s] DEBUG:colcon.colcon_installed_package_information.package_discovery:Found 9 installed packages in /workspace/ros2_ws/install
[0.289s] DEBUG:colcon.colcon_installed_package_information.package_discovery:Found 386 installed packages in /opt/ros/humble
[0.290s] Level 1:colcon.colcon_core.package_discovery:discover_packages(prefix_path) using defaults
[0.318s] Level 5:colcon.colcon_core.verb:set package 'battery_act' build argument 'cmake_args' from command line to 'None'
[0.318s] Level 5:colcon.colcon_core.verb:set package 'battery_act' build argument 'cmake_target' from command line to 'None'
[0.318s] Level 5:colcon.colcon_core.verb:set package 'battery_act' build argument 'cmake_target_skip_unavailable' from command line to 'False'
[0.318s] Level 5:colcon.colcon_core.verb:set package 'battery_act' build argument 'cmake_clean_cache' from command line to 'False'
[0.318s] Level 5:colcon.colcon_core.verb:set package 'battery_act' build argument 'cmake_clean_first' from command line to 'False'
[0.318s] Level 5:colcon.colcon_core.verb:set package 'battery_act' build argument 'cmake_force_configure' from command line to 'False'
[0.318s] Level 5:colcon.colcon_core.verb:set package 'battery_act' build argument 'ament_cmake_args' from command line to 'None'
[0.318s] Level 5:colcon.colcon_core.verb:set package 'battery_act' build argument 'catkin_cmake_args' from command line to 'None'
[0.318s] Level 5:colcon.colcon_core.verb:set package 'battery_act' build argument 'catkin_skip_building_tests' from command line to 'False'
[0.318s] DEBUG:colcon.colcon_core.verb:Building package 'battery_act' with the following arguments: {'ament_cmake_args': None, 'build_base': '/workspace/ros2_ws/src/build/battery_act', 'catkin_cmake_args': None, 'catkin_skip_building_tests': False, 'cmake_args': None, 'cmake_clean_cache': False, 'cmake_clean_first': False, 'cmake_force_configure': False, 'cmake_target': None, 'cmake_target_skip_unavailable': False, 'install_base': '/workspace/ros2_ws/src/install/battery_act', 'merge_install': False, 'path': '/workspace/ros2_ws/src/battery_act', 'symlink_install': False, 'test_result_base': None}
[0.319s] INFO:colcon.colcon_core.executor:Executing jobs using 'parallel' executor
[0.320s] DEBUG:colcon.colcon_parallel_executor.executor.parallel:run_until_complete
[0.320s] INFO:colcon.colcon_ros.task.ament_python.build:Building ROS package in '/workspace/ros2_ws/src/battery_act' with build type 'ament_python'
[0.320s] Level 1:colcon.colcon_core.shell:create_environment_hook('battery_act', 'ament_prefix_path')
[0.322s] INFO:colcon.colcon_core.plugin_system:Skipping extension 'colcon_core.shell.bat': Not used on non-Windows systems
[0.323s] INFO:colcon.colcon_core.shell:Creating environment hook '/workspace/ros2_ws/src/install/battery_act/share/battery_act/hook/ament_prefix_path.ps1'
[0.324s] INFO:colcon.colcon_core.shell:Creating environment descriptor '/workspace/ros2_ws/src/install/battery_act/share/battery_act/hook/ament_prefix_path.dsv'
[0.324s] INFO:colcon.colcon_core.shell:Creating environment hook '/workspace/ros2_ws/src/install/battery_act/share/battery_act/hook/ament_prefix_path.sh'
[0.324s] INFO:colcon.colcon_core.shell:Skip shell extension 'powershell' for command environment: Not usable outside of PowerShell
[0.324s] DEBUG:colcon.colcon_core.shell:Skip shell extension 'dsv' for command environment
[0.494s] INFO:colcon.colcon_core.task.python.build:Building Python package in '/workspace/ros2_ws/src/battery_act'
[0.494s] INFO:colcon.colcon_core.shell:Skip shell extension 'powershell' for command environment: Not usable outside of PowerShell
[0.494s] DEBUG:colcon.colcon_core.shell:Skip shell extension 'dsv' for command environment
[0.840s] DEBUG:colcon.colcon_core.event_handler.log_command:Invoking command in '/workspace/ros2_ws/src/battery_act': AMENT_PREFIX_PATH=/workspace/ros2_ws/src/install/interfaz:${AMENT_PREFIX_PATH} CMAKE_PREFIX_PATH=/workspace/ros2_ws/src/install/interfaz:${CMAKE_PREFIX_PATH} PYTHONPATH=/workspace/ros2_ws/src/build/battery_act/prefix_override:/usr/lib/python3/dist-packages/colcon_core/task/python/colcon_distutils_commands:/workspace/ros2_ws/src/install/battery_act/lib/python3.10/site-packages:${PYTHONPATH} /usr/bin/python3 -W ignore:setup.py install is deprecated -W ignore:easy_install command is deprecated setup.py egg_info --egg-base ../build/battery_act build --build-base /workspace/ros2_ws/src/build/battery_act/build install --record /workspace/ros2_ws/src/build/battery_act/install.log --single-version-externally-managed install_data
[1.147s] DEBUG:colcon.colcon_core.event_handler.log_command:Invoked command in '/workspace/ros2_ws/src/battery_act' returned '0': AMENT_PREFIX_PATH=/workspace/ros2_ws/src/install/interfaz:${AMENT_PREFIX_PATH} CMAKE_PREFIX_PATH=/workspace/ros2_ws/src/install/interfaz:${CMAKE_PREFIX_PATH} PYTHONPATH=/workspace/ros2_ws/src/build/battery_act/prefix_override:/usr/lib/python3/dist-packages/colcon_core/task/python/colcon_distutils_commands:/workspace/ros2_ws/src/install/battery_act/lib/python3.10/site-packages:${PYTHONPATH} /usr/bin/python3 -W ignore:setup.py install is deprecated -W ignore:easy_install command is deprecated setup.py egg_info --egg-base ../build/battery_act build --build-base /workspace/ros2_ws/src/build/battery_act/build install --record /workspace/ros2_ws/src/build/battery_act/install.log --single-version-externally-managed install_data
[1.149s] Level 1:colcon.colcon_core.environment:checking '/workspace/ros2_ws/src/install/battery_act' for CMake module files
[1.149s] Level 1:colcon.colcon_core.environment:checking '/workspace/ros2_ws/src/install/battery_act' for CMake config files
[1.150s] Level 1:colcon.colcon_core.environment:checking '/workspace/ros2_ws/src/install/battery_act/lib'
[1.150s] Level 1:colcon.colcon_core.environment:checking '/workspace/ros2_ws/src/install/battery_act/bin'
[1.150s] Level 1:colcon.colcon_core.environment:checking '/workspace/ros2_ws/src/install/battery_act/lib/pkgconfig/battery_act.pc'
[1.150s] Level 1:colcon.colcon_core.environment:checking '/workspace/ros2_ws/src/install/battery_act/lib/python3.10/site-packages'
[1.150s] Level 1:colcon.colcon_core.shell:create_environment_hook('battery_act', 'pythonpath')
[1.151s] INFO:colcon.colcon_core.shell:Creating environment hook '/workspace/ros2_ws/src/install/battery_act/share/battery_act/hook/pythonpath.ps1'
[1.151s] INFO:colcon.colcon_core.shell:Creating environment descriptor '/workspace/ros2_ws/src/install/battery_act/share/battery_act/hook/pythonpath.dsv'
[1.151s] INFO:colcon.colcon_core.shell:Creating environment hook '/workspace/ros2_ws/src/install/battery_act/share/battery_act/hook/pythonpath.sh'
[1.152s] Level 1:colcon.colcon_core.environment:checking '/workspace/ros2_ws/src/install/battery_act/bin'
[1.152s] Level 1:colcon.colcon_core.environment:create_environment_scripts_only(battery_act)
[1.152s] INFO:colcon.colcon_core.shell:Creating package script '/workspace/ros2_ws/src/install/battery_act/share/battery_act/package.ps1'
[1.153s] INFO:colcon.colcon_core.shell:Creating package descriptor '/workspace/ros2_ws/src/install/battery_act/share/battery_act/package.dsv'
[1.153s] INFO:colcon.colcon_core.shell:Creating package script '/workspace/ros2_ws/src/install/battery_act/share/battery_act/package.sh'
[1.154s] INFO:colcon.colcon_core.shell:Creating package script '/workspace/ros2_ws/src/install/battery_act/share/battery_act/package.bash'
[1.155s] INFO:colcon.colcon_core.shell:Creating package script '/workspace/ros2_ws/src/install/battery_act/share/battery_act/package.zsh'
[1.156s] Level 1:colcon.colcon_core.environment:create_file_with_runtime_dependencies(/workspace/ros2_ws/src/install/battery_act/share/colcon-core/packages/battery_act)
[1.156s] DEBUG:colcon.colcon_parallel_executor.executor.parallel:closing loop
[1.157s] DEBUG:colcon.colcon_parallel_executor.executor.parallel:loop closed
[1.157s] DEBUG:colcon.colcon_parallel_executor.executor.parallel:run_until_complete finished with '0'
[1.157s] DEBUG:colcon.colcon_core.event_reactor:joining thread
[1.164s] INFO:colcon.colcon_core.plugin_system:Skipping extension 'colcon_notification.desktop_notification.notify_send': Could not find 'notify-send'
[1.164s] INFO:colcon.colcon_core.plugin_system:Skipping extension 'colcon_notification.desktop_notification.terminal_notifier': Not used on non-Darwin systems
[1.164s] INFO:colcon.colcon_core.plugin_system:Skipping extension 'colcon_notification.desktop_notification.win32': Not used on non-Windows systems
[1.164s] INFO:colcon.colcon_notification.desktop_notification:Sending desktop notification using 'notify2'
[1.166s] DEBUG:colcon.colcon_notification.desktop_notification.notify2:Failed to initialize notify2: org.freedesktop.DBus.Error.Spawn.ExecFailed: /usr/bin/dbus-launch terminated abnormally without any error message
[1.167s] DEBUG:colcon.colcon_core.event_reactor:joined thread
[1.167s] INFO:colcon.colcon_core.shell:Creating prefix script '/workspace/ros2_ws/src/install/local_setup.ps1'
[1.169s] INFO:colcon.colcon_core.shell:Creating prefix util module '/workspace/ros2_ws/src/install/_local_setup_util_ps1.py'
[1.170s] INFO:colcon.colcon_core.shell:Creating prefix chain script '/workspace/ros2_ws/src/install/setup.ps1'
[1.171s] INFO:colcon.colcon_core.shell:Creating prefix script '/workspace/ros2_ws/src/install/local_setup.sh'
[1.172s] INFO:colcon.colcon_core.shell:Creating prefix util module '/workspace/ros2_ws/src/install/_local_setup_util_sh.py'
[1.172s] INFO:colcon.colcon_core.shell:Creating prefix chain script '/workspace/ros2_ws/src/install/setup.sh'
[1.173s] INFO:colcon.colcon_core.shell:Creating prefix script '/workspace/ros2_ws/src/install/local_setup.bash'
[1.174s] INFO:colcon.colcon_core.shell:Creating prefix chain script '/workspace/ros2_ws/src/install/setup.bash'
[1.175s] INFO:colcon.colcon_core.shell:Creating prefix script '/workspace/ros2_ws/src/install/local_setup.zsh'
[1.175s] INFO:colcon.colcon_core.shell:Creating prefix chain script '/workspace/ros2_ws/src/install/setup.zsh'
