[9.713s] Invoking command in '/workspace/ros2_ws/build/turtlebot3_fake_node': CMAKE_PREFIX_PATH=/workspace/ros2_ws/install/turtlebot3_msgs:/workspace/ros2_ws/install/turtlebot3:/workspace/ros2_ws/install/turtlebot3_simulations:/workspace/ros2_ws/install/turtlebot3_bringup:/workspace/ros2_ws/install/turtlebot3_node:/workspace/ros2_ws/install/turtlebot3_navigation2:/workspace/ros2_ws/install/turtlebot3_fake_node:/workspace/ros2_ws/install/turtlebot3_manipulation_gazebo:/workspace/ros2_ws/install/turtlebot3_gazebo:/workspace/ros2_ws/install/turtlebot3_description:/workspace/ros2_ws/install/turtlebot3_cartographer:/workspace/ros2_ws/install/turtlebot3_teleop:/workspace/ros2_ws/install/turtlebot3_example:/workspace/ros2_ws/install/maze_pkg:/opt/ros/humble /usr/bin/cmake /workspace/ros2_ws/src/turtlebot3_simulations/turtlebot3_fake_node -DAMENT_CMAKE_SYMLINK_INSTALL=1 -DCMAKE_INSTALL_PREFIX=/workspace/ros2_ws/install/turtlebot3_fake_node
[11.863s] -- The C compiler identification is GNU 11.4.0
[13.965s] -- The CXX compiler identification is GNU 11.4.0
[14.440s] -- Detecting C compiler ABI info
[16.103s] -- Detecting C compiler ABI info - done
[16.198s] -- Check for working C compiler: /usr/bin/cc - skipped
[16.198s] -- Detecting C compile features
[16.199s] -- Detecting C compile features - done
[16.342s] -- Detecting CXX compiler ABI info
[20.793s] -- Detecting CXX compiler ABI info - done
[20.893s] -- Check for working CXX compiler: /usr/bin/c++ - skipped
[20.901s] -- Detecting CXX compile features
[20.901s] -- Detecting CXX compile features - done
[20.990s] -- Found ament_cmake: 1.3.12 (/opt/ros/humble/share/ament_cmake/cmake)
[24.126s] -- Found Python3: /usr/bin/python3 (found version "3.10.12") found components: Interpreter 
[24.759s] -- Override CMake install command with custom implementation using symlinks instead of copying resources
[25.711s] -- Found geometry_msgs: 4.9.0 (/opt/ros/humble/share/geometry_msgs/cmake)
[26.225s] -- Found rosidl_generator_c: 3.1.8 (/opt/ros/humble/share/rosidl_generator_c/cmake)
[26.324s] -- Found rosidl_adapter: 3.1.8 (/opt/ros/humble/share/rosidl_adapter/cmake)
[26.439s] -- Found rosidl_generator_cpp: 3.1.8 (/opt/ros/humble/share/rosidl_generator_cpp/cmake)
[26.566s] -- Using all available rosidl_typesupport_c: rosidl_typesupport_fastrtps_c;rosidl_typesupport_introspection_c
[26.659s] -- Using all available rosidl_typesupport_cpp: rosidl_typesupport_fastrtps_cpp;rosidl_typesupport_introspection_cpp
[26.908s] -- Found nav_msgs: 4.9.0 (/opt/ros/humble/share/nav_msgs/cmake)
[27.051s] -- Found rclcpp: 16.0.17 (/opt/ros/humble/share/rclcpp/cmake)
[28.033s] -- Found rmw_implementation_cmake: 6.1.2 (/opt/ros/humble/share/rmw_implementation_cmake/cmake)
[28.050s] -- Found rmw_fastrtps_cpp: 6.2.9 (/opt/ros/humble/share/rmw_fastrtps_cpp/cmake)
[31.656s] -- Found OpenSSL: /usr/lib/x86_64-linux-gnu/libcrypto.so (found version "3.0.2")  
[32.309s] -- Found FastRTPS: /opt/ros/humble/include  
[33.398s] -- Using RMW implementation 'rmw_fastrtps_cpp' as default
[34.087s] -- Looking for pthread.h
[36.846s] -- Looking for pthread.h - found
[36.846s] -- Performing Test CMAKE_HAVE_LIBC_PTHREAD
[38.204s] -- Performing Test CMAKE_HAVE_LIBC_PTHREAD - Success
[38.254s] -- Found Threads: TRUE  
[40.403s] -- Found sensor_msgs: 4.9.0 (/opt/ros/humble/share/sensor_msgs/cmake)
[40.558s] -- Found tf2: 0.25.18 (/opt/ros/humble/share/tf2/cmake)
[40.626s] -- Found tf2_msgs: 0.25.18 (/opt/ros/humble/share/tf2_msgs/cmake)
[40.991s] -- Found turtlebot3_msgs: 2.4.0 (/workspace/ros2_ws/install/turtlebot3_msgs/share/turtlebot3_msgs/cmake)
[41.226s] -- Configuring done
[41.242s] -- Generating done
[41.248s] -- Build files have been written to: /workspace/ros2_ws/build/turtlebot3_fake_node
