-- The C compiler identification is GNU 11.4.0
-- The CXX compiler identification is GNU 11.4.0
-- Detecting C compiler ABI info
-- Detecting C compiler ABI info - done
-- Check for working C compiler: /usr/bin/cc - skipped
-- Detecting C compile features
-- Detecting C compile features - done
-- Detecting CXX compiler ABI info
-- Detecting CXX compiler ABI info - done
-- Check for working CXX compiler: /usr/bin/c++ - skipped
-- Detecting CXX compile features
-- Detecting CXX compile features - done
-- Found ament_cmake: 1.3.13 (/opt/ros/humble/share/ament_cmake/cmake)
-- Found Python3: /usr/bin/python3 (found version "3.10.12") found components: Interpreter 
-- Found rosidl_default_generators: 1.2.0 (/opt/ros/humble/share/rosidl_default_generators/cmake)
-- Using all available rosidl_typesupport_c: rosidl_typesupport_fastrtps_c;rosidl_typesupport_introspection_c
-- Found rosidl_adapter: 3.1.8 (/opt/ros/humble/share/rosidl_adapter/cmake)
-- Using all available rosidl_typesupport_cpp: rosidl_typesupport_fastrtps_cpp;rosidl_typesupport_introspection_cpp
-- Found ament_cmake_ros: 0.10.0 (/opt/ros/humble/share/ament_cmake_ros/cmake)
-- Using all available rosidl_typesupport_c: rosidl_typesupport_fastrtps_c;rosidl_typesupport_introspection_c
-- Using all available rosidl_typesupport_cpp: rosidl_typesupport_fastrtps_cpp;rosidl_typesupport_introspection_cpp
-- Found PythonInterp: /usr/bin/python3 (found suitable version "3.10.12", minimum required is "3.6") 
-- Found python_cmake_module: 0.10.0 (/opt/ros/humble/share/python_cmake_module/cmake)
-- Found PythonLibs: /usr/lib/x86_64-linux-gnu/libpython3.10.so (found suitable version "3.10.12", minimum required is "3.5") 
-- Using PYTHON_EXECUTABLE: /usr/bin/python3
-- Using PYTHON_INCLUDE_DIRS: /usr/include/python3.10
-- Using PYTHON_LIBRARIES: /usr/lib/x86_64-linux-gnu/libpython3.10.so
-- Found PythonExtra: .so  
-- Found ament_lint_auto: 0.12.15 (/opt/ros/humble/share/ament_lint_auto/cmake)
-- Added test 'lint_cmake' to check CMake code style
-- Added test 'xmllint' to check XML markup files
-- Configuring done
-- Generating done
-- Build files have been written to: /workspace/ros2_ws/build/interfaz_temp
[  3%] [34m[1mGenerating C code for ROS interfaces[0m
[  6%] [34m[1mGenerating C++ code for ROS interfaces[0m
[  6%] Built target ament_cmake_python_copy_interfaz_temp
running egg_info
creating interfaz_temp.egg-info
writing interfaz_temp.egg-info/PKG-INFO
writing dependency_links to interfaz_temp.egg-info/dependency_links.txt
writing top-level names to interfaz_temp.egg-info/top_level.txt
writing manifest file 'interfaz_temp.egg-info/SOURCES.txt'
[  9%] [32mBuilding C object CMakeFiles/interfaz_temp__rosidl_generator_c.dir/rosidl_generator_c/interfaz_temp/srv/detail/temp_conversion__functions.c.o[0m
reading manifest file 'interfaz_temp.egg-info/SOURCES.txt'
writing manifest file 'interfaz_temp.egg-info/SOURCES.txt'
[  9%] Built target interfaz_temp__cpp
[ 19%] [34m[1mGenerating C++ type support for eProsima Fast-RTPS[0m
[ 19%] [34m[1mGenerating C++ type support dispatch for ROS interfaces[0m
[ 19%] [34m[1mGenerating C++ introspection for ROS interfaces[0m
[ 19%] Built target ament_cmake_python_build_interfaz_temp_egg
[ 22%] [32m[1mLinking C shared library libinterfaz_temp__rosidl_generator_c.so[0m
[ 22%] Built target interfaz_temp__rosidl_generator_c
[ 25%] [34m[1mGenerating C type support for eProsima Fast-RTPS[0m
[ 29%] [34m[1mGenerating C introspection for ROS interfaces[0m
[ 32%] [34m[1mGenerating C type support dispatch for ROS interfaces[0m
[ 35%] [32mBuilding CXX object CMakeFiles/interfaz_temp__rosidl_typesupport_cpp.dir/rosidl_typesupport_cpp/interfaz_temp/srv/temp_conversion__type_support.cpp.o[0m
[ 38%] [32mBuilding CXX object CMakeFiles/interfaz_temp__rosidl_typesupport_introspection_cpp.dir/rosidl_typesupport_introspection_cpp/interfaz_temp/srv/detail/temp_conversion__type_support.cpp.o[0m
[ 41%] [32mBuilding CXX object CMakeFiles/interfaz_temp__rosidl_typesupport_fastrtps_cpp.dir/rosidl_typesupport_fastrtps_cpp/interfaz_temp/srv/detail/dds_fastrtps/temp_conversion__type_support.cpp.o[0m
[ 45%] [32mBuilding CXX object CMakeFiles/interfaz_temp__rosidl_typesupport_c.dir/rosidl_typesupport_c/interfaz_temp/srv/temp_conversion__type_support.cpp.o[0m
[ 48%] [32mBuilding C object CMakeFiles/interfaz_temp__rosidl_typesupport_introspection_c.dir/rosidl_typesupport_introspection_c/interfaz_temp/srv/detail/temp_conversion__type_support.c.o[0m
[ 51%] [32mBuilding CXX object CMakeFiles/interfaz_temp__rosidl_typesupport_fastrtps_c.dir/rosidl_typesupport_fastrtps_c/interfaz_temp/srv/detail/temp_conversion__type_support_c.cpp.o[0m
[ 54%] [32m[1mLinking CXX shared library libinterfaz_temp__rosidl_typesupport_c.so[0m
[ 58%] [32m[1mLinking C shared library libinterfaz_temp__rosidl_typesupport_introspection_c.so[0m
[ 58%] Built target interfaz_temp__rosidl_typesupport_introspection_c
[ 58%] Built target interfaz_temp__rosidl_typesupport_c
[ 61%] [32m[1mLinking CXX shared library libinterfaz_temp__rosidl_typesupport_cpp.so[0m
[ 61%] Built target interfaz_temp__rosidl_typesupport_cpp
[ 64%] [32m[1mLinking CXX shared library libinterfaz_temp__rosidl_typesupport_introspection_cpp.so[0m
[ 67%] [32m[1mLinking CXX shared library libinterfaz_temp__rosidl_typesupport_fastrtps_cpp.so[0m
[ 70%] [32m[1mLinking CXX shared library libinterfaz_temp__rosidl_typesupport_fastrtps_c.so[0m
[ 70%] Built target interfaz_temp__rosidl_typesupport_introspection_cpp
[ 70%] Built target interfaz_temp__rosidl_typesupport_fastrtps_cpp
[ 70%] Built target interfaz_temp__rosidl_typesupport_fastrtps_c
[ 70%] Built target interfaz_temp
[ 74%] [34m[1mGenerating Python code for ROS interfaces[0m
[ 74%] Built target interfaz_temp__py
[ 77%] [32mBuilding C object CMakeFiles/interfaz_temp__rosidl_generator_py.dir/rosidl_generator_py/interfaz_temp/srv/_temp_conversion_s.c.o[0m
[ 80%] [32m[1mLinking C shared library rosidl_generator_py/interfaz_temp/libinterfaz_temp__rosidl_generator_py.so[0m
[ 80%] Built target interfaz_temp__rosidl_generator_py
[ 90%] [32mBuilding C object CMakeFiles/interfaz_temp__rosidl_typesupport_c__pyext.dir/rosidl_generator_py/interfaz_temp/_interfaz_temp_s.ep.rosidl_typesupport_c.c.o[0m
[ 90%] [32mBuilding C object CMakeFiles/interfaz_temp__rosidl_typesupport_fastrtps_c__pyext.dir/rosidl_generator_py/interfaz_temp/_interfaz_temp_s.ep.rosidl_typesupport_fastrtps_c.c.o[0m
[ 90%] [32mBuilding C object CMakeFiles/interfaz_temp__rosidl_typesupport_introspection_c__pyext.dir/rosidl_generator_py/interfaz_temp/_interfaz_temp_s.ep.rosidl_typesupport_introspection_c.c.o[0m
[100%] [32m[1mLinking C shared library rosidl_generator_py/interfaz_temp/interfaz_temp_s__rosidl_typesupport_c.cpython-310-x86_64-linux-gnu.so[0m
[100%] [32m[1mLinking C shared library rosidl_generator_py/interfaz_temp/interfaz_temp_s__rosidl_typesupport_fastrtps_c.cpython-310-x86_64-linux-gnu.so[0m
[100%] [32m[1mLinking C shared library rosidl_generator_py/interfaz_temp/interfaz_temp_s__rosidl_typesupport_introspection_c.cpython-310-x86_64-linux-gnu.so[0m
[100%] Built target interfaz_temp__rosidl_typesupport_introspection_c__pyext
[100%] Built target interfaz_temp__rosidl_typesupport_fastrtps_c__pyext
[100%] Built target interfaz_temp__rosidl_typesupport_c__pyext
-- Install configuration: ""
-- Installing: /workspace/ros2_ws/install/interfaz_temp/share/ament_index/resource_index/rosidl_interfaces/interfaz_temp
-- Installing: /workspace/ros2_ws/install/interfaz_temp/include/interfaz_temp/interfaz_temp
-- Installing: /workspace/ros2_ws/install/interfaz_temp/include/interfaz_temp/interfaz_temp/msg
-- Installing: /workspace/ros2_ws/install/interfaz_temp/include/interfaz_temp/interfaz_temp/msg/rosidl_generator_c__visibility_control.h
-- Installing: /workspace/ros2_ws/install/interfaz_temp/include/interfaz_temp/interfaz_temp/srv
-- Installing: /workspace/ros2_ws/install/interfaz_temp/include/interfaz_temp/interfaz_temp/srv/temp_conversion.h
-- Installing: /workspace/ros2_ws/install/interfaz_temp/include/interfaz_temp/interfaz_temp/srv/detail
-- Installing: /workspace/ros2_ws/install/interfaz_temp/include/interfaz_temp/interfaz_temp/srv/detail/temp_conversion__functions.h
-- Installing: /workspace/ros2_ws/install/interfaz_temp/include/interfaz_temp/interfaz_temp/srv/detail/temp_conversion__type_support.h
-- Installing: /workspace/ros2_ws/install/interfaz_temp/include/interfaz_temp/interfaz_temp/srv/detail/temp_conversion__functions.c
-- Installing: /workspace/ros2_ws/install/interfaz_temp/include/interfaz_temp/interfaz_temp/srv/detail/temp_conversion__struct.h
-- Installing: /workspace/ros2_ws/install/interfaz_temp/share/interfaz_temp/environment/library_path.sh
-- Installing: /workspace/ros2_ws/install/interfaz_temp/share/interfaz_temp/environment/library_path.dsv
-- Installing: /workspace/ros2_ws/install/interfaz_temp/lib/libinterfaz_temp__rosidl_generator_c.so
-- Set runtime path of "/workspace/ros2_ws/install/interfaz_temp/lib/libinterfaz_temp__rosidl_generator_c.so" to ""
-- Up-to-date: /workspace/ros2_ws/install/interfaz_temp/include/interfaz_temp/interfaz_temp
-- Up-to-date: /workspace/ros2_ws/install/interfaz_temp/include/interfaz_temp/interfaz_temp/msg
-- Installing: /workspace/ros2_ws/install/interfaz_temp/include/interfaz_temp/interfaz_temp/msg/rosidl_typesupport_fastrtps_c__visibility_control.h
-- Up-to-date: /workspace/ros2_ws/install/interfaz_temp/include/interfaz_temp/interfaz_temp/srv
-- Up-to-date: /workspace/ros2_ws/install/interfaz_temp/include/interfaz_temp/interfaz_temp/srv/detail
-- Installing: /workspace/ros2_ws/install/interfaz_temp/include/interfaz_temp/interfaz_temp/srv/detail/temp_conversion__rosidl_typesupport_fastrtps_c.h
-- Installing: /workspace/ros2_ws/install/interfaz_temp/lib/libinterfaz_temp__rosidl_typesupport_fastrtps_c.so
-- Set runtime path of "/workspace/ros2_ws/install/interfaz_temp/lib/libinterfaz_temp__rosidl_typesupport_fastrtps_c.so" to ""
-- Up-to-date: /workspace/ros2_ws/install/interfaz_temp/include/interfaz_temp/interfaz_temp
-- Up-to-date: /workspace/ros2_ws/install/interfaz_temp/include/interfaz_temp/interfaz_temp/msg
-- Installing: /workspace/ros2_ws/install/interfaz_temp/include/interfaz_temp/interfaz_temp/msg/rosidl_typesupport_introspection_c__visibility_control.h
-- Up-to-date: /workspace/ros2_ws/install/interfaz_temp/include/interfaz_temp/interfaz_temp/srv
-- Up-to-date: /workspace/ros2_ws/install/interfaz_temp/include/interfaz_temp/interfaz_temp/srv/detail
-- Installing: /workspace/ros2_ws/install/interfaz_temp/include/interfaz_temp/interfaz_temp/srv/detail/temp_conversion__rosidl_typesupport_introspection_c.h
-- Installing: /workspace/ros2_ws/install/interfaz_temp/include/interfaz_temp/interfaz_temp/srv/detail/temp_conversion__type_support.c
-- Installing: /workspace/ros2_ws/install/interfaz_temp/lib/libinterfaz_temp__rosidl_typesupport_introspection_c.so
-- Set runtime path of "/workspace/ros2_ws/install/interfaz_temp/lib/libinterfaz_temp__rosidl_typesupport_introspection_c.so" to ""
-- Installing: /workspace/ros2_ws/install/interfaz_temp/lib/libinterfaz_temp__rosidl_typesupport_c.so
-- Set runtime path of "/workspace/ros2_ws/install/interfaz_temp/lib/libinterfaz_temp__rosidl_typesupport_c.so" to ""
-- Up-to-date: /workspace/ros2_ws/install/interfaz_temp/include/interfaz_temp/interfaz_temp
-- Up-to-date: /workspace/ros2_ws/install/interfaz_temp/include/interfaz_temp/interfaz_temp/msg
-- Installing: /workspace/ros2_ws/install/interfaz_temp/include/interfaz_temp/interfaz_temp/msg/rosidl_generator_cpp__visibility_control.hpp
-- Up-to-date: /workspace/ros2_ws/install/interfaz_temp/include/interfaz_temp/interfaz_temp/srv
-- Installing: /workspace/ros2_ws/install/interfaz_temp/include/interfaz_temp/interfaz_temp/srv/temp_conversion.hpp
-- Up-to-date: /workspace/ros2_ws/install/interfaz_temp/include/interfaz_temp/interfaz_temp/srv/detail
-- Installing: /workspace/ros2_ws/install/interfaz_temp/include/interfaz_temp/interfaz_temp/srv/detail/temp_conversion__traits.hpp
-- Installing: /workspace/ros2_ws/install/interfaz_temp/include/interfaz_temp/interfaz_temp/srv/detail/temp_conversion__type_support.hpp
-- Installing: /workspace/ros2_ws/install/interfaz_temp/include/interfaz_temp/interfaz_temp/srv/detail/temp_conversion__struct.hpp
-- Installing: /workspace/ros2_ws/install/interfaz_temp/include/interfaz_temp/interfaz_temp/srv/detail/temp_conversion__builder.hpp
-- Up-to-date: /workspace/ros2_ws/install/interfaz_temp/include/interfaz_temp/interfaz_temp
-- Up-to-date: /workspace/ros2_ws/install/interfaz_temp/include/interfaz_temp/interfaz_temp/msg
-- Installing: /workspace/ros2_ws/install/interfaz_temp/include/interfaz_temp/interfaz_temp/msg/rosidl_typesupport_fastrtps_cpp__visibility_control.h
-- Up-to-date: /workspace/ros2_ws/install/interfaz_temp/include/interfaz_temp/interfaz_temp/srv
-- Up-to-date: /workspace/ros2_ws/install/interfaz_temp/include/interfaz_temp/interfaz_temp/srv/detail
-- Installing: /workspace/ros2_ws/install/interfaz_temp/include/interfaz_temp/interfaz_temp/srv/detail/temp_conversion__rosidl_typesupport_fastrtps_cpp.hpp
-- Installing: /workspace/ros2_ws/install/interfaz_temp/include/interfaz_temp/interfaz_temp/srv/detail/dds_fastrtps
-- Installing: /workspace/ros2_ws/install/interfaz_temp/lib/libinterfaz_temp__rosidl_typesupport_fastrtps_cpp.so
-- Set runtime path of "/workspace/ros2_ws/install/interfaz_temp/lib/libinterfaz_temp__rosidl_typesupport_fastrtps_cpp.so" to ""
-- Up-to-date: /workspace/ros2_ws/install/interfaz_temp/include/interfaz_temp/interfaz_temp
-- Up-to-date: /workspace/ros2_ws/install/interfaz_temp/include/interfaz_temp/interfaz_temp/srv
-- Up-to-date: /workspace/ros2_ws/install/interfaz_temp/include/interfaz_temp/interfaz_temp/srv/detail
-- Installing: /workspace/ros2_ws/install/interfaz_temp/include/interfaz_temp/interfaz_temp/srv/detail/temp_conversion__rosidl_typesupport_introspection_cpp.hpp
-- Installing: /workspace/ros2_ws/install/interfaz_temp/include/interfaz_temp/interfaz_temp/srv/detail/temp_conversion__type_support.cpp
-- Installing: /workspace/ros2_ws/install/interfaz_temp/lib/libinterfaz_temp__rosidl_typesupport_introspection_cpp.so
-- Set runtime path of "/workspace/ros2_ws/install/interfaz_temp/lib/libinterfaz_temp__rosidl_typesupport_introspection_cpp.so" to ""
-- Installing: /workspace/ros2_ws/install/interfaz_temp/lib/libinterfaz_temp__rosidl_typesupport_cpp.so
-- Set runtime path of "/workspace/ros2_ws/install/interfaz_temp/lib/libinterfaz_temp__rosidl_typesupport_cpp.so" to ""
-- Installing: /workspace/ros2_ws/install/interfaz_temp/share/interfaz_temp/environment/pythonpath.sh
-- Installing: /workspace/ros2_ws/install/interfaz_temp/share/interfaz_temp/environment/pythonpath.dsv
-- Installing: /workspace/ros2_ws/install/interfaz_temp/local/lib/python3.10/dist-packages/interfaz_temp-0.0.0-py3.10.egg-info
-- Installing: /workspace/ros2_ws/install/interfaz_temp/local/lib/python3.10/dist-packages/interfaz_temp-0.0.0-py3.10.egg-info/dependency_links.txt
-- Installing: /workspace/ros2_ws/install/interfaz_temp/local/lib/python3.10/dist-packages/interfaz_temp-0.0.0-py3.10.egg-info/SOURCES.txt
-- Installing: /workspace/ros2_ws/install/interfaz_temp/local/lib/python3.10/dist-packages/interfaz_temp-0.0.0-py3.10.egg-info/top_level.txt
-- Installing: /workspace/ros2_ws/install/interfaz_temp/local/lib/python3.10/dist-packages/interfaz_temp-0.0.0-py3.10.egg-info/PKG-INFO
-- Installing: /workspace/ros2_ws/install/interfaz_temp/local/lib/python3.10/dist-packages/interfaz_temp
-- Installing: /workspace/ros2_ws/install/interfaz_temp/local/lib/python3.10/dist-packages/interfaz_temp/_interfaz_temp_s.ep.rosidl_typesupport_introspection_c.c
-- Installing: /workspace/ros2_ws/install/interfaz_temp/local/lib/python3.10/dist-packages/interfaz_temp/__init__.py
-- Installing: /workspace/ros2_ws/install/interfaz_temp/local/lib/python3.10/dist-packages/interfaz_temp/_interfaz_temp_s.ep.rosidl_typesupport_fastrtps_c.c
-- Installing: /workspace/ros2_ws/install/interfaz_temp/local/lib/python3.10/dist-packages/interfaz_temp/interfaz_temp_s__rosidl_typesupport_fastrtps_c.cpython-310-x86_64-linux-gnu.so
-- Installing: /workspace/ros2_ws/install/interfaz_temp/local/lib/python3.10/dist-packages/interfaz_temp/_interfaz_temp_s.ep.rosidl_typesupport_c.c
-- Installing: /workspace/ros2_ws/install/interfaz_temp/local/lib/python3.10/dist-packages/interfaz_temp/srv
-- Installing: /workspace/ros2_ws/install/interfaz_temp/local/lib/python3.10/dist-packages/interfaz_temp/srv/__init__.py
-- Installing: /workspace/ros2_ws/install/interfaz_temp/local/lib/python3.10/dist-packages/interfaz_temp/srv/_temp_conversion_s.c
-- Installing: /workspace/ros2_ws/install/interfaz_temp/local/lib/python3.10/dist-packages/interfaz_temp/srv/_temp_conversion.py
-- Installing: /workspace/ros2_ws/install/interfaz_temp/local/lib/python3.10/dist-packages/interfaz_temp/libinterfaz_temp__rosidl_generator_py.so
-- Installing: /workspace/ros2_ws/install/interfaz_temp/local/lib/python3.10/dist-packages/interfaz_temp/interfaz_temp_s__rosidl_typesupport_c.cpython-310-x86_64-linux-gnu.so
-- Installing: /workspace/ros2_ws/install/interfaz_temp/local/lib/python3.10/dist-packages/interfaz_temp/interfaz_temp_s__rosidl_typesupport_introspection_c.cpython-310-x86_64-linux-gnu.so
Listing '/workspace/ros2_ws/install/interfaz_temp/local/lib/python3.10/dist-packages/interfaz_temp'...
Compiling '/workspace/ros2_ws/install/interfaz_temp/local/lib/python3.10/dist-packages/interfaz_temp/__init__.py'...
Listing '/workspace/ros2_ws/install/interfaz_temp/local/lib/python3.10/dist-packages/interfaz_temp/srv'...
Compiling '/workspace/ros2_ws/install/interfaz_temp/local/lib/python3.10/dist-packages/interfaz_temp/srv/__init__.py'...
Compiling '/workspace/ros2_ws/install/interfaz_temp/local/lib/python3.10/dist-packages/interfaz_temp/srv/_temp_conversion.py'...
-- Installing: /workspace/ros2_ws/install/interfaz_temp/local/lib/python3.10/dist-packages/interfaz_temp/interfaz_temp_s__rosidl_typesupport_fastrtps_c.cpython-310-x86_64-linux-gnu.so
-- Set runtime path of "/workspace/ros2_ws/install/interfaz_temp/local/lib/python3.10/dist-packages/interfaz_temp/interfaz_temp_s__rosidl_typesupport_fastrtps_c.cpython-310-x86_64-linux-gnu.so" to ""
-- Installing: /workspace/ros2_ws/install/interfaz_temp/local/lib/python3.10/dist-packages/interfaz_temp/interfaz_temp_s__rosidl_typesupport_introspection_c.cpython-310-x86_64-linux-gnu.so
-- Set runtime path of "/workspace/ros2_ws/install/interfaz_temp/local/lib/python3.10/dist-packages/interfaz_temp/interfaz_temp_s__rosidl_typesupport_introspection_c.cpython-310-x86_64-linux-gnu.so" to ""
-- Installing: /workspace/ros2_ws/install/interfaz_temp/local/lib/python3.10/dist-packages/interfaz_temp/interfaz_temp_s__rosidl_typesupport_c.cpython-310-x86_64-linux-gnu.so
-- Set runtime path of "/workspace/ros2_ws/install/interfaz_temp/local/lib/python3.10/dist-packages/interfaz_temp/interfaz_temp_s__rosidl_typesupport_c.cpython-310-x86_64-linux-gnu.so" to ""
-- Installing: /workspace/ros2_ws/install/interfaz_temp/lib/libinterfaz_temp__rosidl_generator_py.so
-- Set runtime path of "/workspace/ros2_ws/install/interfaz_temp/lib/libinterfaz_temp__rosidl_generator_py.so" to ""
-- Installing: /workspace/ros2_ws/install/interfaz_temp/share/interfaz_temp/srv/TempConversion.idl
-- Installing: /workspace/ros2_ws/install/interfaz_temp/share/interfaz_temp/srv/TempConversion.srv
-- Installing: /workspace/ros2_ws/install/interfaz_temp/share/interfaz_temp/srv/TempConversion_Request.msg
-- Installing: /workspace/ros2_ws/install/interfaz_temp/share/interfaz_temp/srv/TempConversion_Response.msg
-- Installing: /workspace/ros2_ws/install/interfaz_temp/share/ament_index/resource_index/package_run_dependencies/interfaz_temp
-- Installing: /workspace/ros2_ws/install/interfaz_temp/share/ament_index/resource_index/parent_prefix_path/interfaz_temp
-- Installing: /workspace/ros2_ws/install/interfaz_temp/share/interfaz_temp/environment/ament_prefix_path.sh
-- Installing: /workspace/ros2_ws/install/interfaz_temp/share/interfaz_temp/environment/ament_prefix_path.dsv
-- Installing: /workspace/ros2_ws/install/interfaz_temp/share/interfaz_temp/environment/path.sh
-- Installing: /workspace/ros2_ws/install/interfaz_temp/share/interfaz_temp/environment/path.dsv
-- Installing: /workspace/ros2_ws/install/interfaz_temp/share/interfaz_temp/local_setup.bash
-- Installing: /workspace/ros2_ws/install/interfaz_temp/share/interfaz_temp/local_setup.sh
-- Installing: /workspace/ros2_ws/install/interfaz_temp/share/interfaz_temp/local_setup.zsh
-- Installing: /workspace/ros2_ws/install/interfaz_temp/share/interfaz_temp/local_setup.dsv
-- Installing: /workspace/ros2_ws/install/interfaz_temp/share/interfaz_temp/package.dsv
-- Installing: /workspace/ros2_ws/install/interfaz_temp/share/ament_index/resource_index/packages/interfaz_temp
-- Installing: /workspace/ros2_ws/install/interfaz_temp/share/interfaz_temp/cmake/export_interfaz_temp__rosidl_generator_cExport.cmake
-- Installing: /workspace/ros2_ws/install/interfaz_temp/share/interfaz_temp/cmake/export_interfaz_temp__rosidl_generator_cExport-noconfig.cmake
-- Installing: /workspace/ros2_ws/install/interfaz_temp/share/interfaz_temp/cmake/export_interfaz_temp__rosidl_typesupport_fastrtps_cExport.cmake
-- Installing: /workspace/ros2_ws/install/interfaz_temp/share/interfaz_temp/cmake/export_interfaz_temp__rosidl_typesupport_fastrtps_cExport-noconfig.cmake
-- Installing: /workspace/ros2_ws/install/interfaz_temp/share/interfaz_temp/cmake/interfaz_temp__rosidl_typesupport_introspection_cExport.cmake
-- Installing: /workspace/ros2_ws/install/interfaz_temp/share/interfaz_temp/cmake/interfaz_temp__rosidl_typesupport_introspection_cExport-noconfig.cmake
-- Installing: /workspace/ros2_ws/install/interfaz_temp/share/interfaz_temp/cmake/interfaz_temp__rosidl_typesupport_cExport.cmake
-- Installing: /workspace/ros2_ws/install/interfaz_temp/share/interfaz_temp/cmake/interfaz_temp__rosidl_typesupport_cExport-noconfig.cmake
-- Installing: /workspace/ros2_ws/install/interfaz_temp/share/interfaz_temp/cmake/export_interfaz_temp__rosidl_generator_cppExport.cmake
-- Installing: /workspace/ros2_ws/install/interfaz_temp/share/interfaz_temp/cmake/export_interfaz_temp__rosidl_typesupport_fastrtps_cppExport.cmake
-- Installing: /workspace/ros2_ws/install/interfaz_temp/share/interfaz_temp/cmake/export_interfaz_temp__rosidl_typesupport_fastrtps_cppExport-noconfig.cmake
-- Installing: /workspace/ros2_ws/install/interfaz_temp/share/interfaz_temp/cmake/interfaz_temp__rosidl_typesupport_introspection_cppExport.cmake
-- Installing: /workspace/ros2_ws/install/interfaz_temp/share/interfaz_temp/cmake/interfaz_temp__rosidl_typesupport_introspection_cppExport-noconfig.cmake
-- Installing: /workspace/ros2_ws/install/interfaz_temp/share/interfaz_temp/cmake/interfaz_temp__rosidl_typesupport_cppExport.cmake
-- Installing: /workspace/ros2_ws/install/interfaz_temp/share/interfaz_temp/cmake/interfaz_temp__rosidl_typesupport_cppExport-noconfig.cmake
-- Installing: /workspace/ros2_ws/install/interfaz_temp/share/interfaz_temp/cmake/export_interfaz_temp__rosidl_generator_pyExport.cmake
-- Installing: /workspace/ros2_ws/install/interfaz_temp/share/interfaz_temp/cmake/export_interfaz_temp__rosidl_generator_pyExport-noconfig.cmake
-- Installing: /workspace/ros2_ws/install/interfaz_temp/share/interfaz_temp/cmake/rosidl_cmake-extras.cmake
-- Installing: /workspace/ros2_ws/install/interfaz_temp/share/interfaz_temp/cmake/ament_cmake_export_include_directories-extras.cmake
-- Installing: /workspace/ros2_ws/install/interfaz_temp/share/interfaz_temp/cmake/ament_cmake_export_libraries-extras.cmake
-- Installing: /workspace/ros2_ws/install/interfaz_temp/share/interfaz_temp/cmake/ament_cmake_export_targets-extras.cmake
-- Installing: /workspace/ros2_ws/install/interfaz_temp/share/interfaz_temp/cmake/rosidl_cmake_export_typesupport_targets-extras.cmake
-- Installing: /workspace/ros2_ws/install/interfaz_temp/share/interfaz_temp/cmake/ament_cmake_export_dependencies-extras.cmake
-- Installing: /workspace/ros2_ws/install/interfaz_temp/share/interfaz_temp/cmake/rosidl_cmake_export_typesupport_libraries-extras.cmake
-- Installing: /workspace/ros2_ws/install/interfaz_temp/share/interfaz_temp/cmake/interfaz_tempConfig.cmake
-- Installing: /workspace/ros2_ws/install/interfaz_temp/share/interfaz_temp/cmake/interfaz_tempConfig-version.cmake
-- Installing: /workspace/ros2_ws/install/interfaz_temp/share/interfaz_temp/package.xml
