[0.566s] Invoking command in '/workspace/ros2_ws/src/p2pkg': PYTHONPATH=/workspace/ros2_ws/build/p2pkg/prefix_override:/usr/lib/python3/dist-packages/colcon_core/task/python/colcon_distutils_commands:/workspace/ros2_ws/install/p2pkg/lib/python3.10/site-packages:${PYTHONPATH} /usr/bin/python3 -W ignore:setup.py install is deprecated -W ignore:easy_install command is deprecated setup.py egg_info --egg-base ../../build/p2pkg build --build-base /workspace/ros2_ws/build/p2pkg/build install --record /workspace/ros2_ws/build/p2pkg/install.log --single-version-externally-managed install_data
[0.711s] running egg_info
[0.712s] writing ../../build/p2pkg/p2pkg.egg-info/PKG-INFO
[0.712s] writing dependency_links to ../../build/p2pkg/p2pkg.egg-info/dependency_links.txt
[0.712s] writing entry points to ../../build/p2pkg/p2pkg.egg-info/entry_points.txt
[0.712s] writing requirements to ../../build/p2pkg/p2pkg.egg-info/requires.txt
[0.712s] writing top-level names to ../../build/p2pkg/p2pkg.egg-info/top_level.txt
[0.713s] reading manifest file '../../build/p2pkg/p2pkg.egg-info/SOURCES.txt'
[0.714s] adding license file 'LICENSE'
[0.714s] writing manifest file '../../build/p2pkg/p2pkg.egg-info/SOURCES.txt'
[0.714s] running build
[0.714s] running build_py
[0.714s] copying p2pkg/nodosub_ejercicio2.py -> /workspace/ros2_ws/build/p2pkg/build/lib/p2pkg
[0.714s] copying p2pkg/nodopub_ejercicio2.py -> /workspace/ros2_ws/build/p2pkg/build/lib/p2pkg
[0.714s] running install
[0.715s] running install_lib
[0.715s] copying /workspace/ros2_ws/build/p2pkg/build/lib/p2pkg/nodosub_ejercicio2.py -> /workspace/ros2_ws/install/p2pkg/lib/python3.10/site-packages/p2pkg
[0.716s] copying /workspace/ros2_ws/build/p2pkg/build/lib/p2pkg/nodopub_ejercicio2.py -> /workspace/ros2_ws/install/p2pkg/lib/python3.10/site-packages/p2pkg
[0.716s] byte-compiling /workspace/ros2_ws/install/p2pkg/lib/python3.10/site-packages/p2pkg/nodosub_ejercicio2.py to nodosub_ejercicio2.cpython-310.pyc
[0.717s] byte-compiling /workspace/ros2_ws/install/p2pkg/lib/python3.10/site-packages/p2pkg/nodopub_ejercicio2.py to nodopub_ejercicio2.cpython-310.pyc
[0.717s] running install_data
[0.717s] running install_egg_info
[0.720s] removing '/workspace/ros2_ws/install/p2pkg/lib/python3.10/site-packages/p2pkg-0.0.0-py3.10.egg-info' (and everything under it)
[0.720s] Copying ../../build/p2pkg/p2pkg.egg-info to /workspace/ros2_ws/install/p2pkg/lib/python3.10/site-packages/p2pkg-0.0.0-py3.10.egg-info
[0.721s] running install_scripts
[0.738s] Installing nodopub_ejercicio2 script to /workspace/ros2_ws/install/p2pkg/lib/p2pkg
[0.738s] Installing nodosub_ejercicio2 script to /workspace/ros2_ws/install/p2pkg/lib/p2pkg
[0.738s] writing list of installed files to '/workspace/ros2_ws/build/p2pkg/install.log'
[0.758s] Invoked command in '/workspace/ros2_ws/src/p2pkg' returned '0': PYTHONPATH=/workspace/ros2_ws/build/p2pkg/prefix_override:/usr/lib/python3/dist-packages/colcon_core/task/python/colcon_distutils_commands:/workspace/ros2_ws/install/p2pkg/lib/python3.10/site-packages:${PYTHONPATH} /usr/bin/python3 -W ignore:setup.py install is deprecated -W ignore:easy_install command is deprecated setup.py egg_info --egg-base ../../build/p2pkg build --build-base /workspace/ros2_ws/build/p2pkg/build install --record /workspace/ros2_ws/build/p2pkg/install.log --single-version-externally-managed install_data
