[0.332s] Invoking command in '/workspace/ros2_ws/turtlebot3/turtlebot3_example': CMAKE_PREFIX_PATH=/workspace/ros2_ws/install/turtlebot3_msgs:/workspace/ros2_ws/install/turtlebot3:/workspace/ros2_ws/install/turtlebot3_simulations:/workspace/ros2_ws/install/turtlebot3_bringup:/workspace/ros2_ws/install/turtlebot3_node:/workspace/ros2_ws/install/turtlebot3_navigation2:/workspace/ros2_ws/install/turtlebot3_fake_node:/workspace/ros2_ws/install/turtlebot3_manipulation_gazebo:/workspace/ros2_ws/install/turtlebot3_gazebo:/workspace/ros2_ws/install/turtlebot3_description:/workspace/ros2_ws/install/turtlebot3_cartographer PYTHONPATH=/workspace/ros2_ws/build/turtlebot3_example/prefix_override:/usr/lib/python3/dist-packages/colcon_core/task/python/colcon_distutils_commands:/workspace/ros2_ws/install/turtlebot3_example/lib/python3.10/site-packages:${PYTHONPATH} /usr/bin/python3 -W ignore:setup.py install is deprecated -W ignore:easy_install command is deprecated setup.py egg_info --egg-base ../../build/turtlebot3_example build --build-base /workspace/ros2_ws/build/turtlebot3_example/build install --record /workspace/ros2_ws/build/turtlebot3_example/install.log --single-version-externally-managed install_data
[0.437s] running egg_info
[0.437s] writing ../../build/turtlebot3_example/turtlebot3_example.egg-info/PKG-INFO
[0.437s] writing dependency_links to ../../build/turtlebot3_example/turtlebot3_example.egg-info/dependency_links.txt
[0.438s] writing entry points to ../../build/turtlebot3_example/turtlebot3_example.egg-info/entry_points.txt
[0.438s] writing requirements to ../../build/turtlebot3_example/turtlebot3_example.egg-info/requires.txt
[0.438s] writing top-level names to ../../build/turtlebot3_example/turtlebot3_example.egg-info/top_level.txt
[0.439s] reading manifest file '../../build/turtlebot3_example/turtlebot3_example.egg-info/SOURCES.txt'
[0.439s] writing manifest file '../../build/turtlebot3_example/turtlebot3_example.egg-info/SOURCES.txt'
[0.439s] running build
[0.439s] running build_py
[0.440s] running install
[0.440s] running install_lib
[0.441s] running install_data
[0.441s] running install_egg_info
[0.442s] removing '/workspace/ros2_ws/install/turtlebot3_example/lib/python3.10/site-packages/turtlebot3_example-2.3.6-py3.10.egg-info' (and everything under it)
[0.442s] Copying ../../build/turtlebot3_example/turtlebot3_example.egg-info to /workspace/ros2_ws/install/turtlebot3_example/lib/python3.10/site-packages/turtlebot3_example-2.3.6-py3.10.egg-info
[0.443s] running install_scripts
[0.453s] Installing turtlebot3_absolute_move script to /workspace/ros2_ws/install/turtlebot3_example/lib/turtlebot3_example
[0.453s] Installing turtlebot3_interactive_marker script to /workspace/ros2_ws/install/turtlebot3_example/lib/turtlebot3_example
[0.453s] Installing turtlebot3_obstacle_detection script to /workspace/ros2_ws/install/turtlebot3_example/lib/turtlebot3_example
[0.453s] Installing turtlebot3_patrol_client script to /workspace/ros2_ws/install/turtlebot3_example/lib/turtlebot3_example
[0.453s] Installing turtlebot3_patrol_server script to /workspace/ros2_ws/install/turtlebot3_example/lib/turtlebot3_example
[0.453s] Installing turtlebot3_relative_move script to /workspace/ros2_ws/install/turtlebot3_example/lib/turtlebot3_example
[0.454s] writing list of installed files to '/workspace/ros2_ws/build/turtlebot3_example/install.log'
[0.466s] Invoked command in '/workspace/ros2_ws/turtlebot3/turtlebot3_example' returned '0': CMAKE_PREFIX_PATH=/workspace/ros2_ws/install/turtlebot3_msgs:/workspace/ros2_ws/install/turtlebot3:/workspace/ros2_ws/install/turtlebot3_simulations:/workspace/ros2_ws/install/turtlebot3_bringup:/workspace/ros2_ws/install/turtlebot3_node:/workspace/ros2_ws/install/turtlebot3_navigation2:/workspace/ros2_ws/install/turtlebot3_fake_node:/workspace/ros2_ws/install/turtlebot3_manipulation_gazebo:/workspace/ros2_ws/install/turtlebot3_gazebo:/workspace/ros2_ws/install/turtlebot3_description:/workspace/ros2_ws/install/turtlebot3_cartographer PYTHONPATH=/workspace/ros2_ws/build/turtlebot3_example/prefix_override:/usr/lib/python3/dist-packages/colcon_core/task/python/colcon_distutils_commands:/workspace/ros2_ws/install/turtlebot3_example/lib/python3.10/site-packages:${PYTHONPATH} /usr/bin/python3 -W ignore:setup.py install is deprecated -W ignore:easy_install command is deprecated setup.py egg_info --egg-base ../../build/turtlebot3_example build --build-base /workspace/ros2_ws/build/turtlebot3_example/build install --record /workspace/ros2_ws/build/turtlebot3_example/install.log --single-version-externally-managed install_data
