[0.496s] Invoking command in '/workspace/ros2_ws/src/p2pkg': PYTHONPATH=/workspace/ros2_ws/build/p2pkg/prefix_override:/usr/lib/python3/dist-packages/colcon_core/task/python/colcon_distutils_commands:/workspace/ros2_ws/install/p2pkg/lib/python3.10/site-packages:${PYTHONPATH} /usr/bin/python3 -W ignore:setup.py install is deprecated -W ignore:easy_install command is deprecated setup.py egg_info --egg-base ../../build/p2pkg build --build-base /workspace/ros2_ws/build/p2pkg/build install --record /workspace/ros2_ws/build/p2pkg/install.log --single-version-externally-managed install_data
[0.734s] running egg_info
[0.734s] writing ../../build/p2pkg/p2pkg.egg-info/PKG-INFO
[0.735s] writing dependency_links to ../../build/p2pkg/p2pkg.egg-info/dependency_links.txt
[0.735s] writing entry points to ../../build/p2pkg/p2pkg.egg-info/entry_points.txt
[0.735s] writing requirements to ../../build/p2pkg/p2pkg.egg-info/requires.txt
[0.735s] writing top-level names to ../../build/p2pkg/p2pkg.egg-info/top_level.txt
[0.736s] reading manifest file '../../build/p2pkg/p2pkg.egg-info/SOURCES.txt'
[0.736s] adding license file 'LICENSE'
[0.737s] writing manifest file '../../build/p2pkg/p2pkg.egg-info/SOURCES.txt'
[0.737s] running build
[0.737s] running build_py
[0.737s] running install
[0.737s] running install_lib
[0.739s] running install_data
[0.739s] running install_egg_info
[0.741s] removing '/workspace/ros2_ws/install/p2pkg/lib/python3.10/site-packages/p2pkg-0.0.0-py3.10.egg-info' (and everything under it)
[0.741s] Copying ../../build/p2pkg/p2pkg.egg-info to /workspace/ros2_ws/install/p2pkg/lib/python3.10/site-packages/p2pkg-0.0.0-py3.10.egg-info
[0.742s] running install_scripts
[0.759s] Installing nodopub_ejercicio2 script to /workspace/ros2_ws/install/p2pkg/lib/p2pkg
[0.759s] Installing nodosub_ejercicio2 script to /workspace/ros2_ws/install/p2pkg/lib/p2pkg
[0.759s] writing list of installed files to '/workspace/ros2_ws/build/p2pkg/install.log'
[0.779s] Invoked command in '/workspace/ros2_ws/src/p2pkg' returned '0': PYTHONPATH=/workspace/ros2_ws/build/p2pkg/prefix_override:/usr/lib/python3/dist-packages/colcon_core/task/python/colcon_distutils_commands:/workspace/ros2_ws/install/p2pkg/lib/python3.10/site-packages:${PYTHONPATH} /usr/bin/python3 -W ignore:setup.py install is deprecated -W ignore:easy_install command is deprecated setup.py egg_info --egg-base ../../build/p2pkg build --build-base /workspace/ros2_ws/build/p2pkg/build install --record /workspace/ros2_ws/build/p2pkg/install.log --single-version-externally-managed install_data
