[0.826s] Invoking command in '/workspace/ros2_ws/src/service_temp': PYTHONPATH=/workspace/ros2_ws/build/service_temp/prefix_override:/usr/lib/python3/dist-packages/colcon_core/task/python/colcon_distutils_commands:/workspace/ros2_ws/install/service_temp/lib/python3.10/site-packages:${PYTHONPATH} /usr/bin/python3 -W ignore:setup.py install is deprecated -W ignore:easy_install command is deprecated setup.py egg_info --egg-base ../../build/service_temp build --build-base /workspace/ros2_ws/build/service_temp/build install --record /workspace/ros2_ws/build/service_temp/install.log --single-version-externally-managed install_data
[1.066s] running egg_info
[1.066s] creating ../../build/service_temp/service_temp.egg-info
[1.067s] writing ../../build/service_temp/service_temp.egg-info/PKG-INFO
[1.067s] writing dependency_links to ../../build/service_temp/service_temp.egg-info/dependency_links.txt
[1.067s] writing entry points to ../../build/service_temp/service_temp.egg-info/entry_points.txt
[1.067s] writing requirements to ../../build/service_temp/service_temp.egg-info/requires.txt
[1.067s] writing top-level names to ../../build/service_temp/service_temp.egg-info/top_level.txt
[1.067s] writing manifest file '../../build/service_temp/service_temp.egg-info/SOURCES.txt'
[1.069s] reading manifest file '../../build/service_temp/service_temp.egg-info/SOURCES.txt'
[1.069s] adding license file 'LICENSE'
[1.069s] writing manifest file '../../build/service_temp/service_temp.egg-info/SOURCES.txt'
[1.070s] running build
[1.070s] running build_py
[1.070s] creating /workspace/ros2_ws/build/service_temp/build
[1.070s] creating /workspace/ros2_ws/build/service_temp/build/lib
[1.070s] creating /workspace/ros2_ws/build/service_temp/build/lib/service_temp
[1.070s] copying service_temp/__init__.py -> /workspace/ros2_ws/build/service_temp/build/lib/service_temp
[1.070s] copying service_temp/temp_client.py -> /workspace/ros2_ws/build/service_temp/build/lib/service_temp
[1.071s] copying service_temp/temp_server.py -> /workspace/ros2_ws/build/service_temp/build/lib/service_temp
[1.071s] running install
[1.071s] running install_lib
[1.072s] creating /workspace/ros2_ws/install/service_temp/lib/python3.10/site-packages/service_temp
[1.072s] copying /workspace/ros2_ws/build/service_temp/build/lib/service_temp/__init__.py -> /workspace/ros2_ws/install/service_temp/lib/python3.10/site-packages/service_temp
[1.072s] copying /workspace/ros2_ws/build/service_temp/build/lib/service_temp/temp_client.py -> /workspace/ros2_ws/install/service_temp/lib/python3.10/site-packages/service_temp
[1.072s] copying /workspace/ros2_ws/build/service_temp/build/lib/service_temp/temp_server.py -> /workspace/ros2_ws/install/service_temp/lib/python3.10/site-packages/service_temp
[1.073s] byte-compiling /workspace/ros2_ws/install/service_temp/lib/python3.10/site-packages/service_temp/__init__.py to __init__.cpython-310.pyc
[1.073s] byte-compiling /workspace/ros2_ws/install/service_temp/lib/python3.10/site-packages/service_temp/temp_client.py to temp_client.cpython-310.pyc
[1.074s] byte-compiling /workspace/ros2_ws/install/service_temp/lib/python3.10/site-packages/service_temp/temp_server.py to temp_server.cpython-310.pyc
[1.074s] running install_data
[1.074s] creating /workspace/ros2_ws/install/service_temp/share/ament_index
[1.074s] creating /workspace/ros2_ws/install/service_temp/share/ament_index/resource_index
[1.074s] creating /workspace/ros2_ws/install/service_temp/share/ament_index/resource_index/packages
[1.075s] copying resource/service_temp -> /workspace/ros2_ws/install/service_temp/share/ament_index/resource_index/packages
[1.075s] copying package.xml -> /workspace/ros2_ws/install/service_temp/share/service_temp
[1.075s] running install_egg_info
[1.077s] Copying ../../build/service_temp/service_temp.egg-info to /workspace/ros2_ws/install/service_temp/lib/python3.10/site-packages/service_temp-0.0.0-py3.10.egg-info
[1.078s] running install_scripts
[1.101s] writing list of installed files to '/workspace/ros2_ws/build/service_temp/install.log'
[1.126s] Invoked command in '/workspace/ros2_ws/src/service_temp' returned '0': PYTHONPATH=/workspace/ros2_ws/build/service_temp/prefix_override:/usr/lib/python3/dist-packages/colcon_core/task/python/colcon_distutils_commands:/workspace/ros2_ws/install/service_temp/lib/python3.10/site-packages:${PYTHONPATH} /usr/bin/python3 -W ignore:setup.py install is deprecated -W ignore:easy_install command is deprecated setup.py egg_info --egg-base ../../build/service_temp build --build-base /workspace/ros2_ws/build/service_temp/build install --record /workspace/ros2_ws/build/service_temp/install.log --single-version-externally-managed install_data
