[0.020s] Invoking command in '/workspace/ros2_ws/build/turtlebot3': AMENT_PREFIX_PATH=/workspace/ros2_ws/install/turtlebot3_bringup:/workspace/ros2_ws/install/turtlebot3_node:/workspace/ros2_ws/install/turtlebot3_example:/workspace/ros2_ws/install/turtlebot3_teleop:/workspace/ros2_ws/install/turtlebot3_navigation2:/workspace/ros2_ws/install/turtlebot3_msgs:/workspace/ros2_ws/install/turtlebot3_description:/workspace/ros2_ws/install/turtlebot3_cartographer:${AMENT_PREFIX_PATH} CMAKE_PREFIX_PATH=/workspace/ros2_ws/install/turtlebot3_bringup:/workspace/ros2_ws/install/turtlebot3_node:/workspace/ros2_ws/install/turtlebot3_navigation2:/workspace/ros2_ws/install/turtlebot3_msgs:/workspace/ros2_ws/install/turtlebot3_description:/workspace/ros2_ws/install/turtlebot3_cartographer:/opt/ros/humble:/workspace/ros2_ws/install/maze_pkg LD_LIBRARY_PATH=/workspace/ros2_ws/install/turtlebot3_msgs/lib:${LD_LIBRARY_PATH} PYTHONPATH=/workspace/ros2_ws/build/turtlebot3_example:/workspace/ros2_ws/install/turtlebot3_example/lib/python3.10/site-packages:/workspace/ros2_ws/build/turtlebot3_teleop:/workspace/ros2_ws/install/turtlebot3_teleop/lib/python3.10/site-packages:/workspace/ros2_ws/install/turtlebot3_msgs/local/lib/python3.10/dist-packages:${PYTHONPATH} /usr/bin/cmake /workspace/ros2_ws/turtlebot3/turtlebot3 -DAMENT_CMAKE_SYMLINK_INSTALL=1 -DCMAKE_INSTALL_PREFIX=/workspace/ros2_ws/install/turtlebot3
[0.079s] -- The C compiler identification is GNU 11.4.0
[0.141s] -- The CXX compiler identification is GNU 11.4.0
[0.149s] -- Detecting C compiler ABI info
[0.225s] -- Detecting C compiler ABI info - done
[0.233s] -- Check for working C compiler: /usr/bin/cc - skipped
[0.233s] -- Detecting C compile features
[0.234s] -- Detecting C compile features - done
[0.237s] -- Detecting CXX compiler ABI info
[0.328s] -- Detecting CXX compiler ABI info - done
[0.335s] -- Check for working CXX compiler: /usr/bin/c++ - skipped
[0.335s] -- Detecting CXX compile features
[0.336s] -- Detecting CXX compile features - done
[0.339s] -- Found ament_cmake: 1.3.13 (/opt/ros/humble/share/ament_cmake/cmake)
[0.517s] -- Found Python3: /usr/bin/python3 (found version "3.10.12") found components: Interpreter 
[0.592s] -- Override CMake install command with custom implementation using symlinks instead of copying resources
[0.693s] -- Configuring done
[0.696s] -- Generating done
[0.698s] -- Build files have been written to: /workspace/ros2_ws/build/turtlebot3
[0.702s] Invoked command in '/workspace/ros2_ws/build/turtlebot3' returned '0': AMENT_PREFIX_PATH=/workspace/ros2_ws/install/turtlebot3_bringup:/workspace/ros2_ws/install/turtlebot3_node:/workspace/ros2_ws/install/turtlebot3_example:/workspace/ros2_ws/install/turtlebot3_teleop:/workspace/ros2_ws/install/turtlebot3_navigation2:/workspace/ros2_ws/install/turtlebot3_msgs:/workspace/ros2_ws/install/turtlebot3_description:/workspace/ros2_ws/install/turtlebot3_cartographer:${AMENT_PREFIX_PATH} CMAKE_PREFIX_PATH=/workspace/ros2_ws/install/turtlebot3_bringup:/workspace/ros2_ws/install/turtlebot3_node:/workspace/ros2_ws/install/turtlebot3_navigation2:/workspace/ros2_ws/install/turtlebot3_msgs:/workspace/ros2_ws/install/turtlebot3_description:/workspace/ros2_ws/install/turtlebot3_cartographer:/opt/ros/humble:/workspace/ros2_ws/install/maze_pkg LD_LIBRARY_PATH=/workspace/ros2_ws/install/turtlebot3_msgs/lib:${LD_LIBRARY_PATH} PYTHONPATH=/workspace/ros2_ws/build/turtlebot3_example:/workspace/ros2_ws/install/turtlebot3_example/lib/python3.10/site-packages:/workspace/ros2_ws/build/turtlebot3_teleop:/workspace/ros2_ws/install/turtlebot3_teleop/lib/python3.10/site-packages:/workspace/ros2_ws/install/turtlebot3_msgs/local/lib/python3.10/dist-packages:${PYTHONPATH} /usr/bin/cmake /workspace/ros2_ws/turtlebot3/turtlebot3 -DAMENT_CMAKE_SYMLINK_INSTALL=1 -DCMAKE_INSTALL_PREFIX=/workspace/ros2_ws/install/turtlebot3
[0.704s] Invoking command in '/workspace/ros2_ws/build/turtlebot3': AMENT_PREFIX_PATH=/workspace/ros2_ws/install/turtlebot3_bringup:/workspace/ros2_ws/install/turtlebot3_node:/workspace/ros2_ws/install/turtlebot3_example:/workspace/ros2_ws/install/turtlebot3_teleop:/workspace/ros2_ws/install/turtlebot3_navigation2:/workspace/ros2_ws/install/turtlebot3_msgs:/workspace/ros2_ws/install/turtlebot3_description:/workspace/ros2_ws/install/turtlebot3_cartographer:${AMENT_PREFIX_PATH} CMAKE_PREFIX_PATH=/workspace/ros2_ws/install/turtlebot3_bringup:/workspace/ros2_ws/install/turtlebot3_node:/workspace/ros2_ws/install/turtlebot3_navigation2:/workspace/ros2_ws/install/turtlebot3_msgs:/workspace/ros2_ws/install/turtlebot3_description:/workspace/ros2_ws/install/turtlebot3_cartographer:/opt/ros/humble:/workspace/ros2_ws/install/maze_pkg LD_LIBRARY_PATH=/workspace/ros2_ws/install/turtlebot3_msgs/lib:${LD_LIBRARY_PATH} PYTHONPATH=/workspace/ros2_ws/build/turtlebot3_example:/workspace/ros2_ws/install/turtlebot3_example/lib/python3.10/site-packages:/workspace/ros2_ws/build/turtlebot3_teleop:/workspace/ros2_ws/install/turtlebot3_teleop/lib/python3.10/site-packages:/workspace/ros2_ws/install/turtlebot3_msgs/local/lib/python3.10/dist-packages:${PYTHONPATH} /usr/bin/cmake --build /workspace/ros2_ws/build/turtlebot3 -- -j20 -l20
[0.743s] Invoked command in '/workspace/ros2_ws/build/turtlebot3' returned '0': AMENT_PREFIX_PATH=/workspace/ros2_ws/install/turtlebot3_bringup:/workspace/ros2_ws/install/turtlebot3_node:/workspace/ros2_ws/install/turtlebot3_example:/workspace/ros2_ws/install/turtlebot3_teleop:/workspace/ros2_ws/install/turtlebot3_navigation2:/workspace/ros2_ws/install/turtlebot3_msgs:/workspace/ros2_ws/install/turtlebot3_description:/workspace/ros2_ws/install/turtlebot3_cartographer:${AMENT_PREFIX_PATH} CMAKE_PREFIX_PATH=/workspace/ros2_ws/install/turtlebot3_bringup:/workspace/ros2_ws/install/turtlebot3_node:/workspace/ros2_ws/install/turtlebot3_navigation2:/workspace/ros2_ws/install/turtlebot3_msgs:/workspace/ros2_ws/install/turtlebot3_description:/workspace/ros2_ws/install/turtlebot3_cartographer:/opt/ros/humble:/workspace/ros2_ws/install/maze_pkg LD_LIBRARY_PATH=/workspace/ros2_ws/install/turtlebot3_msgs/lib:${LD_LIBRARY_PATH} PYTHONPATH=/workspace/ros2_ws/build/turtlebot3_example:/workspace/ros2_ws/install/turtlebot3_example/lib/python3.10/site-packages:/workspace/ros2_ws/build/turtlebot3_teleop:/workspace/ros2_ws/install/turtlebot3_teleop/lib/python3.10/site-packages:/workspace/ros2_ws/install/turtlebot3_msgs/local/lib/python3.10/dist-packages:${PYTHONPATH} /usr/bin/cmake --build /workspace/ros2_ws/build/turtlebot3 -- -j20 -l20
[0.745s] Invoking command in '/workspace/ros2_ws/build/turtlebot3': AMENT_PREFIX_PATH=/workspace/ros2_ws/install/turtlebot3_bringup:/workspace/ros2_ws/install/turtlebot3_node:/workspace/ros2_ws/install/turtlebot3_example:/workspace/ros2_ws/install/turtlebot3_teleop:/workspace/ros2_ws/install/turtlebot3_navigation2:/workspace/ros2_ws/install/turtlebot3_msgs:/workspace/ros2_ws/install/turtlebot3_description:/workspace/ros2_ws/install/turtlebot3_cartographer:${AMENT_PREFIX_PATH} CMAKE_PREFIX_PATH=/workspace/ros2_ws/install/turtlebot3_bringup:/workspace/ros2_ws/install/turtlebot3_node:/workspace/ros2_ws/install/turtlebot3_navigation2:/workspace/ros2_ws/install/turtlebot3_msgs:/workspace/ros2_ws/install/turtlebot3_description:/workspace/ros2_ws/install/turtlebot3_cartographer:/opt/ros/humble:/workspace/ros2_ws/install/maze_pkg LD_LIBRARY_PATH=/workspace/ros2_ws/install/turtlebot3_msgs/lib:${LD_LIBRARY_PATH} PYTHONPATH=/workspace/ros2_ws/build/turtlebot3_example:/workspace/ros2_ws/install/turtlebot3_example/lib/python3.10/site-packages:/workspace/ros2_ws/build/turtlebot3_teleop:/workspace/ros2_ws/install/turtlebot3_teleop/lib/python3.10/site-packages:/workspace/ros2_ws/install/turtlebot3_msgs/local/lib/python3.10/dist-packages:${PYTHONPATH} /usr/bin/cmake --install /workspace/ros2_ws/build/turtlebot3
[0.751s] -- Install configuration: ""
[0.751s] -- Execute custom install script
[0.752s] -- Symlinking: /workspace/ros2_ws/install/turtlebot3/share/ament_index/resource_index/package_run_dependencies/turtlebot3
[0.762s] -- Symlinking: /workspace/ros2_ws/install/turtlebot3/share/ament_index/resource_index/parent_prefix_path/turtlebot3
[0.771s] -- Symlinking: /workspace/ros2_ws/install/turtlebot3/share/turtlebot3/environment/ament_prefix_path.sh
[0.780s] -- Symlinking: /workspace/ros2_ws/install/turtlebot3/share/turtlebot3/environment/ament_prefix_path.dsv
[0.790s] -- Symlinking: /workspace/ros2_ws/install/turtlebot3/share/turtlebot3/environment/path.sh
[0.800s] -- Symlinking: /workspace/ros2_ws/install/turtlebot3/share/turtlebot3/environment/path.dsv
[0.810s] -- Symlinking: /workspace/ros2_ws/install/turtlebot3/share/turtlebot3/local_setup.bash
[0.819s] -- Symlinking: /workspace/ros2_ws/install/turtlebot3/share/turtlebot3/local_setup.sh
[0.830s] -- Symlinking: /workspace/ros2_ws/install/turtlebot3/share/turtlebot3/local_setup.zsh
[0.841s] -- Symlinking: /workspace/ros2_ws/install/turtlebot3/share/turtlebot3/local_setup.dsv
[0.850s] -- Symlinking: /workspace/ros2_ws/install/turtlebot3/share/turtlebot3/package.dsv
[0.860s] -- Symlinking: /workspace/ros2_ws/install/turtlebot3/share/ament_index/resource_index/packages/turtlebot3
[0.870s] -- Symlinking: /workspace/ros2_ws/install/turtlebot3/share/turtlebot3/cmake/turtlebot3Config.cmake
[0.880s] -- Symlinking: /workspace/ros2_ws/install/turtlebot3/share/turtlebot3/cmake/turtlebot3Config-version.cmake
[0.889s] -- Symlinking: /workspace/ros2_ws/install/turtlebot3/share/turtlebot3/package.xml
[0.901s] Invoked command in '/workspace/ros2_ws/build/turtlebot3' returned '0': AMENT_PREFIX_PATH=/workspace/ros2_ws/install/turtlebot3_bringup:/workspace/ros2_ws/install/turtlebot3_node:/workspace/ros2_ws/install/turtlebot3_example:/workspace/ros2_ws/install/turtlebot3_teleop:/workspace/ros2_ws/install/turtlebot3_navigation2:/workspace/ros2_ws/install/turtlebot3_msgs:/workspace/ros2_ws/install/turtlebot3_description:/workspace/ros2_ws/install/turtlebot3_cartographer:${AMENT_PREFIX_PATH} CMAKE_PREFIX_PATH=/workspace/ros2_ws/install/turtlebot3_bringup:/workspace/ros2_ws/install/turtlebot3_node:/workspace/ros2_ws/install/turtlebot3_navigation2:/workspace/ros2_ws/install/turtlebot3_msgs:/workspace/ros2_ws/install/turtlebot3_description:/workspace/ros2_ws/install/turtlebot3_cartographer:/opt/ros/humble:/workspace/ros2_ws/install/maze_pkg LD_LIBRARY_PATH=/workspace/ros2_ws/install/turtlebot3_msgs/lib:${LD_LIBRARY_PATH} PYTHONPATH=/workspace/ros2_ws/build/turtlebot3_example:/workspace/ros2_ws/install/turtlebot3_example/lib/python3.10/site-packages:/workspace/ros2_ws/build/turtlebot3_teleop:/workspace/ros2_ws/install/turtlebot3_teleop/lib/python3.10/site-packages:/workspace/ros2_ws/install/turtlebot3_msgs/local/lib/python3.10/dist-packages:${PYTHONPATH} /usr/bin/cmake --install /workspace/ros2_ws/build/turtlebot3
