[0.014s] Invoking command in '/workspace/build/turtlebot3_simulations': AMENT_PREFIX_PATH=/workspace/install/turtlebot3_fake_node:/workspace/install/turtlebot3_msgs:/workspace/install/turtlebot3_manipulation_gazebo:/workspace/install/turtlebot3_gazebo:${AMENT_PREFIX_PATH} CMAKE_PREFIX_PATH=/workspace/install/turtlebot3_fake_node:/workspace/install/turtlebot3_msgs:/workspace/install/turtlebot3_manipulation_gazebo:/workspace/install/turtlebot3_gazebo:/opt/ros/humble LD_LIBRARY_PATH=/workspace/install/turtlebot3_msgs/lib:${LD_LIBRARY_PATH} PYTHONPATH=/workspace/install/turtlebot3_msgs/local/lib/python3.10/dist-packages:${PYTHONPATH} /usr/bin/cmake --build /workspace/build/turtlebot3_simulations -- -j20 -l20
[0.039s] Invoked command in '/workspace/build/turtlebot3_simulations' returned '0': AMENT_PREFIX_PATH=/workspace/install/turtlebot3_fake_node:/workspace/install/turtlebot3_msgs:/workspace/install/turtlebot3_manipulation_gazebo:/workspace/install/turtlebot3_gazebo:${AMENT_PREFIX_PATH} CMAKE_PREFIX_PATH=/workspace/install/turtlebot3_fake_node:/workspace/install/turtlebot3_msgs:/workspace/install/turtlebot3_manipulation_gazebo:/workspace/install/turtlebot3_gazebo:/opt/ros/humble LD_LIBRARY_PATH=/workspace/install/turtlebot3_msgs/lib:${LD_LIBRARY_PATH} PYTHONPATH=/workspace/install/turtlebot3_msgs/local/lib/python3.10/dist-packages:${PYTHONPATH} /usr/bin/cmake --build /workspace/build/turtlebot3_simulations -- -j20 -l20
[0.041s] Invoking command in '/workspace/build/turtlebot3_simulations': AMENT_PREFIX_PATH=/workspace/install/turtlebot3_fake_node:/workspace/install/turtlebot3_msgs:/workspace/install/turtlebot3_manipulation_gazebo:/workspace/install/turtlebot3_gazebo:${AMENT_PREFIX_PATH} CMAKE_PREFIX_PATH=/workspace/install/turtlebot3_fake_node:/workspace/install/turtlebot3_msgs:/workspace/install/turtlebot3_manipulation_gazebo:/workspace/install/turtlebot3_gazebo:/opt/ros/humble LD_LIBRARY_PATH=/workspace/install/turtlebot3_msgs/lib:${LD_LIBRARY_PATH} PYTHONPATH=/workspace/install/turtlebot3_msgs/local/lib/python3.10/dist-packages:${PYTHONPATH} /usr/bin/cmake --install /workspace/build/turtlebot3_simulations
[0.046s] -- Install configuration: ""
[0.046s] -- Up-to-date: /workspace/install/turtlebot3_simulations/share/ament_index/resource_index/package_run_dependencies/turtlebot3_simulations
[0.046s] -- Up-to-date: /workspace/install/turtlebot3_simulations/share/ament_index/resource_index/parent_prefix_path/turtlebot3_simulations
[0.046s] -- Up-to-date: /workspace/install/turtlebot3_simulations/share/turtlebot3_simulations/environment/ament_prefix_path.sh
[0.046s] -- Up-to-date: /workspace/install/turtlebot3_simulations/share/turtlebot3_simulations/environment/ament_prefix_path.dsv
[0.046s] -- Up-to-date: /workspace/install/turtlebot3_simulations/share/turtlebot3_simulations/environment/path.sh
[0.046s] -- Up-to-date: /workspace/install/turtlebot3_simulations/share/turtlebot3_simulations/environment/path.dsv
[0.046s] -- Up-to-date: /workspace/install/turtlebot3_simulations/share/turtlebot3_simulations/local_setup.bash
[0.046s] -- Up-to-date: /workspace/install/turtlebot3_simulations/share/turtlebot3_simulations/local_setup.sh
[0.046s] -- Up-to-date: /workspace/install/turtlebot3_simulations/share/turtlebot3_simulations/local_setup.zsh
[0.046s] -- Up-to-date: /workspace/install/turtlebot3_simulations/share/turtlebot3_simulations/local_setup.dsv
[0.046s] -- Up-to-date: /workspace/install/turtlebot3_simulations/share/turtlebot3_simulations/package.dsv
[0.046s] -- Up-to-date: /workspace/install/turtlebot3_simulations/share/ament_index/resource_index/packages/turtlebot3_simulations
[0.046s] -- Up-to-date: /workspace/install/turtlebot3_simulations/share/turtlebot3_simulations/cmake/turtlebot3_simulationsConfig.cmake
[0.046s] -- Up-to-date: /workspace/install/turtlebot3_simulations/share/turtlebot3_simulations/cmake/turtlebot3_simulationsConfig-version.cmake
[0.046s] -- Up-to-date: /workspace/install/turtlebot3_simulations/share/turtlebot3_simulations/package.xml
[0.047s] Invoked command in '/workspace/build/turtlebot3_simulations' returned '0': AMENT_PREFIX_PATH=/workspace/install/turtlebot3_fake_node:/workspace/install/turtlebot3_msgs:/workspace/install/turtlebot3_manipulation_gazebo:/workspace/install/turtlebot3_gazebo:${AMENT_PREFIX_PATH} CMAKE_PREFIX_PATH=/workspace/install/turtlebot3_fake_node:/workspace/install/turtlebot3_msgs:/workspace/install/turtlebot3_manipulation_gazebo:/workspace/install/turtlebot3_gazebo:/opt/ros/humble LD_LIBRARY_PATH=/workspace/install/turtlebot3_msgs/lib:${LD_LIBRARY_PATH} PYTHONPATH=/workspace/install/turtlebot3_msgs/local/lib/python3.10/dist-packages:${PYTHONPATH} /usr/bin/cmake --install /workspace/build/turtlebot3_simulations
