[0.115s] DEBUG:colcon:Command line arguments: ['/usr/bin/colcon', 'build', '--packages-select', 'interfaz', 'p2pkg']
[0.115s] DEBUG:colcon:Parsed command line arguments: Namespace(log_base=None, log_level=None, verb_name='build', build_base='build', install_base='install', merge_install=False, symlink_install=False, test_result_base=None, continue_on_error=False, executor='parallel', parallel_workers=20, event_handlers=None, ignore_user_meta=False, metas=['./colcon.meta'], base_paths=['.'], packages_ignore=None, packages_ignore_regex=None, paths=None, packages_up_to=None, packages_up_to_regex=None, packages_above=None, packages_above_and_dependencies=None, packages_above_depth=None, packages_select_by_dep=None, packages_skip_by_dep=None, packages_skip_up_to=None, packages_select_build_failed=False, packages_skip_build_finished=False, packages_select_test_failures=False, packages_skip_test_passed=False, packages_select=['interfaz', 'p2pkg'], packages_skip=None, packages_select_regex=None, packages_skip_regex=None, packages_start=None, packages_end=None, allow_overriding=[], cmake_args=None, cmake_target=None, cmake_target_skip_unavailable=False, cmake_clean_cache=False, cmake_clean_first=False, cmake_force_configure=False, ament_cmake_args=None, catkin_cmake_args=None, catkin_skip_building_tests=False, mixin_files=None, mixin=None, verb_parser=<colcon_mixin.mixin.mixin_argument.MixinArgumentDecorator object at 0x7088d04360b0>, verb_extension=<colcon_core.verb.build.BuildVerb object at 0x7088d0435a80>, main=<bound method BuildVerb.main of <colcon_core.verb.build.BuildVerb object at 0x7088d0435a80>>, mixin_verb=('build',))
[0.269s] Level 1:colcon.colcon_core.package_discovery:discover_packages(colcon_meta) check parameters
[0.270s] Level 1:colcon.colcon_core.package_discovery:discover_packages(recursive) check parameters
[0.270s] Level 1:colcon.colcon_core.package_discovery:discover_packages(ignore) check parameters
[0.270s] Level 1:colcon.colcon_core.package_discovery:discover_packages(path) check parameters
[0.270s] Level 1:colcon.colcon_core.package_discovery:discover_packages(colcon_meta) discover
[0.270s] Level 1:colcon.colcon_core.package_discovery:discover_packages(recursive) discover
[0.270s] INFO:colcon.colcon_core.package_discovery:Crawling recursively for packages in '/workspace/ros2_ws'
[0.270s] Level 1:colcon.colcon_core.package_identification:_identify(.) by extensions ['ignore', 'ignore_ament_install']
[0.270s] Level 1:colcon.colcon_core.package_identification:_identify(.) by extension 'ignore'
[0.270s] Level 1:colcon.colcon_core.package_identification:_identify(.) by extension 'ignore_ament_install'
[0.270s] Level 1:colcon.colcon_core.package_identification:_identify(.) by extensions ['colcon_pkg']
[0.271s] Level 1:colcon.colcon_core.package_identification:_identify(.) by extension 'colcon_pkg'
[0.271s] Level 1:colcon.colcon_core.package_identification:_identify(.) by extensions ['colcon_meta']
[0.271s] Level 1:colcon.colcon_core.package_identification:_identify(.) by extension 'colcon_meta'
[0.271s] Level 1:colcon.colcon_core.package_identification:_identify(.) by extensions ['ros']
[0.271s] Level 1:colcon.colcon_core.package_identification:_identify(.) by extension 'ros'
[0.280s] Level 1:colcon.colcon_core.package_identification:_identify(.) by extensions ['cmake', 'python']
[0.281s] Level 1:colcon.colcon_core.package_identification:_identify(.) by extension 'cmake'
[0.281s] Level 1:colcon.colcon_core.package_identification:_identify(.) by extension 'python'
[0.281s] Level 1:colcon.colcon_core.package_identification:_identify(.) by extensions ['python_setup_py']
[0.281s] Level 1:colcon.colcon_core.package_identification:_identify(.) by extension 'python_setup_py'
[0.281s] Level 1:colcon.colcon_core.package_identification:_identify(build) by extensions ['ignore', 'ignore_ament_install']
[0.281s] Level 1:colcon.colcon_core.package_identification:_identify(build) by extension 'ignore'
[0.281s] Level 1:colcon.colcon_core.package_identification:_identify(build) ignored
[0.281s] Level 1:colcon.colcon_core.package_identification:_identify(install) by extensions ['ignore', 'ignore_ament_install']
[0.281s] Level 1:colcon.colcon_core.package_identification:_identify(install) by extension 'ignore'
[0.281s] Level 1:colcon.colcon_core.package_identification:_identify(install) ignored
[0.281s] Level 1:colcon.colcon_core.package_identification:_identify(log) by extensions ['ignore', 'ignore_ament_install']
[0.281s] Level 1:colcon.colcon_core.package_identification:_identify(log) by extension 'ignore'
[0.281s] Level 1:colcon.colcon_core.package_identification:_identify(log) ignored
[0.281s] Level 1:colcon.colcon_core.package_identification:_identify(src) by extensions ['ignore', 'ignore_ament_install']
[0.281s] Level 1:colcon.colcon_core.package_identification:_identify(src) by extension 'ignore'
[0.281s] Level 1:colcon.colcon_core.package_identification:_identify(src) by extension 'ignore_ament_install'
[0.281s] Level 1:colcon.colcon_core.package_identification:_identify(src) by extensions ['colcon_pkg']
[0.281s] Level 1:colcon.colcon_core.package_identification:_identify(src) by extension 'colcon_pkg'
[0.282s] Level 1:colcon.colcon_core.package_identification:_identify(src) by extensions ['colcon_meta']
[0.282s] Level 1:colcon.colcon_core.package_identification:_identify(src) by extension 'colcon_meta'
[0.282s] Level 1:colcon.colcon_core.package_identification:_identify(src) by extensions ['ros']
[0.282s] Level 1:colcon.colcon_core.package_identification:_identify(src) by extension 'ros'
[0.282s] Level 1:colcon.colcon_core.package_identification:_identify(src) by extensions ['cmake', 'python']
[0.282s] Level 1:colcon.colcon_core.package_identification:_identify(src) by extension 'cmake'
[0.282s] Level 1:colcon.colcon_core.package_identification:_identify(src) by extension 'python'
[0.282s] Level 1:colcon.colcon_core.package_identification:_identify(src) by extensions ['python_setup_py']
[0.282s] Level 1:colcon.colcon_core.package_identification:_identify(src) by extension 'python_setup_py'
[0.282s] Level 1:colcon.colcon_core.package_identification:_identify(src/build) by extensions ['ignore', 'ignore_ament_install']
[0.282s] Level 1:colcon.colcon_core.package_identification:_identify(src/build) by extension 'ignore'
[0.282s] Level 1:colcon.colcon_core.package_identification:_identify(src/build) ignored
[0.282s] Level 1:colcon.colcon_core.package_identification:_identify(src/install) by extensions ['ignore', 'ignore_ament_install']
[0.282s] Level 1:colcon.colcon_core.package_identification:_identify(src/install) by extension 'ignore'
[0.282s] Level 1:colcon.colcon_core.package_identification:_identify(src/install) ignored
[0.282s] Level 1:colcon.colcon_core.package_identification:_identify(src/interfaz) by extensions ['ignore', 'ignore_ament_install']
[0.282s] Level 1:colcon.colcon_core.package_identification:_identify(src/interfaz) by extension 'ignore'
[0.282s] Level 1:colcon.colcon_core.package_identification:_identify(src/interfaz) by extension 'ignore_ament_install'
[0.282s] Level 1:colcon.colcon_core.package_identification:_identify(src/interfaz) by extensions ['colcon_pkg']
[0.282s] Level 1:colcon.colcon_core.package_identification:_identify(src/interfaz) by extension 'colcon_pkg'
[0.282s] Level 1:colcon.colcon_core.package_identification:_identify(src/interfaz) by extensions ['colcon_meta']
[0.282s] Level 1:colcon.colcon_core.package_identification:_identify(src/interfaz) by extension 'colcon_meta'
[0.282s] Level 1:colcon.colcon_core.package_identification:_identify(src/interfaz) by extensions ['ros']
[0.282s] Level 1:colcon.colcon_core.package_identification:_identify(src/interfaz) by extension 'ros'
[0.285s] DEBUG:colcon.colcon_core.package_identification:Package 'src/interfaz' with type 'ros.ament_cmake' and name 'interfaz'
[0.285s] Level 1:colcon.colcon_core.package_identification:_identify(src/interfaz_servicio_suma) by extensions ['ignore', 'ignore_ament_install']
[0.285s] Level 1:colcon.colcon_core.package_identification:_identify(src/interfaz_servicio_suma) by extension 'ignore'
[0.285s] Level 1:colcon.colcon_core.package_identification:_identify(src/interfaz_servicio_suma) by extension 'ignore_ament_install'
[0.285s] Level 1:colcon.colcon_core.package_identification:_identify(src/interfaz_servicio_suma) by extensions ['colcon_pkg']
[0.285s] Level 1:colcon.colcon_core.package_identification:_identify(src/interfaz_servicio_suma) by extension 'colcon_pkg'
[0.285s] Level 1:colcon.colcon_core.package_identification:_identify(src/interfaz_servicio_suma) by extensions ['colcon_meta']
[0.285s] Level 1:colcon.colcon_core.package_identification:_identify(src/interfaz_servicio_suma) by extension 'colcon_meta'
[0.285s] Level 1:colcon.colcon_core.package_identification:_identify(src/interfaz_servicio_suma) by extensions ['ros']
[0.285s] Level 1:colcon.colcon_core.package_identification:_identify(src/interfaz_servicio_suma) by extension 'ros'
[0.285s] DEBUG:colcon.colcon_core.package_identification:Package 'src/interfaz_servicio_suma' with type 'ros.ament_cmake' and name 'interfaz_servicio_suma'
[0.286s] Level 1:colcon.colcon_core.package_identification:_identify(src/log) by extensions ['ignore', 'ignore_ament_install']
[0.286s] Level 1:colcon.colcon_core.package_identification:_identify(src/log) by extension 'ignore'
[0.286s] Level 1:colcon.colcon_core.package_identification:_identify(src/log) ignored
[0.286s] Level 1:colcon.colcon_core.package_identification:_identify(src/p2pkg) by extensions ['ignore', 'ignore_ament_install']
[0.286s] Level 1:colcon.colcon_core.package_identification:_identify(src/p2pkg) by extension 'ignore'
[0.286s] Level 1:colcon.colcon_core.package_identification:_identify(src/p2pkg) by extension 'ignore_ament_install'
[0.286s] Level 1:colcon.colcon_core.package_identification:_identify(src/p2pkg) by extensions ['colcon_pkg']
[0.286s] Level 1:colcon.colcon_core.package_identification:_identify(src/p2pkg) by extension 'colcon_pkg'
[0.286s] Level 1:colcon.colcon_core.package_identification:_identify(src/p2pkg) by extensions ['colcon_meta']
[0.286s] Level 1:colcon.colcon_core.package_identification:_identify(src/p2pkg) by extension 'colcon_meta'
[0.286s] Level 1:colcon.colcon_core.package_identification:_identify(src/p2pkg) by extensions ['ros']
[0.286s] Level 1:colcon.colcon_core.package_identification:_identify(src/p2pkg) by extension 'ros'
[0.286s] DEBUG:colcon.colcon_core.package_identification:Package 'src/p2pkg' with type 'ros.ament_python' and name 'p2pkg'
[0.286s] Level 1:colcon.colcon_core.package_identification:_identify(src/parte2) by extensions ['ignore', 'ignore_ament_install']
[0.287s] Level 1:colcon.colcon_core.package_identification:_identify(src/parte2) by extension 'ignore'
[0.287s] Level 1:colcon.colcon_core.package_identification:_identify(src/parte2) by extension 'ignore_ament_install'
[0.287s] Level 1:colcon.colcon_core.package_identification:_identify(src/parte2) by extensions ['colcon_pkg']
[0.287s] Level 1:colcon.colcon_core.package_identification:_identify(src/parte2) by extension 'colcon_pkg'
[0.287s] Level 1:colcon.colcon_core.package_identification:_identify(src/parte2) by extensions ['colcon_meta']
[0.287s] Level 1:colcon.colcon_core.package_identification:_identify(src/parte2) by extension 'colcon_meta'
[0.287s] Level 1:colcon.colcon_core.package_identification:_identify(src/parte2) by extensions ['ros']
[0.287s] Level 1:colcon.colcon_core.package_identification:_identify(src/parte2) by extension 'ros'
[0.287s] DEBUG:colcon.colcon_core.package_identification:Package 'src/parte2' with type 'ros.ament_cmake' and name 'parte2'
[0.287s] Level 1:colcon.colcon_core.package_identification:_identify(src/primer_paquete) by extensions ['ignore', 'ignore_ament_install']
[0.287s] Level 1:colcon.colcon_core.package_identification:_identify(src/primer_paquete) by extension 'ignore'
[0.287s] Level 1:colcon.colcon_core.package_identification:_identify(src/primer_paquete) by extension 'ignore_ament_install'
[0.287s] Level 1:colcon.colcon_core.package_identification:_identify(src/primer_paquete) by extensions ['colcon_pkg']
[0.287s] Level 1:colcon.colcon_core.package_identification:_identify(src/primer_paquete) by extension 'colcon_pkg'
[0.287s] Level 1:colcon.colcon_core.package_identification:_identify(src/primer_paquete) by extensions ['colcon_meta']
[0.287s] Level 1:colcon.colcon_core.package_identification:_identify(src/primer_paquete) by extension 'colcon_meta'
[0.287s] Level 1:colcon.colcon_core.package_identification:_identify(src/primer_paquete) by extensions ['ros']
[0.287s] Level 1:colcon.colcon_core.package_identification:_identify(src/primer_paquete) by extension 'ros'
[0.288s] DEBUG:colcon.colcon_core.package_identification:Package 'src/primer_paquete' with type 'ros.ament_python' and name 'primer_paquete'
[0.288s] Level 1:colcon.colcon_core.package_identification:_identify(src/servicio_suma) by extensions ['ignore', 'ignore_ament_install']
[0.288s] Level 1:colcon.colcon_core.package_identification:_identify(src/servicio_suma) by extension 'ignore'
[0.288s] Level 1:colcon.colcon_core.package_identification:_identify(src/servicio_suma) by extension 'ignore_ament_install'
[0.288s] Level 1:colcon.colcon_core.package_identification:_identify(src/servicio_suma) by extensions ['colcon_pkg']
[0.288s] Level 1:colcon.colcon_core.package_identification:_identify(src/servicio_suma) by extension 'colcon_pkg'
[0.288s] Level 1:colcon.colcon_core.package_identification:_identify(src/servicio_suma) by extensions ['colcon_meta']
[0.288s] Level 1:colcon.colcon_core.package_identification:_identify(src/servicio_suma) by extension 'colcon_meta'
[0.288s] Level 1:colcon.colcon_core.package_identification:_identify(src/servicio_suma) by extensions ['ros']
[0.288s] Level 1:colcon.colcon_core.package_identification:_identify(src/servicio_suma) by extension 'ros'
[0.289s] DEBUG:colcon.colcon_core.package_identification:Package 'src/servicio_suma' with type 'ros.ament_python' and name 'servicio_suma'
[0.290s] Level 1:colcon.colcon_core.package_discovery:discover_packages(recursive) using defaults
[0.290s] Level 1:colcon.colcon_core.package_discovery:discover_packages(ignore) discover
[0.290s] Level 1:colcon.colcon_core.package_discovery:discover_packages(ignore) using defaults
[0.290s] Level 1:colcon.colcon_core.package_discovery:discover_packages(path) discover
[0.290s] Level 1:colcon.colcon_core.package_discovery:discover_packages(path) using defaults
[0.315s] INFO:colcon.colcon_core.package_selection:Skipping not selected package 'interfaz_servicio_suma' in 'src/interfaz_servicio_suma'
[0.315s] INFO:colcon.colcon_core.package_selection:Skipping not selected package 'parte2' in 'src/parte2'
[0.316s] INFO:colcon.colcon_core.package_selection:Skipping not selected package 'servicio_suma' in 'src/servicio_suma'
[0.316s] INFO:colcon.colcon_core.package_selection:Skipping not selected package 'primer_paquete' in 'src/primer_paquete'
[0.316s] Level 1:colcon.colcon_core.package_discovery:discover_packages(prefix_path) check parameters
[0.316s] Level 1:colcon.colcon_core.package_discovery:discover_packages(prefix_path) discover
[0.318s] DEBUG:colcon.colcon_installed_package_information.package_discovery:Found 6 installed packages in /workspace/ros2_ws/install
[0.319s] DEBUG:colcon.colcon_installed_package_information.package_discovery:Found 386 installed packages in /opt/ros/humble
[0.320s] Level 1:colcon.colcon_core.package_discovery:discover_packages(prefix_path) using defaults
[0.350s] WARNING:colcon.colcon_core.package_selection:Some selected packages are already built in one or more underlay workspaces:
	'interfaz' is in: /workspace/ros2_ws/install/interfaz
If a package in a merged underlay workspace is overridden and it installs headers, then all packages in the overlay must sort their include directories by workspace order. Failure to do so may result in build failures or undefined behavior at run time.
If the overridden package is used by another package in any underlay, then the overriding package in the overlay must be API and ABI compatible or undefined behavior at run time may occur.

If you understand the risks and want to override a package anyways, add the following to the command line:
	--allow-overriding interfaz

This may be promoted to an error in a future release of colcon-override-check.
[0.351s] Level 5:colcon.colcon_core.verb:set package 'interfaz' build argument 'cmake_args' from command line to 'None'
[0.351s] Level 5:colcon.colcon_core.verb:set package 'interfaz' build argument 'cmake_target' from command line to 'None'
[0.351s] Level 5:colcon.colcon_core.verb:set package 'interfaz' build argument 'cmake_target_skip_unavailable' from command line to 'False'
[0.351s] Level 5:colcon.colcon_core.verb:set package 'interfaz' build argument 'cmake_clean_cache' from command line to 'False'
[0.351s] Level 5:colcon.colcon_core.verb:set package 'interfaz' build argument 'cmake_clean_first' from command line to 'False'
[0.351s] Level 5:colcon.colcon_core.verb:set package 'interfaz' build argument 'cmake_force_configure' from command line to 'False'
[0.351s] Level 5:colcon.colcon_core.verb:set package 'interfaz' build argument 'ament_cmake_args' from command line to 'None'
[0.351s] Level 5:colcon.colcon_core.verb:set package 'interfaz' build argument 'catkin_cmake_args' from command line to 'None'
[0.351s] Level 5:colcon.colcon_core.verb:set package 'interfaz' build argument 'catkin_skip_building_tests' from command line to 'False'
[0.351s] DEBUG:colcon.colcon_core.verb:Building package 'interfaz' with the following arguments: {'ament_cmake_args': None, 'build_base': '/workspace/ros2_ws/build/interfaz', 'catkin_cmake_args': None, 'catkin_skip_building_tests': False, 'cmake_args': None, 'cmake_clean_cache': False, 'cmake_clean_first': False, 'cmake_force_configure': False, 'cmake_target': None, 'cmake_target_skip_unavailable': False, 'install_base': '/workspace/ros2_ws/install/interfaz', 'merge_install': False, 'path': '/workspace/ros2_ws/src/interfaz', 'symlink_install': False, 'test_result_base': None}
[0.352s] Level 5:colcon.colcon_core.verb:set package 'p2pkg' build argument 'cmake_args' from command line to 'None'
[0.352s] Level 5:colcon.colcon_core.verb:set package 'p2pkg' build argument 'cmake_target' from command line to 'None'
[0.352s] Level 5:colcon.colcon_core.verb:set package 'p2pkg' build argument 'cmake_target_skip_unavailable' from command line to 'False'
[0.352s] Level 5:colcon.colcon_core.verb:set package 'p2pkg' build argument 'cmake_clean_cache' from command line to 'False'
[0.352s] Level 5:colcon.colcon_core.verb:set package 'p2pkg' build argument 'cmake_clean_first' from command line to 'False'
[0.352s] Level 5:colcon.colcon_core.verb:set package 'p2pkg' build argument 'cmake_force_configure' from command line to 'False'
[0.352s] Level 5:colcon.colcon_core.verb:set package 'p2pkg' build argument 'ament_cmake_args' from command line to 'None'
[0.352s] Level 5:colcon.colcon_core.verb:set package 'p2pkg' build argument 'catkin_cmake_args' from command line to 'None'
[0.352s] Level 5:colcon.colcon_core.verb:set package 'p2pkg' build argument 'catkin_skip_building_tests' from command line to 'False'
[0.352s] DEBUG:colcon.colcon_core.verb:Building package 'p2pkg' with the following arguments: {'ament_cmake_args': None, 'build_base': '/workspace/ros2_ws/build/p2pkg', 'catkin_cmake_args': None, 'catkin_skip_building_tests': False, 'cmake_args': None, 'cmake_clean_cache': False, 'cmake_clean_first': False, 'cmake_force_configure': False, 'cmake_target': None, 'cmake_target_skip_unavailable': False, 'install_base': '/workspace/ros2_ws/install/p2pkg', 'merge_install': False, 'path': '/workspace/ros2_ws/src/p2pkg', 'symlink_install': False, 'test_result_base': None}
[0.352s] INFO:colcon.colcon_core.executor:Executing jobs using 'parallel' executor
[0.353s] DEBUG:colcon.colcon_parallel_executor.executor.parallel:run_until_complete
[0.353s] INFO:colcon.colcon_ros.task.ament_cmake.build:Building ROS package in '/workspace/ros2_ws/src/interfaz' with build type 'ament_cmake'
[0.353s] INFO:colcon.colcon_cmake.task.cmake.build:Building CMake package in '/workspace/ros2_ws/src/interfaz'
[0.355s] INFO:colcon.colcon_core.plugin_system:Skipping extension 'colcon_core.shell.bat': Not used on non-Windows systems
[0.355s] INFO:colcon.colcon_core.shell:Skip shell extension 'powershell' for command environment: Not usable outside of PowerShell
[0.355s] DEBUG:colcon.colcon_core.shell:Skip shell extension 'dsv' for command environment
[0.364s] DEBUG:colcon.colcon_core.event_handler.log_command:Invoking command in '/workspace/ros2_ws/build/interfaz': CMAKE_PREFIX_PATH=${CMAKE_PREFIX_PATH}:/workspace/ros2_ws/install/p2pkg:/workspace/ros2_ws/install/primer_paquete:/workspace/ros2_ws/install/servicio_suma:/opt/ros/humble /usr/bin/cmake --build /workspace/ros2_ws/build/interfaz -- -j20 -l20
[0.586s] DEBUG:colcon.colcon_core.event_handler.log_command:Invoked command in '/workspace/ros2_ws/build/interfaz' returned '0': CMAKE_PREFIX_PATH=${CMAKE_PREFIX_PATH}:/workspace/ros2_ws/install/p2pkg:/workspace/ros2_ws/install/primer_paquete:/workspace/ros2_ws/install/servicio_suma:/opt/ros/humble /usr/bin/cmake --build /workspace/ros2_ws/build/interfaz -- -j20 -l20
[0.593s] DEBUG:colcon.colcon_core.event_handler.log_command:Invoking command in '/workspace/ros2_ws/build/interfaz': CMAKE_PREFIX_PATH=${CMAKE_PREFIX_PATH}:/workspace/ros2_ws/install/p2pkg:/workspace/ros2_ws/install/primer_paquete:/workspace/ros2_ws/install/servicio_suma:/opt/ros/humble /usr/bin/cmake --install /workspace/ros2_ws/build/interfaz
[0.624s] Level 1:colcon.colcon_core.environment:create_environment_scripts_only(interfaz)
[0.625s] DEBUG:colcon.colcon_core.event_handler.log_command:Invoked command in '/workspace/ros2_ws/build/interfaz' returned '0': CMAKE_PREFIX_PATH=${CMAKE_PREFIX_PATH}:/workspace/ros2_ws/install/p2pkg:/workspace/ros2_ws/install/primer_paquete:/workspace/ros2_ws/install/servicio_suma:/opt/ros/humble /usr/bin/cmake --install /workspace/ros2_ws/build/interfaz
[0.626s] Level 1:colcon.colcon_core.environment:checking '/workspace/ros2_ws/install/interfaz' for CMake module files
[0.626s] Level 1:colcon.colcon_core.environment:checking '/workspace/ros2_ws/install/interfaz' for CMake config files
[0.626s] Level 1:colcon.colcon_core.shell:create_environment_hook('interfaz', 'cmake_prefix_path')
[0.627s] INFO:colcon.colcon_core.shell:Creating environment hook '/workspace/ros2_ws/install/interfaz/share/interfaz/hook/cmake_prefix_path.ps1'
[0.627s] INFO:colcon.colcon_core.shell:Creating environment descriptor '/workspace/ros2_ws/install/interfaz/share/interfaz/hook/cmake_prefix_path.dsv'
[0.627s] INFO:colcon.colcon_core.shell:Creating environment hook '/workspace/ros2_ws/install/interfaz/share/interfaz/hook/cmake_prefix_path.sh'
[0.628s] Level 1:colcon.colcon_core.environment:checking '/workspace/ros2_ws/install/interfaz/lib'
[0.628s] Level 1:colcon.colcon_core.shell:create_environment_hook('interfaz', 'ld_library_path_lib')
[0.628s] INFO:colcon.colcon_core.shell:Creating environment hook '/workspace/ros2_ws/install/interfaz/share/interfaz/hook/ld_library_path_lib.ps1'
[0.628s] INFO:colcon.colcon_core.shell:Creating environment descriptor '/workspace/ros2_ws/install/interfaz/share/interfaz/hook/ld_library_path_lib.dsv'
[0.628s] INFO:colcon.colcon_core.shell:Creating environment hook '/workspace/ros2_ws/install/interfaz/share/interfaz/hook/ld_library_path_lib.sh'
[0.629s] Level 1:colcon.colcon_core.environment:checking '/workspace/ros2_ws/install/interfaz/bin'
[0.629s] Level 1:colcon.colcon_core.environment:checking '/workspace/ros2_ws/install/interfaz/lib/pkgconfig/interfaz.pc'
[0.629s] Level 1:colcon.colcon_core.environment:checking '/workspace/ros2_ws/install/interfaz/lib/python3.10/site-packages'
[0.629s] Level 1:colcon.colcon_core.environment:checking '/workspace/ros2_ws/install/interfaz/bin'
[0.629s] INFO:colcon.colcon_core.shell:Creating package script '/workspace/ros2_ws/install/interfaz/share/interfaz/package.ps1'
[0.629s] INFO:colcon.colcon_core.shell:Creating package descriptor '/workspace/ros2_ws/install/interfaz/share/interfaz/package.dsv'
[0.630s] INFO:colcon.colcon_core.shell:Creating package script '/workspace/ros2_ws/install/interfaz/share/interfaz/package.sh'
[0.630s] INFO:colcon.colcon_core.shell:Creating package script '/workspace/ros2_ws/install/interfaz/share/interfaz/package.bash'
[0.630s] INFO:colcon.colcon_core.shell:Creating package script '/workspace/ros2_ws/install/interfaz/share/interfaz/package.zsh'
[0.631s] Level 1:colcon.colcon_core.environment:create_file_with_runtime_dependencies(/workspace/ros2_ws/install/interfaz/share/colcon-core/packages/interfaz)
[0.631s] Level 1:colcon.colcon_core.environment:create_environment_scripts_only(interfaz)
[0.631s] Level 1:colcon.colcon_core.environment:checking '/workspace/ros2_ws/install/interfaz' for CMake module files
[0.631s] Level 1:colcon.colcon_core.environment:checking '/workspace/ros2_ws/install/interfaz' for CMake config files
[0.631s] Level 1:colcon.colcon_core.shell:create_environment_hook('interfaz', 'cmake_prefix_path')
[0.631s] INFO:colcon.colcon_core.shell:Creating environment hook '/workspace/ros2_ws/install/interfaz/share/interfaz/hook/cmake_prefix_path.ps1'
[0.632s] INFO:colcon.colcon_core.shell:Creating environment descriptor '/workspace/ros2_ws/install/interfaz/share/interfaz/hook/cmake_prefix_path.dsv'
[0.632s] INFO:colcon.colcon_core.shell:Creating environment hook '/workspace/ros2_ws/install/interfaz/share/interfaz/hook/cmake_prefix_path.sh'
[0.632s] Level 1:colcon.colcon_core.environment:checking '/workspace/ros2_ws/install/interfaz/lib'
[0.632s] Level 1:colcon.colcon_core.shell:create_environment_hook('interfaz', 'ld_library_path_lib')
[0.632s] INFO:colcon.colcon_core.shell:Creating environment hook '/workspace/ros2_ws/install/interfaz/share/interfaz/hook/ld_library_path_lib.ps1'
[0.632s] INFO:colcon.colcon_core.shell:Creating environment descriptor '/workspace/ros2_ws/install/interfaz/share/interfaz/hook/ld_library_path_lib.dsv'
[0.632s] INFO:colcon.colcon_core.shell:Creating environment hook '/workspace/ros2_ws/install/interfaz/share/interfaz/hook/ld_library_path_lib.sh'
[0.633s] Level 1:colcon.colcon_core.environment:checking '/workspace/ros2_ws/install/interfaz/bin'
[0.633s] Level 1:colcon.colcon_core.environment:checking '/workspace/ros2_ws/install/interfaz/lib/pkgconfig/interfaz.pc'
[0.633s] Level 1:colcon.colcon_core.environment:checking '/workspace/ros2_ws/install/interfaz/lib/python3.10/site-packages'
[0.633s] Level 1:colcon.colcon_core.environment:checking '/workspace/ros2_ws/install/interfaz/bin'
[0.633s] INFO:colcon.colcon_core.shell:Creating package script '/workspace/ros2_ws/install/interfaz/share/interfaz/package.ps1'
[0.633s] INFO:colcon.colcon_core.shell:Creating package descriptor '/workspace/ros2_ws/install/interfaz/share/interfaz/package.dsv'
[0.634s] INFO:colcon.colcon_core.shell:Creating package script '/workspace/ros2_ws/install/interfaz/share/interfaz/package.sh'
[0.634s] INFO:colcon.colcon_core.shell:Creating package script '/workspace/ros2_ws/install/interfaz/share/interfaz/package.bash'
[0.634s] INFO:colcon.colcon_core.shell:Creating package script '/workspace/ros2_ws/install/interfaz/share/interfaz/package.zsh'
[0.634s] Level 1:colcon.colcon_core.environment:create_file_with_runtime_dependencies(/workspace/ros2_ws/install/interfaz/share/colcon-core/packages/interfaz)
[0.634s] INFO:colcon.colcon_ros.task.ament_python.build:Building ROS package in '/workspace/ros2_ws/src/p2pkg' with build type 'ament_python'
[0.634s] Level 1:colcon.colcon_core.shell:create_environment_hook('p2pkg', 'ament_prefix_path')
[0.635s] INFO:colcon.colcon_core.shell:Creating environment hook '/workspace/ros2_ws/install/p2pkg/share/p2pkg/hook/ament_prefix_path.ps1'
[0.635s] INFO:colcon.colcon_core.shell:Creating environment descriptor '/workspace/ros2_ws/install/p2pkg/share/p2pkg/hook/ament_prefix_path.dsv'
[0.635s] INFO:colcon.colcon_core.shell:Creating environment hook '/workspace/ros2_ws/install/p2pkg/share/p2pkg/hook/ament_prefix_path.sh'
[0.636s] INFO:colcon.colcon_core.shell:Skip shell extension 'powershell' for command environment: Not usable outside of PowerShell
[0.636s] DEBUG:colcon.colcon_core.shell:Skip shell extension 'dsv' for command environment
[0.810s] INFO:colcon.colcon_core.task.python.build:Building Python package in '/workspace/ros2_ws/src/p2pkg'
[0.810s] INFO:colcon.colcon_core.shell:Skip shell extension 'powershell' for command environment: Not usable outside of PowerShell
[0.811s] DEBUG:colcon.colcon_core.shell:Skip shell extension 'dsv' for command environment
[1.131s] DEBUG:colcon.colcon_core.event_handler.log_command:Invoking command in '/workspace/ros2_ws/src/p2pkg': PYTHONPATH=/workspace/ros2_ws/build/p2pkg/prefix_override:/usr/lib/python3/dist-packages/colcon_core/task/python/colcon_distutils_commands:/workspace/ros2_ws/install/p2pkg/lib/python3.10/site-packages:${PYTHONPATH} /usr/bin/python3 -W ignore:setup.py install is deprecated -W ignore:easy_install command is deprecated setup.py egg_info --egg-base ../../build/p2pkg build --build-base /workspace/ros2_ws/build/p2pkg/build install --record /workspace/ros2_ws/build/p2pkg/install.log --single-version-externally-managed install_data
[1.414s] Level 1:colcon.colcon_core.environment:checking '/workspace/ros2_ws/install/p2pkg' for CMake module files
[1.414s] DEBUG:colcon.colcon_core.event_handler.log_command:Invoked command in '/workspace/ros2_ws/src/p2pkg' returned '0': PYTHONPATH=/workspace/ros2_ws/build/p2pkg/prefix_override:/usr/lib/python3/dist-packages/colcon_core/task/python/colcon_distutils_commands:/workspace/ros2_ws/install/p2pkg/lib/python3.10/site-packages:${PYTHONPATH} /usr/bin/python3 -W ignore:setup.py install is deprecated -W ignore:easy_install command is deprecated setup.py egg_info --egg-base ../../build/p2pkg build --build-base /workspace/ros2_ws/build/p2pkg/build install --record /workspace/ros2_ws/build/p2pkg/install.log --single-version-externally-managed install_data
[1.414s] Level 1:colcon.colcon_core.environment:checking '/workspace/ros2_ws/install/p2pkg' for CMake config files
[1.415s] Level 1:colcon.colcon_core.environment:checking '/workspace/ros2_ws/install/p2pkg/lib'
[1.415s] Level 1:colcon.colcon_core.environment:checking '/workspace/ros2_ws/install/p2pkg/bin'
[1.415s] Level 1:colcon.colcon_core.environment:checking '/workspace/ros2_ws/install/p2pkg/lib/pkgconfig/p2pkg.pc'
[1.415s] Level 1:colcon.colcon_core.environment:checking '/workspace/ros2_ws/install/p2pkg/lib/python3.10/site-packages'
[1.415s] Level 1:colcon.colcon_core.shell:create_environment_hook('p2pkg', 'pythonpath')
[1.415s] INFO:colcon.colcon_core.shell:Creating environment hook '/workspace/ros2_ws/install/p2pkg/share/p2pkg/hook/pythonpath.ps1'
[1.416s] INFO:colcon.colcon_core.shell:Creating environment descriptor '/workspace/ros2_ws/install/p2pkg/share/p2pkg/hook/pythonpath.dsv'
[1.416s] INFO:colcon.colcon_core.shell:Creating environment hook '/workspace/ros2_ws/install/p2pkg/share/p2pkg/hook/pythonpath.sh'
[1.417s] Level 1:colcon.colcon_core.environment:checking '/workspace/ros2_ws/install/p2pkg/bin'
[1.417s] Level 1:colcon.colcon_core.environment:create_environment_scripts_only(p2pkg)
[1.417s] INFO:colcon.colcon_core.shell:Creating package script '/workspace/ros2_ws/install/p2pkg/share/p2pkg/package.ps1'
[1.417s] INFO:colcon.colcon_core.shell:Creating package descriptor '/workspace/ros2_ws/install/p2pkg/share/p2pkg/package.dsv'
[1.418s] INFO:colcon.colcon_core.shell:Creating package script '/workspace/ros2_ws/install/p2pkg/share/p2pkg/package.sh'
[1.418s] INFO:colcon.colcon_core.shell:Creating package script '/workspace/ros2_ws/install/p2pkg/share/p2pkg/package.bash'
[1.418s] INFO:colcon.colcon_core.shell:Creating package script '/workspace/ros2_ws/install/p2pkg/share/p2pkg/package.zsh'
[1.418s] Level 1:colcon.colcon_core.environment:create_file_with_runtime_dependencies(/workspace/ros2_ws/install/p2pkg/share/colcon-core/packages/p2pkg)
[1.419s] DEBUG:colcon.colcon_parallel_executor.executor.parallel:closing loop
[1.419s] DEBUG:colcon.colcon_parallel_executor.executor.parallel:loop closed
[1.419s] DEBUG:colcon.colcon_parallel_executor.executor.parallel:run_until_complete finished with '0'
[1.419s] DEBUG:colcon.colcon_core.event_reactor:joining thread
[1.424s] INFO:colcon.colcon_core.plugin_system:Skipping extension 'colcon_notification.desktop_notification.notify_send': Could not find 'notify-send'
[1.424s] INFO:colcon.colcon_core.plugin_system:Skipping extension 'colcon_notification.desktop_notification.terminal_notifier': Not used on non-Darwin systems
[1.424s] INFO:colcon.colcon_core.plugin_system:Skipping extension 'colcon_notification.desktop_notification.win32': Not used on non-Windows systems
[1.424s] INFO:colcon.colcon_notification.desktop_notification:Sending desktop notification using 'notify2'
[1.426s] DEBUG:colcon.colcon_notification.desktop_notification.notify2:Failed to initialize notify2: org.freedesktop.DBus.Error.Spawn.ExecFailed: /usr/bin/dbus-launch terminated abnormally without any error message
[1.426s] DEBUG:colcon.colcon_core.event_reactor:joined thread
[1.427s] INFO:colcon.colcon_core.shell:Creating prefix script '/workspace/ros2_ws/install/local_setup.ps1'
[1.428s] INFO:colcon.colcon_core.shell:Creating prefix util module '/workspace/ros2_ws/install/_local_setup_util_ps1.py'
[1.429s] INFO:colcon.colcon_core.shell:Creating prefix chain script '/workspace/ros2_ws/install/setup.ps1'
[1.429s] INFO:colcon.colcon_core.shell:Creating prefix script '/workspace/ros2_ws/install/local_setup.sh'
[1.430s] INFO:colcon.colcon_core.shell:Creating prefix util module '/workspace/ros2_ws/install/_local_setup_util_sh.py'
[1.430s] INFO:colcon.colcon_core.shell:Creating prefix chain script '/workspace/ros2_ws/install/setup.sh'
[1.431s] INFO:colcon.colcon_core.shell:Creating prefix script '/workspace/ros2_ws/install/local_setup.bash'
[1.431s] INFO:colcon.colcon_core.shell:Creating prefix chain script '/workspace/ros2_ws/install/setup.bash'
[1.432s] INFO:colcon.colcon_core.shell:Creating prefix script '/workspace/ros2_ws/install/local_setup.zsh'
[1.432s] INFO:colcon.colcon_core.shell:Creating prefix chain script '/workspace/ros2_ws/install/setup.zsh'
