[0.013s] Invoking command in '/workspace/ros2_ws/build/interfaz': CMAKE_PREFIX_PATH=${CMAKE_PREFIX_PATH}:/workspace/ros2_ws/install/servicio_suma:/opt/ros/humble /usr/bin/cmake /workspace/ros2_ws/src/interfaz -DCMAKE_INSTALL_PREFIX=/workspace/ros2_ws/install/interfaz
[0.026s] -- Found ament_cmake: 1.3.13 (/opt/ros/humble/share/ament_cmake/cmake)
[0.176s] -- Found ament_lint_auto: 0.12.15 (/opt/ros/humble/share/ament_lint_auto/cmake)
[0.237s] -- Added test 'lint_cmake' to check CMake code style
[0.238s] -- Added test 'xmllint' to check XML markup files
[0.238s] -- Found std_msgs: 4.9.1 (/opt/ros/humble/share/std_msgs/cmake)
[0.261s] -- Found rosidl_generator_c: 3.1.8 (/opt/ros/humble/share/rosidl_generator_c/cmake)
[0.263s] -- Found rosidl_adapter: 3.1.8 (/opt/ros/humble/share/rosidl_adapter/cmake)
[0.268s] -- Found rosidl_generator_cpp: 3.1.8 (/opt/ros/humble/share/rosidl_generator_cpp/cmake)
[0.278s] -- Using all available rosidl_typesupport_c: rosidl_typesupport_fastrtps_c;rosidl_typesupport_introspection_c
[0.289s] -- Using all available rosidl_typesupport_cpp: rosidl_typesupport_fastrtps_cpp;rosidl_typesupport_introspection_cpp
[0.312s] -- Found rosidl_default_generators: 1.2.0 (/opt/ros/humble/share/rosidl_default_generators/cmake)
[0.319s] [31mCMake Error at /opt/ros/humble/share/rosidl_cmake/cmake/rosidl_generate_interfaces.cmake:64 (message):
[0.319s]   rosidl_generate_interfaces() must be called before ament_package()
[0.319s] Call Stack (most recent call first):
[0.319s]   CMakeLists.txt:31 (rosidl_generate_interfaces)
[0.319s] 
[0.319s] [0m
[0.319s] -- Configuring incomplete, errors occurred!
[0.320s] See also "/workspace/ros2_ws/build/interfaz/CMakeFiles/CMakeOutput.log".
[0.324s] Invoked command in '/workspace/ros2_ws/build/interfaz' returned '1': CMAKE_PREFIX_PATH=${CMAKE_PREFIX_PATH}:/workspace/ros2_ws/install/servicio_suma:/opt/ros/humble /usr/bin/cmake /workspace/ros2_ws/src/interfaz -DCMAKE_INSTALL_PREFIX=/workspace/ros2_ws/install/interfaz
