[0.197s] Invoking command in '/workspace/build/turtlebot3_fake_node': AMENT_PREFIX_PATH=/workspace/install/turtlebot3_msgs:${AMENT_PREFIX_PATH} CMAKE_PREFIX_PATH=/workspace/install/turtlebot3_msgs:/workspace/ros2_ws/install/turtlebot3:/workspace/ros2_ws/install/turtlebot3_simulations:/workspace/ros2_ws/install/turtlebot3_bringup:/workspace/ros2_ws/install/turtlebot3_node:/workspace/ros2_ws/install/turtlebot3_navigation2:/workspace/ros2_ws/install/turtlebot3_fake_node:/workspace/ros2_ws/install/turtlebot3_msgs:/workspace/ros2_ws/install/turtlebot3_manipulation_gazebo:/workspace/ros2_ws/install/turtlebot3_gazebo:/workspace/ros2_ws/install/turtlebot3_description:/workspace/ros2_ws/install/turtlebot3_cartographer:/workspace/ros2_ws/install/turtlebot3_teleop:/workspace/ros2_ws/install/turtlebot3_example:/workspace/ros2_ws/install/maze_pkg:/opt/ros/humble LD_LIBRARY_PATH=/workspace/install/turtlebot3_msgs/lib:${LD_LIBRARY_PATH} PYTHONPATH=/workspace/install/turtlebot3_msgs/local/lib/python3.10/dist-packages:${PYTHONPATH} /usr/bin/cmake /workspace/ros2_ws/turtlebot3_simulations/turtlebot3_fake_node -DCMAKE_INSTALL_PREFIX=/workspace/install/turtlebot3_fake_node
[0.238s] -- The C compiler identification is GNU 11.4.0
[0.290s] -- The CXX compiler identification is GNU 11.4.0
[0.295s] -- Detecting C compiler ABI info
[0.373s] -- Detecting C compiler ABI info - done
[0.383s] -- Check for working C compiler: /usr/bin/cc - skipped
[0.384s] -- Detecting C compile features
[0.384s] -- Detecting C compile features - done
[0.389s] -- Detecting CXX compiler ABI info
[0.472s] -- Detecting CXX compiler ABI info - done
[0.476s] -- Check for working CXX compiler: /usr/bin/c++ - skipped
[0.476s] -- Detecting CXX compile features
[0.476s] -- Detecting CXX compile features - done
[0.478s] -- Found ament_cmake: 1.3.13 (/opt/ros/humble/share/ament_cmake/cmake)
[0.610s] -- Found Python3: /usr/bin/python3 (found version "3.10.12") found components: Interpreter 
[0.687s] -- Found geometry_msgs: 4.9.1 (/opt/ros/humble/share/geometry_msgs/cmake)
[0.720s] -- Found rosidl_generator_c: 3.1.8 (/opt/ros/humble/share/rosidl_generator_c/cmake)
[0.724s] -- Found rosidl_adapter: 3.1.8 (/opt/ros/humble/share/rosidl_adapter/cmake)
[0.731s] -- Found rosidl_generator_cpp: 3.1.8 (/opt/ros/humble/share/rosidl_generator_cpp/cmake)
[0.743s] -- Using all available rosidl_typesupport_c: rosidl_typesupport_fastrtps_c;rosidl_typesupport_introspection_c
[0.758s] -- Using all available rosidl_typesupport_cpp: rosidl_typesupport_fastrtps_cpp;rosidl_typesupport_introspection_cpp
[0.785s] -- Found nav_msgs: 4.9.1 (/opt/ros/humble/share/nav_msgs/cmake)
[0.796s] -- Found rclcpp: 16.0.18 (/opt/ros/humble/share/rclcpp/cmake)
[0.824s] -- Found rmw_implementation_cmake: 6.1.2 (/opt/ros/humble/share/rmw_implementation_cmake/cmake)
[0.826s] -- Found rmw_fastrtps_cpp: 6.2.10 (/opt/ros/humble/share/rmw_fastrtps_cpp/cmake)
[0.898s] -- Found OpenSSL: /usr/lib/x86_64-linux-gnu/libcrypto.so (found version "3.0.2")  
[0.917s] -- Found FastRTPS: /opt/ros/humble/include  
[0.952s] -- Using RMW implementation 'rmw_fastrtps_cpp' as default
[0.961s] -- Looking for pthread.h
[1.023s] -- Looking for pthread.h - found
[1.023s] -- Performing Test CMAKE_HAVE_LIBC_PTHREAD
[1.082s] -- Performing Test CMAKE_HAVE_LIBC_PTHREAD - Success
[1.083s] -- Found Threads: TRUE  
[1.104s] -- Found sensor_msgs: 4.9.1 (/opt/ros/humble/share/sensor_msgs/cmake)
[1.114s] -- Found tf2: 0.25.19 (/opt/ros/humble/share/tf2/cmake)
[1.121s] -- Found tf2_msgs: 0.25.19 (/opt/ros/humble/share/tf2_msgs/cmake)
[1.143s] -- Found turtlebot3_msgs: 2.4.0 (/workspace/install/turtlebot3_msgs/share/turtlebot3_msgs/cmake)
[1.256s] -- Configuring done
[1.285s] -- Generating done
[1.293s] -- Build files have been written to: /workspace/build/turtlebot3_fake_node
[1.302s] Invoked command in '/workspace/build/turtlebot3_fake_node' returned '0': AMENT_PREFIX_PATH=/workspace/install/turtlebot3_msgs:${AMENT_PREFIX_PATH} CMAKE_PREFIX_PATH=/workspace/install/turtlebot3_msgs:/workspace/ros2_ws/install/turtlebot3:/workspace/ros2_ws/install/turtlebot3_simulations:/workspace/ros2_ws/install/turtlebot3_bringup:/workspace/ros2_ws/install/turtlebot3_node:/workspace/ros2_ws/install/turtlebot3_navigation2:/workspace/ros2_ws/install/turtlebot3_fake_node:/workspace/ros2_ws/install/turtlebot3_msgs:/workspace/ros2_ws/install/turtlebot3_manipulation_gazebo:/workspace/ros2_ws/install/turtlebot3_gazebo:/workspace/ros2_ws/install/turtlebot3_description:/workspace/ros2_ws/install/turtlebot3_cartographer:/workspace/ros2_ws/install/turtlebot3_teleop:/workspace/ros2_ws/install/turtlebot3_example:/workspace/ros2_ws/install/maze_pkg:/opt/ros/humble LD_LIBRARY_PATH=/workspace/install/turtlebot3_msgs/lib:${LD_LIBRARY_PATH} PYTHONPATH=/workspace/install/turtlebot3_msgs/local/lib/python3.10/dist-packages:${PYTHONPATH} /usr/bin/cmake /workspace/ros2_ws/turtlebot3_simulations/turtlebot3_fake_node -DCMAKE_INSTALL_PREFIX=/workspace/install/turtlebot3_fake_node
[1.303s] Invoking command in '/workspace/build/turtlebot3_fake_node': AMENT_PREFIX_PATH=/workspace/install/turtlebot3_msgs:${AMENT_PREFIX_PATH} CMAKE_PREFIX_PATH=/workspace/install/turtlebot3_msgs:/workspace/ros2_ws/install/turtlebot3:/workspace/ros2_ws/install/turtlebot3_simulations:/workspace/ros2_ws/install/turtlebot3_bringup:/workspace/ros2_ws/install/turtlebot3_node:/workspace/ros2_ws/install/turtlebot3_navigation2:/workspace/ros2_ws/install/turtlebot3_fake_node:/workspace/ros2_ws/install/turtlebot3_msgs:/workspace/ros2_ws/install/turtlebot3_manipulation_gazebo:/workspace/ros2_ws/install/turtlebot3_gazebo:/workspace/ros2_ws/install/turtlebot3_description:/workspace/ros2_ws/install/turtlebot3_cartographer:/workspace/ros2_ws/install/turtlebot3_teleop:/workspace/ros2_ws/install/turtlebot3_example:/workspace/ros2_ws/install/maze_pkg:/opt/ros/humble LD_LIBRARY_PATH=/workspace/install/turtlebot3_msgs/lib:${LD_LIBRARY_PATH} PYTHONPATH=/workspace/install/turtlebot3_msgs/local/lib/python3.10/dist-packages:${PYTHONPATH} /usr/bin/cmake --build /workspace/build/turtlebot3_fake_node -- -j20 -l20
[1.396s] [ 50%] [32mBuilding CXX object CMakeFiles/turtlebot3_fake_node.dir/src/turtlebot3_fake_node.cpp.o[0m
[12.213s] [100%] [32m[1mLinking CXX executable turtlebot3_fake_node[0m
[12.510s] [100%] Built target turtlebot3_fake_node
[12.518s] Invoked command in '/workspace/build/turtlebot3_fake_node' returned '0': AMENT_PREFIX_PATH=/workspace/install/turtlebot3_msgs:${AMENT_PREFIX_PATH} CMAKE_PREFIX_PATH=/workspace/install/turtlebot3_msgs:/workspace/ros2_ws/install/turtlebot3:/workspace/ros2_ws/install/turtlebot3_simulations:/workspace/ros2_ws/install/turtlebot3_bringup:/workspace/ros2_ws/install/turtlebot3_node:/workspace/ros2_ws/install/turtlebot3_navigation2:/workspace/ros2_ws/install/turtlebot3_fake_node:/workspace/ros2_ws/install/turtlebot3_msgs:/workspace/ros2_ws/install/turtlebot3_manipulation_gazebo:/workspace/ros2_ws/install/turtlebot3_gazebo:/workspace/ros2_ws/install/turtlebot3_description:/workspace/ros2_ws/install/turtlebot3_cartographer:/workspace/ros2_ws/install/turtlebot3_teleop:/workspace/ros2_ws/install/turtlebot3_example:/workspace/ros2_ws/install/maze_pkg:/opt/ros/humble LD_LIBRARY_PATH=/workspace/install/turtlebot3_msgs/lib:${LD_LIBRARY_PATH} PYTHONPATH=/workspace/install/turtlebot3_msgs/local/lib/python3.10/dist-packages:${PYTHONPATH} /usr/bin/cmake --build /workspace/build/turtlebot3_fake_node -- -j20 -l20
[12.519s] Invoking command in '/workspace/build/turtlebot3_fake_node': AMENT_PREFIX_PATH=/workspace/install/turtlebot3_msgs:${AMENT_PREFIX_PATH} CMAKE_PREFIX_PATH=/workspace/install/turtlebot3_msgs:/workspace/ros2_ws/install/turtlebot3:/workspace/ros2_ws/install/turtlebot3_simulations:/workspace/ros2_ws/install/turtlebot3_bringup:/workspace/ros2_ws/install/turtlebot3_node:/workspace/ros2_ws/install/turtlebot3_navigation2:/workspace/ros2_ws/install/turtlebot3_fake_node:/workspace/ros2_ws/install/turtlebot3_msgs:/workspace/ros2_ws/install/turtlebot3_manipulation_gazebo:/workspace/ros2_ws/install/turtlebot3_gazebo:/workspace/ros2_ws/install/turtlebot3_description:/workspace/ros2_ws/install/turtlebot3_cartographer:/workspace/ros2_ws/install/turtlebot3_teleop:/workspace/ros2_ws/install/turtlebot3_example:/workspace/ros2_ws/install/maze_pkg:/opt/ros/humble LD_LIBRARY_PATH=/workspace/install/turtlebot3_msgs/lib:${LD_LIBRARY_PATH} PYTHONPATH=/workspace/install/turtlebot3_msgs/local/lib/python3.10/dist-packages:${PYTHONPATH} /usr/bin/cmake --install /workspace/build/turtlebot3_fake_node
[12.525s] -- Install configuration: ""
[12.525s] -- Installing: /workspace/install/turtlebot3_fake_node/lib/turtlebot3_fake_node/turtlebot3_fake_node
[12.527s] -- Set runtime path of "/workspace/install/turtlebot3_fake_node/lib/turtlebot3_fake_node/turtlebot3_fake_node" to ""
[12.527s] -- Installing: /workspace/install/turtlebot3_fake_node/share/turtlebot3_fake_node/launch
[12.528s] -- Installing: /workspace/install/turtlebot3_fake_node/share/turtlebot3_fake_node/launch/rviz2.launch.py
[12.528s] -- Installing: /workspace/install/turtlebot3_fake_node/share/turtlebot3_fake_node/launch/turtlebot3_fake_node.launch.py
[12.529s] -- Installing: /workspace/install/turtlebot3_fake_node/share/turtlebot3_fake_node/param
[12.529s] -- Installing: /workspace/install/turtlebot3_fake_node/share/turtlebot3_fake_node/param/burger.yaml
[12.529s] -- Installing: /workspace/install/turtlebot3_fake_node/share/turtlebot3_fake_node/param/waffle.yaml
[12.529s] -- Installing: /workspace/install/turtlebot3_fake_node/share/turtlebot3_fake_node/param/waffle_pi.yaml
[12.530s] -- Installing: /workspace/install/turtlebot3_fake_node/include/
[12.530s] -- Installing: /workspace/install/turtlebot3_fake_node/include//turtlebot3_fake_node
[12.530s] -- Installing: /workspace/install/turtlebot3_fake_node/include//turtlebot3_fake_node/turtlebot3_fake_node.hpp
[12.530s] -- Installing: /workspace/install/turtlebot3_fake_node/share/ament_index/resource_index/package_run_dependencies/turtlebot3_fake_node
[12.530s] -- Installing: /workspace/install/turtlebot3_fake_node/share/ament_index/resource_index/parent_prefix_path/turtlebot3_fake_node
[12.530s] -- Installing: /workspace/install/turtlebot3_fake_node/share/turtlebot3_fake_node/environment/ament_prefix_path.sh
[12.530s] -- Installing: /workspace/install/turtlebot3_fake_node/share/turtlebot3_fake_node/environment/ament_prefix_path.dsv
[12.530s] -- Installing: /workspace/install/turtlebot3_fake_node/share/turtlebot3_fake_node/environment/path.sh
[12.530s] -- Installing: /workspace/install/turtlebot3_fake_node/share/turtlebot3_fake_node/environment/path.dsv
[12.531s] -- Installing: /workspace/install/turtlebot3_fake_node/share/turtlebot3_fake_node/local_setup.bash
[12.531s] -- Installing: /workspace/install/turtlebot3_fake_node/share/turtlebot3_fake_node/local_setup.sh
[12.531s] -- Installing: /workspace/install/turtlebot3_fake_node/share/turtlebot3_fake_node/local_setup.zsh
[12.531s] -- Installing: /workspace/install/turtlebot3_fake_node/share/turtlebot3_fake_node/local_setup.dsv
[12.531s] -- Installing: /workspace/install/turtlebot3_fake_node/share/turtlebot3_fake_node/package.dsv
[12.531s] -- Installing: /workspace/install/turtlebot3_fake_node/share/ament_index/resource_index/packages/turtlebot3_fake_node
[12.531s] -- Installing: /workspace/install/turtlebot3_fake_node/share/turtlebot3_fake_node/cmake/ament_cmake_export_include_directories-extras.cmake
[12.531s] -- Installing: /workspace/install/turtlebot3_fake_node/share/turtlebot3_fake_node/cmake/ament_cmake_export_dependencies-extras.cmake
[12.531s] -- Installing: /workspace/install/turtlebot3_fake_node/share/turtlebot3_fake_node/cmake/turtlebot3_fake_nodeConfig.cmake
[12.531s] -- Installing: /workspace/install/turtlebot3_fake_node/share/turtlebot3_fake_node/cmake/turtlebot3_fake_nodeConfig-version.cmake
[12.531s] -- Installing: /workspace/install/turtlebot3_fake_node/share/turtlebot3_fake_node/package.xml
[12.533s] Invoked command in '/workspace/build/turtlebot3_fake_node' returned '0': AMENT_PREFIX_PATH=/workspace/install/turtlebot3_msgs:${AMENT_PREFIX_PATH} CMAKE_PREFIX_PATH=/workspace/install/turtlebot3_msgs:/workspace/ros2_ws/install/turtlebot3:/workspace/ros2_ws/install/turtlebot3_simulations:/workspace/ros2_ws/install/turtlebot3_bringup:/workspace/ros2_ws/install/turtlebot3_node:/workspace/ros2_ws/install/turtlebot3_navigation2:/workspace/ros2_ws/install/turtlebot3_fake_node:/workspace/ros2_ws/install/turtlebot3_msgs:/workspace/ros2_ws/install/turtlebot3_manipulation_gazebo:/workspace/ros2_ws/install/turtlebot3_gazebo:/workspace/ros2_ws/install/turtlebot3_description:/workspace/ros2_ws/install/turtlebot3_cartographer:/workspace/ros2_ws/install/turtlebot3_teleop:/workspace/ros2_ws/install/turtlebot3_example:/workspace/ros2_ws/install/maze_pkg:/opt/ros/humble LD_LIBRARY_PATH=/workspace/install/turtlebot3_msgs/lib:${LD_LIBRARY_PATH} PYTHONPATH=/workspace/install/turtlebot3_msgs/local/lib/python3.10/dist-packages:${PYTHONPATH} /usr/bin/cmake --install /workspace/build/turtlebot3_fake_node
