[0.305s] Invoking command in '/workspace/ros2_ws/turtlebot3/turtlebot3_example': AMENT_PREFIX_PATH=/workspace/install/turtlebot3_msgs:${AMENT_PREFIX_PATH} CMAKE_PREFIX_PATH=/workspace/install/turtlebot3_msgs:${CMAKE_PREFIX_PATH} LD_LIBRARY_PATH=/workspace/install/turtlebot3_msgs/lib:${LD_LIBRARY_PATH} PYTHONPATH=/workspace/build/turtlebot3_example/prefix_override:/usr/lib/python3/dist-packages/colcon_core/task/python/colcon_distutils_commands:/workspace/install/turtlebot3_example/lib/python3.10/site-packages:/workspace/install/turtlebot3_msgs/local/lib/python3.10/dist-packages:${PYTHONPATH} /usr/bin/python3 -W ignore:setup.py install is deprecated -W ignore:easy_install command is deprecated setup.py egg_info --egg-base ../../../build/turtlebot3_example build --build-base /workspace/build/turtlebot3_example/build install --record /workspace/build/turtlebot3_example/install.log --single-version-externally-managed install_data
[0.411s] running egg_info
[0.411s] writing ../../../build/turtlebot3_example/turtlebot3_example.egg-info/PKG-INFO
[0.411s] writing dependency_links to ../../../build/turtlebot3_example/turtlebot3_example.egg-info/dependency_links.txt
[0.411s] writing entry points to ../../../build/turtlebot3_example/turtlebot3_example.egg-info/entry_points.txt
[0.411s] writing requirements to ../../../build/turtlebot3_example/turtlebot3_example.egg-info/requires.txt
[0.411s] writing top-level names to ../../../build/turtlebot3_example/turtlebot3_example.egg-info/top_level.txt
[0.412s] reading manifest file '../../../build/turtlebot3_example/turtlebot3_example.egg-info/SOURCES.txt'
[0.413s] writing manifest file '../../../build/turtlebot3_example/turtlebot3_example.egg-info/SOURCES.txt'
[0.413s] running build
[0.413s] running build_py
[0.414s] running install
[0.414s] running install_lib
[0.414s] running install_data
[0.414s] running install_egg_info
[0.415s] removing '/workspace/install/turtlebot3_example/lib/python3.10/site-packages/turtlebot3_example-2.3.6-py3.10.egg-info' (and everything under it)
[0.415s] Copying ../../../build/turtlebot3_example/turtlebot3_example.egg-info to /workspace/install/turtlebot3_example/lib/python3.10/site-packages/turtlebot3_example-2.3.6-py3.10.egg-info
[0.416s] running install_scripts
[0.428s] Installing turtlebot3_absolute_move script to /workspace/install/turtlebot3_example/lib/turtlebot3_example
[0.428s] Installing turtlebot3_interactive_marker script to /workspace/install/turtlebot3_example/lib/turtlebot3_example
[0.428s] Installing turtlebot3_obstacle_detection script to /workspace/install/turtlebot3_example/lib/turtlebot3_example
[0.428s] Installing turtlebot3_patrol_client script to /workspace/install/turtlebot3_example/lib/turtlebot3_example
[0.428s] Installing turtlebot3_patrol_server script to /workspace/install/turtlebot3_example/lib/turtlebot3_example
[0.428s] Installing turtlebot3_relative_move script to /workspace/install/turtlebot3_example/lib/turtlebot3_example
[0.429s] writing list of installed files to '/workspace/build/turtlebot3_example/install.log'
[0.441s] Invoked command in '/workspace/ros2_ws/turtlebot3/turtlebot3_example' returned '0': AMENT_PREFIX_PATH=/workspace/install/turtlebot3_msgs:${AMENT_PREFIX_PATH} CMAKE_PREFIX_PATH=/workspace/install/turtlebot3_msgs:${CMAKE_PREFIX_PATH} LD_LIBRARY_PATH=/workspace/install/turtlebot3_msgs/lib:${LD_LIBRARY_PATH} PYTHONPATH=/workspace/build/turtlebot3_example/prefix_override:/usr/lib/python3/dist-packages/colcon_core/task/python/colcon_distutils_commands:/workspace/install/turtlebot3_example/lib/python3.10/site-packages:/workspace/install/turtlebot3_msgs/local/lib/python3.10/dist-packages:${PYTHONPATH} /usr/bin/python3 -W ignore:setup.py install is deprecated -W ignore:easy_install command is deprecated setup.py egg_info --egg-base ../../../build/turtlebot3_example build --build-base /workspace/build/turtlebot3_example/build install --record /workspace/build/turtlebot3_example/install.log --single-version-externally-managed install_data
