[0.487s] Invoking command in '/workspace/ros2_ws/src/mi_accion': PYTHONPATH=/workspace/ros2_ws/build/mi_accion/prefix_override:/usr/lib/python3/dist-packages/colcon_core/task/python/colcon_distutils_commands:/workspace/ros2_ws/install/mi_accion/lib/python3.10/site-packages:${PYTHONPATH} /usr/bin/python3 -W ignore:setup.py install is deprecated -W ignore:easy_install command is deprecated setup.py egg_info --egg-base ../../build/mi_accion build --build-base /workspace/ros2_ws/build/mi_accion/build install --record /workspace/ros2_ws/build/mi_accion/install.log --single-version-externally-managed install_data
[0.688s] running egg_info
[0.688s] writing ../../build/mi_accion/mi_accion.egg-info/PKG-INFO
[0.688s] writing dependency_links to ../../build/mi_accion/mi_accion.egg-info/dependency_links.txt
[0.689s] writing entry points to ../../build/mi_accion/mi_accion.egg-info/entry_points.txt
[0.689s] writing requirements to ../../build/mi_accion/mi_accion.egg-info/requires.txt
[0.689s] writing top-level names to ../../build/mi_accion/mi_accion.egg-info/top_level.txt
[0.690s] reading manifest file '../../build/mi_accion/mi_accion.egg-info/SOURCES.txt'
[0.690s] adding license file 'LICENSE'
[0.691s] writing manifest file '../../build/mi_accion/mi_accion.egg-info/SOURCES.txt'
[0.691s] running build
[0.691s] running build_py
[0.691s] copying mi_accion/ejercicios_fibClient.py -> /workspace/ros2_ws/build/mi_accion/build/lib/mi_accion
[0.691s] running install
[0.692s] running install_lib
[0.692s] copying /workspace/ros2_ws/build/mi_accion/build/lib/mi_accion/ejercicios_fibClient.py -> /workspace/ros2_ws/install/mi_accion/lib/python3.10/site-packages/mi_accion
[0.693s] byte-compiling /workspace/ros2_ws/install/mi_accion/lib/python3.10/site-packages/mi_accion/ejercicios_fibClient.py to ejercicios_fibClient.cpython-310.pyc
[0.694s] running install_data
[0.694s] running install_egg_info
[0.696s] removing '/workspace/ros2_ws/install/mi_accion/lib/python3.10/site-packages/mi_accion-0.0.0-py3.10.egg-info' (and everything under it)
[0.696s] Copying ../../build/mi_accion/mi_accion.egg-info to /workspace/ros2_ws/install/mi_accion/lib/python3.10/site-packages/mi_accion-0.0.0-py3.10.egg-info
[0.697s] running install_scripts
[0.716s] Installing client script to /workspace/ros2_ws/install/mi_accion/lib/mi_accion
[0.717s] Installing ejclient script to /workspace/ros2_ws/install/mi_accion/lib/mi_accion
[0.717s] Installing ejserver script to /workspace/ros2_ws/install/mi_accion/lib/mi_accion
[0.717s] Installing server script to /workspace/ros2_ws/install/mi_accion/lib/mi_accion
[0.717s] writing list of installed files to '/workspace/ros2_ws/build/mi_accion/install.log'
[0.738s] Invoked command in '/workspace/ros2_ws/src/mi_accion' returned '0': PYTHONPATH=/workspace/ros2_ws/build/mi_accion/prefix_override:/usr/lib/python3/dist-packages/colcon_core/task/python/colcon_distutils_commands:/workspace/ros2_ws/install/mi_accion/lib/python3.10/site-packages:${PYTHONPATH} /usr/bin/python3 -W ignore:setup.py install is deprecated -W ignore:easy_install command is deprecated setup.py egg_info --egg-base ../../build/mi_accion build --build-base /workspace/ros2_ws/build/mi_accion/build install --record /workspace/ros2_ws/build/mi_accion/install.log --single-version-externally-managed install_data
