[0.874s] Invoking command in '/workspace/ros2_ws/src/primer_paquete': PYTHONPATH=/workspace/ros2_ws/build/primer_paquete/prefix_override:/usr/lib/python3/dist-packages/colcon_core/task/python/colcon_distutils_commands:/workspace/ros2_ws/install/primer_paquete/lib/python3.10/site-packages:${PYTHONPATH} /usr/bin/python3 -W ignore:setup.py install is deprecated -W ignore:easy_install command is deprecated setup.py egg_info --egg-base ../../build/primer_paquete build --build-base /workspace/ros2_ws/build/primer_paquete/build install --record /workspace/ros2_ws/build/primer_paquete/install.log --single-version-externally-managed install_data
[1.112s] running egg_info
[1.112s] writing ../../build/primer_paquete/primer_paquete.egg-info/PKG-INFO
[1.113s] writing dependency_links to ../../build/primer_paquete/primer_paquete.egg-info/dependency_links.txt
[1.113s] writing entry points to ../../build/primer_paquete/primer_paquete.egg-info/entry_points.txt
[1.113s] writing requirements to ../../build/primer_paquete/primer_paquete.egg-info/requires.txt
[1.113s] writing top-level names to ../../build/primer_paquete/primer_paquete.egg-info/top_level.txt
[1.115s] reading manifest file '../../build/primer_paquete/primer_paquete.egg-info/SOURCES.txt'
[1.116s] adding license file 'LICENSE'
[1.117s] writing manifest file '../../build/primer_paquete/primer_paquete.egg-info/SOURCES.txt'
[1.117s] running build
[1.117s] running build_py
[1.117s] running install
[1.118s] running install_lib
[1.120s] running install_data
[1.120s] creating /workspace/ros2_ws/install/primer_paquete/share/primer_paquete/launch
[1.120s] copying launch/mi_launch.py -> /workspace/ros2_ws/install/primer_paquete/share/primer_paquete/launch
[1.120s] running install_egg_info
[1.122s] removing '/workspace/ros2_ws/install/primer_paquete/lib/python3.10/site-packages/primer_paquete-0.0.0-py3.10.egg-info' (and everything under it)
[1.123s] Copying ../../build/primer_paquete/primer_paquete.egg-info to /workspace/ros2_ws/install/primer_paquete/lib/python3.10/site-packages/primer_paquete-0.0.0-py3.10.egg-info
[1.124s] running install_scripts
[1.146s] Installing client script to /workspace/ros2_ws/install/primer_paquete/lib/primer_paquete
[1.146s] Installing server script to /workspace/ros2_ws/install/primer_paquete/lib/primer_paquete
[1.146s] writing list of installed files to '/workspace/ros2_ws/build/primer_paquete/install.log'
[1.170s] Invoked command in '/workspace/ros2_ws/src/primer_paquete' returned '0': PYTHONPATH=/workspace/ros2_ws/build/primer_paquete/prefix_override:/usr/lib/python3/dist-packages/colcon_core/task/python/colcon_distutils_commands:/workspace/ros2_ws/install/primer_paquete/lib/python3.10/site-packages:${PYTHONPATH} /usr/bin/python3 -W ignore:setup.py install is deprecated -W ignore:easy_install command is deprecated setup.py egg_info --egg-base ../../build/primer_paquete build --build-base /workspace/ros2_ws/build/primer_paquete/build install --record /workspace/ros2_ws/build/primer_paquete/install.log --single-version-externally-managed install_data
