[0.166s] Invoking command in '/workspace/ros2_ws/build/turtlebot3_fake_node': AMENT_PREFIX_PATH=/workspace/ros2_ws/install/turtlebot3_msgs:${AMENT_PREFIX_PATH} CMAKE_PREFIX_PATH=/workspace/ros2_ws/install/turtlebot3_msgs:/opt/ros/humble:/workspace/ros2_ws/install/maze_pkg LD_LIBRARY_PATH=/workspace/ros2_ws/install/turtlebot3_msgs/lib:${LD_LIBRARY_PATH} PYTHONPATH=/workspace/ros2_ws/install/turtlebot3_msgs/local/lib/python3.10/dist-packages:${PYTHONPATH} /usr/bin/cmake /workspace/ros2_ws/turtlebot3_simulations/turtlebot3_fake_node -DAMENT_CMAKE_SYMLINK_INSTALL=1 -DCMAKE_INSTALL_PREFIX=/workspace/ros2_ws/install/turtlebot3_fake_node
[0.213s] -- The C compiler identification is GNU 11.4.0
[0.251s] -- The CXX compiler identification is GNU 11.4.0
[0.256s] -- Detecting C compiler ABI info
[0.312s] -- Detecting C compiler ABI info - done
[0.317s] -- Check for working C compiler: /usr/bin/cc - skipped
[0.317s] -- Detecting C compile features
[0.317s] -- Detecting C compile features - done
[0.318s] -- Detecting CXX compiler ABI info
[0.383s] -- Detecting CXX compiler ABI info - done
[0.386s] -- Check for working CXX compiler: /usr/bin/c++ - skipped
[0.386s] -- Detecting CXX compile features
[0.387s] -- Detecting CXX compile features - done
[0.388s] -- Found ament_cmake: 1.3.13 (/opt/ros/humble/share/ament_cmake/cmake)
[0.506s] -- Found Python3: /usr/bin/python3 (found version "3.10.12") found components: Interpreter 
[0.547s] -- Override CMake install command with custom implementation using symlinks instead of copying resources
[0.563s] -- Found geometry_msgs: 4.9.1 (/opt/ros/humble/share/geometry_msgs/cmake)
[0.589s] -- Found rosidl_generator_c: 3.1.8 (/opt/ros/humble/share/rosidl_generator_c/cmake)
[0.591s] -- Found rosidl_adapter: 3.1.8 (/opt/ros/humble/share/rosidl_adapter/cmake)
[0.598s] -- Found rosidl_generator_cpp: 3.1.8 (/opt/ros/humble/share/rosidl_generator_cpp/cmake)
[0.605s] -- Using all available rosidl_typesupport_c: rosidl_typesupport_fastrtps_c;rosidl_typesupport_introspection_c
[0.613s] -- Using all available rosidl_typesupport_cpp: rosidl_typesupport_fastrtps_cpp;rosidl_typesupport_introspection_cpp
[0.638s] -- Found nav_msgs: 4.9.1 (/opt/ros/humble/share/nav_msgs/cmake)
[0.649s] -- Found rclcpp: 16.0.18 (/opt/ros/humble/share/rclcpp/cmake)
[0.673s] -- Found rmw_implementation_cmake: 6.1.2 (/opt/ros/humble/share/rmw_implementation_cmake/cmake)
[0.675s] -- Found rmw_fastrtps_cpp: 6.2.10 (/opt/ros/humble/share/rmw_fastrtps_cpp/cmake)
[0.740s] -- Found OpenSSL: /usr/lib/x86_64-linux-gnu/libcrypto.so (found version "3.0.2")  
[0.758s] -- Found FastRTPS: /opt/ros/humble/include  
[0.788s] -- Using RMW implementation 'rmw_fastrtps_cpp' as default
[0.795s] -- Looking for pthread.h
[0.850s] -- Looking for pthread.h - found
[0.850s] -- Performing Test CMAKE_HAVE_LIBC_PTHREAD
[0.903s] -- Performing Test CMAKE_HAVE_LIBC_PTHREAD - Success
[0.903s] -- Found Threads: TRUE  
[0.927s] -- Found sensor_msgs: 4.9.1 (/opt/ros/humble/share/sensor_msgs/cmake)
[0.938s] -- Found tf2: 0.25.19 (/opt/ros/humble/share/tf2/cmake)
[0.945s] -- Found tf2_msgs: 0.25.19 (/opt/ros/humble/share/tf2_msgs/cmake)
[0.968s] -- Found turtlebot3_msgs: 2.4.0 (/workspace/ros2_ws/install/turtlebot3_msgs/share/turtlebot3_msgs/cmake)
[1.024s] -- Configuring done
[1.032s] -- Generating done
[1.035s] -- Build files have been written to: /workspace/ros2_ws/build/turtlebot3_fake_node
[1.043s] Invoked command in '/workspace/ros2_ws/build/turtlebot3_fake_node' returned '0': AMENT_PREFIX_PATH=/workspace/ros2_ws/install/turtlebot3_msgs:${AMENT_PREFIX_PATH} CMAKE_PREFIX_PATH=/workspace/ros2_ws/install/turtlebot3_msgs:/opt/ros/humble:/workspace/ros2_ws/install/maze_pkg LD_LIBRARY_PATH=/workspace/ros2_ws/install/turtlebot3_msgs/lib:${LD_LIBRARY_PATH} PYTHONPATH=/workspace/ros2_ws/install/turtlebot3_msgs/local/lib/python3.10/dist-packages:${PYTHONPATH} /usr/bin/cmake /workspace/ros2_ws/turtlebot3_simulations/turtlebot3_fake_node -DAMENT_CMAKE_SYMLINK_INSTALL=1 -DCMAKE_INSTALL_PREFIX=/workspace/ros2_ws/install/turtlebot3_fake_node
[1.043s] Invoking command in '/workspace/ros2_ws/build/turtlebot3_fake_node': AMENT_PREFIX_PATH=/workspace/ros2_ws/install/turtlebot3_msgs:${AMENT_PREFIX_PATH} CMAKE_PREFIX_PATH=/workspace/ros2_ws/install/turtlebot3_msgs:/opt/ros/humble:/workspace/ros2_ws/install/maze_pkg LD_LIBRARY_PATH=/workspace/ros2_ws/install/turtlebot3_msgs/lib:${LD_LIBRARY_PATH} PYTHONPATH=/workspace/ros2_ws/install/turtlebot3_msgs/local/lib/python3.10/dist-packages:${PYTHONPATH} /usr/bin/cmake --build /workspace/ros2_ws/build/turtlebot3_fake_node -- -j20 -l20
[1.118s] [ 50%] [32mBuilding CXX object CMakeFiles/turtlebot3_fake_node.dir/src/turtlebot3_fake_node.cpp.o[0m
[9.418s] [100%] [32m[1mLinking CXX executable turtlebot3_fake_node[0m
[9.726s] [100%] Built target turtlebot3_fake_node
[9.735s] Invoked command in '/workspace/ros2_ws/build/turtlebot3_fake_node' returned '0': AMENT_PREFIX_PATH=/workspace/ros2_ws/install/turtlebot3_msgs:${AMENT_PREFIX_PATH} CMAKE_PREFIX_PATH=/workspace/ros2_ws/install/turtlebot3_msgs:/opt/ros/humble:/workspace/ros2_ws/install/maze_pkg LD_LIBRARY_PATH=/workspace/ros2_ws/install/turtlebot3_msgs/lib:${LD_LIBRARY_PATH} PYTHONPATH=/workspace/ros2_ws/install/turtlebot3_msgs/local/lib/python3.10/dist-packages:${PYTHONPATH} /usr/bin/cmake --build /workspace/ros2_ws/build/turtlebot3_fake_node -- -j20 -l20
[9.736s] Invoking command in '/workspace/ros2_ws/build/turtlebot3_fake_node': AMENT_PREFIX_PATH=/workspace/ros2_ws/install/turtlebot3_msgs:${AMENT_PREFIX_PATH} CMAKE_PREFIX_PATH=/workspace/ros2_ws/install/turtlebot3_msgs:/opt/ros/humble:/workspace/ros2_ws/install/maze_pkg LD_LIBRARY_PATH=/workspace/ros2_ws/install/turtlebot3_msgs/lib:${LD_LIBRARY_PATH} PYTHONPATH=/workspace/ros2_ws/install/turtlebot3_msgs/local/lib/python3.10/dist-packages:${PYTHONPATH} /usr/bin/cmake --install /workspace/ros2_ws/build/turtlebot3_fake_node
[9.741s] -- Install configuration: ""
[9.741s] -- Execute custom install script
[9.742s] -- Symlinking: /workspace/ros2_ws/install/turtlebot3_fake_node/lib/turtlebot3_fake_node/turtlebot3_fake_node
[9.750s] -- Symlinking: /workspace/ros2_ws/install/turtlebot3_fake_node/share/turtlebot3_fake_node/launch/rviz2.launch.py
[9.756s] -- Symlinking: /workspace/ros2_ws/install/turtlebot3_fake_node/share/turtlebot3_fake_node/launch/turtlebot3_fake_node.launch.py
[9.762s] -- Symlinking: /workspace/ros2_ws/install/turtlebot3_fake_node/share/turtlebot3_fake_node/param/burger.yaml
[9.767s] -- Symlinking: /workspace/ros2_ws/install/turtlebot3_fake_node/share/turtlebot3_fake_node/param/waffle.yaml
[9.775s] -- Symlinking: /workspace/ros2_ws/install/turtlebot3_fake_node/share/turtlebot3_fake_node/param/waffle_pi.yaml
[9.782s] -- Symlinking: /workspace/ros2_ws/install/turtlebot3_fake_node/include//turtlebot3_fake_node/turtlebot3_fake_node.hpp
[9.788s] -- Symlinking: /workspace/ros2_ws/install/turtlebot3_fake_node/share/ament_index/resource_index/package_run_dependencies/turtlebot3_fake_node
[9.795s] -- Symlinking: /workspace/ros2_ws/install/turtlebot3_fake_node/share/ament_index/resource_index/parent_prefix_path/turtlebot3_fake_node
[9.801s] -- Symlinking: /workspace/ros2_ws/install/turtlebot3_fake_node/share/turtlebot3_fake_node/environment/ament_prefix_path.sh
[9.806s] -- Symlinking: /workspace/ros2_ws/install/turtlebot3_fake_node/share/turtlebot3_fake_node/environment/ament_prefix_path.dsv
[9.812s] -- Symlinking: /workspace/ros2_ws/install/turtlebot3_fake_node/share/turtlebot3_fake_node/environment/path.sh
[9.817s] -- Symlinking: /workspace/ros2_ws/install/turtlebot3_fake_node/share/turtlebot3_fake_node/environment/path.dsv
[9.823s] -- Symlinking: /workspace/ros2_ws/install/turtlebot3_fake_node/share/turtlebot3_fake_node/local_setup.bash
[9.830s] -- Symlinking: /workspace/ros2_ws/install/turtlebot3_fake_node/share/turtlebot3_fake_node/local_setup.sh
[9.835s] -- Symlinking: /workspace/ros2_ws/install/turtlebot3_fake_node/share/turtlebot3_fake_node/local_setup.zsh
[9.840s] -- Symlinking: /workspace/ros2_ws/install/turtlebot3_fake_node/share/turtlebot3_fake_node/local_setup.dsv
[9.846s] -- Symlinking: /workspace/ros2_ws/install/turtlebot3_fake_node/share/turtlebot3_fake_node/package.dsv
[9.851s] -- Symlinking: /workspace/ros2_ws/install/turtlebot3_fake_node/share/ament_index/resource_index/packages/turtlebot3_fake_node
[9.857s] -- Symlinking: /workspace/ros2_ws/install/turtlebot3_fake_node/share/turtlebot3_fake_node/cmake/ament_cmake_export_include_directories-extras.cmake
[9.863s] -- Symlinking: /workspace/ros2_ws/install/turtlebot3_fake_node/share/turtlebot3_fake_node/cmake/ament_cmake_export_dependencies-extras.cmake
[9.868s] -- Symlinking: /workspace/ros2_ws/install/turtlebot3_fake_node/share/turtlebot3_fake_node/cmake/turtlebot3_fake_nodeConfig.cmake
[9.873s] -- Symlinking: /workspace/ros2_ws/install/turtlebot3_fake_node/share/turtlebot3_fake_node/cmake/turtlebot3_fake_nodeConfig-version.cmake
[9.879s] -- Symlinking: /workspace/ros2_ws/install/turtlebot3_fake_node/share/turtlebot3_fake_node/package.xml
[9.886s] Invoked command in '/workspace/ros2_ws/build/turtlebot3_fake_node' returned '0': AMENT_PREFIX_PATH=/workspace/ros2_ws/install/turtlebot3_msgs:${AMENT_PREFIX_PATH} CMAKE_PREFIX_PATH=/workspace/ros2_ws/install/turtlebot3_msgs:/opt/ros/humble:/workspace/ros2_ws/install/maze_pkg LD_LIBRARY_PATH=/workspace/ros2_ws/install/turtlebot3_msgs/lib:${LD_LIBRARY_PATH} PYTHONPATH=/workspace/ros2_ws/install/turtlebot3_msgs/local/lib/python3.10/dist-packages:${PYTHONPATH} /usr/bin/cmake --install /workspace/ros2_ws/build/turtlebot3_fake_node
