[0.031s] Invoking command in '/workspace/build/turtlebot3_description': CMAKE_PREFIX_PATH=${CMAKE_PREFIX_PATH}:/workspace/ros2_ws/install/turtlebot3_teleop:/workspace/ros2_ws/install/turtlebot3_example:/workspace/ros2_ws/install/maze_pkg:/opt/ros/humble /usr/bin/cmake /workspace/ros2_ws/turtlebot3/turtlebot3_description -DCMAKE_INSTALL_PREFIX=/workspace/install/turtlebot3_description
[0.183s] -- The C compiler identification is GNU 11.4.0
[0.222s] -- The CXX compiler identification is GNU 11.4.0
[0.231s] -- Detecting C compiler ABI info
[0.282s] -- Detecting C compiler ABI info - done
[0.286s] -- Check for working C compiler: /usr/bin/cc - skipped
[0.286s] -- Detecting C compile features
[0.287s] -- Detecting C compile features - done
[0.288s] -- Detecting CXX compiler ABI info
[0.341s] -- Detecting CXX compiler ABI info - done
[0.345s] -- Check for working CXX compiler: /usr/bin/c++ - skipped
[0.346s] -- Detecting CXX compile features
[0.347s] -- Detecting CXX compile features - done
[0.350s] -- Found ament_cmake: 1.3.13 (/opt/ros/humble/share/ament_cmake/cmake)
[0.452s] -- Found Python3: /usr/bin/python3 (found version "3.10.12") found components: Interpreter 
[0.547s] -- Found urdf: 2.6.1 (/opt/ros/humble/share/urdf/cmake)
[0.650s] -- Configuring done
[0.654s] -- Generating done
[0.654s] -- Build files have been written to: /workspace/build/turtlebot3_description
[0.687s] Invoked command in '/workspace/build/turtlebot3_description' returned '0': CMAKE_PREFIX_PATH=${CMAKE_PREFIX_PATH}:/workspace/ros2_ws/install/turtlebot3_teleop:/workspace/ros2_ws/install/turtlebot3_example:/workspace/ros2_ws/install/maze_pkg:/opt/ros/humble /usr/bin/cmake /workspace/ros2_ws/turtlebot3/turtlebot3_description -DCMAKE_INSTALL_PREFIX=/workspace/install/turtlebot3_description
[0.687s] Invoking command in '/workspace/build/turtlebot3_description': CMAKE_PREFIX_PATH=${CMAKE_PREFIX_PATH}:/workspace/ros2_ws/install/turtlebot3_teleop:/workspace/ros2_ws/install/turtlebot3_example:/workspace/ros2_ws/install/maze_pkg:/opt/ros/humble /usr/bin/cmake --build /workspace/build/turtlebot3_description -- -j20 -l20
[0.716s] Invoked command in '/workspace/build/turtlebot3_description' returned '0': CMAKE_PREFIX_PATH=${CMAKE_PREFIX_PATH}:/workspace/ros2_ws/install/turtlebot3_teleop:/workspace/ros2_ws/install/turtlebot3_example:/workspace/ros2_ws/install/maze_pkg:/opt/ros/humble /usr/bin/cmake --build /workspace/build/turtlebot3_description -- -j20 -l20
[0.716s] Invoking command in '/workspace/build/turtlebot3_description': CMAKE_PREFIX_PATH=${CMAKE_PREFIX_PATH}:/workspace/ros2_ws/install/turtlebot3_teleop:/workspace/ros2_ws/install/turtlebot3_example:/workspace/ros2_ws/install/maze_pkg:/opt/ros/humble /usr/bin/cmake --install /workspace/build/turtlebot3_description
[0.720s] -- Install configuration: ""
[0.720s] -- Installing: /workspace/install/turtlebot3_description/share/turtlebot3_description/meshes
[0.721s] -- Installing: /workspace/install/turtlebot3_description/share/turtlebot3_description/meshes/bases
[0.721s] -- Installing: /workspace/install/turtlebot3_description/share/turtlebot3_description/meshes/bases/burger_base.stl
[0.728s] -- Installing: /workspace/install/turtlebot3_description/share/turtlebot3_description/meshes/bases/waffle_pi_base.stl
[0.739s] -- Installing: /workspace/install/turtlebot3_description/share/turtlebot3_description/meshes/bases/waffle_base.stl
[0.760s] -- Installing: /workspace/install/turtlebot3_description/share/turtlebot3_description/meshes/wheels
[0.760s] -- Installing: /workspace/install/turtlebot3_description/share/turtlebot3_description/meshes/wheels/right_tire.stl
[0.763s] -- Installing: /workspace/install/turtlebot3_description/share/turtlebot3_description/meshes/wheels/left_tire.stl
[0.765s] -- Installing: /workspace/install/turtlebot3_description/share/turtlebot3_description/meshes/sensors
[0.765s] -- Installing: /workspace/install/turtlebot3_description/share/turtlebot3_description/meshes/sensors/astra.dae
[0.780s] -- Installing: /workspace/install/turtlebot3_description/share/turtlebot3_description/meshes/sensors/astra.jpg
[0.781s] -- Installing: /workspace/install/turtlebot3_description/share/turtlebot3_description/meshes/sensors/r200.dae
[0.782s] -- Installing: /workspace/install/turtlebot3_description/share/turtlebot3_description/meshes/sensors/lds.stl
[0.783s] -- Installing: /workspace/install/turtlebot3_description/share/turtlebot3_description/meshes/sensors/r200.jpg
[0.783s] -- Installing: /workspace/install/turtlebot3_description/share/turtlebot3_description/rviz
[0.784s] -- Installing: /workspace/install/turtlebot3_description/share/turtlebot3_description/rviz/model.rviz
[0.784s] -- Installing: /workspace/install/turtlebot3_description/share/turtlebot3_description/urdf
[0.784s] -- Installing: /workspace/install/turtlebot3_description/share/turtlebot3_description/urdf/common_properties.urdf
[0.784s] -- Installing: /workspace/install/turtlebot3_description/share/turtlebot3_description/urdf/turtlebot3_waffle_pi.urdf
[0.784s] -- Installing: /workspace/install/turtlebot3_description/share/turtlebot3_description/urdf/turtlebot3_burger.urdf
[0.785s] -- Installing: /workspace/install/turtlebot3_description/share/turtlebot3_description/urdf/turtlebot3_waffle.urdf
[0.785s] -- Installing: /workspace/install/turtlebot3_description/share/ament_index/resource_index/package_run_dependencies/turtlebot3_description
[0.785s] -- Installing: /workspace/install/turtlebot3_description/share/ament_index/resource_index/parent_prefix_path/turtlebot3_description
[0.785s] -- Installing: /workspace/install/turtlebot3_description/share/turtlebot3_description/environment/ament_prefix_path.sh
[0.786s] -- Installing: /workspace/install/turtlebot3_description/share/turtlebot3_description/environment/ament_prefix_path.dsv
[0.786s] -- Installing: /workspace/install/turtlebot3_description/share/turtlebot3_description/environment/path.sh
[0.786s] -- Installing: /workspace/install/turtlebot3_description/share/turtlebot3_description/environment/path.dsv
[0.786s] -- Installing: /workspace/install/turtlebot3_description/share/turtlebot3_description/local_setup.bash
[0.786s] -- Installing: /workspace/install/turtlebot3_description/share/turtlebot3_description/local_setup.sh
[0.786s] -- Installing: /workspace/install/turtlebot3_description/share/turtlebot3_description/local_setup.zsh
[0.786s] -- Installing: /workspace/install/turtlebot3_description/share/turtlebot3_description/local_setup.dsv
[0.786s] -- Installing: /workspace/install/turtlebot3_description/share/turtlebot3_description/package.dsv
[0.786s] -- Installing: /workspace/install/turtlebot3_description/share/ament_index/resource_index/packages/turtlebot3_description
[0.786s] -- Installing: /workspace/install/turtlebot3_description/share/turtlebot3_description/cmake/turtlebot3_descriptionConfig.cmake
[0.786s] -- Installing: /workspace/install/turtlebot3_description/share/turtlebot3_description/cmake/turtlebot3_descriptionConfig-version.cmake
[0.786s] -- Installing: /workspace/install/turtlebot3_description/share/turtlebot3_description/package.xml
[0.788s] Invoked command in '/workspace/build/turtlebot3_description' returned '0': CMAKE_PREFIX_PATH=${CMAKE_PREFIX_PATH}:/workspace/ros2_ws/install/turtlebot3_teleop:/workspace/ros2_ws/install/turtlebot3_example:/workspace/ros2_ws/install/maze_pkg:/opt/ros/humble /usr/bin/cmake --install /workspace/build/turtlebot3_description
