[0.011s] Invoking command in '/workspace/ros2_ws/build/turtlebot3_node': CMAKE_PREFIX_PATH=/workspace/ros2_ws/install/turtlebot3_msgs:/workspace/ros2_ws/install/turtlebot3:/workspace/ros2_ws/install/turtlebot3_simulations:/workspace/ros2_ws/install/turtlebot3_bringup:/workspace/ros2_ws/install/turtlebot3_node:/workspace/ros2_ws/install/turtlebot3_navigation2:/workspace/ros2_ws/install/turtlebot3_fake_node:/workspace/ros2_ws/install/turtlebot3_manipulation_gazebo:/workspace/ros2_ws/install/turtlebot3_gazebo:/workspace/ros2_ws/install/turtlebot3_description:/workspace/ros2_ws/install/turtlebot3_cartographer:/workspace/ros2_ws/install/turtlebot3_teleop:/workspace/ros2_ws/install/turtlebot3_example:/opt/ros/humble:/workspace/ros2_ws/install/maze_pkg /usr/bin/cmake /workspace/ros2_ws/turtlebot3/turtlebot3_node -DCMAKE_INSTALL_PREFIX=/workspace/ros2_ws/install/turtlebot3_node
[0.148s] -- Found ament_cmake: 1.3.13 (/opt/ros/humble/share/ament_cmake/cmake)
[0.148s] -- Override CMake install command with custom implementation using symlinks instead of copying resources
[0.148s] -- Found dynamixel_sdk: 4.0.3 (/opt/ros/humble/share/dynamixel_sdk/cmake)
[0.148s] -- Found geometry_msgs: 4.9.1 (/opt/ros/humble/share/geometry_msgs/cmake)
[0.148s] -- Found rosidl_generator_c: 3.1.8 (/opt/ros/humble/share/rosidl_generator_c/cmake)
[0.149s] -- Found rosidl_adapter: 3.1.8 (/opt/ros/humble/share/rosidl_adapter/cmake)
[0.149s] -- Found rosidl_generator_cpp: 3.1.8 (/opt/ros/humble/share/rosidl_generator_cpp/cmake)
[0.149s] -- Using all available rosidl_typesupport_c: rosidl_typesupport_fastrtps_c;rosidl_typesupport_introspection_c
[0.149s] -- Using all available rosidl_typesupport_cpp: rosidl_typesupport_fastrtps_cpp;rosidl_typesupport_introspection_cpp
[0.149s] -- Found message_filters: 4.3.14 (/opt/ros/humble/share/message_filters/cmake)
[0.168s] -- Found rmw_implementation_cmake: 6.1.2 (/opt/ros/humble/share/rmw_implementation_cmake/cmake)
[0.169s] -- Found rmw_fastrtps_cpp: 6.2.10 (/opt/ros/humble/share/rmw_fastrtps_cpp/cmake)
[0.237s] -- Using RMW implementation 'rmw_fastrtps_cpp' as default
[0.258s] -- Found nav_msgs: 4.9.1 (/opt/ros/humble/share/nav_msgs/cmake)
[0.267s] -- Found sensor_msgs: 4.9.1 (/opt/ros/humble/share/sensor_msgs/cmake)
[0.274s] -- Found std_srvs: 4.9.1 (/opt/ros/humble/share/std_srvs/cmake)
[0.279s] -- Found tf2: 0.25.19 (/opt/ros/humble/share/tf2/cmake)
[0.281s] -- Found tf2_ros: 0.25.19 (/opt/ros/humble/share/tf2_ros/cmake)
[0.319s] -- Found turtlebot3_msgs: 2.4.0 (/workspace/ros2_ws/install/turtlebot3_msgs/share/turtlebot3_msgs/cmake)
[0.367s] -- Configuring done
[0.377s] -- Generating done
[0.380s] -- Build files have been written to: /workspace/ros2_ws/build/turtlebot3_node
[0.385s] Invoked command in '/workspace/ros2_ws/build/turtlebot3_node' returned '0': CMAKE_PREFIX_PATH=/workspace/ros2_ws/install/turtlebot3_msgs:/workspace/ros2_ws/install/turtlebot3:/workspace/ros2_ws/install/turtlebot3_simulations:/workspace/ros2_ws/install/turtlebot3_bringup:/workspace/ros2_ws/install/turtlebot3_node:/workspace/ros2_ws/install/turtlebot3_navigation2:/workspace/ros2_ws/install/turtlebot3_fake_node:/workspace/ros2_ws/install/turtlebot3_manipulation_gazebo:/workspace/ros2_ws/install/turtlebot3_gazebo:/workspace/ros2_ws/install/turtlebot3_description:/workspace/ros2_ws/install/turtlebot3_cartographer:/workspace/ros2_ws/install/turtlebot3_teleop:/workspace/ros2_ws/install/turtlebot3_example:/opt/ros/humble:/workspace/ros2_ws/install/maze_pkg /usr/bin/cmake /workspace/ros2_ws/turtlebot3/turtlebot3_node -DCMAKE_INSTALL_PREFIX=/workspace/ros2_ws/install/turtlebot3_node
[0.386s] Invoking command in '/workspace/ros2_ws/build/turtlebot3_node': CMAKE_PREFIX_PATH=/workspace/ros2_ws/install/turtlebot3_msgs:/workspace/ros2_ws/install/turtlebot3:/workspace/ros2_ws/install/turtlebot3_simulations:/workspace/ros2_ws/install/turtlebot3_bringup:/workspace/ros2_ws/install/turtlebot3_node:/workspace/ros2_ws/install/turtlebot3_navigation2:/workspace/ros2_ws/install/turtlebot3_fake_node:/workspace/ros2_ws/install/turtlebot3_manipulation_gazebo:/workspace/ros2_ws/install/turtlebot3_gazebo:/workspace/ros2_ws/install/turtlebot3_description:/workspace/ros2_ws/install/turtlebot3_cartographer:/workspace/ros2_ws/install/turtlebot3_teleop:/workspace/ros2_ws/install/turtlebot3_example:/opt/ros/humble:/workspace/ros2_ws/install/maze_pkg /usr/bin/cmake --build /workspace/ros2_ws/build/turtlebot3_node -- -j20 -l20
[0.415s] [35m[1mConsolidate compiler generated dependencies of target turtlebot3_node_lib[0m
[0.432s] [ 85%] Built target turtlebot3_node_lib
[0.439s] [35m[1mConsolidate compiler generated dependencies of target turtlebot3_ros[0m
[0.449s] [100%] Built target turtlebot3_ros
[0.456s] Invoked command in '/workspace/ros2_ws/build/turtlebot3_node' returned '0': CMAKE_PREFIX_PATH=/workspace/ros2_ws/install/turtlebot3_msgs:/workspace/ros2_ws/install/turtlebot3:/workspace/ros2_ws/install/turtlebot3_simulations:/workspace/ros2_ws/install/turtlebot3_bringup:/workspace/ros2_ws/install/turtlebot3_node:/workspace/ros2_ws/install/turtlebot3_navigation2:/workspace/ros2_ws/install/turtlebot3_fake_node:/workspace/ros2_ws/install/turtlebot3_manipulation_gazebo:/workspace/ros2_ws/install/turtlebot3_gazebo:/workspace/ros2_ws/install/turtlebot3_description:/workspace/ros2_ws/install/turtlebot3_cartographer:/workspace/ros2_ws/install/turtlebot3_teleop:/workspace/ros2_ws/install/turtlebot3_example:/opt/ros/humble:/workspace/ros2_ws/install/maze_pkg /usr/bin/cmake --build /workspace/ros2_ws/build/turtlebot3_node -- -j20 -l20
[0.457s] Invoking command in '/workspace/ros2_ws/build/turtlebot3_node': CMAKE_PREFIX_PATH=/workspace/ros2_ws/install/turtlebot3_msgs:/workspace/ros2_ws/install/turtlebot3:/workspace/ros2_ws/install/turtlebot3_simulations:/workspace/ros2_ws/install/turtlebot3_bringup:/workspace/ros2_ws/install/turtlebot3_node:/workspace/ros2_ws/install/turtlebot3_navigation2:/workspace/ros2_ws/install/turtlebot3_fake_node:/workspace/ros2_ws/install/turtlebot3_manipulation_gazebo:/workspace/ros2_ws/install/turtlebot3_gazebo:/workspace/ros2_ws/install/turtlebot3_description:/workspace/ros2_ws/install/turtlebot3_cartographer:/workspace/ros2_ws/install/turtlebot3_teleop:/workspace/ros2_ws/install/turtlebot3_example:/opt/ros/humble:/workspace/ros2_ws/install/maze_pkg /usr/bin/cmake --install /workspace/ros2_ws/build/turtlebot3_node
[0.462s] -- Install configuration: ""
[0.462s] -- Execute custom install script
[0.462s] -- Up-to-date symlink: /workspace/ros2_ws/install/turtlebot3_node/share/turtlebot3_node/param/burger.yaml
[0.462s] -- Up-to-date symlink: /workspace/ros2_ws/install/turtlebot3_node/share/turtlebot3_node/param/waffle.yaml
[0.462s] -- Up-to-date symlink: /workspace/ros2_ws/install/turtlebot3_node/share/turtlebot3_node/param/waffle_pi.yaml
[0.462s] -- Up-to-date symlink: /workspace/ros2_ws/install/turtlebot3_node/lib/turtlebot3_node/turtlebot3_ros
[0.462s] -- Up-to-date symlink: /workspace/ros2_ws/install/turtlebot3_node/share/ament_index/resource_index/package_run_dependencies/turtlebot3_node
[0.462s] -- Up-to-date symlink: /workspace/ros2_ws/install/turtlebot3_node/share/ament_index/resource_index/parent_prefix_path/turtlebot3_node
[0.463s] -- Up-to-date symlink: /workspace/ros2_ws/install/turtlebot3_node/share/turtlebot3_node/environment/ament_prefix_path.sh
[0.463s] -- Up-to-date symlink: /workspace/ros2_ws/install/turtlebot3_node/share/turtlebot3_node/environment/ament_prefix_path.dsv
[0.463s] -- Up-to-date symlink: /workspace/ros2_ws/install/turtlebot3_node/share/turtlebot3_node/environment/path.sh
[0.463s] -- Up-to-date symlink: /workspace/ros2_ws/install/turtlebot3_node/share/turtlebot3_node/environment/path.dsv
[0.463s] -- Up-to-date symlink: /workspace/ros2_ws/install/turtlebot3_node/share/turtlebot3_node/local_setup.bash
[0.463s] -- Up-to-date symlink: /workspace/ros2_ws/install/turtlebot3_node/share/turtlebot3_node/local_setup.sh
[0.463s] -- Up-to-date symlink: /workspace/ros2_ws/install/turtlebot3_node/share/turtlebot3_node/local_setup.zsh
[0.463s] -- Up-to-date symlink: /workspace/ros2_ws/install/turtlebot3_node/share/turtlebot3_node/local_setup.dsv
[0.463s] -- Symlinking: /workspace/ros2_ws/install/turtlebot3_node/share/turtlebot3_node/package.dsv
[0.468s] -- Up-to-date symlink: /workspace/ros2_ws/install/turtlebot3_node/share/ament_index/resource_index/packages/turtlebot3_node
[0.469s] -- Up-to-date symlink: /workspace/ros2_ws/install/turtlebot3_node/share/turtlebot3_node/cmake/ament_cmake_export_dependencies-extras.cmake
[0.469s] -- Up-to-date symlink: /workspace/ros2_ws/install/turtlebot3_node/share/turtlebot3_node/cmake/ament_cmake_export_include_directories-extras.cmake
[0.469s] -- Up-to-date symlink: /workspace/ros2_ws/install/turtlebot3_node/share/turtlebot3_node/cmake/turtlebot3_nodeConfig.cmake
[0.469s] -- Up-to-date symlink: /workspace/ros2_ws/install/turtlebot3_node/share/turtlebot3_node/cmake/turtlebot3_nodeConfig-version.cmake
[0.469s] -- Up-to-date symlink: /workspace/ros2_ws/install/turtlebot3_node/share/turtlebot3_node/package.xml
[0.470s] Invoked command in '/workspace/ros2_ws/build/turtlebot3_node' returned '0': CMAKE_PREFIX_PATH=/workspace/ros2_ws/install/turtlebot3_msgs:/workspace/ros2_ws/install/turtlebot3:/workspace/ros2_ws/install/turtlebot3_simulations:/workspace/ros2_ws/install/turtlebot3_bringup:/workspace/ros2_ws/install/turtlebot3_node:/workspace/ros2_ws/install/turtlebot3_navigation2:/workspace/ros2_ws/install/turtlebot3_fake_node:/workspace/ros2_ws/install/turtlebot3_manipulation_gazebo:/workspace/ros2_ws/install/turtlebot3_gazebo:/workspace/ros2_ws/install/turtlebot3_description:/workspace/ros2_ws/install/turtlebot3_cartographer:/workspace/ros2_ws/install/turtlebot3_teleop:/workspace/ros2_ws/install/turtlebot3_example:/opt/ros/humble:/workspace/ros2_ws/install/maze_pkg /usr/bin/cmake --install /workspace/ros2_ws/build/turtlebot3_node
