[0.544s] Invoking command in '/workspace/ros2_ws/build/turtlebot3_teleop': PYTHONPATH=/workspace/ros2_ws/build/turtlebot3_teleop/prefix_override:/usr/lib/python3/dist-packages/colcon_core/task/python/colcon_distutils_commands:/workspace/ros2_ws/install/turtlebot3_teleop/lib/python3.10/site-packages:${PYTHONPATH} /usr/bin/python3 -W ignore:setup.py install is deprecated -W ignore:easy_install command is deprecated setup.py develop --uninstall --editable --build-directory /workspace/ros2_ws/build/turtlebot3_teleop/build
[0.671s] running develop
[0.743s] Removing /workspace/ros2_ws/install/turtlebot3_teleop/lib/python3.10/site-packages/turtlebot3-teleop.egg-link (link to .)
[0.758s] Invoked command in '/workspace/ros2_ws/build/turtlebot3_teleop' returned '0': PYTHONPATH=/workspace/ros2_ws/build/turtlebot3_teleop/prefix_override:/usr/lib/python3/dist-packages/colcon_core/task/python/colcon_distutils_commands:/workspace/ros2_ws/install/turtlebot3_teleop/lib/python3.10/site-packages:${PYTHONPATH} /usr/bin/python3 -W ignore:setup.py install is deprecated -W ignore:easy_install command is deprecated setup.py develop --uninstall --editable --build-directory /workspace/ros2_ws/build/turtlebot3_teleop/build
[0.759s] Invoking command in '/workspace/ros2_ws/turtlebot3/turtlebot3_teleop': PYTHONPATH=/workspace/ros2_ws/build/turtlebot3_teleop/prefix_override:/usr/lib/python3/dist-packages/colcon_core/task/python/colcon_distutils_commands:/workspace/ros2_ws/install/turtlebot3_teleop/lib/python3.10/site-packages:${PYTHONPATH} /usr/bin/python3 -W ignore:setup.py install is deprecated -W ignore:easy_install command is deprecated setup.py egg_info --egg-base ../../build/turtlebot3_teleop build --build-base /workspace/ros2_ws/build/turtlebot3_teleop/build install --record /workspace/ros2_ws/build/turtlebot3_teleop/install.log --single-version-externally-managed install_data --force
[0.884s] running egg_info
[0.886s] writing ../../build/turtlebot3_teleop/turtlebot3_teleop.egg-info/PKG-INFO
[0.886s] writing dependency_links to ../../build/turtlebot3_teleop/turtlebot3_teleop.egg-info/dependency_links.txt
[0.886s] writing entry points to ../../build/turtlebot3_teleop/turtlebot3_teleop.egg-info/entry_points.txt
[0.886s] writing requirements to ../../build/turtlebot3_teleop/turtlebot3_teleop.egg-info/requires.txt
[0.886s] writing top-level names to ../../build/turtlebot3_teleop/turtlebot3_teleop.egg-info/top_level.txt
[0.886s] reading manifest file '../../build/turtlebot3_teleop/turtlebot3_teleop.egg-info/SOURCES.txt'
[0.887s] writing manifest file '../../build/turtlebot3_teleop/turtlebot3_teleop.egg-info/SOURCES.txt'
[0.887s] running build
[0.887s] running build_py
[0.887s] creating /workspace/ros2_ws/build/turtlebot3_teleop/build
[0.887s] creating /workspace/ros2_ws/build/turtlebot3_teleop/build/lib
[0.887s] creating /workspace/ros2_ws/build/turtlebot3_teleop/build/lib/turtlebot3_teleop
[0.888s] copying turtlebot3_teleop/__init__.py -> /workspace/ros2_ws/build/turtlebot3_teleop/build/lib/turtlebot3_teleop
[0.888s] creating /workspace/ros2_ws/build/turtlebot3_teleop/build/lib/turtlebot3_teleop/script
[0.888s] copying turtlebot3_teleop/script/__init__.py -> /workspace/ros2_ws/build/turtlebot3_teleop/build/lib/turtlebot3_teleop/script
[0.888s] copying turtlebot3_teleop/script/teleop_keyboard.py -> /workspace/ros2_ws/build/turtlebot3_teleop/build/lib/turtlebot3_teleop/script
[0.888s] running install
[0.888s] running install_lib
[0.888s] creating /workspace/ros2_ws/install/turtlebot3_teleop/lib/python3.10/site-packages/turtlebot3_teleop
[0.888s] copying /workspace/ros2_ws/build/turtlebot3_teleop/build/lib/turtlebot3_teleop/__init__.py -> /workspace/ros2_ws/install/turtlebot3_teleop/lib/python3.10/site-packages/turtlebot3_teleop
[0.888s] creating /workspace/ros2_ws/install/turtlebot3_teleop/lib/python3.10/site-packages/turtlebot3_teleop/script
[0.888s] copying /workspace/ros2_ws/build/turtlebot3_teleop/build/lib/turtlebot3_teleop/script/__init__.py -> /workspace/ros2_ws/install/turtlebot3_teleop/lib/python3.10/site-packages/turtlebot3_teleop/script
[0.888s] copying /workspace/ros2_ws/build/turtlebot3_teleop/build/lib/turtlebot3_teleop/script/teleop_keyboard.py -> /workspace/ros2_ws/install/turtlebot3_teleop/lib/python3.10/site-packages/turtlebot3_teleop/script
[0.889s] byte-compiling /workspace/ros2_ws/install/turtlebot3_teleop/lib/python3.10/site-packages/turtlebot3_teleop/__init__.py to __init__.cpython-310.pyc
[0.889s] byte-compiling /workspace/ros2_ws/install/turtlebot3_teleop/lib/python3.10/site-packages/turtlebot3_teleop/script/__init__.py to __init__.cpython-310.pyc
[0.889s] byte-compiling /workspace/ros2_ws/install/turtlebot3_teleop/lib/python3.10/site-packages/turtlebot3_teleop/script/teleop_keyboard.py to teleop_keyboard.cpython-310.pyc
[0.890s] running install_data
[0.890s] copying resource/turtlebot3_teleop -> /workspace/ros2_ws/install/turtlebot3_teleop/share/ament_index/resource_index/packages
[0.890s] copying package.xml -> /workspace/ros2_ws/install/turtlebot3_teleop/share/turtlebot3_teleop
[0.890s] running install_egg_info
[0.892s] Copying ../../build/turtlebot3_teleop/turtlebot3_teleop.egg-info to /workspace/ros2_ws/install/turtlebot3_teleop/lib/python3.10/site-packages/turtlebot3_teleop-2.3.6-py3.10.egg-info
[0.892s] running install_scripts
[0.908s] Installing teleop_keyboard script to /workspace/ros2_ws/install/turtlebot3_teleop/lib/turtlebot3_teleop
[0.908s] writing list of installed files to '/workspace/ros2_ws/build/turtlebot3_teleop/install.log'
[0.921s] Invoked command in '/workspace/ros2_ws/turtlebot3/turtlebot3_teleop' returned '0': PYTHONPATH=/workspace/ros2_ws/build/turtlebot3_teleop/prefix_override:/usr/lib/python3/dist-packages/colcon_core/task/python/colcon_distutils_commands:/workspace/ros2_ws/install/turtlebot3_teleop/lib/python3.10/site-packages:${PYTHONPATH} /usr/bin/python3 -W ignore:setup.py install is deprecated -W ignore:easy_install command is deprecated setup.py egg_info --egg-base ../../build/turtlebot3_teleop build --build-base /workspace/ros2_ws/build/turtlebot3_teleop/build install --record /workspace/ros2_ws/build/turtlebot3_teleop/install.log --single-version-externally-managed install_data --force
