[0.216s] Invoking command in '/workspace/ros2_ws/build/turtlebot3_cartographer': CMAKE_PREFIX_PATH=${CMAKE_PREFIX_PATH}:/workspace/ros2_ws/install/turtlebot3_teleop:/workspace/ros2_ws/install/turtlebot3_example:/workspace/ros2_ws/install/maze_pkg:/opt/ros/humble /usr/bin/cmake /workspace/ros2_ws/src/turtlebot3/turtlebot3_cartographer -DAMENT_CMAKE_SYMLINK_INSTALL=1 -DCMAKE_INSTALL_PREFIX=/workspace/ros2_ws/install/turtlebot3_cartographer
[2.453s] -- The C compiler identification is GNU 11.4.0
[3.847s] -- The CXX compiler identification is GNU 11.4.0
[3.875s] -- Detecting C compiler ABI info
[4.315s] -- Detecting C compiler ABI info - done
[4.415s] -- Check for working C compiler: /usr/bin/cc - skipped
[4.479s] -- Detecting C compile features
[4.510s] -- Detecting C compile features - done
[4.524s] -- Detecting CXX compiler ABI info
[5.020s] -- Detecting CXX compiler ABI info - done
[5.072s] -- Check for working CXX compiler: /usr/bin/c++ - skipped
[5.072s] -- Detecting CXX compile features
[5.073s] -- Detecting CXX compile features - done
[5.073s] -- Found ament_cmake: 1.3.12 (/opt/ros/humble/share/ament_cmake/cmake)
[5.849s] -- Found Python3: /usr/bin/python3 (found version "3.10.12") found components: Interpreter 
[6.070s] -- Override CMake install command with custom implementation using symlinks instead of copying resources
[6.828s] -- Configuring done
[6.829s] -- Generating done
[6.829s] -- Build files have been written to: /workspace/ros2_ws/build/turtlebot3_cartographer
[6.855s] Invoked command in '/workspace/ros2_ws/build/turtlebot3_cartographer' returned '0': CMAKE_PREFIX_PATH=${CMAKE_PREFIX_PATH}:/workspace/ros2_ws/install/turtlebot3_teleop:/workspace/ros2_ws/install/turtlebot3_example:/workspace/ros2_ws/install/maze_pkg:/opt/ros/humble /usr/bin/cmake /workspace/ros2_ws/src/turtlebot3/turtlebot3_cartographer -DAMENT_CMAKE_SYMLINK_INSTALL=1 -DCMAKE_INSTALL_PREFIX=/workspace/ros2_ws/install/turtlebot3_cartographer
[6.883s] Invoking command in '/workspace/ros2_ws/build/turtlebot3_cartographer': CMAKE_PREFIX_PATH=${CMAKE_PREFIX_PATH}:/workspace/ros2_ws/install/turtlebot3_teleop:/workspace/ros2_ws/install/turtlebot3_example:/workspace/ros2_ws/install/maze_pkg:/opt/ros/humble /usr/bin/cmake --build /workspace/ros2_ws/build/turtlebot3_cartographer -- -j6 -l6
[7.044s] Invoked command in '/workspace/ros2_ws/build/turtlebot3_cartographer' returned '0': CMAKE_PREFIX_PATH=${CMAKE_PREFIX_PATH}:/workspace/ros2_ws/install/turtlebot3_teleop:/workspace/ros2_ws/install/turtlebot3_example:/workspace/ros2_ws/install/maze_pkg:/opt/ros/humble /usr/bin/cmake --build /workspace/ros2_ws/build/turtlebot3_cartographer -- -j6 -l6
[7.044s] Invoking command in '/workspace/ros2_ws/build/turtlebot3_cartographer': CMAKE_PREFIX_PATH=${CMAKE_PREFIX_PATH}:/workspace/ros2_ws/install/turtlebot3_teleop:/workspace/ros2_ws/install/turtlebot3_example:/workspace/ros2_ws/install/maze_pkg:/opt/ros/humble /usr/bin/cmake --install /workspace/ros2_ws/build/turtlebot3_cartographer
[7.122s] -- Install configuration: ""
[7.125s] -- Execute custom install script
[7.125s] -- Symlinking: /workspace/ros2_ws/install/turtlebot3_cartographer/share/turtlebot3_cartographer/config/turtlebot3_lds_2d.lua
[7.127s] -- Symlinking: /workspace/ros2_ws/install/turtlebot3_cartographer/share/turtlebot3_cartographer/launch/cartographer.launch.py
[7.127s] -- Symlinking: /workspace/ros2_ws/install/turtlebot3_cartographer/share/turtlebot3_cartographer/launch/occupancy_grid.launch.py
[7.127s] -- Symlinking: /workspace/ros2_ws/install/turtlebot3_cartographer/share/turtlebot3_cartographer/rviz/tb3_cartographer.rviz
[7.180s] -- Symlinking: /workspace/ros2_ws/install/turtlebot3_cartographer/share/ament_index/resource_index/package_run_dependencies/turtlebot3_cartographer
[7.212s] -- Symlinking: /workspace/ros2_ws/install/turtlebot3_cartographer/share/ament_index/resource_index/parent_prefix_path/turtlebot3_cartographer
[7.239s] -- Symlinking: /workspace/ros2_ws/install/turtlebot3_cartographer/share/turtlebot3_cartographer/environment/ament_prefix_path.sh
[7.280s] -- Symlinking: /workspace/ros2_ws/install/turtlebot3_cartographer/share/turtlebot3_cartographer/environment/ament_prefix_path.dsv
[7.331s] -- Symlinking: /workspace/ros2_ws/install/turtlebot3_cartographer/share/turtlebot3_cartographer/environment/path.sh
[7.337s] -- Symlinking: /workspace/ros2_ws/install/turtlebot3_cartographer/share/turtlebot3_cartographer/environment/path.dsv
[7.352s] -- Symlinking: /workspace/ros2_ws/install/turtlebot3_cartographer/share/turtlebot3_cartographer/local_setup.bash
[7.368s] -- Symlinking: /workspace/ros2_ws/install/turtlebot3_cartographer/share/turtlebot3_cartographer/local_setup.sh
[7.383s] -- Symlinking: /workspace/ros2_ws/install/turtlebot3_cartographer/share/turtlebot3_cartographer/local_setup.zsh
[7.398s] -- Symlinking: /workspace/ros2_ws/install/turtlebot3_cartographer/share/turtlebot3_cartographer/local_setup.dsv
[7.445s] -- Symlinking: /workspace/ros2_ws/install/turtlebot3_cartographer/share/turtlebot3_cartographer/package.dsv
[7.531s] -- Symlinking: /workspace/ros2_ws/install/turtlebot3_cartographer/share/ament_index/resource_index/packages/turtlebot3_cartographer
[7.560s] -- Symlinking: /workspace/ros2_ws/install/turtlebot3_cartographer/share/turtlebot3_cartographer/cmake/turtlebot3_cartographerConfig.cmake
[7.606s] -- Symlinking: /workspace/ros2_ws/install/turtlebot3_cartographer/share/turtlebot3_cartographer/cmake/turtlebot3_cartographerConfig-version.cmake
[7.640s] -- Symlinking: /workspace/ros2_ws/install/turtlebot3_cartographer/share/turtlebot3_cartographer/package.xml
[7.684s] Invoked command in '/workspace/ros2_ws/build/turtlebot3_cartographer' returned '0': CMAKE_PREFIX_PATH=${CMAKE_PREFIX_PATH}:/workspace/ros2_ws/install/turtlebot3_teleop:/workspace/ros2_ws/install/turtlebot3_example:/workspace/ros2_ws/install/maze_pkg:/opt/ros/humble /usr/bin/cmake --install /workspace/ros2_ws/build/turtlebot3_cartographer
